[5.602s] Invoking command in '/home/dron/ws_controller/src/log_data_pkg': AMENT_PREFIX_PATH=/home/dron/ws_controller/install/custom_msgs:${AMENT_PREFIX_PATH} CMAKE_PREFIX_PATH=/home/dron/ws_controller/install/custom_msgs:${CMAKE_PREFIX_PATH} LD_LIBRARY_PATH=/home/dron/ws_controller/install/custom_msgs/lib:${LD_LIBRARY_PATH} PYTHONPATH=/home/dron/ws_controller/build/log_data_pkg/prefix_override:/usr/lib/python3/dist-packages/colcon_core/task/python/colcon_distutils_commands:/home/dron/ws_controller/install/log_data_pkg/lib/python3.10/site-packages:/home/dron/ws_controller/install/custom_msgs/local/lib/python3.10/dist-packages:${PYTHONPATH} VIRTUAL_ENV_PROMPT=(venv) /usr/bin/python3 -W ignore:setup.py install is deprecated -W ignore:easy_install command is deprecated setup.py egg_info --egg-base ../../build/log_data_pkg build --build-base /home/dron/ws_controller/build/log_data_pkg/build install --record /home/dron/ws_controller/build/log_data_pkg/install.log --single-version-externally-managed install_data
[6.961s] running egg_info
[6.964s] writing ../../build/log_data_pkg/log_data_pkg.egg-info/PKG-INFO
[6.967s] writing dependency_links to ../../build/log_data_pkg/log_data_pkg.egg-info/dependency_links.txt
[6.969s] writing entry points to ../../build/log_data_pkg/log_data_pkg.egg-info/entry_points.txt
[6.970s] writing requirements to ../../build/log_data_pkg/log_data_pkg.egg-info/requires.txt
[6.970s] writing top-level names to ../../build/log_data_pkg/log_data_pkg.egg-info/top_level.txt
[6.979s] reading manifest file '../../build/log_data_pkg/log_data_pkg.egg-info/SOURCES.txt'
[6.983s] writing manifest file '../../build/log_data_pkg/log_data_pkg.egg-info/SOURCES.txt'
[6.984s] running build
[6.985s] running build_py
[6.986s] copying log_data_pkg/save_to_csv.py -> /home/dron/ws_controller/build/log_data_pkg/build/lib/log_data_pkg
[6.989s] running install
[6.989s] running install_lib
[6.993s] copying /home/dron/ws_controller/build/log_data_pkg/build/lib/log_data_pkg/save_to_csv.py -> /home/dron/ws_controller/install/log_data_pkg/lib/python3.10/site-packages/log_data_pkg
[6.996s] byte-compiling /home/dron/ws_controller/install/log_data_pkg/lib/python3.10/site-packages/log_data_pkg/save_to_csv.py to save_to_csv.cpython-310.pyc
[7.001s] running install_data
[7.002s] copying package.xml -> /home/dron/ws_controller/install/log_data_pkg/share/log_data_pkg
[7.004s] running install_egg_info
[7.012s] removing '/home/dron/ws_controller/install/log_data_pkg/lib/python3.10/site-packages/log_data_pkg-0.0.0-py3.10.egg-info' (and everything under it)
[7.014s] Copying ../../build/log_data_pkg/log_data_pkg.egg-info to /home/dron/ws_controller/install/log_data_pkg/lib/python3.10/site-packages/log_data_pkg-0.0.0-py3.10.egg-info
[7.024s] running install_scripts
[7.129s] Installing data_collector script to /home/dron/ws_controller/install/log_data_pkg/lib/log_data_pkg
[7.130s] writing list of installed files to '/home/dron/ws_controller/build/log_data_pkg/install.log'
[7.315s] Invoked command in '/home/dron/ws_controller/src/log_data_pkg' returned '0': AMENT_PREFIX_PATH=/home/dron/ws_controller/install/custom_msgs:${AMENT_PREFIX_PATH} CMAKE_PREFIX_PATH=/home/dron/ws_controller/install/custom_msgs:${CMAKE_PREFIX_PATH} LD_LIBRARY_PATH=/home/dron/ws_controller/install/custom_msgs/lib:${LD_LIBRARY_PATH} PYTHONPATH=/home/dron/ws_controller/build/log_data_pkg/prefix_override:/usr/lib/python3/dist-packages/colcon_core/task/python/colcon_distutils_commands:/home/dron/ws_controller/install/log_data_pkg/lib/python3.10/site-packages:/home/dron/ws_controller/install/custom_msgs/local/lib/python3.10/dist-packages:${PYTHONPATH} VIRTUAL_ENV_PROMPT=(venv) /usr/bin/python3 -W ignore:setup.py install is deprecated -W ignore:easy_install command is deprecated setup.py egg_info --egg-base ../../build/log_data_pkg build --build-base /home/dron/ws_controller/build/log_data_pkg/build install --record /home/dron/ws_controller/build/log_data_pkg/install.log --single-version-externally-managed install_data
