[6.063s] Invoking command in '/home/dron/ws_controller/src/flask_pkg': AMENT_PREFIX_PATH=/home/dron/ws_controller/install/custom_msgs:${AMENT_PREFIX_PATH} CMAKE_PREFIX_PATH=/home/dron/ws_controller/install/custom_msgs:${CMAKE_PREFIX_PATH} LD_LIBRARY_PATH=/home/dron/ws_controller/install/custom_msgs/lib:${LD_LIBRARY_PATH} PYTHONPATH=/home/dron/ws_controller/build/flask_pkg/prefix_override:/usr/lib/python3/dist-packages/colcon_core/task/python/colcon_distutils_commands:/home/dron/ws_controller/install/flask_pkg/lib/python3.10/site-packages:/home/dron/ws_controller/install/custom_msgs/local/lib/python3.10/dist-packages:${PYTHONPATH} VIRTUAL_ENV_PROMPT=(venv) /usr/bin/python3 -W ignore:setup.py install is deprecated -W ignore:easy_install command is deprecated setup.py egg_info --egg-base ../../build/flask_pkg build --build-base /home/dron/ws_controller/build/flask_pkg/build install --record /home/dron/ws_controller/build/flask_pkg/install.log --single-version-externally-managed install_data
[7.416s] running egg_info
[7.419s] writing ../../build/flask_pkg/flask_pkg.egg-info/PKG-INFO
[7.423s] writing dependency_links to ../../build/flask_pkg/flask_pkg.egg-info/dependency_links.txt
[7.425s] writing entry points to ../../build/flask_pkg/flask_pkg.egg-info/entry_points.txt
[7.430s] writing requirements to ../../build/flask_pkg/flask_pkg.egg-info/requires.txt
[7.432s] writing top-level names to ../../build/flask_pkg/flask_pkg.egg-info/top_level.txt
[7.446s] reading manifest file '../../build/flask_pkg/flask_pkg.egg-info/SOURCES.txt'
[7.449s] writing manifest file '../../build/flask_pkg/flask_pkg.egg-info/SOURCES.txt'
[7.451s] running build
[7.454s] running build_py
[7.455s] running install
[7.455s] running install_lib
[7.464s] running install_data
[7.465s] running install_egg_info
[7.475s] removing '/home/dron/ws_controller/install/flask_pkg/lib/python3.10/site-packages/flask_pkg-0.0.0-py3.10.egg-info' (and everything under it)
[7.476s] Copying ../../build/flask_pkg/flask_pkg.egg-info to /home/dron/ws_controller/install/flask_pkg/lib/python3.10/site-packages/flask_pkg-0.0.0-py3.10.egg-info
[7.483s] running install_scripts
[7.594s] Installing flask_server script to /home/dron/ws_controller/install/flask_pkg/lib/flask_pkg
[7.597s] writing list of installed files to '/home/dron/ws_controller/build/flask_pkg/install.log'
[7.823s] Invoked command in '/home/dron/ws_controller/src/flask_pkg' returned '0': AMENT_PREFIX_PATH=/home/dron/ws_controller/install/custom_msgs:${AMENT_PREFIX_PATH} CMAKE_PREFIX_PATH=/home/dron/ws_controller/install/custom_msgs:${CMAKE_PREFIX_PATH} LD_LIBRARY_PATH=/home/dron/ws_controller/install/custom_msgs/lib:${LD_LIBRARY_PATH} PYTHONPATH=/home/dron/ws_controller/build/flask_pkg/prefix_override:/usr/lib/python3/dist-packages/colcon_core/task/python/colcon_distutils_commands:/home/dron/ws_controller/install/flask_pkg/lib/python3.10/site-packages:/home/dron/ws_controller/install/custom_msgs/local/lib/python3.10/dist-packages:${PYTHONPATH} VIRTUAL_ENV_PROMPT=(venv) /usr/bin/python3 -W ignore:setup.py install is deprecated -W ignore:easy_install command is deprecated setup.py egg_info --egg-base ../../build/flask_pkg build --build-base /home/dron/ws_controller/build/flask_pkg/build install --record /home/dron/ws_controller/build/flask_pkg/install.log --single-version-externally-managed install_data
