[2.930s] Invoking command in '/home/dron/ws_controller/src/flight_controller_pkg': PYTHONPATH=/home/dron/ws_controller/build/flight_controller_pkg/prefix_override:/usr/lib/python3/dist-packages/colcon_core/task/python/colcon_distutils_commands:/home/dron/ws_controller/install/flight_controller_pkg/lib/python3.10/site-packages:${PYTHONPATH} VIRTUAL_ENV_PROMPT=(venv) /usr/bin/python3 -W ignore:setup.py install is deprecated -W ignore:easy_install command is deprecated setup.py egg_info --egg-base ../../build/flight_controller_pkg build --build-base /home/dron/ws_controller/build/flight_controller_pkg/build install --record /home/dron/ws_controller/build/flight_controller_pkg/install.log --single-version-externally-managed install_data
[4.044s] running egg_info
[4.047s] writing ../../build/flight_controller_pkg/flight_controller_pkg.egg-info/PKG-INFO
[4.048s] writing dependency_links to ../../build/flight_controller_pkg/flight_controller_pkg.egg-info/dependency_links.txt
[4.049s] writing entry points to ../../build/flight_controller_pkg/flight_controller_pkg.egg-info/entry_points.txt
[4.050s] writing requirements to ../../build/flight_controller_pkg/flight_controller_pkg.egg-info/requires.txt
[4.051s] writing top-level names to ../../build/flight_controller_pkg/flight_controller_pkg.egg-info/top_level.txt
[4.059s] reading manifest file '../../build/flight_controller_pkg/flight_controller_pkg.egg-info/SOURCES.txt'
[4.064s] writing manifest file '../../build/flight_controller_pkg/flight_controller_pkg.egg-info/SOURCES.txt'
[4.065s] running build
[4.065s] running build_py
[4.067s] running install
[4.068s] running install_lib
[4.075s] running install_data
[4.076s] running install_egg_info
[4.083s] removing '/home/dron/ws_controller/install/flight_controller_pkg/lib/python3.10/site-packages/flight_controller_pkg-0.0.0-py3.10.egg-info' (and everything under it)
[4.085s] Copying ../../build/flight_controller_pkg/flight_controller_pkg.egg-info to /home/dron/ws_controller/install/flight_controller_pkg/lib/python3.10/site-packages/flight_controller_pkg-0.0.0-py3.10.egg-info
[4.093s] running install_scripts
[4.183s] Installing fc_controller script to /home/dron/ws_controller/install/flight_controller_pkg/lib/flight_controller_pkg
[4.185s] writing list of installed files to '/home/dron/ws_controller/build/flight_controller_pkg/install.log'
[4.297s] Invoked command in '/home/dron/ws_controller/src/flight_controller_pkg' returned '0': PYTHONPATH=/home/dron/ws_controller/build/flight_controller_pkg/prefix_override:/usr/lib/python3/dist-packages/colcon_core/task/python/colcon_distutils_commands:/home/dron/ws_controller/install/flight_controller_pkg/lib/python3.10/site-packages:${PYTHONPATH} VIRTUAL_ENV_PROMPT=(venv) /usr/bin/python3 -W ignore:setup.py install is deprecated -W ignore:easy_install command is deprecated setup.py egg_info --egg-base ../../build/flight_controller_pkg build --build-base /home/dron/ws_controller/build/flight_controller_pkg/build install --record /home/dron/ws_controller/build/flight_controller_pkg/install.log --single-version-externally-managed install_data
