[0.023s] Invoking command in '/home/dron/ws_controll/build/custom_msgs': CMAKE_PREFIX_PATH=/opt/ros/humble /usr/bin/cmake --build /home/dron/ws_controll/build/custom_msgs -- -j6 -l6
[0.104s] [35m[1mConsolidate compiler generated dependencies of target custom_msgs__rosidl_generator_c[0m
[0.128s] [  1%] Built target custom_msgs__cpp
[0.133s] [ 12%] Built target custom_msgs__rosidl_generator_c
[0.148s] [ 12%] Built target ament_cmake_python_copy_custom_msgs
[0.155s] [35m[1mConsolidate compiler generated dependencies of target custom_msgs__rosidl_typesupport_cpp[0m
[0.155s] [35m[1mConsolidate compiler generated dependencies of target custom_msgs__rosidl_typesupport_fastrtps_cpp[0m
[0.158s] [35m[1mConsolidate compiler generated dependencies of target custom_msgs__rosidl_typesupport_fastrtps_c[0m
[0.161s] [35m[1mConsolidate compiler generated dependencies of target custom_msgs__rosidl_typesupport_introspection_cpp[0m
[0.170s] [35m[1mConsolidate compiler generated dependencies of target custom_msgs__rosidl_typesupport_introspection_c[0m
[0.196s] [35m[1mConsolidate compiler generated dependencies of target custom_msgs__rosidl_typesupport_c[0m
[0.199s] [ 24%] Built target custom_msgs__rosidl_typesupport_fastrtps_cpp
[0.203s] [ 35%] Built target custom_msgs__rosidl_typesupport_introspection_c
[0.207s] [ 46%] Built target custom_msgs__rosidl_typesupport_fastrtps_c
[0.215s] [ 58%] Built target custom_msgs__rosidl_typesupport_introspection_cpp
[0.220s] [ 69%] Built target custom_msgs__rosidl_typesupport_cpp
[0.234s] [ 81%] Built target custom_msgs__rosidl_typesupport_c
[0.274s] [ 81%] Built target custom_msgs
[0.317s] [ 82%] Built target custom_msgs__py
[0.341s] [35m[1mConsolidate compiler generated dependencies of target custom_msgs__rosidl_generator_py[0m
[0.382s] [ 92%] Built target custom_msgs__rosidl_generator_py
[0.403s] [35m[1mConsolidate compiler generated dependencies of target custom_msgs__rosidl_typesupport_introspection_c__pyext[0m
[0.403s] [35m[1mConsolidate compiler generated dependencies of target custom_msgs__rosidl_typesupport_c__pyext[0m
[0.404s] [35m[1mConsolidate compiler generated dependencies of target custom_msgs__rosidl_typesupport_fastrtps_c__pyext[0m
[0.433s] [ 98%] Built target custom_msgs__rosidl_typesupport_c__pyext
[0.433s] [ 98%] Built target custom_msgs__rosidl_typesupport_introspection_c__pyext
[0.433s] [100%] Built target custom_msgs__rosidl_typesupport_fastrtps_c__pyext
[0.849s] running egg_info
[0.850s] writing custom_msgs.egg-info/PKG-INFO
[0.851s] writing dependency_links to custom_msgs.egg-info/dependency_links.txt
[0.852s] writing top-level names to custom_msgs.egg-info/top_level.txt
[0.858s] reading manifest file 'custom_msgs.egg-info/SOURCES.txt'
[0.860s] writing manifest file 'custom_msgs.egg-info/SOURCES.txt'
[1.045s] [100%] Built target ament_cmake_python_build_custom_msgs_egg
[1.089s] Invoked command in '/home/dron/ws_controll/build/custom_msgs' returned '0': CMAKE_PREFIX_PATH=/opt/ros/humble /usr/bin/cmake --build /home/dron/ws_controll/build/custom_msgs -- -j6 -l6
[1.115s] Invoking command in '/home/dron/ws_controll/build/custom_msgs': CMAKE_PREFIX_PATH=/opt/ros/humble /usr/bin/cmake --install /home/dron/ws_controll/build/custom_msgs
[1.134s] -- Install configuration: ""
[1.134s] -- Up-to-date: /home/dron/ws_controll/install/custom_msgs/share/ament_index/resource_index/rosidl_interfaces/custom_msgs
[1.135s] -- Up-to-date: /home/dron/ws_controll/install/custom_msgs/include/custom_msgs/custom_msgs
[1.135s] -- Up-to-date: /home/dron/ws_controll/install/custom_msgs/include/custom_msgs/custom_msgs/msg
[1.135s] -- Up-to-date: /home/dron/ws_controll/install/custom_msgs/include/custom_msgs/custom_msgs/msg/rosidl_generator_c__visibility_control.h
[1.136s] -- Up-to-date: /home/dron/ws_controll/install/custom_msgs/include/custom_msgs/custom_msgs/msg/gyro_data.h
[1.136s] -- Up-to-date: /home/dron/ws_controll/install/custom_msgs/include/custom_msgs/custom_msgs/msg/imu_data.h
[1.136s] -- Up-to-date: /home/dron/ws_controll/install/custom_msgs/include/custom_msgs/custom_msgs/msg/speed_data.h
[1.136s] -- Up-to-date: /home/dron/ws_controll/install/custom_msgs/include/custom_msgs/custom_msgs/msg/data_xyz.h
[1.137s] -- Up-to-date: /home/dron/ws_controll/install/custom_msgs/include/custom_msgs/custom_msgs/msg/estimator_data.h
[1.137s] -- Up-to-date: /home/dron/ws_controll/install/custom_msgs/include/custom_msgs/custom_msgs/msg/detail
[1.138s] -- Up-to-date: /home/dron/ws_controll/install/custom_msgs/include/custom_msgs/custom_msgs/msg/detail/accel_data__struct.h
[1.138s] -- Up-to-date: /home/dron/ws_controll/install/custom_msgs/include/custom_msgs/custom_msgs/msg/detail/estimator_data__functions.h
[1.139s] -- Up-to-date: /home/dron/ws_controll/install/custom_msgs/include/custom_msgs/custom_msgs/msg/detail/imu_data__struct.h
[1.139s] -- Up-to-date: /home/dron/ws_controll/install/custom_msgs/include/custom_msgs/custom_msgs/msg/detail/data_xyz__functions.h
[1.139s] -- Up-to-date: /home/dron/ws_controll/install/custom_msgs/include/custom_msgs/custom_msgs/msg/detail/speed_data__type_support.h
[1.139s] -- Up-to-date: /home/dron/ws_controll/install/custom_msgs/include/custom_msgs/custom_msgs/msg/detail/data_xyz__struct.h
[1.140s] -- Up-to-date: /home/dron/ws_controll/install/custom_msgs/include/custom_msgs/custom_msgs/msg/detail/data_xyz__type_support.h
[1.140s] -- Up-to-date: /home/dron/ws_controll/install/custom_msgs/include/custom_msgs/custom_msgs/msg/detail/speed_data__functions.c
[1.140s] -- Up-to-date: /home/dron/ws_controll/install/custom_msgs/include/custom_msgs/custom_msgs/msg/detail/imu_data__type_support.h
[1.140s] -- Up-to-date: /home/dron/ws_controll/install/custom_msgs/include/custom_msgs/custom_msgs/msg/detail/estimator_data__type_support.h
[1.141s] -- Up-to-date: /home/dron/ws_controll/install/custom_msgs/include/custom_msgs/custom_msgs/msg/detail/imu_data__functions.c
[1.141s] -- Up-to-date: /home/dron/ws_controll/install/custom_msgs/include/custom_msgs/custom_msgs/msg/detail/gyro_data__struct.h
[1.142s] -- Up-to-date: /home/dron/ws_controll/install/custom_msgs/include/custom_msgs/custom_msgs/msg/detail/gyro_data__functions.h
[1.143s] -- Up-to-date: /home/dron/ws_controll/install/custom_msgs/include/custom_msgs/custom_msgs/msg/detail/gyro_data__functions.c
[1.147s] -- Up-to-date: /home/dron/ws_controll/install/custom_msgs/include/custom_msgs/custom_msgs/msg/detail/gyro_data__type_support.h
[1.155s] -- Up-to-date: /home/dron/ws_controll/install/custom_msgs/include/custom_msgs/custom_msgs/msg/detail/possition_data__functions.c
[1.155s] -- Up-to-date: /home/dron/ws_controll/install/custom_msgs/include/custom_msgs/custom_msgs/msg/detail/accel_data__type_support.h
[1.155s] -- Up-to-date: /home/dron/ws_controll/install/custom_msgs/include/custom_msgs/custom_msgs/msg/detail/accel_data__functions.c
[1.156s] -- Up-to-date: /home/dron/ws_controll/install/custom_msgs/include/custom_msgs/custom_msgs/msg/detail/accel_data__functions.h
[1.156s] -- Up-to-date: /home/dron/ws_controll/install/custom_msgs/include/custom_msgs/custom_msgs/msg/detail/imu_data__functions.h
[1.156s] -- Up-to-date: /home/dron/ws_controll/install/custom_msgs/include/custom_msgs/custom_msgs/msg/detail/estimator_data__functions.c
[1.156s] -- Up-to-date: /home/dron/ws_controll/install/custom_msgs/include/custom_msgs/custom_msgs/msg/detail/speed_data__functions.h
[1.156s] -- Up-to-date: /home/dron/ws_controll/install/custom_msgs/include/custom_msgs/custom_msgs/msg/detail/possition_data__functions.h
[1.156s] -- Up-to-date: /home/dron/ws_controll/install/custom_msgs/include/custom_msgs/custom_msgs/msg/detail/possition_data__struct.h
[1.156s] -- Up-to-date: /home/dron/ws_controll/install/custom_msgs/include/custom_msgs/custom_msgs/msg/detail/data_xyz__functions.c
[1.157s] -- Up-to-date: /home/dron/ws_controll/install/custom_msgs/include/custom_msgs/custom_msgs/msg/detail/possition_data__type_support.h
[1.157s] -- Up-to-date: /home/dron/ws_controll/install/custom_msgs/include/custom_msgs/custom_msgs/msg/detail/speed_data__struct.h
[1.157s] -- Up-to-date: /home/dron/ws_controll/install/custom_msgs/include/custom_msgs/custom_msgs/msg/detail/estimator_data__struct.h
[1.157s] -- Up-to-date: /home/dron/ws_controll/install/custom_msgs/include/custom_msgs/custom_msgs/msg/accel_data.h
[1.157s] -- Up-to-date: /home/dron/ws_controll/install/custom_msgs/include/custom_msgs/custom_msgs/msg/possition_data.h
[1.157s] -- Up-to-date: /home/dron/ws_controll/install/custom_msgs/share/custom_msgs/environment/library_path.sh
[1.157s] -- Up-to-date: /home/dron/ws_controll/install/custom_msgs/share/custom_msgs/environment/library_path.dsv
[1.158s] -- Up-to-date: /home/dron/ws_controll/install/custom_msgs/lib/libcustom_msgs__rosidl_generator_c.so
[1.158s] -- Up-to-date: /home/dron/ws_controll/install/custom_msgs/include/custom_msgs/custom_msgs
[1.158s] -- Up-to-date: /home/dron/ws_controll/install/custom_msgs/include/custom_msgs/custom_msgs/msg
[1.158s] -- Up-to-date: /home/dron/ws_controll/install/custom_msgs/include/custom_msgs/custom_msgs/msg/rosidl_typesupport_fastrtps_c__visibility_control.h
[1.158s] -- Up-to-date: /home/dron/ws_controll/install/custom_msgs/include/custom_msgs/custom_msgs/msg/detail
[1.158s] -- Up-to-date: /home/dron/ws_controll/install/custom_msgs/include/custom_msgs/custom_msgs/msg/detail/accel_data__rosidl_typesupport_fastrtps_c.h
[1.159s] -- Up-to-date: /home/dron/ws_controll/install/custom_msgs/include/custom_msgs/custom_msgs/msg/detail/data_xyz__rosidl_typesupport_fastrtps_c.h
[1.159s] -- Up-to-date: /home/dron/ws_controll/install/custom_msgs/include/custom_msgs/custom_msgs/msg/detail/possition_data__rosidl_typesupport_fastrtps_c.h
[1.159s] -- Up-to-date: /home/dron/ws_controll/install/custom_msgs/include/custom_msgs/custom_msgs/msg/detail/estimator_data__rosidl_typesupport_fastrtps_c.h
[1.159s] -- Up-to-date: /home/dron/ws_controll/install/custom_msgs/include/custom_msgs/custom_msgs/msg/detail/speed_data__rosidl_typesupport_fastrtps_c.h
[1.159s] -- Up-to-date: /home/dron/ws_controll/install/custom_msgs/include/custom_msgs/custom_msgs/msg/detail/imu_data__rosidl_typesupport_fastrtps_c.h
[1.159s] -- Up-to-date: /home/dron/ws_controll/install/custom_msgs/include/custom_msgs/custom_msgs/msg/detail/gyro_data__rosidl_typesupport_fastrtps_c.h
[1.159s] -- Up-to-date: /home/dron/ws_controll/install/custom_msgs/lib/libcustom_msgs__rosidl_typesupport_fastrtps_c.so
[1.160s] -- Up-to-date: /home/dron/ws_controll/install/custom_msgs/include/custom_msgs/custom_msgs
[1.160s] -- Up-to-date: /home/dron/ws_controll/install/custom_msgs/include/custom_msgs/custom_msgs/msg
[1.160s] -- Up-to-date: /home/dron/ws_controll/install/custom_msgs/include/custom_msgs/custom_msgs/msg/rosidl_typesupport_introspection_c__visibility_control.h
[1.160s] -- Up-to-date: /home/dron/ws_controll/install/custom_msgs/include/custom_msgs/custom_msgs/msg/detail
[1.160s] -- Up-to-date: /home/dron/ws_controll/install/custom_msgs/include/custom_msgs/custom_msgs/msg/detail/data_xyz__type_support.c
[1.160s] -- Up-to-date: /home/dron/ws_controll/install/custom_msgs/include/custom_msgs/custom_msgs/msg/detail/imu_data__type_support.c
[1.160s] -- Up-to-date: /home/dron/ws_controll/install/custom_msgs/include/custom_msgs/custom_msgs/msg/detail/accel_data__type_support.c
[1.161s] -- Up-to-date: /home/dron/ws_controll/install/custom_msgs/include/custom_msgs/custom_msgs/msg/detail/data_xyz__rosidl_typesupport_introspection_c.h
[1.161s] -- Up-to-date: /home/dron/ws_controll/install/custom_msgs/include/custom_msgs/custom_msgs/msg/detail/speed_data__rosidl_typesupport_introspection_c.h
[1.161s] -- Up-to-date: /home/dron/ws_controll/install/custom_msgs/include/custom_msgs/custom_msgs/msg/detail/estimator_data__type_support.c
[1.161s] -- Up-to-date: /home/dron/ws_controll/install/custom_msgs/include/custom_msgs/custom_msgs/msg/detail/gyro_data__type_support.c
[1.161s] -- Up-to-date: /home/dron/ws_controll/install/custom_msgs/include/custom_msgs/custom_msgs/msg/detail/possition_data__rosidl_typesupport_introspection_c.h
[1.161s] -- Up-to-date: /home/dron/ws_controll/install/custom_msgs/include/custom_msgs/custom_msgs/msg/detail/possition_data__type_support.c
[1.161s] -- Up-to-date: /home/dron/ws_controll/install/custom_msgs/include/custom_msgs/custom_msgs/msg/detail/imu_data__rosidl_typesupport_introspection_c.h
[1.162s] -- Up-to-date: /home/dron/ws_controll/install/custom_msgs/include/custom_msgs/custom_msgs/msg/detail/speed_data__type_support.c
[1.162s] -- Up-to-date: /home/dron/ws_controll/install/custom_msgs/include/custom_msgs/custom_msgs/msg/detail/accel_data__rosidl_typesupport_introspection_c.h
[1.162s] -- Up-to-date: /home/dron/ws_controll/install/custom_msgs/include/custom_msgs/custom_msgs/msg/detail/estimator_data__rosidl_typesupport_introspection_c.h
[1.162s] -- Up-to-date: /home/dron/ws_controll/install/custom_msgs/include/custom_msgs/custom_msgs/msg/detail/gyro_data__rosidl_typesupport_introspection_c.h
[1.162s] -- Up-to-date: /home/dron/ws_controll/install/custom_msgs/lib/libcustom_msgs__rosidl_typesupport_introspection_c.so
[1.162s] -- Up-to-date: /home/dron/ws_controll/install/custom_msgs/lib/libcustom_msgs__rosidl_typesupport_c.so
[1.162s] -- Up-to-date: /home/dron/ws_controll/install/custom_msgs/include/custom_msgs/custom_msgs
[1.163s] -- Up-to-date: /home/dron/ws_controll/install/custom_msgs/include/custom_msgs/custom_msgs/msg
[1.163s] -- Up-to-date: /home/dron/ws_controll/install/custom_msgs/include/custom_msgs/custom_msgs/msg/gyro_data.hpp
[1.163s] -- Up-to-date: /home/dron/ws_controll/install/custom_msgs/include/custom_msgs/custom_msgs/msg/rosidl_generator_cpp__visibility_control.hpp
[1.163s] -- Up-to-date: /home/dron/ws_controll/install/custom_msgs/include/custom_msgs/custom_msgs/msg/imu_data.hpp
[1.163s] -- Up-to-date: /home/dron/ws_controll/install/custom_msgs/include/custom_msgs/custom_msgs/msg/data_xyz.hpp
[1.163s] -- Up-to-date: /home/dron/ws_controll/install/custom_msgs/include/custom_msgs/custom_msgs/msg/estimator_data.hpp
[1.164s] -- Up-to-date: /home/dron/ws_controll/install/custom_msgs/include/custom_msgs/custom_msgs/msg/possition_data.hpp
[1.164s] -- Up-to-date: /home/dron/ws_controll/install/custom_msgs/include/custom_msgs/custom_msgs/msg/speed_data.hpp
[1.164s] -- Up-to-date: /home/dron/ws_controll/install/custom_msgs/include/custom_msgs/custom_msgs/msg/accel_data.hpp
[1.164s] -- Up-to-date: /home/dron/ws_controll/install/custom_msgs/include/custom_msgs/custom_msgs/msg/detail
[1.164s] -- Up-to-date: /home/dron/ws_controll/install/custom_msgs/include/custom_msgs/custom_msgs/msg/detail/possition_data__traits.hpp
[1.164s] -- Up-to-date: /home/dron/ws_controll/install/custom_msgs/include/custom_msgs/custom_msgs/msg/detail/possition_data__type_support.hpp
[1.164s] -- Up-to-date: /home/dron/ws_controll/install/custom_msgs/include/custom_msgs/custom_msgs/msg/detail/accel_data__struct.hpp
[1.165s] -- Up-to-date: /home/dron/ws_controll/install/custom_msgs/include/custom_msgs/custom_msgs/msg/detail/possition_data__struct.hpp
[1.165s] -- Up-to-date: /home/dron/ws_controll/install/custom_msgs/include/custom_msgs/custom_msgs/msg/detail/gyro_data__traits.hpp
[1.165s] -- Up-to-date: /home/dron/ws_controll/install/custom_msgs/include/custom_msgs/custom_msgs/msg/detail/gyro_data__builder.hpp
[1.165s] -- Up-to-date: /home/dron/ws_controll/install/custom_msgs/include/custom_msgs/custom_msgs/msg/detail/speed_data__builder.hpp
[1.165s] -- Up-to-date: /home/dron/ws_controll/install/custom_msgs/include/custom_msgs/custom_msgs/msg/detail/gyro_data__type_support.hpp
[1.165s] -- Up-to-date: /home/dron/ws_controll/install/custom_msgs/include/custom_msgs/custom_msgs/msg/detail/possition_data__builder.hpp
[1.165s] -- Up-to-date: /home/dron/ws_controll/install/custom_msgs/include/custom_msgs/custom_msgs/msg/detail/speed_data__traits.hpp
[1.165s] -- Up-to-date: /home/dron/ws_controll/install/custom_msgs/include/custom_msgs/custom_msgs/msg/detail/data_xyz__builder.hpp
[1.166s] -- Up-to-date: /home/dron/ws_controll/install/custom_msgs/include/custom_msgs/custom_msgs/msg/detail/imu_data__type_support.hpp
[1.166s] -- Up-to-date: /home/dron/ws_controll/install/custom_msgs/include/custom_msgs/custom_msgs/msg/detail/imu_data__traits.hpp
[1.166s] -- Up-to-date: /home/dron/ws_controll/install/custom_msgs/include/custom_msgs/custom_msgs/msg/detail/estimator_data__type_support.hpp
[1.166s] -- Up-to-date: /home/dron/ws_controll/install/custom_msgs/include/custom_msgs/custom_msgs/msg/detail/speed_data__type_support.hpp
[1.166s] -- Up-to-date: /home/dron/ws_controll/install/custom_msgs/include/custom_msgs/custom_msgs/msg/detail/imu_data__builder.hpp
[1.166s] -- Up-to-date: /home/dron/ws_controll/install/custom_msgs/include/custom_msgs/custom_msgs/msg/detail/data_xyz__struct.hpp
[1.167s] -- Up-to-date: /home/dron/ws_controll/install/custom_msgs/include/custom_msgs/custom_msgs/msg/detail/accel_data__type_support.hpp
[1.167s] -- Up-to-date: /home/dron/ws_controll/install/custom_msgs/include/custom_msgs/custom_msgs/msg/detail/estimator_data__traits.hpp
[1.167s] -- Up-to-date: /home/dron/ws_controll/install/custom_msgs/include/custom_msgs/custom_msgs/msg/detail/accel_data__builder.hpp
[1.167s] -- Up-to-date: /home/dron/ws_controll/install/custom_msgs/include/custom_msgs/custom_msgs/msg/detail/accel_data__traits.hpp
[1.167s] -- Up-to-date: /home/dron/ws_controll/install/custom_msgs/include/custom_msgs/custom_msgs/msg/detail/imu_data__struct.hpp
[1.167s] -- Up-to-date: /home/dron/ws_controll/install/custom_msgs/include/custom_msgs/custom_msgs/msg/detail/estimator_data__builder.hpp
[1.167s] -- Up-to-date: /home/dron/ws_controll/install/custom_msgs/include/custom_msgs/custom_msgs/msg/detail/speed_data__struct.hpp
[1.168s] -- Up-to-date: /home/dron/ws_controll/install/custom_msgs/include/custom_msgs/custom_msgs/msg/detail/estimator_data__struct.hpp
[1.168s] -- Up-to-date: /home/dron/ws_controll/install/custom_msgs/include/custom_msgs/custom_msgs/msg/detail/gyro_data__struct.hpp
[1.168s] -- Up-to-date: /home/dron/ws_controll/install/custom_msgs/include/custom_msgs/custom_msgs/msg/detail/data_xyz__type_support.hpp
[1.168s] -- Up-to-date: /home/dron/ws_controll/install/custom_msgs/include/custom_msgs/custom_msgs/msg/detail/data_xyz__traits.hpp
[1.168s] -- Up-to-date: /home/dron/ws_controll/install/custom_msgs/include/custom_msgs/custom_msgs
[1.168s] -- Up-to-date: /home/dron/ws_controll/install/custom_msgs/include/custom_msgs/custom_msgs/msg
[1.168s] -- Up-to-date: /home/dron/ws_controll/install/custom_msgs/include/custom_msgs/custom_msgs/msg/rosidl_typesupport_fastrtps_cpp__visibility_control.h
[1.169s] -- Up-to-date: /home/dron/ws_controll/install/custom_msgs/include/custom_msgs/custom_msgs/msg/detail
[1.169s] -- Up-to-date: /home/dron/ws_controll/install/custom_msgs/include/custom_msgs/custom_msgs/msg/detail/gyro_data__rosidl_typesupport_fastrtps_cpp.hpp
[1.169s] -- Up-to-date: /home/dron/ws_controll/install/custom_msgs/include/custom_msgs/custom_msgs/msg/detail/data_xyz__rosidl_typesupport_fastrtps_cpp.hpp
[1.169s] -- Up-to-date: /home/dron/ws_controll/install/custom_msgs/include/custom_msgs/custom_msgs/msg/detail/dds_fastrtps
[1.169s] -- Up-to-date: /home/dron/ws_controll/install/custom_msgs/include/custom_msgs/custom_msgs/msg/detail/speed_data__rosidl_typesupport_fastrtps_cpp.hpp
[1.169s] -- Up-to-date: /home/dron/ws_controll/install/custom_msgs/include/custom_msgs/custom_msgs/msg/detail/imu_data__rosidl_typesupport_fastrtps_cpp.hpp
[1.169s] -- Up-to-date: /home/dron/ws_controll/install/custom_msgs/include/custom_msgs/custom_msgs/msg/detail/accel_data__rosidl_typesupport_fastrtps_cpp.hpp
[1.170s] -- Up-to-date: /home/dron/ws_controll/install/custom_msgs/include/custom_msgs/custom_msgs/msg/detail/estimator_data__rosidl_typesupport_fastrtps_cpp.hpp
[1.170s] -- Up-to-date: /home/dron/ws_controll/install/custom_msgs/include/custom_msgs/custom_msgs/msg/detail/possition_data__rosidl_typesupport_fastrtps_cpp.hpp
[1.170s] -- Up-to-date: /home/dron/ws_controll/install/custom_msgs/lib/libcustom_msgs__rosidl_typesupport_fastrtps_cpp.so
[1.170s] -- Up-to-date: /home/dron/ws_controll/install/custom_msgs/include/custom_msgs/custom_msgs
[1.170s] -- Up-to-date: /home/dron/ws_controll/install/custom_msgs/include/custom_msgs/custom_msgs/msg
[1.170s] -- Up-to-date: /home/dron/ws_controll/install/custom_msgs/include/custom_msgs/custom_msgs/msg/detail
[1.170s] -- Up-to-date: /home/dron/ws_controll/install/custom_msgs/include/custom_msgs/custom_msgs/msg/detail/estimator_data__type_support.cpp
[1.171s] -- Up-to-date: /home/dron/ws_controll/install/custom_msgs/include/custom_msgs/custom_msgs/msg/detail/speed_data__type_support.cpp
[1.171s] -- Up-to-date: /home/dron/ws_controll/install/custom_msgs/include/custom_msgs/custom_msgs/msg/detail/data_xyz__rosidl_typesupport_introspection_cpp.hpp
[1.171s] -- Up-to-date: /home/dron/ws_controll/install/custom_msgs/include/custom_msgs/custom_msgs/msg/detail/accel_data__type_support.cpp
[1.171s] -- Up-to-date: /home/dron/ws_controll/install/custom_msgs/include/custom_msgs/custom_msgs/msg/detail/accel_data__rosidl_typesupport_introspection_cpp.hpp
[1.171s] -- Up-to-date: /home/dron/ws_controll/install/custom_msgs/include/custom_msgs/custom_msgs/msg/detail/gyro_data__type_support.cpp
[1.171s] -- Up-to-date: /home/dron/ws_controll/install/custom_msgs/include/custom_msgs/custom_msgs/msg/detail/data_xyz__type_support.cpp
[1.172s] -- Up-to-date: /home/dron/ws_controll/install/custom_msgs/include/custom_msgs/custom_msgs/msg/detail/speed_data__rosidl_typesupport_introspection_cpp.hpp
[1.172s] -- Up-to-date: /home/dron/ws_controll/install/custom_msgs/include/custom_msgs/custom_msgs/msg/detail/possition_data__rosidl_typesupport_introspection_cpp.hpp
[1.172s] -- Up-to-date: /home/dron/ws_controll/install/custom_msgs/include/custom_msgs/custom_msgs/msg/detail/estimator_data__rosidl_typesupport_introspection_cpp.hpp
[1.172s] -- Up-to-date: /home/dron/ws_controll/install/custom_msgs/include/custom_msgs/custom_msgs/msg/detail/imu_data__type_support.cpp
[1.172s] -- Up-to-date: /home/dron/ws_controll/install/custom_msgs/include/custom_msgs/custom_msgs/msg/detail/imu_data__rosidl_typesupport_introspection_cpp.hpp
[1.172s] -- Up-to-date: /home/dron/ws_controll/install/custom_msgs/include/custom_msgs/custom_msgs/msg/detail/gyro_data__rosidl_typesupport_introspection_cpp.hpp
[1.172s] -- Up-to-date: /home/dron/ws_controll/install/custom_msgs/include/custom_msgs/custom_msgs/msg/detail/possition_data__type_support.cpp
[1.173s] -- Up-to-date: /home/dron/ws_controll/install/custom_msgs/lib/libcustom_msgs__rosidl_typesupport_introspection_cpp.so
[1.173s] -- Up-to-date: /home/dron/ws_controll/install/custom_msgs/lib/libcustom_msgs__rosidl_typesupport_cpp.so
[1.173s] -- Up-to-date: /home/dron/ws_controll/install/custom_msgs/share/custom_msgs/environment/pythonpath.sh
[1.173s] -- Up-to-date: /home/dron/ws_controll/install/custom_msgs/share/custom_msgs/environment/pythonpath.dsv
[1.173s] -- Up-to-date: /home/dron/ws_controll/install/custom_msgs/local/lib/python3.10/dist-packages/custom_msgs-0.0.0-py3.10.egg-info
[1.173s] -- Installing: /home/dron/ws_controll/install/custom_msgs/local/lib/python3.10/dist-packages/custom_msgs-0.0.0-py3.10.egg-info/SOURCES.txt
[1.173s] -- Installing: /home/dron/ws_controll/install/custom_msgs/local/lib/python3.10/dist-packages/custom_msgs-0.0.0-py3.10.egg-info/dependency_links.txt
[1.174s] -- Installing: /home/dron/ws_controll/install/custom_msgs/local/lib/python3.10/dist-packages/custom_msgs-0.0.0-py3.10.egg-info/top_level.txt
[1.174s] -- Installing: /home/dron/ws_controll/install/custom_msgs/local/lib/python3.10/dist-packages/custom_msgs-0.0.0-py3.10.egg-info/PKG-INFO
[1.174s] -- Up-to-date: /home/dron/ws_controll/install/custom_msgs/local/lib/python3.10/dist-packages/custom_msgs
[1.174s] -- Up-to-date: /home/dron/ws_controll/install/custom_msgs/local/lib/python3.10/dist-packages/custom_msgs/custom_msgs_s__rosidl_typesupport_fastrtps_c.cpython-310-aarch64-linux-gnu.so
[1.174s] -- Up-to-date: /home/dron/ws_controll/install/custom_msgs/local/lib/python3.10/dist-packages/custom_msgs/custom_msgs_s__rosidl_typesupport_introspection_c.cpython-310-aarch64-linux-gnu.so
[1.174s] -- Up-to-date: /home/dron/ws_controll/install/custom_msgs/local/lib/python3.10/dist-packages/custom_msgs/_custom_msgs_s.ep.rosidl_typesupport_introspection_c.c
[1.174s] -- Up-to-date: /home/dron/ws_controll/install/custom_msgs/local/lib/python3.10/dist-packages/custom_msgs/msg
[1.175s] -- Up-to-date: /home/dron/ws_controll/install/custom_msgs/local/lib/python3.10/dist-packages/custom_msgs/msg/_data_xyz.py
[1.175s] -- Up-to-date: /home/dron/ws_controll/install/custom_msgs/local/lib/python3.10/dist-packages/custom_msgs/msg/_gyro_data_s.c
[1.175s] -- Up-to-date: /home/dron/ws_controll/install/custom_msgs/local/lib/python3.10/dist-packages/custom_msgs/msg/_possition_data_s.c
[1.175s] -- Up-to-date: /home/dron/ws_controll/install/custom_msgs/local/lib/python3.10/dist-packages/custom_msgs/msg/_estimator_data.py
[1.175s] -- Up-to-date: /home/dron/ws_controll/install/custom_msgs/local/lib/python3.10/dist-packages/custom_msgs/msg/_gyro_data.py
[1.175s] -- Up-to-date: /home/dron/ws_controll/install/custom_msgs/local/lib/python3.10/dist-packages/custom_msgs/msg/_data_xyz_s.c
[1.175s] -- Up-to-date: /home/dron/ws_controll/install/custom_msgs/local/lib/python3.10/dist-packages/custom_msgs/msg/_speed_data.py
[1.176s] -- Up-to-date: /home/dron/ws_controll/install/custom_msgs/local/lib/python3.10/dist-packages/custom_msgs/msg/_estimator_data_s.c
[1.176s] -- Up-to-date: /home/dron/ws_controll/install/custom_msgs/local/lib/python3.10/dist-packages/custom_msgs/msg/_accel_data.py
[1.176s] -- Up-to-date: /home/dron/ws_controll/install/custom_msgs/local/lib/python3.10/dist-packages/custom_msgs/msg/_accel_data_s.c
[1.176s] -- Up-to-date: /home/dron/ws_controll/install/custom_msgs/local/lib/python3.10/dist-packages/custom_msgs/msg/_speed_data_s.c
[1.176s] -- Up-to-date: /home/dron/ws_controll/install/custom_msgs/local/lib/python3.10/dist-packages/custom_msgs/msg/_imu_data_s.c
[1.176s] -- Up-to-date: /home/dron/ws_controll/install/custom_msgs/local/lib/python3.10/dist-packages/custom_msgs/msg/_imu_data.py
[1.176s] -- Up-to-date: /home/dron/ws_controll/install/custom_msgs/local/lib/python3.10/dist-packages/custom_msgs/msg/_possition_data.py
[1.177s] -- Up-to-date: /home/dron/ws_controll/install/custom_msgs/local/lib/python3.10/dist-packages/custom_msgs/msg/__init__.py
[1.177s] -- Up-to-date: /home/dron/ws_controll/install/custom_msgs/local/lib/python3.10/dist-packages/custom_msgs/_custom_msgs_s.ep.rosidl_typesupport_fastrtps_c.c
[1.177s] -- Up-to-date: /home/dron/ws_controll/install/custom_msgs/local/lib/python3.10/dist-packages/custom_msgs/libcustom_msgs__rosidl_generator_py.so
[1.177s] -- Up-to-date: /home/dron/ws_controll/install/custom_msgs/local/lib/python3.10/dist-packages/custom_msgs/custom_msgs_s__rosidl_typesupport_c.cpython-310-aarch64-linux-gnu.so
[1.177s] -- Up-to-date: /home/dron/ws_controll/install/custom_msgs/local/lib/python3.10/dist-packages/custom_msgs/_custom_msgs_s.ep.rosidl_typesupport_c.c
[1.177s] -- Up-to-date: /home/dron/ws_controll/install/custom_msgs/local/lib/python3.10/dist-packages/custom_msgs/__init__.py
[1.221s] Listing '/home/dron/ws_controll/install/custom_msgs/local/lib/python3.10/dist-packages/custom_msgs'...
[1.221s] Listing '/home/dron/ws_controll/install/custom_msgs/local/lib/python3.10/dist-packages/custom_msgs/msg'...
[1.234s] -- Up-to-date: /home/dron/ws_controll/install/custom_msgs/local/lib/python3.10/dist-packages/custom_msgs/custom_msgs_s__rosidl_typesupport_fastrtps_c.cpython-310-aarch64-linux-gnu.so
[1.237s] -- Up-to-date: /home/dron/ws_controll/install/custom_msgs/local/lib/python3.10/dist-packages/custom_msgs/custom_msgs_s__rosidl_typesupport_introspection_c.cpython-310-aarch64-linux-gnu.so
[1.238s] -- Up-to-date: /home/dron/ws_controll/install/custom_msgs/local/lib/python3.10/dist-packages/custom_msgs/custom_msgs_s__rosidl_typesupport_c.cpython-310-aarch64-linux-gnu.so
[1.240s] -- Up-to-date: /home/dron/ws_controll/install/custom_msgs/lib/libcustom_msgs__rosidl_generator_py.so
[1.241s] -- Up-to-date: /home/dron/ws_controll/install/custom_msgs/share/custom_msgs/msg/AccelData.idl
[1.242s] -- Up-to-date: /home/dron/ws_controll/install/custom_msgs/share/custom_msgs/msg/GyroData.idl
[1.244s] -- Up-to-date: /home/dron/ws_controll/install/custom_msgs/share/custom_msgs/msg/ImuData.idl
[1.244s] -- Up-to-date: /home/dron/ws_controll/install/custom_msgs/share/custom_msgs/msg/EstimatorData.idl
[1.245s] -- Up-to-date: /home/dron/ws_controll/install/custom_msgs/share/custom_msgs/msg/PossitionData.idl
[1.245s] -- Up-to-date: /home/dron/ws_controll/install/custom_msgs/share/custom_msgs/msg/SpeedData.idl
[1.245s] -- Up-to-date: /home/dron/ws_controll/install/custom_msgs/share/custom_msgs/msg/DataXYZ.idl
[1.245s] -- Up-to-date: /home/dron/ws_controll/install/custom_msgs/share/custom_msgs/msg/AccelData.msg
[1.245s] -- Up-to-date: /home/dron/ws_controll/install/custom_msgs/share/custom_msgs/msg/GyroData.msg
[1.245s] -- Up-to-date: /home/dron/ws_controll/install/custom_msgs/share/custom_msgs/msg/ImuData.msg
[1.245s] -- Up-to-date: /home/dron/ws_controll/install/custom_msgs/share/custom_msgs/msg/EstimatorData.msg
[1.246s] -- Up-to-date: /home/dron/ws_controll/install/custom_msgs/share/custom_msgs/msg/PossitionData.msg
[1.246s] -- Up-to-date: /home/dron/ws_controll/install/custom_msgs/share/custom_msgs/msg/SpeedData.msg
[1.255s] -- Up-to-date: /home/dron/ws_controll/install/custom_msgs/share/custom_msgs/msg/DataXYZ.msg
[1.255s] -- Up-to-date: /home/dron/ws_controll/install/custom_msgs/share/ament_index/resource_index/package_run_dependencies/custom_msgs
[1.256s] -- Up-to-date: /home/dron/ws_controll/install/custom_msgs/share/ament_index/resource_index/parent_prefix_path/custom_msgs
[1.256s] -- Up-to-date: /home/dron/ws_controll/install/custom_msgs/share/custom_msgs/environment/ament_prefix_path.sh
[1.256s] -- Up-to-date: /home/dron/ws_controll/install/custom_msgs/share/custom_msgs/environment/ament_prefix_path.dsv
[1.256s] -- Up-to-date: /home/dron/ws_controll/install/custom_msgs/share/custom_msgs/environment/path.sh
[1.256s] -- Up-to-date: /home/dron/ws_controll/install/custom_msgs/share/custom_msgs/environment/path.dsv
[1.256s] -- Up-to-date: /home/dron/ws_controll/install/custom_msgs/share/custom_msgs/local_setup.bash
[1.257s] -- Up-to-date: /home/dron/ws_controll/install/custom_msgs/share/custom_msgs/local_setup.sh
[1.257s] -- Up-to-date: /home/dron/ws_controll/install/custom_msgs/share/custom_msgs/local_setup.zsh
[1.257s] -- Up-to-date: /home/dron/ws_controll/install/custom_msgs/share/custom_msgs/local_setup.dsv
[1.257s] -- Installing: /home/dron/ws_controll/install/custom_msgs/share/custom_msgs/package.dsv
[1.257s] -- Up-to-date: /home/dron/ws_controll/install/custom_msgs/share/ament_index/resource_index/packages/custom_msgs
[1.257s] -- Up-to-date: /home/dron/ws_controll/install/custom_msgs/share/custom_msgs/cmake/export_custom_msgs__rosidl_generator_cExport.cmake
[1.257s] -- Up-to-date: /home/dron/ws_controll/install/custom_msgs/share/custom_msgs/cmake/export_custom_msgs__rosidl_generator_cExport-noconfig.cmake
[1.258s] -- Up-to-date: /home/dron/ws_controll/install/custom_msgs/share/custom_msgs/cmake/export_custom_msgs__rosidl_typesupport_fastrtps_cExport.cmake
[1.258s] -- Up-to-date: /home/dron/ws_controll/install/custom_msgs/share/custom_msgs/cmake/export_custom_msgs__rosidl_typesupport_fastrtps_cExport-noconfig.cmake
[1.258s] -- Up-to-date: /home/dron/ws_controll/install/custom_msgs/share/custom_msgs/cmake/custom_msgs__rosidl_typesupport_introspection_cExport.cmake
[1.258s] -- Up-to-date: /home/dron/ws_controll/install/custom_msgs/share/custom_msgs/cmake/custom_msgs__rosidl_typesupport_introspection_cExport-noconfig.cmake
[1.258s] -- Up-to-date: /home/dron/ws_controll/install/custom_msgs/share/custom_msgs/cmake/custom_msgs__rosidl_typesupport_cExport.cmake
[1.258s] -- Up-to-date: /home/dron/ws_controll/install/custom_msgs/share/custom_msgs/cmake/custom_msgs__rosidl_typesupport_cExport-noconfig.cmake
[1.259s] -- Up-to-date: /home/dron/ws_controll/install/custom_msgs/share/custom_msgs/cmake/export_custom_msgs__rosidl_generator_cppExport.cmake
[1.259s] -- Up-to-date: /home/dron/ws_controll/install/custom_msgs/share/custom_msgs/cmake/export_custom_msgs__rosidl_typesupport_fastrtps_cppExport.cmake
[1.259s] -- Up-to-date: /home/dron/ws_controll/install/custom_msgs/share/custom_msgs/cmake/export_custom_msgs__rosidl_typesupport_fastrtps_cppExport-noconfig.cmake
[1.259s] -- Up-to-date: /home/dron/ws_controll/install/custom_msgs/share/custom_msgs/cmake/custom_msgs__rosidl_typesupport_introspection_cppExport.cmake
[1.259s] -- Up-to-date: /home/dron/ws_controll/install/custom_msgs/share/custom_msgs/cmake/custom_msgs__rosidl_typesupport_introspection_cppExport-noconfig.cmake
[1.259s] -- Up-to-date: /home/dron/ws_controll/install/custom_msgs/share/custom_msgs/cmake/custom_msgs__rosidl_typesupport_cppExport.cmake
[1.259s] -- Up-to-date: /home/dron/ws_controll/install/custom_msgs/share/custom_msgs/cmake/custom_msgs__rosidl_typesupport_cppExport-noconfig.cmake
[1.260s] -- Up-to-date: /home/dron/ws_controll/install/custom_msgs/share/custom_msgs/cmake/export_custom_msgs__rosidl_generator_pyExport.cmake
[1.260s] -- Up-to-date: /home/dron/ws_controll/install/custom_msgs/share/custom_msgs/cmake/export_custom_msgs__rosidl_generator_pyExport-noconfig.cmake
[1.260s] -- Up-to-date: /home/dron/ws_controll/install/custom_msgs/share/custom_msgs/cmake/rosidl_cmake-extras.cmake
[1.260s] -- Up-to-date: /home/dron/ws_controll/install/custom_msgs/share/custom_msgs/cmake/ament_cmake_export_include_directories-extras.cmake
[1.260s] -- Up-to-date: /home/dron/ws_controll/install/custom_msgs/share/custom_msgs/cmake/ament_cmake_export_libraries-extras.cmake
[1.260s] -- Up-to-date: /home/dron/ws_controll/install/custom_msgs/share/custom_msgs/cmake/ament_cmake_export_targets-extras.cmake
[1.260s] -- Up-to-date: /home/dron/ws_controll/install/custom_msgs/share/custom_msgs/cmake/rosidl_cmake_export_typesupport_targets-extras.cmake
[1.261s] -- Up-to-date: /home/dron/ws_controll/install/custom_msgs/share/custom_msgs/cmake/ament_cmake_export_dependencies-extras.cmake
[1.261s] -- Up-to-date: /home/dron/ws_controll/install/custom_msgs/share/custom_msgs/cmake/rosidl_cmake_export_typesupport_libraries-extras.cmake
[1.261s] -- Up-to-date: /home/dron/ws_controll/install/custom_msgs/share/custom_msgs/cmake/custom_msgsConfig.cmake
[1.261s] -- Up-to-date: /home/dron/ws_controll/install/custom_msgs/share/custom_msgs/cmake/custom_msgsConfig-version.cmake
[1.261s] -- Up-to-date: /home/dron/ws_controll/install/custom_msgs/share/custom_msgs/package.xml
[1.261s] Invoked command in '/home/dron/ws_controll/build/custom_msgs' returned '0': CMAKE_PREFIX_PATH=/opt/ros/humble /usr/bin/cmake --install /home/dron/ws_controll/build/custom_msgs
