[3.310s] Invoking command in '/home/dron/ws_controller/src/camera_pkg': PYTHONPATH=/home/dron/ws_controller/build/camera_pkg/prefix_override:/usr/lib/python3/dist-packages/colcon_core/task/python/colcon_distutils_commands:/home/dron/ws_controller/install/camera_pkg/lib/python3.10/site-packages:${PYTHONPATH} /usr/bin/python3 -W ignore:setup.py install is deprecated -W ignore:easy_install command is deprecated setup.py egg_info --egg-base ../../build/camera_pkg build --build-base /home/dron/ws_controller/build/camera_pkg/build install --record /home/dron/ws_controller/build/camera_pkg/install.log --single-version-externally-managed install_data
[3.945s] running egg_info
[3.946s] writing ../../build/camera_pkg/camera_pkg.egg-info/PKG-INFO
[3.947s] writing dependency_links to ../../build/camera_pkg/camera_pkg.egg-info/dependency_links.txt
[3.947s] writing entry points to ../../build/camera_pkg/camera_pkg.egg-info/entry_points.txt
[3.948s] writing requirements to ../../build/camera_pkg/camera_pkg.egg-info/requires.txt
[3.948s] writing top-level names to ../../build/camera_pkg/camera_pkg.egg-info/top_level.txt
[3.952s] reading manifest file '../../build/camera_pkg/camera_pkg.egg-info/SOURCES.txt'
[3.954s] writing manifest file '../../build/camera_pkg/camera_pkg.egg-info/SOURCES.txt'
[3.954s] running build
[3.955s] running build_py
[3.956s] running install
[3.956s] running install_lib
[3.959s] running install_data
[3.960s] running install_egg_info
[3.964s] removing '/home/dron/ws_controller/install/camera_pkg/lib/python3.10/site-packages/camera_pkg-0.0.0-py3.10.egg-info' (and everything under it)
[3.965s] Copying ../../build/camera_pkg/camera_pkg.egg-info to /home/dron/ws_controller/install/camera_pkg/lib/python3.10/site-packages/camera_pkg-0.0.0-py3.10.egg-info
[3.967s] running install_scripts
[4.015s] Installing aruco_detector script to /home/dron/ws_controller/install/camera_pkg/lib/camera_pkg
[4.015s] Installing camera_publisher script to /home/dron/ws_controller/install/camera_pkg/lib/camera_pkg
[4.016s] writing list of installed files to '/home/dron/ws_controller/build/camera_pkg/install.log'
[4.100s] Invoked command in '/home/dron/ws_controller/src/camera_pkg' returned '0': PYTHONPATH=/home/dron/ws_controller/build/camera_pkg/prefix_override:/usr/lib/python3/dist-packages/colcon_core/task/python/colcon_distutils_commands:/home/dron/ws_controller/install/camera_pkg/lib/python3.10/site-packages:${PYTHONPATH} /usr/bin/python3 -W ignore:setup.py install is deprecated -W ignore:easy_install command is deprecated setup.py egg_info --egg-base ../../build/camera_pkg build --build-base /home/dron/ws_controller/build/camera_pkg/build install --record /home/dron/ws_controller/build/camera_pkg/install.log --single-version-externally-managed install_data
