[5.767s] Invoking command in '/home/dron/ws_controller/src/log_data_pkg': PYTHONPATH=/home/dron/ws_controller/build/log_data_pkg/prefix_override:/usr/lib/python3/dist-packages/colcon_core/task/python/colcon_distutils_commands:/home/dron/ws_controller/install/log_data_pkg/lib/python3.10/site-packages:${PYTHONPATH} VIRTUAL_ENV_PROMPT=(venv) /usr/bin/python3 -W ignore:setup.py install is deprecated -W ignore:easy_install command is deprecated setup.py egg_info --egg-base ../../build/log_data_pkg build --build-base /home/dron/ws_controller/build/log_data_pkg/build install --record /home/dron/ws_controller/build/log_data_pkg/install.log --single-version-externally-managed install_data
[7.148s] running egg_info
[7.152s] writing ../../build/log_data_pkg/log_data_pkg.egg-info/PKG-INFO
[7.153s] writing dependency_links to ../../build/log_data_pkg/log_data_pkg.egg-info/dependency_links.txt
[7.155s] writing entry points to ../../build/log_data_pkg/log_data_pkg.egg-info/entry_points.txt
[7.156s] writing requirements to ../../build/log_data_pkg/log_data_pkg.egg-info/requires.txt
[7.158s] writing top-level names to ../../build/log_data_pkg/log_data_pkg.egg-info/top_level.txt
[7.167s] reading manifest file '../../build/log_data_pkg/log_data_pkg.egg-info/SOURCES.txt'
[7.172s] writing manifest file '../../build/log_data_pkg/log_data_pkg.egg-info/SOURCES.txt'
[7.173s] running build
[7.174s] running build_py
[7.174s] running install
[7.176s] running install_lib
[7.183s] running install_data
[7.184s] running install_egg_info
[7.193s] removing '/home/dron/ws_controller/install/log_data_pkg/lib/python3.10/site-packages/log_data_pkg-0.0.0-py3.10.egg-info' (and everything under it)
[7.195s] Copying ../../build/log_data_pkg/log_data_pkg.egg-info to /home/dron/ws_controller/install/log_data_pkg/lib/python3.10/site-packages/log_data_pkg-0.0.0-py3.10.egg-info
[7.205s] running install_scripts
[7.319s] Installing data_collector script to /home/dron/ws_controller/install/log_data_pkg/lib/log_data_pkg
[7.324s] writing list of installed files to '/home/dron/ws_controller/build/log_data_pkg/install.log'
[7.530s] Invoked command in '/home/dron/ws_controller/src/log_data_pkg' returned '0': PYTHONPATH=/home/dron/ws_controller/build/log_data_pkg/prefix_override:/usr/lib/python3/dist-packages/colcon_core/task/python/colcon_distutils_commands:/home/dron/ws_controller/install/log_data_pkg/lib/python3.10/site-packages:${PYTHONPATH} VIRTUAL_ENV_PROMPT=(venv) /usr/bin/python3 -W ignore:setup.py install is deprecated -W ignore:easy_install command is deprecated setup.py egg_info --egg-base ../../build/log_data_pkg build --build-base /home/dron/ws_controller/build/log_data_pkg/build install --record /home/dron/ws_controller/build/log_data_pkg/install.log --single-version-externally-managed install_data
