[2.829s] Invoking command in '/home/dron/ws_controller/src/flask_pkg': PYTHONPATH=/home/dron/ws_controller/build/flask_pkg/prefix_override:/usr/lib/python3/dist-packages/colcon_core/task/python/colcon_distutils_commands:/home/dron/ws_controller/install/flask_pkg/lib/python3.10/site-packages:${PYTHONPATH} VIRTUAL_ENV_PROMPT=(venv) /usr/bin/python3 -W ignore:setup.py install is deprecated -W ignore:easy_install command is deprecated setup.py egg_info --egg-base ../../build/flask_pkg build --build-base /home/dron/ws_controller/build/flask_pkg/build install --record /home/dron/ws_controller/build/flask_pkg/install.log --single-version-externally-managed install_data
[3.958s] running egg_info
[3.960s] writing ../../build/flask_pkg/flask_pkg.egg-info/PKG-INFO
[3.961s] writing dependency_links to ../../build/flask_pkg/flask_pkg.egg-info/dependency_links.txt
[3.962s] writing entry points to ../../build/flask_pkg/flask_pkg.egg-info/entry_points.txt
[3.963s] writing requirements to ../../build/flask_pkg/flask_pkg.egg-info/requires.txt
[3.964s] writing top-level names to ../../build/flask_pkg/flask_pkg.egg-info/top_level.txt
[3.971s] reading manifest file '../../build/flask_pkg/flask_pkg.egg-info/SOURCES.txt'
[3.976s] writing manifest file '../../build/flask_pkg/flask_pkg.egg-info/SOURCES.txt'
[3.977s] running build
[3.977s] running build_py
[3.979s] copying flask_pkg/flask_server.py -> /home/dron/ws_controller/build/flask_pkg/build/lib/flask_pkg
[3.981s] running install
[3.982s] running install_lib
[3.985s] copying /home/dron/ws_controller/build/flask_pkg/build/lib/flask_pkg/flask_server.py -> /home/dron/ws_controller/install/flask_pkg/lib/python3.10/site-packages/flask_pkg
[3.989s] byte-compiling /home/dron/ws_controller/install/flask_pkg/lib/python3.10/site-packages/flask_pkg/flask_server.py to flask_server.cpython-310.pyc
[3.996s] running install_data
[3.997s] running install_egg_info
[4.004s] removing '/home/dron/ws_controller/install/flask_pkg/lib/python3.10/site-packages/flask_pkg-0.0.0-py3.10.egg-info' (and everything under it)
[4.006s] Copying ../../build/flask_pkg/flask_pkg.egg-info to /home/dron/ws_controller/install/flask_pkg/lib/python3.10/site-packages/flask_pkg-0.0.0-py3.10.egg-info
[4.015s] running install_scripts
[4.099s] Installing flask_server script to /home/dron/ws_controller/install/flask_pkg/lib/flask_pkg
[4.101s] writing list of installed files to '/home/dron/ws_controller/build/flask_pkg/install.log'
[4.215s] Invoked command in '/home/dron/ws_controller/src/flask_pkg' returned '0': PYTHONPATH=/home/dron/ws_controller/build/flask_pkg/prefix_override:/usr/lib/python3/dist-packages/colcon_core/task/python/colcon_distutils_commands:/home/dron/ws_controller/install/flask_pkg/lib/python3.10/site-packages:${PYTHONPATH} VIRTUAL_ENV_PROMPT=(venv) /usr/bin/python3 -W ignore:setup.py install is deprecated -W ignore:easy_install command is deprecated setup.py egg_info --egg-base ../../build/flask_pkg build --build-base /home/dron/ws_controller/build/flask_pkg/build install --record /home/dron/ws_controller/build/flask_pkg/install.log --single-version-externally-managed install_data
