[3.302s] Invoking command in '/home/dron/ws_controller/src/camera_pkg': PYTHONPATH=/home/dron/ws_controller/build/camera_pkg/prefix_override:/usr/lib/python3/dist-packages/colcon_core/task/python/colcon_distutils_commands:/home/dron/ws_controller/install/camera_pkg/lib/python3.10/site-packages:${PYTHONPATH} /usr/bin/python3 -W ignore:setup.py install is deprecated -W ignore:easy_install command is deprecated setup.py egg_info --egg-base ../../build/camera_pkg build --build-base /home/dron/ws_controller/build/camera_pkg/build install --record /home/dron/ws_controller/build/camera_pkg/install.log --single-version-externally-managed install_data
[3.934s] running egg_info
[3.936s] writing ../../build/camera_pkg/camera_pkg.egg-info/PKG-INFO
[3.936s] writing dependency_links to ../../build/camera_pkg/camera_pkg.egg-info/dependency_links.txt
[3.937s] writing entry points to ../../build/camera_pkg/camera_pkg.egg-info/entry_points.txt
[3.937s] writing requirements to ../../build/camera_pkg/camera_pkg.egg-info/requires.txt
[3.937s] writing top-level names to ../../build/camera_pkg/camera_pkg.egg-info/top_level.txt
[3.941s] reading manifest file '../../build/camera_pkg/camera_pkg.egg-info/SOURCES.txt'
[3.943s] writing manifest file '../../build/camera_pkg/camera_pkg.egg-info/SOURCES.txt'
[3.943s] running build
[3.944s] running build_py
[3.944s] copying camera_pkg/ArucoDetector.py -> /home/dron/ws_controller/build/camera_pkg/build/lib/camera_pkg
[3.945s] running install
[3.946s] running install_lib
[3.947s] copying /home/dron/ws_controller/build/camera_pkg/build/lib/camera_pkg/ArucoDetector.py -> /home/dron/ws_controller/install/camera_pkg/lib/python3.10/site-packages/camera_pkg
[3.949s] byte-compiling /home/dron/ws_controller/install/camera_pkg/lib/python3.10/site-packages/camera_pkg/ArucoDetector.py to ArucoDetector.cpython-310.pyc
[3.951s] running install_data
[3.951s] running install_egg_info
[3.956s] removing '/home/dron/ws_controller/install/camera_pkg/lib/python3.10/site-packages/camera_pkg-0.0.0-py3.10.egg-info' (and everything under it)
[3.957s] Copying ../../build/camera_pkg/camera_pkg.egg-info to /home/dron/ws_controller/install/camera_pkg/lib/python3.10/site-packages/camera_pkg-0.0.0-py3.10.egg-info
[3.959s] running install_scripts
[4.008s] Installing aruco_detector script to /home/dron/ws_controller/install/camera_pkg/lib/camera_pkg
[4.008s] Installing camera_publisher script to /home/dron/ws_controller/install/camera_pkg/lib/camera_pkg
[4.008s] writing list of installed files to '/home/dron/ws_controller/build/camera_pkg/install.log'
[4.092s] Invoked command in '/home/dron/ws_controller/src/camera_pkg' returned '0': PYTHONPATH=/home/dron/ws_controller/build/camera_pkg/prefix_override:/usr/lib/python3/dist-packages/colcon_core/task/python/colcon_distutils_commands:/home/dron/ws_controller/install/camera_pkg/lib/python3.10/site-packages:${PYTHONPATH} /usr/bin/python3 -W ignore:setup.py install is deprecated -W ignore:easy_install command is deprecated setup.py egg_info --egg-base ../../build/camera_pkg build --build-base /home/dron/ws_controller/build/camera_pkg/build install --record /home/dron/ws_controller/build/camera_pkg/install.log --single-version-externally-managed install_data
