[3.258s] Invoking command in '/home/dron/ws_controller/src/camera_pkg': PYTHONPATH=/home/dron/ws_controller/build/camera_pkg/prefix_override:/usr/lib/python3/dist-packages/colcon_core/task/python/colcon_distutils_commands:/home/dron/ws_controller/install/camera_pkg/lib/python3.10/site-packages:${PYTHONPATH} /usr/bin/python3 -W ignore:setup.py install is deprecated -W ignore:easy_install command is deprecated setup.py egg_info --egg-base ../../build/camera_pkg build --build-base /home/dron/ws_controller/build/camera_pkg/build install --record /home/dron/ws_controller/build/camera_pkg/install.log --single-version-externally-managed install_data
[3.905s] running egg_info
[3.906s] writing ../../build/camera_pkg/camera_pkg.egg-info/PKG-INFO
[3.907s] writing dependency_links to ../../build/camera_pkg/camera_pkg.egg-info/dependency_links.txt
[3.907s] writing entry points to ../../build/camera_pkg/camera_pkg.egg-info/entry_points.txt
[3.908s] writing requirements to ../../build/camera_pkg/camera_pkg.egg-info/requires.txt
[3.908s] writing top-level names to ../../build/camera_pkg/camera_pkg.egg-info/top_level.txt
[3.912s] reading manifest file '../../build/camera_pkg/camera_pkg.egg-info/SOURCES.txt'
[3.915s] writing manifest file '../../build/camera_pkg/camera_pkg.egg-info/SOURCES.txt'
[3.915s] running build
[3.916s] running build_py
[3.916s] copying camera_pkg/ArucoDetector.py -> /home/dron/ws_controller/build/camera_pkg/build/lib/camera_pkg
[3.916s] running install
[3.917s] running install_lib
[3.919s] copying /home/dron/ws_controller/build/camera_pkg/build/lib/camera_pkg/ArucoDetector.py -> /home/dron/ws_controller/install/camera_pkg/lib/python3.10/site-packages/camera_pkg
[3.920s] byte-compiling /home/dron/ws_controller/install/camera_pkg/lib/python3.10/site-packages/camera_pkg/ArucoDetector.py to ArucoDetector.cpython-310.pyc
[3.922s] running install_data
[3.923s] running install_egg_info
[3.927s] removing '/home/dron/ws_controller/install/camera_pkg/lib/python3.10/site-packages/camera_pkg-0.0.0-py3.10.egg-info' (and everything under it)
[3.928s] Copying ../../build/camera_pkg/camera_pkg.egg-info to /home/dron/ws_controller/install/camera_pkg/lib/python3.10/site-packages/camera_pkg-0.0.0-py3.10.egg-info
[3.930s] running install_scripts
[3.980s] Installing aruco_detector script to /home/dron/ws_controller/install/camera_pkg/lib/camera_pkg
[3.981s] Installing camera_publisher script to /home/dron/ws_controller/install/camera_pkg/lib/camera_pkg
[3.981s] writing list of installed files to '/home/dron/ws_controller/build/camera_pkg/install.log'
[4.075s] Invoked command in '/home/dron/ws_controller/src/camera_pkg' returned '0': PYTHONPATH=/home/dron/ws_controller/build/camera_pkg/prefix_override:/usr/lib/python3/dist-packages/colcon_core/task/python/colcon_distutils_commands:/home/dron/ws_controller/install/camera_pkg/lib/python3.10/site-packages:${PYTHONPATH} /usr/bin/python3 -W ignore:setup.py install is deprecated -W ignore:easy_install command is deprecated setup.py egg_info --egg-base ../../build/camera_pkg build --build-base /home/dron/ws_controller/build/camera_pkg/build install --record /home/dron/ws_controller/build/camera_pkg/install.log --single-version-externally-managed install_data
