[0.282s] DEBUG:colcon:Command line arguments: ['/usr/bin/colcon', 'build']
[0.282s] DEBUG:colcon:Parsed command line arguments: Namespace(log_base=None, log_level=None, verb_name='build', build_base='build', install_base='install', merge_install=False, symlink_install=False, test_result_base=None, continue_on_error=False, executor='parallel', parallel_workers=6, event_handlers=None, ignore_user_meta=False, metas=['./colcon.meta'], base_paths=['.'], packages_ignore=None, packages_ignore_regex=None, paths=None, packages_up_to=None, packages_up_to_regex=None, packages_above=None, packages_above_and_dependencies=None, packages_above_depth=None, packages_select_by_dep=None, packages_skip_by_dep=None, packages_skip_up_to=None, packages_select_build_failed=False, packages_skip_build_finished=False, packages_select_test_failures=False, packages_skip_test_passed=False, packages_select=None, packages_skip=None, packages_select_regex=None, packages_skip_regex=None, packages_start=None, packages_end=None, allow_overriding=[], cmake_args=None, cmake_target=None, cmake_target_skip_unavailable=False, cmake_clean_cache=False, cmake_clean_first=False, cmake_force_configure=False, ament_cmake_args=None, catkin_cmake_args=None, catkin_skip_building_tests=False, mixin_files=None, mixin=None, verb_parser=<colcon_mixin.mixin.mixin_argument.MixinArgumentDecorator object at 0xffff8d05a200>, verb_extension=<colcon_core.verb.build.BuildVerb object at 0xffff8d2876a0>, main=<bound method BuildVerb.main of <colcon_core.verb.build.BuildVerb object at 0xffff8d2876a0>>, mixin_verb=('build',))
[0.748s] Level 1:colcon.colcon_core.package_discovery:discover_packages(colcon_meta) check parameters
[0.749s] Level 1:colcon.colcon_core.package_discovery:discover_packages(recursive) check parameters
[0.749s] Level 1:colcon.colcon_core.package_discovery:discover_packages(ignore) check parameters
[0.749s] Level 1:colcon.colcon_core.package_discovery:discover_packages(path) check parameters
[0.749s] Level 1:colcon.colcon_core.package_discovery:discover_packages(colcon_meta) discover
[0.749s] Level 1:colcon.colcon_core.package_discovery:discover_packages(recursive) discover
[0.750s] INFO:colcon.colcon_core.package_discovery:Crawling recursively for packages in '/home/dron/ws_controller'
[0.750s] Level 1:colcon.colcon_core.package_identification:_identify(.) by extensions ['ignore', 'ignore_ament_install']
[0.750s] Level 1:colcon.colcon_core.package_identification:_identify(.) by extension 'ignore'
[0.750s] Level 1:colcon.colcon_core.package_identification:_identify(.) by extension 'ignore_ament_install'
[0.750s] Level 1:colcon.colcon_core.package_identification:_identify(.) by extensions ['colcon_pkg']
[0.751s] Level 1:colcon.colcon_core.package_identification:_identify(.) by extension 'colcon_pkg'
[0.751s] Level 1:colcon.colcon_core.package_identification:_identify(.) by extensions ['colcon_meta']
[0.751s] Level 1:colcon.colcon_core.package_identification:_identify(.) by extension 'colcon_meta'
[0.751s] Level 1:colcon.colcon_core.package_identification:_identify(.) by extensions ['ros']
[0.751s] Level 1:colcon.colcon_core.package_identification:_identify(.) by extension 'ros'
[0.808s] Level 1:colcon.colcon_core.package_identification:_identify(.) by extensions ['cmake', 'python']
[0.808s] Level 1:colcon.colcon_core.package_identification:_identify(.) by extension 'cmake'
[0.808s] Level 1:colcon.colcon_core.package_identification:_identify(.) by extension 'python'
[0.809s] Level 1:colcon.colcon_core.package_identification:_identify(.) by extensions ['python_setup_py']
[0.809s] Level 1:colcon.colcon_core.package_identification:_identify(.) by extension 'python_setup_py'
[0.809s] Level 1:colcon.colcon_core.package_identification:_identify(build) by extensions ['ignore', 'ignore_ament_install']
[0.809s] Level 1:colcon.colcon_core.package_identification:_identify(build) by extension 'ignore'
[0.809s] Level 1:colcon.colcon_core.package_identification:_identify(build) ignored
[0.810s] Level 1:colcon.colcon_core.package_identification:_identify(install) by extensions ['ignore', 'ignore_ament_install']
[0.810s] Level 1:colcon.colcon_core.package_identification:_identify(install) by extension 'ignore'
[0.810s] Level 1:colcon.colcon_core.package_identification:_identify(install) ignored
[0.811s] Level 1:colcon.colcon_core.package_identification:_identify(log) by extensions ['ignore', 'ignore_ament_install']
[0.811s] Level 1:colcon.colcon_core.package_identification:_identify(log) by extension 'ignore'
[0.811s] Level 1:colcon.colcon_core.package_identification:_identify(log) ignored
[0.811s] Level 1:colcon.colcon_core.package_identification:_identify(src) by extensions ['ignore', 'ignore_ament_install']
[0.812s] Level 1:colcon.colcon_core.package_identification:_identify(src) by extension 'ignore'
[0.812s] Level 1:colcon.colcon_core.package_identification:_identify(src) by extension 'ignore_ament_install'
[0.812s] Level 1:colcon.colcon_core.package_identification:_identify(src) by extensions ['colcon_pkg']
[0.812s] Level 1:colcon.colcon_core.package_identification:_identify(src) by extension 'colcon_pkg'
[0.812s] Level 1:colcon.colcon_core.package_identification:_identify(src) by extensions ['colcon_meta']
[0.812s] Level 1:colcon.colcon_core.package_identification:_identify(src) by extension 'colcon_meta'
[0.812s] Level 1:colcon.colcon_core.package_identification:_identify(src) by extensions ['ros']
[0.812s] Level 1:colcon.colcon_core.package_identification:_identify(src) by extension 'ros'
[0.813s] Level 1:colcon.colcon_core.package_identification:_identify(src) by extensions ['cmake', 'python']
[0.813s] Level 1:colcon.colcon_core.package_identification:_identify(src) by extension 'cmake'
[0.813s] Level 1:colcon.colcon_core.package_identification:_identify(src) by extension 'python'
[0.813s] Level 1:colcon.colcon_core.package_identification:_identify(src) by extensions ['python_setup_py']
[0.813s] Level 1:colcon.colcon_core.package_identification:_identify(src) by extension 'python_setup_py'
[0.813s] Level 1:colcon.colcon_core.package_identification:_identify(src/camera_pkg) by extensions ['ignore', 'ignore_ament_install']
[0.814s] Level 1:colcon.colcon_core.package_identification:_identify(src/camera_pkg) by extension 'ignore'
[0.814s] Level 1:colcon.colcon_core.package_identification:_identify(src/camera_pkg) by extension 'ignore_ament_install'
[0.814s] Level 1:colcon.colcon_core.package_identification:_identify(src/camera_pkg) by extensions ['colcon_pkg']
[0.814s] Level 1:colcon.colcon_core.package_identification:_identify(src/camera_pkg) by extension 'colcon_pkg'
[0.814s] Level 1:colcon.colcon_core.package_identification:_identify(src/camera_pkg) by extensions ['colcon_meta']
[0.814s] Level 1:colcon.colcon_core.package_identification:_identify(src/camera_pkg) by extension 'colcon_meta'
[0.814s] Level 1:colcon.colcon_core.package_identification:_identify(src/camera_pkg) by extensions ['ros']
[0.814s] Level 1:colcon.colcon_core.package_identification:_identify(src/camera_pkg) by extension 'ros'
[0.823s] DEBUG:colcon.colcon_core.package_identification:Package 'src/camera_pkg' with type 'ros.ament_python' and name 'camera_pkg'
[0.823s] Level 1:colcon.colcon_core.package_identification:_identify(src/custom_msgs) by extensions ['ignore', 'ignore_ament_install']
[0.823s] Level 1:colcon.colcon_core.package_identification:_identify(src/custom_msgs) by extension 'ignore'
[0.824s] Level 1:colcon.colcon_core.package_identification:_identify(src/custom_msgs) by extension 'ignore_ament_install'
[0.824s] Level 1:colcon.colcon_core.package_identification:_identify(src/custom_msgs) by extensions ['colcon_pkg']
[0.824s] Level 1:colcon.colcon_core.package_identification:_identify(src/custom_msgs) by extension 'colcon_pkg'
[0.824s] Level 1:colcon.colcon_core.package_identification:_identify(src/custom_msgs) by extensions ['colcon_meta']
[0.824s] Level 1:colcon.colcon_core.package_identification:_identify(src/custom_msgs) by extension 'colcon_meta'
[0.824s] Level 1:colcon.colcon_core.package_identification:_identify(src/custom_msgs) by extensions ['ros']
[0.824s] Level 1:colcon.colcon_core.package_identification:_identify(src/custom_msgs) by extension 'ros'
[0.826s] DEBUG:colcon.colcon_core.package_identification:Package 'src/custom_msgs' with type 'ros.ament_cmake' and name 'custom_msgs'
[0.826s] Level 1:colcon.colcon_core.package_identification:_identify(src/flask_pkg) by extensions ['ignore', 'ignore_ament_install']
[0.826s] Level 1:colcon.colcon_core.package_identification:_identify(src/flask_pkg) by extension 'ignore'
[0.826s] Level 1:colcon.colcon_core.package_identification:_identify(src/flask_pkg) by extension 'ignore_ament_install'
[0.826s] Level 1:colcon.colcon_core.package_identification:_identify(src/flask_pkg) by extensions ['colcon_pkg']
[0.827s] Level 1:colcon.colcon_core.package_identification:_identify(src/flask_pkg) by extension 'colcon_pkg'
[0.827s] Level 1:colcon.colcon_core.package_identification:_identify(src/flask_pkg) by extensions ['colcon_meta']
[0.827s] Level 1:colcon.colcon_core.package_identification:_identify(src/flask_pkg) by extension 'colcon_meta'
[0.827s] Level 1:colcon.colcon_core.package_identification:_identify(src/flask_pkg) by extensions ['ros']
[0.827s] Level 1:colcon.colcon_core.package_identification:_identify(src/flask_pkg) by extension 'ros'
[0.829s] DEBUG:colcon.colcon_core.package_identification:Package 'src/flask_pkg' with type 'ros.ament_python' and name 'flask_pkg'
[0.829s] Level 1:colcon.colcon_core.package_identification:_identify(src/flight_controller_pkg) by extensions ['ignore', 'ignore_ament_install']
[0.829s] Level 1:colcon.colcon_core.package_identification:_identify(src/flight_controller_pkg) by extension 'ignore'
[0.830s] Level 1:colcon.colcon_core.package_identification:_identify(src/flight_controller_pkg) by extension 'ignore_ament_install'
[0.830s] Level 1:colcon.colcon_core.package_identification:_identify(src/flight_controller_pkg) by extensions ['colcon_pkg']
[0.830s] Level 1:colcon.colcon_core.package_identification:_identify(src/flight_controller_pkg) by extension 'colcon_pkg'
[0.830s] Level 1:colcon.colcon_core.package_identification:_identify(src/flight_controller_pkg) by extensions ['colcon_meta']
[0.830s] Level 1:colcon.colcon_core.package_identification:_identify(src/flight_controller_pkg) by extension 'colcon_meta'
[0.830s] Level 1:colcon.colcon_core.package_identification:_identify(src/flight_controller_pkg) by extensions ['ros']
[0.830s] Level 1:colcon.colcon_core.package_identification:_identify(src/flight_controller_pkg) by extension 'ros'
[0.832s] DEBUG:colcon.colcon_core.package_identification:Package 'src/flight_controller_pkg' with type 'ros.ament_python' and name 'flight_controller_pkg'
[0.832s] Level 1:colcon.colcon_core.package_identification:_identify(src/log_data_pkg) by extensions ['ignore', 'ignore_ament_install']
[0.833s] Level 1:colcon.colcon_core.package_identification:_identify(src/log_data_pkg) by extension 'ignore'
[0.833s] Level 1:colcon.colcon_core.package_identification:_identify(src/log_data_pkg) by extension 'ignore_ament_install'
[0.833s] Level 1:colcon.colcon_core.package_identification:_identify(src/log_data_pkg) by extensions ['colcon_pkg']
[0.833s] Level 1:colcon.colcon_core.package_identification:_identify(src/log_data_pkg) by extension 'colcon_pkg'
[0.833s] Level 1:colcon.colcon_core.package_identification:_identify(src/log_data_pkg) by extensions ['colcon_meta']
[0.833s] Level 1:colcon.colcon_core.package_identification:_identify(src/log_data_pkg) by extension 'colcon_meta'
[0.833s] Level 1:colcon.colcon_core.package_identification:_identify(src/log_data_pkg) by extensions ['ros']
[0.833s] Level 1:colcon.colcon_core.package_identification:_identify(src/log_data_pkg) by extension 'ros'
[0.835s] DEBUG:colcon.colcon_core.package_identification:Package 'src/log_data_pkg' with type 'ros.ament_python' and name 'log_data_pkg'
[0.835s] Level 1:colcon.colcon_core.package_discovery:discover_packages(recursive) using defaults
[0.836s] Level 1:colcon.colcon_core.package_discovery:discover_packages(ignore) discover
[0.836s] Level 1:colcon.colcon_core.package_discovery:discover_packages(ignore) using defaults
[0.836s] Level 1:colcon.colcon_core.package_discovery:discover_packages(path) discover
[0.836s] Level 1:colcon.colcon_core.package_discovery:discover_packages(path) using defaults
[0.888s] Level 1:colcon.colcon_core.package_discovery:discover_packages(prefix_path) check parameters
[0.888s] Level 1:colcon.colcon_core.package_discovery:discover_packages(prefix_path) discover
[0.893s] DEBUG:colcon.colcon_installed_package_information.package_discovery:Found 5 installed packages in /home/dron/ws_controller/install
[0.896s] DEBUG:colcon.colcon_installed_package_information.package_discovery:Found 276 installed packages in /opt/ros/humble
[0.901s] Level 1:colcon.colcon_core.package_discovery:discover_packages(prefix_path) using defaults
[0.990s] Level 5:colcon.colcon_core.verb:set package 'camera_pkg' build argument 'cmake_args' from command line to 'None'
[0.990s] Level 5:colcon.colcon_core.verb:set package 'camera_pkg' build argument 'cmake_target' from command line to 'None'
[0.991s] Level 5:colcon.colcon_core.verb:set package 'camera_pkg' build argument 'cmake_target_skip_unavailable' from command line to 'False'
[0.991s] Level 5:colcon.colcon_core.verb:set package 'camera_pkg' build argument 'cmake_clean_cache' from command line to 'False'
[0.991s] Level 5:colcon.colcon_core.verb:set package 'camera_pkg' build argument 'cmake_clean_first' from command line to 'False'
[0.991s] Level 5:colcon.colcon_core.verb:set package 'camera_pkg' build argument 'cmake_force_configure' from command line to 'False'
[0.991s] Level 5:colcon.colcon_core.verb:set package 'camera_pkg' build argument 'ament_cmake_args' from command line to 'None'
[0.991s] Level 5:colcon.colcon_core.verb:set package 'camera_pkg' build argument 'catkin_cmake_args' from command line to 'None'
[0.991s] Level 5:colcon.colcon_core.verb:set package 'camera_pkg' build argument 'catkin_skip_building_tests' from command line to 'False'
[0.991s] DEBUG:colcon.colcon_core.verb:Building package 'camera_pkg' with the following arguments: {'ament_cmake_args': None, 'build_base': '/home/dron/ws_controller/build/camera_pkg', 'catkin_cmake_args': None, 'catkin_skip_building_tests': False, 'cmake_args': None, 'cmake_clean_cache': False, 'cmake_clean_first': False, 'cmake_force_configure': False, 'cmake_target': None, 'cmake_target_skip_unavailable': False, 'install_base': '/home/dron/ws_controller/install/camera_pkg', 'merge_install': False, 'path': '/home/dron/ws_controller/src/camera_pkg', 'symlink_install': False, 'test_result_base': None}
[0.992s] Level 5:colcon.colcon_core.verb:set package 'custom_msgs' build argument 'cmake_args' from command line to 'None'
[0.992s] Level 5:colcon.colcon_core.verb:set package 'custom_msgs' build argument 'cmake_target' from command line to 'None'
[0.992s] Level 5:colcon.colcon_core.verb:set package 'custom_msgs' build argument 'cmake_target_skip_unavailable' from command line to 'False'
[0.992s] Level 5:colcon.colcon_core.verb:set package 'custom_msgs' build argument 'cmake_clean_cache' from command line to 'False'
[0.992s] Level 5:colcon.colcon_core.verb:set package 'custom_msgs' build argument 'cmake_clean_first' from command line to 'False'
[0.992s] Level 5:colcon.colcon_core.verb:set package 'custom_msgs' build argument 'cmake_force_configure' from command line to 'False'
[0.992s] Level 5:colcon.colcon_core.verb:set package 'custom_msgs' build argument 'ament_cmake_args' from command line to 'None'
[0.992s] Level 5:colcon.colcon_core.verb:set package 'custom_msgs' build argument 'catkin_cmake_args' from command line to 'None'
[0.992s] Level 5:colcon.colcon_core.verb:set package 'custom_msgs' build argument 'catkin_skip_building_tests' from command line to 'False'
[0.992s] DEBUG:colcon.colcon_core.verb:Building package 'custom_msgs' with the following arguments: {'ament_cmake_args': None, 'build_base': '/home/dron/ws_controller/build/custom_msgs', 'catkin_cmake_args': None, 'catkin_skip_building_tests': False, 'cmake_args': None, 'cmake_clean_cache': False, 'cmake_clean_first': False, 'cmake_force_configure': False, 'cmake_target': None, 'cmake_target_skip_unavailable': False, 'install_base': '/home/dron/ws_controller/install/custom_msgs', 'merge_install': False, 'path': '/home/dron/ws_controller/src/custom_msgs', 'symlink_install': False, 'test_result_base': None}
[0.993s] Level 5:colcon.colcon_core.verb:set package 'flask_pkg' build argument 'cmake_args' from command line to 'None'
[0.993s] Level 5:colcon.colcon_core.verb:set package 'flask_pkg' build argument 'cmake_target' from command line to 'None'
[0.993s] Level 5:colcon.colcon_core.verb:set package 'flask_pkg' build argument 'cmake_target_skip_unavailable' from command line to 'False'
[0.993s] Level 5:colcon.colcon_core.verb:set package 'flask_pkg' build argument 'cmake_clean_cache' from command line to 'False'
[0.993s] Level 5:colcon.colcon_core.verb:set package 'flask_pkg' build argument 'cmake_clean_first' from command line to 'False'
[0.993s] Level 5:colcon.colcon_core.verb:set package 'flask_pkg' build argument 'cmake_force_configure' from command line to 'False'
[0.993s] Level 5:colcon.colcon_core.verb:set package 'flask_pkg' build argument 'ament_cmake_args' from command line to 'None'
[0.993s] Level 5:colcon.colcon_core.verb:set package 'flask_pkg' build argument 'catkin_cmake_args' from command line to 'None'
[0.993s] Level 5:colcon.colcon_core.verb:set package 'flask_pkg' build argument 'catkin_skip_building_tests' from command line to 'False'
[0.994s] DEBUG:colcon.colcon_core.verb:Building package 'flask_pkg' with the following arguments: {'ament_cmake_args': None, 'build_base': '/home/dron/ws_controller/build/flask_pkg', 'catkin_cmake_args': None, 'catkin_skip_building_tests': False, 'cmake_args': None, 'cmake_clean_cache': False, 'cmake_clean_first': False, 'cmake_force_configure': False, 'cmake_target': None, 'cmake_target_skip_unavailable': False, 'install_base': '/home/dron/ws_controller/install/flask_pkg', 'merge_install': False, 'path': '/home/dron/ws_controller/src/flask_pkg', 'symlink_install': False, 'test_result_base': None}
[0.994s] Level 5:colcon.colcon_core.verb:set package 'flight_controller_pkg' build argument 'cmake_args' from command line to 'None'
[0.994s] Level 5:colcon.colcon_core.verb:set package 'flight_controller_pkg' build argument 'cmake_target' from command line to 'None'
[0.994s] Level 5:colcon.colcon_core.verb:set package 'flight_controller_pkg' build argument 'cmake_target_skip_unavailable' from command line to 'False'
[0.994s] Level 5:colcon.colcon_core.verb:set package 'flight_controller_pkg' build argument 'cmake_clean_cache' from command line to 'False'
[0.995s] Level 5:colcon.colcon_core.verb:set package 'flight_controller_pkg' build argument 'cmake_clean_first' from command line to 'False'
[0.995s] Level 5:colcon.colcon_core.verb:set package 'flight_controller_pkg' build argument 'cmake_force_configure' from command line to 'False'
[0.995s] Level 5:colcon.colcon_core.verb:set package 'flight_controller_pkg' build argument 'ament_cmake_args' from command line to 'None'
[0.995s] Level 5:colcon.colcon_core.verb:set package 'flight_controller_pkg' build argument 'catkin_cmake_args' from command line to 'None'
[0.995s] Level 5:colcon.colcon_core.verb:set package 'flight_controller_pkg' build argument 'catkin_skip_building_tests' from command line to 'False'
[0.995s] DEBUG:colcon.colcon_core.verb:Building package 'flight_controller_pkg' with the following arguments: {'ament_cmake_args': None, 'build_base': '/home/dron/ws_controller/build/flight_controller_pkg', 'catkin_cmake_args': None, 'catkin_skip_building_tests': False, 'cmake_args': None, 'cmake_clean_cache': False, 'cmake_clean_first': False, 'cmake_force_configure': False, 'cmake_target': None, 'cmake_target_skip_unavailable': False, 'install_base': '/home/dron/ws_controller/install/flight_controller_pkg', 'merge_install': False, 'path': '/home/dron/ws_controller/src/flight_controller_pkg', 'symlink_install': False, 'test_result_base': None}
[0.995s] Level 5:colcon.colcon_core.verb:set package 'log_data_pkg' build argument 'cmake_args' from command line to 'None'
[0.996s] Level 5:colcon.colcon_core.verb:set package 'log_data_pkg' build argument 'cmake_target' from command line to 'None'
[0.996s] Level 5:colcon.colcon_core.verb:set package 'log_data_pkg' build argument 'cmake_target_skip_unavailable' from command line to 'False'
[0.996s] Level 5:colcon.colcon_core.verb:set package 'log_data_pkg' build argument 'cmake_clean_cache' from command line to 'False'
[0.996s] Level 5:colcon.colcon_core.verb:set package 'log_data_pkg' build argument 'cmake_clean_first' from command line to 'False'
[0.996s] Level 5:colcon.colcon_core.verb:set package 'log_data_pkg' build argument 'cmake_force_configure' from command line to 'False'
[0.996s] Level 5:colcon.colcon_core.verb:set package 'log_data_pkg' build argument 'ament_cmake_args' from command line to 'None'
[0.996s] Level 5:colcon.colcon_core.verb:set package 'log_data_pkg' build argument 'catkin_cmake_args' from command line to 'None'
[0.996s] Level 5:colcon.colcon_core.verb:set package 'log_data_pkg' build argument 'catkin_skip_building_tests' from command line to 'False'
[0.996s] DEBUG:colcon.colcon_core.verb:Building package 'log_data_pkg' with the following arguments: {'ament_cmake_args': None, 'build_base': '/home/dron/ws_controller/build/log_data_pkg', 'catkin_cmake_args': None, 'catkin_skip_building_tests': False, 'cmake_args': None, 'cmake_clean_cache': False, 'cmake_clean_first': False, 'cmake_force_configure': False, 'cmake_target': None, 'cmake_target_skip_unavailable': False, 'install_base': '/home/dron/ws_controller/install/log_data_pkg', 'merge_install': False, 'path': '/home/dron/ws_controller/src/log_data_pkg', 'symlink_install': False, 'test_result_base': None}
[0.996s] INFO:colcon.colcon_core.executor:Executing jobs using 'parallel' executor
[0.999s] DEBUG:colcon.colcon_parallel_executor.executor.parallel:run_until_complete
[1.000s] INFO:colcon.colcon_ros.task.ament_cmake.build:Building ROS package in '/home/dron/ws_controller/src/custom_msgs' with build type 'ament_cmake'
[1.000s] INFO:colcon.colcon_cmake.task.cmake.build:Building CMake package in '/home/dron/ws_controller/src/custom_msgs'
[1.005s] INFO:colcon.colcon_core.plugin_system:Skipping extension 'colcon_core.shell.bat': Not used on non-Windows systems
[1.005s] INFO:colcon.colcon_core.shell:Skip shell extension 'powershell' for command environment: Not usable outside of PowerShell
[1.005s] DEBUG:colcon.colcon_core.shell:Skip shell extension 'dsv' for command environment
[1.013s] INFO:colcon.colcon_ros.task.ament_python.build:Building ROS package in '/home/dron/ws_controller/src/camera_pkg' with build type 'ament_python'
[1.013s] Level 1:colcon.colcon_core.shell:create_environment_hook('camera_pkg', 'ament_prefix_path')
[1.014s] INFO:colcon.colcon_core.shell:Creating environment hook '/home/dron/ws_controller/install/camera_pkg/share/camera_pkg/hook/ament_prefix_path.ps1'
[1.016s] INFO:colcon.colcon_core.shell:Creating environment descriptor '/home/dron/ws_controller/install/camera_pkg/share/camera_pkg/hook/ament_prefix_path.dsv'
[1.017s] INFO:colcon.colcon_core.shell:Creating environment hook '/home/dron/ws_controller/install/camera_pkg/share/camera_pkg/hook/ament_prefix_path.sh'
[1.018s] INFO:colcon.colcon_core.shell:Skip shell extension 'powershell' for command environment: Not usable outside of PowerShell
[1.019s] DEBUG:colcon.colcon_core.shell:Skip shell extension 'dsv' for command environment
[1.033s] DEBUG:colcon.colcon_core.event_handler.log_command:Invoking command in '/home/dron/ws_controller/build/custom_msgs': CMAKE_PREFIX_PATH=${CMAKE_PREFIX_PATH}:/home/dron/ws_controller/install/log_data_pkg:/home/dron/ws_controller/install/flight_controller_pkg:/home/dron/ws_controller/install/flask_pkg:/home/dron/ws_controller/install/camera_pkg:/opt/ros/humble /usr/bin/cmake --build /home/dron/ws_controller/build/custom_msgs -- -j6 -l6
[1.765s] INFO:colcon.colcon_core.task.python.build:Building Python package in '/home/dron/ws_controller/src/camera_pkg'
[1.766s] INFO:colcon.colcon_core.shell:Skip shell extension 'powershell' for command environment: Not usable outside of PowerShell
[1.766s] DEBUG:colcon.colcon_core.shell:Skip shell extension 'dsv' for command environment
[2.037s] DEBUG:colcon.colcon_core.event_handler.log_command:Invoked command in '/home/dron/ws_controller/build/custom_msgs' returned '0': CMAKE_PREFIX_PATH=${CMAKE_PREFIX_PATH}:/home/dron/ws_controller/install/log_data_pkg:/home/dron/ws_controller/install/flight_controller_pkg:/home/dron/ws_controller/install/flask_pkg:/home/dron/ws_controller/install/camera_pkg:/opt/ros/humble /usr/bin/cmake --build /home/dron/ws_controller/build/custom_msgs -- -j6 -l6
[2.062s] DEBUG:colcon.colcon_core.event_handler.log_command:Invoking command in '/home/dron/ws_controller/build/custom_msgs': CMAKE_PREFIX_PATH=${CMAKE_PREFIX_PATH}:/home/dron/ws_controller/install/log_data_pkg:/home/dron/ws_controller/install/flight_controller_pkg:/home/dron/ws_controller/install/flask_pkg:/home/dron/ws_controller/install/camera_pkg:/opt/ros/humble /usr/bin/cmake --install /home/dron/ws_controller/build/custom_msgs
[2.209s] Level 1:colcon.colcon_core.environment:create_environment_scripts_only(custom_msgs)
[2.210s] DEBUG:colcon.colcon_core.event_handler.log_command:Invoked command in '/home/dron/ws_controller/build/custom_msgs' returned '0': CMAKE_PREFIX_PATH=${CMAKE_PREFIX_PATH}:/home/dron/ws_controller/install/log_data_pkg:/home/dron/ws_controller/install/flight_controller_pkg:/home/dron/ws_controller/install/flask_pkg:/home/dron/ws_controller/install/camera_pkg:/opt/ros/humble /usr/bin/cmake --install /home/dron/ws_controller/build/custom_msgs
[2.217s] Level 1:colcon.colcon_core.environment:checking '/home/dron/ws_controller/install/custom_msgs' for CMake module files
[2.219s] Level 1:colcon.colcon_core.environment:checking '/home/dron/ws_controller/install/custom_msgs' for CMake config files
[2.220s] Level 1:colcon.colcon_core.shell:create_environment_hook('custom_msgs', 'cmake_prefix_path')
[2.220s] INFO:colcon.colcon_core.shell:Creating environment hook '/home/dron/ws_controller/install/custom_msgs/share/custom_msgs/hook/cmake_prefix_path.ps1'
[2.223s] INFO:colcon.colcon_core.shell:Creating environment descriptor '/home/dron/ws_controller/install/custom_msgs/share/custom_msgs/hook/cmake_prefix_path.dsv'
[2.225s] INFO:colcon.colcon_core.shell:Creating environment hook '/home/dron/ws_controller/install/custom_msgs/share/custom_msgs/hook/cmake_prefix_path.sh'
[2.227s] Level 1:colcon.colcon_core.environment:checking '/home/dron/ws_controller/install/custom_msgs/lib'
[2.227s] Level 1:colcon.colcon_core.shell:create_environment_hook('custom_msgs', 'ld_library_path_lib')
[2.228s] INFO:colcon.colcon_core.shell:Creating environment hook '/home/dron/ws_controller/install/custom_msgs/share/custom_msgs/hook/ld_library_path_lib.ps1'
[2.229s] INFO:colcon.colcon_core.shell:Creating environment descriptor '/home/dron/ws_controller/install/custom_msgs/share/custom_msgs/hook/ld_library_path_lib.dsv'
[2.231s] INFO:colcon.colcon_core.shell:Creating environment hook '/home/dron/ws_controller/install/custom_msgs/share/custom_msgs/hook/ld_library_path_lib.sh'
[2.232s] Level 1:colcon.colcon_core.environment:checking '/home/dron/ws_controller/install/custom_msgs/bin'
[2.232s] Level 1:colcon.colcon_core.environment:checking '/home/dron/ws_controller/install/custom_msgs/lib/pkgconfig/custom_msgs.pc'
[2.233s] Level 1:colcon.colcon_core.environment:checking '/home/dron/ws_controller/install/custom_msgs/lib/python3.10/site-packages'
[2.234s] Level 1:colcon.colcon_core.environment:checking '/home/dron/ws_controller/install/custom_msgs/bin'
[2.235s] INFO:colcon.colcon_core.shell:Creating package script '/home/dron/ws_controller/install/custom_msgs/share/custom_msgs/package.ps1'
[2.240s] INFO:colcon.colcon_core.shell:Creating package descriptor '/home/dron/ws_controller/install/custom_msgs/share/custom_msgs/package.dsv'
[2.241s] INFO:colcon.colcon_core.shell:Creating package script '/home/dron/ws_controller/install/custom_msgs/share/custom_msgs/package.sh'
[2.244s] INFO:colcon.colcon_core.shell:Creating package script '/home/dron/ws_controller/install/custom_msgs/share/custom_msgs/package.bash'
[2.246s] INFO:colcon.colcon_core.shell:Creating package script '/home/dron/ws_controller/install/custom_msgs/share/custom_msgs/package.zsh'
[2.248s] Level 1:colcon.colcon_core.environment:create_file_with_runtime_dependencies(/home/dron/ws_controller/install/custom_msgs/share/colcon-core/packages/custom_msgs)
[2.250s] Level 1:colcon.colcon_core.environment:create_environment_scripts_only(custom_msgs)
[2.251s] Level 1:colcon.colcon_core.environment:checking '/home/dron/ws_controller/install/custom_msgs' for CMake module files
[2.252s] Level 1:colcon.colcon_core.environment:checking '/home/dron/ws_controller/install/custom_msgs' for CMake config files
[2.253s] Level 1:colcon.colcon_core.shell:create_environment_hook('custom_msgs', 'cmake_prefix_path')
[2.253s] INFO:colcon.colcon_core.shell:Creating environment hook '/home/dron/ws_controller/install/custom_msgs/share/custom_msgs/hook/cmake_prefix_path.ps1'
[2.255s] INFO:colcon.colcon_core.shell:Creating environment descriptor '/home/dron/ws_controller/install/custom_msgs/share/custom_msgs/hook/cmake_prefix_path.dsv'
[2.256s] INFO:colcon.colcon_core.shell:Creating environment hook '/home/dron/ws_controller/install/custom_msgs/share/custom_msgs/hook/cmake_prefix_path.sh'
[2.257s] Level 1:colcon.colcon_core.environment:checking '/home/dron/ws_controller/install/custom_msgs/lib'
[2.258s] Level 1:colcon.colcon_core.shell:create_environment_hook('custom_msgs', 'ld_library_path_lib')
[2.258s] INFO:colcon.colcon_core.shell:Creating environment hook '/home/dron/ws_controller/install/custom_msgs/share/custom_msgs/hook/ld_library_path_lib.ps1'
[2.259s] INFO:colcon.colcon_core.shell:Creating environment descriptor '/home/dron/ws_controller/install/custom_msgs/share/custom_msgs/hook/ld_library_path_lib.dsv'
[2.260s] INFO:colcon.colcon_core.shell:Creating environment hook '/home/dron/ws_controller/install/custom_msgs/share/custom_msgs/hook/ld_library_path_lib.sh'
[2.261s] Level 1:colcon.colcon_core.environment:checking '/home/dron/ws_controller/install/custom_msgs/bin'
[2.261s] Level 1:colcon.colcon_core.environment:checking '/home/dron/ws_controller/install/custom_msgs/lib/pkgconfig/custom_msgs.pc'
[2.262s] Level 1:colcon.colcon_core.environment:checking '/home/dron/ws_controller/install/custom_msgs/lib/python3.10/site-packages'
[2.262s] Level 1:colcon.colcon_core.environment:checking '/home/dron/ws_controller/install/custom_msgs/bin'
[2.263s] INFO:colcon.colcon_core.shell:Creating package script '/home/dron/ws_controller/install/custom_msgs/share/custom_msgs/package.ps1'
[2.265s] INFO:colcon.colcon_core.shell:Creating package descriptor '/home/dron/ws_controller/install/custom_msgs/share/custom_msgs/package.dsv'
[2.266s] INFO:colcon.colcon_core.shell:Creating package script '/home/dron/ws_controller/install/custom_msgs/share/custom_msgs/package.sh'
[2.267s] INFO:colcon.colcon_core.shell:Creating package script '/home/dron/ws_controller/install/custom_msgs/share/custom_msgs/package.bash'
[2.268s] INFO:colcon.colcon_core.shell:Creating package script '/home/dron/ws_controller/install/custom_msgs/share/custom_msgs/package.zsh'
[2.269s] Level 1:colcon.colcon_core.environment:create_file_with_runtime_dependencies(/home/dron/ws_controller/install/custom_msgs/share/colcon-core/packages/custom_msgs)
[2.270s] INFO:colcon.colcon_ros.task.ament_python.build:Building ROS package in '/home/dron/ws_controller/src/flask_pkg' with build type 'ament_python'
[2.271s] Level 1:colcon.colcon_core.shell:create_environment_hook('flask_pkg', 'ament_prefix_path')
[2.272s] INFO:colcon.colcon_core.shell:Creating environment hook '/home/dron/ws_controller/install/flask_pkg/share/flask_pkg/hook/ament_prefix_path.ps1'
[2.274s] INFO:colcon.colcon_core.shell:Creating environment descriptor '/home/dron/ws_controller/install/flask_pkg/share/flask_pkg/hook/ament_prefix_path.dsv'
[2.275s] INFO:colcon.colcon_core.shell:Creating environment hook '/home/dron/ws_controller/install/flask_pkg/share/flask_pkg/hook/ament_prefix_path.sh'
[2.276s] INFO:colcon.colcon_core.shell:Skip shell extension 'powershell' for command environment: Not usable outside of PowerShell
[2.276s] DEBUG:colcon.colcon_core.shell:Skip shell extension 'dsv' for command environment
[2.287s] INFO:colcon.colcon_ros.task.ament_python.build:Building ROS package in '/home/dron/ws_controller/src/flight_controller_pkg' with build type 'ament_python'
[2.287s] Level 1:colcon.colcon_core.shell:create_environment_hook('flight_controller_pkg', 'ament_prefix_path')
[2.288s] INFO:colcon.colcon_core.shell:Creating environment hook '/home/dron/ws_controller/install/flight_controller_pkg/share/flight_controller_pkg/hook/ament_prefix_path.ps1'
[2.290s] INFO:colcon.colcon_core.shell:Creating environment descriptor '/home/dron/ws_controller/install/flight_controller_pkg/share/flight_controller_pkg/hook/ament_prefix_path.dsv'
[2.291s] INFO:colcon.colcon_core.shell:Creating environment hook '/home/dron/ws_controller/install/flight_controller_pkg/share/flight_controller_pkg/hook/ament_prefix_path.sh'
[2.293s] INFO:colcon.colcon_core.shell:Skip shell extension 'powershell' for command environment: Not usable outside of PowerShell
[2.293s] DEBUG:colcon.colcon_core.shell:Skip shell extension 'dsv' for command environment
[2.302s] INFO:colcon.colcon_ros.task.ament_python.build:Building ROS package in '/home/dron/ws_controller/src/log_data_pkg' with build type 'ament_python'
[2.304s] Level 1:colcon.colcon_core.shell:create_environment_hook('log_data_pkg', 'ament_prefix_path')
[2.304s] INFO:colcon.colcon_core.shell:Creating environment hook '/home/dron/ws_controller/install/log_data_pkg/share/log_data_pkg/hook/ament_prefix_path.ps1'
[2.307s] INFO:colcon.colcon_core.shell:Creating environment descriptor '/home/dron/ws_controller/install/log_data_pkg/share/log_data_pkg/hook/ament_prefix_path.dsv'
[2.308s] INFO:colcon.colcon_core.shell:Creating environment hook '/home/dron/ws_controller/install/log_data_pkg/share/log_data_pkg/hook/ament_prefix_path.sh'
[2.310s] INFO:colcon.colcon_core.shell:Skip shell extension 'powershell' for command environment: Not usable outside of PowerShell
[2.310s] DEBUG:colcon.colcon_core.shell:Skip shell extension 'dsv' for command environment
[3.035s] INFO:colcon.colcon_core.task.python.build:Building Python package in '/home/dron/ws_controller/src/flask_pkg'
[3.036s] INFO:colcon.colcon_core.shell:Skip shell extension 'powershell' for command environment: Not usable outside of PowerShell
[3.037s] DEBUG:colcon.colcon_core.shell:Skip shell extension 'dsv' for command environment
[3.760s] INFO:colcon.colcon_core.task.python.build:Building Python package in '/home/dron/ws_controller/src/flight_controller_pkg'
[3.761s] INFO:colcon.colcon_core.shell:Skip shell extension 'powershell' for command environment: Not usable outside of PowerShell
[3.761s] DEBUG:colcon.colcon_core.shell:Skip shell extension 'dsv' for command environment
[4.500s] INFO:colcon.colcon_core.task.python.build:Building Python package in '/home/dron/ws_controller/src/log_data_pkg'
[4.500s] INFO:colcon.colcon_core.shell:Skip shell extension 'powershell' for command environment: Not usable outside of PowerShell
[4.501s] DEBUG:colcon.colcon_core.shell:Skip shell extension 'dsv' for command environment
[4.517s] DEBUG:colcon.colcon_core.event_handler.log_command:Invoking command in '/home/dron/ws_controller/src/camera_pkg': PYTHONPATH=/home/dron/ws_controller/build/camera_pkg/prefix_override:/usr/lib/python3/dist-packages/colcon_core/task/python/colcon_distutils_commands:/home/dron/ws_controller/install/camera_pkg/lib/python3.10/site-packages:${PYTHONPATH} /usr/bin/python3 -W ignore:setup.py install is deprecated -W ignore:easy_install command is deprecated setup.py egg_info --egg-base ../../build/camera_pkg build --build-base /home/dron/ws_controller/build/camera_pkg/build install --record /home/dron/ws_controller/build/camera_pkg/install.log --single-version-externally-managed install_data
[5.375s] Level 1:colcon.colcon_core.environment:checking '/home/dron/ws_controller/install/camera_pkg' for CMake module files
[5.376s] Level 1:colcon.colcon_core.environment:checking '/home/dron/ws_controller/install/camera_pkg' for CMake config files
[5.377s] Level 1:colcon.colcon_core.environment:checking '/home/dron/ws_controller/install/camera_pkg/lib'
[5.377s] Level 1:colcon.colcon_core.environment:checking '/home/dron/ws_controller/install/camera_pkg/bin'
[5.377s] Level 1:colcon.colcon_core.environment:checking '/home/dron/ws_controller/install/camera_pkg/lib/pkgconfig/camera_pkg.pc'
[5.378s] Level 1:colcon.colcon_core.environment:checking '/home/dron/ws_controller/install/camera_pkg/lib/python3.10/site-packages'
[5.378s] Level 1:colcon.colcon_core.shell:create_environment_hook('camera_pkg', 'pythonpath')
[5.379s] INFO:colcon.colcon_core.shell:Creating environment hook '/home/dron/ws_controller/install/camera_pkg/share/camera_pkg/hook/pythonpath.ps1'
[5.380s] INFO:colcon.colcon_core.shell:Creating environment descriptor '/home/dron/ws_controller/install/camera_pkg/share/camera_pkg/hook/pythonpath.dsv'
[5.381s] INFO:colcon.colcon_core.shell:Creating environment hook '/home/dron/ws_controller/install/camera_pkg/share/camera_pkg/hook/pythonpath.sh'
[5.383s] Level 1:colcon.colcon_core.environment:checking '/home/dron/ws_controller/install/camera_pkg/bin'
[5.383s] Level 1:colcon.colcon_core.environment:create_environment_scripts_only(camera_pkg)
[5.384s] INFO:colcon.colcon_core.shell:Creating package script '/home/dron/ws_controller/install/camera_pkg/share/camera_pkg/package.ps1'
[5.385s] DEBUG:colcon.colcon_core.event_handler.log_command:Invoked command in '/home/dron/ws_controller/src/camera_pkg' returned '0': PYTHONPATH=/home/dron/ws_controller/build/camera_pkg/prefix_override:/usr/lib/python3/dist-packages/colcon_core/task/python/colcon_distutils_commands:/home/dron/ws_controller/install/camera_pkg/lib/python3.10/site-packages:${PYTHONPATH} /usr/bin/python3 -W ignore:setup.py install is deprecated -W ignore:easy_install command is deprecated setup.py egg_info --egg-base ../../build/camera_pkg build --build-base /home/dron/ws_controller/build/camera_pkg/build install --record /home/dron/ws_controller/build/camera_pkg/install.log --single-version-externally-managed install_data
[5.387s] INFO:colcon.colcon_core.shell:Creating package descriptor '/home/dron/ws_controller/install/camera_pkg/share/camera_pkg/package.dsv'
[5.388s] INFO:colcon.colcon_core.shell:Creating package script '/home/dron/ws_controller/install/camera_pkg/share/camera_pkg/package.sh'
[5.390s] INFO:colcon.colcon_core.shell:Creating package script '/home/dron/ws_controller/install/camera_pkg/share/camera_pkg/package.bash'
[5.391s] INFO:colcon.colcon_core.shell:Creating package script '/home/dron/ws_controller/install/camera_pkg/share/camera_pkg/package.zsh'
[5.391s] Level 1:colcon.colcon_core.environment:create_file_with_runtime_dependencies(/home/dron/ws_controller/install/camera_pkg/share/colcon-core/packages/camera_pkg)
[5.591s] DEBUG:colcon.colcon_core.event_handler.log_command:Invoking command in '/home/dron/ws_controller/src/flight_controller_pkg': LD_LIBRARY_PATH=/home/dron/ws_controller/install/custom_msgs/lib:/usr/local/cuda-12.6/lib64:/opt/ros/humble/opt/rviz_ogre_vendor/lib:/opt/ros/humble/lib/aarch64-linux-gnu:/opt/ros/humble/lib:/usr/local/cuda-12.6/lib64 PYTHONPATH=/home/dron/ws_controller/build/flight_controller_pkg/prefix_override:/usr/lib/python3/dist-packages/colcon_core/task/python/colcon_distutils_commands:/home/dron/ws_controller/install/flight_controller_pkg/lib/python3.10/site-packages:${PYTHONPATH} /usr/bin/python3 -W ignore:setup.py install is deprecated -W ignore:easy_install command is deprecated setup.py egg_info --egg-base ../../build/flight_controller_pkg build --build-base /home/dron/ws_controller/build/flight_controller_pkg/build install --record /home/dron/ws_controller/build/flight_controller_pkg/install.log --single-version-externally-managed install_data
[5.647s] DEBUG:colcon.colcon_core.event_handler.log_command:Invoking command in '/home/dron/ws_controller/src/flask_pkg': LD_LIBRARY_PATH=/home/dron/ws_controller/install/custom_msgs/lib:/usr/local/cuda-12.6/lib64:/opt/ros/humble/opt/rviz_ogre_vendor/lib:/opt/ros/humble/lib/aarch64-linux-gnu:/opt/ros/humble/lib:/usr/local/cuda-12.6/lib64 PYTHONPATH=/home/dron/ws_controller/build/flask_pkg/prefix_override:/usr/lib/python3/dist-packages/colcon_core/task/python/colcon_distutils_commands:/home/dron/ws_controller/install/flask_pkg/lib/python3.10/site-packages:${PYTHONPATH} /usr/bin/python3 -W ignore:setup.py install is deprecated -W ignore:easy_install command is deprecated setup.py egg_info --egg-base ../../build/flask_pkg build --build-base /home/dron/ws_controller/build/flask_pkg/build install --record /home/dron/ws_controller/build/flask_pkg/install.log --single-version-externally-managed install_data
[5.752s] DEBUG:colcon.colcon_core.event_handler.log_command:Invoking command in '/home/dron/ws_controller/src/log_data_pkg': LD_LIBRARY_PATH=/home/dron/ws_controller/install/custom_msgs/lib:/usr/local/cuda-12.6/lib64:/opt/ros/humble/opt/rviz_ogre_vendor/lib:/opt/ros/humble/lib/aarch64-linux-gnu:/opt/ros/humble/lib:/usr/local/cuda-12.6/lib64 PYTHONPATH=/home/dron/ws_controller/build/log_data_pkg/prefix_override:/usr/lib/python3/dist-packages/colcon_core/task/python/colcon_distutils_commands:/home/dron/ws_controller/install/log_data_pkg/lib/python3.10/site-packages:${PYTHONPATH} /usr/bin/python3 -W ignore:setup.py install is deprecated -W ignore:easy_install command is deprecated setup.py egg_info --egg-base ../../build/log_data_pkg build --build-base /home/dron/ws_controller/build/log_data_pkg/build install --record /home/dron/ws_controller/build/log_data_pkg/install.log --single-version-externally-managed install_data
[6.408s] DEBUG:colcon.colcon_core.event_handler.log_command:Invoked command in '/home/dron/ws_controller/src/log_data_pkg' returned '1': LD_LIBRARY_PATH=/home/dron/ws_controller/install/custom_msgs/lib:/usr/local/cuda-12.6/lib64:/opt/ros/humble/opt/rviz_ogre_vendor/lib:/opt/ros/humble/lib/aarch64-linux-gnu:/opt/ros/humble/lib:/usr/local/cuda-12.6/lib64 PYTHONPATH=/home/dron/ws_controller/build/log_data_pkg/prefix_override:/usr/lib/python3/dist-packages/colcon_core/task/python/colcon_distutils_commands:/home/dron/ws_controller/install/log_data_pkg/lib/python3.10/site-packages:${PYTHONPATH} /usr/bin/python3 -W ignore:setup.py install is deprecated -W ignore:easy_install command is deprecated setup.py egg_info --egg-base ../../build/log_data_pkg build --build-base /home/dron/ws_controller/build/log_data_pkg/build install --record /home/dron/ws_controller/build/log_data_pkg/install.log --single-version-externally-managed install_data
[6.498s] DEBUG:colcon.colcon_parallel_executor.executor.parallel:closing loop
[6.499s] DEBUG:colcon.colcon_parallel_executor.executor.parallel:loop closed
[6.499s] DEBUG:colcon.colcon_parallel_executor.executor.parallel:run_until_complete finished with '1'
[6.499s] DEBUG:colcon.colcon_core.event_reactor:joining thread
[6.520s] INFO:colcon.colcon_core.plugin_system:Skipping extension 'colcon_notification.desktop_notification.terminal_notifier': Not used on non-Darwin systems
[6.521s] INFO:colcon.colcon_core.plugin_system:Skipping extension 'colcon_notification.desktop_notification.win32': Not used on non-Windows systems
[6.521s] INFO:colcon.colcon_notification.desktop_notification:Sending desktop notification using 'notify2'
[6.552s] DEBUG:colcon.colcon_notification.desktop_notification.notify2:Failed to initialize notify2: org.freedesktop.DBus.Error.Spawn.ChildExited: Process org.freedesktop.Notifications exited with status 1
[6.553s] DEBUG:colcon.colcon_core.event_reactor:joined thread
[6.555s] INFO:colcon.colcon_core.shell:Creating prefix script '/home/dron/ws_controller/install/local_setup.ps1'
[6.559s] INFO:colcon.colcon_core.shell:Creating prefix util module '/home/dron/ws_controller/install/_local_setup_util_ps1.py'
[6.565s] INFO:colcon.colcon_core.shell:Creating prefix chain script '/home/dron/ws_controller/install/setup.ps1'
[6.569s] INFO:colcon.colcon_core.shell:Creating prefix script '/home/dron/ws_controller/install/local_setup.sh'
[6.571s] INFO:colcon.colcon_core.shell:Creating prefix util module '/home/dron/ws_controller/install/_local_setup_util_sh.py'
[6.573s] INFO:colcon.colcon_core.shell:Creating prefix chain script '/home/dron/ws_controller/install/setup.sh'
[6.578s] INFO:colcon.colcon_core.shell:Creating prefix script '/home/dron/ws_controller/install/local_setup.bash'
[6.580s] INFO:colcon.colcon_core.shell:Creating prefix chain script '/home/dron/ws_controller/install/setup.bash'
[6.584s] INFO:colcon.colcon_core.shell:Creating prefix script '/home/dron/ws_controller/install/local_setup.zsh'
[6.586s] INFO:colcon.colcon_core.shell:Creating prefix chain script '/home/dron/ws_controller/install/setup.zsh'
