[5.761s] Invoking command in '/home/dron/ws_controller/src/flask_pkg': PYTHONPATH=/home/dron/ws_controller/build/flask_pkg/prefix_override:/usr/lib/python3/dist-packages/colcon_core/task/python/colcon_distutils_commands:/home/dron/ws_controller/install/flask_pkg/lib/python3.10/site-packages:${PYTHONPATH} VIRTUAL_ENV_PROMPT=(venv) /usr/bin/python3 -W ignore:setup.py install is deprecated -W ignore:easy_install command is deprecated setup.py egg_info --egg-base ../../build/flask_pkg build --build-base /home/dron/ws_controller/build/flask_pkg/build install --record /home/dron/ws_controller/build/flask_pkg/install.log --single-version-externally-managed install_data
[7.160s] running egg_info
[7.163s] writing ../../build/flask_pkg/flask_pkg.egg-info/PKG-INFO
[7.166s] writing dependency_links to ../../build/flask_pkg/flask_pkg.egg-info/dependency_links.txt
[7.169s] writing entry points to ../../build/flask_pkg/flask_pkg.egg-info/entry_points.txt
[7.171s] writing requirements to ../../build/flask_pkg/flask_pkg.egg-info/requires.txt
[7.172s] writing top-level names to ../../build/flask_pkg/flask_pkg.egg-info/top_level.txt
[7.181s] reading manifest file '../../build/flask_pkg/flask_pkg.egg-info/SOURCES.txt'
[7.187s] writing manifest file '../../build/flask_pkg/flask_pkg.egg-info/SOURCES.txt'
[7.188s] running build
[7.189s] running build_py
[7.190s] running install
[7.191s] running install_lib
[7.199s] running install_data
[7.200s] running install_egg_info
[7.213s] removing '/home/dron/ws_controller/install/flask_pkg/lib/python3.10/site-packages/flask_pkg-0.0.0-py3.10.egg-info' (and everything under it)
[7.216s] Copying ../../build/flask_pkg/flask_pkg.egg-info to /home/dron/ws_controller/install/flask_pkg/lib/python3.10/site-packages/flask_pkg-0.0.0-py3.10.egg-info
[7.225s] running install_scripts
[7.333s] Installing flask_server script to /home/dron/ws_controller/install/flask_pkg/lib/flask_pkg
[7.336s] writing list of installed files to '/home/dron/ws_controller/build/flask_pkg/install.log'
[7.574s] Invoked command in '/home/dron/ws_controller/src/flask_pkg' returned '0': PYTHONPATH=/home/dron/ws_controller/build/flask_pkg/prefix_override:/usr/lib/python3/dist-packages/colcon_core/task/python/colcon_distutils_commands:/home/dron/ws_controller/install/flask_pkg/lib/python3.10/site-packages:${PYTHONPATH} VIRTUAL_ENV_PROMPT=(venv) /usr/bin/python3 -W ignore:setup.py install is deprecated -W ignore:easy_install command is deprecated setup.py egg_info --egg-base ../../build/flask_pkg build --build-base /home/dron/ws_controller/build/flask_pkg/build install --record /home/dron/ws_controller/build/flask_pkg/install.log --single-version-externally-managed install_data
