[5.740s] Invoking command in '/home/dron/ws_controller/src/flight_controller_pkg': PYTHONPATH=/home/dron/ws_controller/build/flight_controller_pkg/prefix_override:/usr/lib/python3/dist-packages/colcon_core/task/python/colcon_distutils_commands:/home/dron/ws_controller/install/flight_controller_pkg/lib/python3.10/site-packages:${PYTHONPATH} VIRTUAL_ENV_PROMPT=(venv) /usr/bin/python3 -W ignore:setup.py install is deprecated -W ignore:easy_install command is deprecated setup.py egg_info --egg-base ../../build/flight_controller_pkg build --build-base /home/dron/ws_controller/build/flight_controller_pkg/build install --record /home/dron/ws_controller/build/flight_controller_pkg/install.log --single-version-externally-managed install_data
[7.117s] running egg_info
[7.120s] writing ../../build/flight_controller_pkg/flight_controller_pkg.egg-info/PKG-INFO
[7.123s] writing dependency_links to ../../build/flight_controller_pkg/flight_controller_pkg.egg-info/dependency_links.txt
[7.124s] writing entry points to ../../build/flight_controller_pkg/flight_controller_pkg.egg-info/entry_points.txt
[7.127s] writing requirements to ../../build/flight_controller_pkg/flight_controller_pkg.egg-info/requires.txt
[7.128s] writing top-level names to ../../build/flight_controller_pkg/flight_controller_pkg.egg-info/top_level.txt
[7.133s] reading manifest file '../../build/flight_controller_pkg/flight_controller_pkg.egg-info/SOURCES.txt'
[7.139s] writing manifest file '../../build/flight_controller_pkg/flight_controller_pkg.egg-info/SOURCES.txt'
[7.140s] running build
[7.144s] running build_py
[7.147s] copying flight_controller_pkg/fc_control.py -> /home/dron/ws_controller/build/flight_controller_pkg/build/lib/flight_controller_pkg
[7.148s] running install
[7.148s] running install_lib
[7.155s] copying /home/dron/ws_controller/build/flight_controller_pkg/build/lib/flight_controller_pkg/fc_control.py -> /home/dron/ws_controller/install/flight_controller_pkg/lib/python3.10/site-packages/flight_controller_pkg
[7.156s] byte-compiling /home/dron/ws_controller/install/flight_controller_pkg/lib/python3.10/site-packages/flight_controller_pkg/fc_control.py to fc_control.cpython-310.pyc
[7.173s]   File "/home/dron/ws_controller/install/flight_controller_pkg/lib/python3.10/site-packages/flight_controller_pkg/fc_control.py", line 676
[7.174s]     else
[7.175s]         ^
[7.181s] SyntaxError: expected ':'
[7.181s] 
[7.188s] running install_data
[7.188s] running install_egg_info
[7.196s] removing '/home/dron/ws_controller/install/flight_controller_pkg/lib/python3.10/site-packages/flight_controller_pkg-0.0.0-py3.10.egg-info' (and everything under it)
[7.198s] Copying ../../build/flight_controller_pkg/flight_controller_pkg.egg-info to /home/dron/ws_controller/install/flight_controller_pkg/lib/python3.10/site-packages/flight_controller_pkg-0.0.0-py3.10.egg-info
[7.212s] running install_scripts
[7.306s] Installing fc_controller script to /home/dron/ws_controller/install/flight_controller_pkg/lib/flight_controller_pkg
[7.309s] writing list of installed files to '/home/dron/ws_controller/build/flight_controller_pkg/install.log'
[7.533s] Invoked command in '/home/dron/ws_controller/src/flight_controller_pkg' returned '0': PYTHONPATH=/home/dron/ws_controller/build/flight_controller_pkg/prefix_override:/usr/lib/python3/dist-packages/colcon_core/task/python/colcon_distutils_commands:/home/dron/ws_controller/install/flight_controller_pkg/lib/python3.10/site-packages:${PYTHONPATH} VIRTUAL_ENV_PROMPT=(venv) /usr/bin/python3 -W ignore:setup.py install is deprecated -W ignore:easy_install command is deprecated setup.py egg_info --egg-base ../../build/flight_controller_pkg build --build-base /home/dron/ws_controller/build/flight_controller_pkg/build install --record /home/dron/ws_controller/build/flight_controller_pkg/install.log --single-version-externally-managed install_data
