[3.335s] Invoking command in '/home/dron/ws_controller/src/camera_pkg': PYTHONPATH=/home/dron/ws_controller/build/camera_pkg/prefix_override:/usr/lib/python3/dist-packages/colcon_core/task/python/colcon_distutils_commands:/home/dron/ws_controller/install/camera_pkg/lib/python3.10/site-packages:${PYTHONPATH} /usr/bin/python3 -W ignore:setup.py install is deprecated -W ignore:easy_install command is deprecated setup.py egg_info --egg-base ../../build/camera_pkg build --build-base /home/dron/ws_controller/build/camera_pkg/build install --record /home/dron/ws_controller/build/camera_pkg/install.log --single-version-externally-managed install_data
[3.978s] running egg_info
[3.979s] writing ../../build/camera_pkg/camera_pkg.egg-info/PKG-INFO
[3.980s] writing dependency_links to ../../build/camera_pkg/camera_pkg.egg-info/dependency_links.txt
[3.980s] writing entry points to ../../build/camera_pkg/camera_pkg.egg-info/entry_points.txt
[3.981s] writing requirements to ../../build/camera_pkg/camera_pkg.egg-info/requires.txt
[3.981s] writing top-level names to ../../build/camera_pkg/camera_pkg.egg-info/top_level.txt
[3.985s] reading manifest file '../../build/camera_pkg/camera_pkg.egg-info/SOURCES.txt'
[3.987s] writing manifest file '../../build/camera_pkg/camera_pkg.egg-info/SOURCES.txt'
[3.988s] running build
[3.988s] running build_py
[3.989s] copying camera_pkg/ArucoDetector.py -> /home/dron/ws_controller/build/camera_pkg/build/lib/camera_pkg
[3.989s] running install
[3.990s] running install_lib
[3.992s] copying /home/dron/ws_controller/build/camera_pkg/build/lib/camera_pkg/ArucoDetector.py -> /home/dron/ws_controller/install/camera_pkg/lib/python3.10/site-packages/camera_pkg
[3.993s] byte-compiling /home/dron/ws_controller/install/camera_pkg/lib/python3.10/site-packages/camera_pkg/ArucoDetector.py to ArucoDetector.cpython-310.pyc
[3.995s] running install_data
[3.996s] running install_egg_info
[4.000s] removing '/home/dron/ws_controller/install/camera_pkg/lib/python3.10/site-packages/camera_pkg-0.0.0-py3.10.egg-info' (and everything under it)
[4.001s] Copying ../../build/camera_pkg/camera_pkg.egg-info to /home/dron/ws_controller/install/camera_pkg/lib/python3.10/site-packages/camera_pkg-0.0.0-py3.10.egg-info
[4.003s] running install_scripts
[4.053s] Installing aruco_detector script to /home/dron/ws_controller/install/camera_pkg/lib/camera_pkg
[4.053s] Installing camera_publisher script to /home/dron/ws_controller/install/camera_pkg/lib/camera_pkg
[4.054s] writing list of installed files to '/home/dron/ws_controller/build/camera_pkg/install.log'
[4.148s] Invoked command in '/home/dron/ws_controller/src/camera_pkg' returned '0': PYTHONPATH=/home/dron/ws_controller/build/camera_pkg/prefix_override:/usr/lib/python3/dist-packages/colcon_core/task/python/colcon_distutils_commands:/home/dron/ws_controller/install/camera_pkg/lib/python3.10/site-packages:${PYTHONPATH} /usr/bin/python3 -W ignore:setup.py install is deprecated -W ignore:easy_install command is deprecated setup.py egg_info --egg-base ../../build/camera_pkg build --build-base /home/dron/ws_controller/build/camera_pkg/build install --record /home/dron/ws_controller/build/camera_pkg/install.log --single-version-externally-managed install_data
