[0.262s] DEBUG:colcon:Command line arguments: ['/usr/bin/colcon', 'build']
[0.262s] DEBUG:colcon:Parsed command line arguments: Namespace(log_base=None, log_level=None, verb_name='build', build_base='build', install_base='install', merge_install=False, symlink_install=False, test_result_base=None, continue_on_error=False, executor='parallel', parallel_workers=6, event_handlers=None, ignore_user_meta=False, metas=['./colcon.meta'], base_paths=['.'], packages_ignore=None, packages_ignore_regex=None, paths=None, packages_up_to=None, packages_up_to_regex=None, packages_above=None, packages_above_and_dependencies=None, packages_above_depth=None, packages_select_by_dep=None, packages_skip_by_dep=None, packages_skip_up_to=None, packages_select_build_failed=False, packages_skip_build_finished=False, packages_select_test_failures=False, packages_skip_test_passed=False, packages_select=None, packages_skip=None, packages_select_regex=None, packages_skip_regex=None, packages_start=None, packages_end=None, allow_overriding=[], cmake_args=None, cmake_target=None, cmake_target_skip_unavailable=False, cmake_clean_cache=False, cmake_clean_first=False, cmake_force_configure=False, ament_cmake_args=None, catkin_cmake_args=None, catkin_skip_building_tests=False, mixin_files=None, mixin=None, verb_parser=<colcon_mixin.mixin.mixin_argument.MixinArgumentDecorator object at 0xffff90369e10>, verb_extension=<colcon_core.verb.build.BuildVerb object at 0xffff905972b0>, main=<bound method BuildVerb.main of <colcon_core.verb.build.BuildVerb object at 0xffff905972b0>>, mixin_verb=('build',))
[0.700s] Level 1:colcon.colcon_core.package_discovery:discover_packages(colcon_meta) check parameters
[0.700s] Level 1:colcon.colcon_core.package_discovery:discover_packages(recursive) check parameters
[0.700s] Level 1:colcon.colcon_core.package_discovery:discover_packages(ignore) check parameters
[0.700s] Level 1:colcon.colcon_core.package_discovery:discover_packages(path) check parameters
[0.700s] Level 1:colcon.colcon_core.package_discovery:discover_packages(colcon_meta) discover
[0.700s] Level 1:colcon.colcon_core.package_discovery:discover_packages(recursive) discover
[0.701s] INFO:colcon.colcon_core.package_discovery:Crawling recursively for packages in '/home/dron/ws_controll'
[0.701s] Level 1:colcon.colcon_core.package_identification:_identify(.) by extensions ['ignore', 'ignore_ament_install']
[0.701s] Level 1:colcon.colcon_core.package_identification:_identify(.) by extension 'ignore'
[0.701s] Level 1:colcon.colcon_core.package_identification:_identify(.) by extension 'ignore_ament_install'
[0.701s] Level 1:colcon.colcon_core.package_identification:_identify(.) by extensions ['colcon_pkg']
[0.702s] Level 1:colcon.colcon_core.package_identification:_identify(.) by extension 'colcon_pkg'
[0.702s] Level 1:colcon.colcon_core.package_identification:_identify(.) by extensions ['colcon_meta']
[0.702s] Level 1:colcon.colcon_core.package_identification:_identify(.) by extension 'colcon_meta'
[0.702s] Level 1:colcon.colcon_core.package_identification:_identify(.) by extensions ['ros']
[0.702s] Level 1:colcon.colcon_core.package_identification:_identify(.) by extension 'ros'
[0.755s] Level 1:colcon.colcon_core.package_identification:_identify(.) by extensions ['cmake', 'python']
[0.756s] Level 1:colcon.colcon_core.package_identification:_identify(.) by extension 'cmake'
[0.756s] Level 1:colcon.colcon_core.package_identification:_identify(.) by extension 'python'
[0.756s] Level 1:colcon.colcon_core.package_identification:_identify(.) by extensions ['python_setup_py']
[0.756s] Level 1:colcon.colcon_core.package_identification:_identify(.) by extension 'python_setup_py'
[0.757s] Level 1:colcon.colcon_core.package_identification:_identify(build) by extensions ['ignore', 'ignore_ament_install']
[0.757s] Level 1:colcon.colcon_core.package_identification:_identify(build) by extension 'ignore'
[0.757s] Level 1:colcon.colcon_core.package_identification:_identify(build) ignored
[0.757s] Level 1:colcon.colcon_core.package_identification:_identify(install) by extensions ['ignore', 'ignore_ament_install']
[0.757s] Level 1:colcon.colcon_core.package_identification:_identify(install) by extension 'ignore'
[0.758s] Level 1:colcon.colcon_core.package_identification:_identify(install) ignored
[0.758s] Level 1:colcon.colcon_core.package_identification:_identify(log) by extensions ['ignore', 'ignore_ament_install']
[0.758s] Level 1:colcon.colcon_core.package_identification:_identify(log) by extension 'ignore'
[0.758s] Level 1:colcon.colcon_core.package_identification:_identify(log) ignored
[0.758s] Level 1:colcon.colcon_core.package_identification:_identify(src) by extensions ['ignore', 'ignore_ament_install']
[0.759s] Level 1:colcon.colcon_core.package_identification:_identify(src) by extension 'ignore'
[0.759s] Level 1:colcon.colcon_core.package_identification:_identify(src) by extension 'ignore_ament_install'
[0.759s] Level 1:colcon.colcon_core.package_identification:_identify(src) by extensions ['colcon_pkg']
[0.759s] Level 1:colcon.colcon_core.package_identification:_identify(src) by extension 'colcon_pkg'
[0.759s] Level 1:colcon.colcon_core.package_identification:_identify(src) by extensions ['colcon_meta']
[0.759s] Level 1:colcon.colcon_core.package_identification:_identify(src) by extension 'colcon_meta'
[0.759s] Level 1:colcon.colcon_core.package_identification:_identify(src) by extensions ['ros']
[0.759s] Level 1:colcon.colcon_core.package_identification:_identify(src) by extension 'ros'
[0.760s] Level 1:colcon.colcon_core.package_identification:_identify(src) by extensions ['cmake', 'python']
[0.760s] Level 1:colcon.colcon_core.package_identification:_identify(src) by extension 'cmake'
[0.760s] Level 1:colcon.colcon_core.package_identification:_identify(src) by extension 'python'
[0.760s] Level 1:colcon.colcon_core.package_identification:_identify(src) by extensions ['python_setup_py']
[0.760s] Level 1:colcon.colcon_core.package_identification:_identify(src) by extension 'python_setup_py'
[0.760s] Level 1:colcon.colcon_core.package_identification:_identify(src/custom_msgs) by extensions ['ignore', 'ignore_ament_install']
[0.761s] Level 1:colcon.colcon_core.package_identification:_identify(src/custom_msgs) by extension 'ignore'
[0.761s] Level 1:colcon.colcon_core.package_identification:_identify(src/custom_msgs) by extension 'ignore_ament_install'
[0.761s] Level 1:colcon.colcon_core.package_identification:_identify(src/custom_msgs) by extensions ['colcon_pkg']
[0.761s] Level 1:colcon.colcon_core.package_identification:_identify(src/custom_msgs) by extension 'colcon_pkg'
[0.761s] Level 1:colcon.colcon_core.package_identification:_identify(src/custom_msgs) by extensions ['colcon_meta']
[0.761s] Level 1:colcon.colcon_core.package_identification:_identify(src/custom_msgs) by extension 'colcon_meta'
[0.761s] Level 1:colcon.colcon_core.package_identification:_identify(src/custom_msgs) by extensions ['ros']
[0.761s] Level 1:colcon.colcon_core.package_identification:_identify(src/custom_msgs) by extension 'ros'
[0.767s] DEBUG:colcon.colcon_core.package_identification:Package 'src/custom_msgs' with type 'ros.ament_cmake' and name 'custom_msgs'
[0.767s] Level 1:colcon.colcon_core.package_identification:_identify(src/flask_pkg) by extensions ['ignore', 'ignore_ament_install']
[0.768s] Level 1:colcon.colcon_core.package_identification:_identify(src/flask_pkg) by extension 'ignore'
[0.768s] Level 1:colcon.colcon_core.package_identification:_identify(src/flask_pkg) by extension 'ignore_ament_install'
[0.768s] Level 1:colcon.colcon_core.package_identification:_identify(src/flask_pkg) by extensions ['colcon_pkg']
[0.768s] Level 1:colcon.colcon_core.package_identification:_identify(src/flask_pkg) by extension 'colcon_pkg'
[0.768s] Level 1:colcon.colcon_core.package_identification:_identify(src/flask_pkg) by extensions ['colcon_meta']
[0.768s] Level 1:colcon.colcon_core.package_identification:_identify(src/flask_pkg) by extension 'colcon_meta'
[0.769s] Level 1:colcon.colcon_core.package_identification:_identify(src/flask_pkg) by extensions ['ros']
[0.769s] Level 1:colcon.colcon_core.package_identification:_identify(src/flask_pkg) by extension 'ros'
[0.771s] DEBUG:colcon.colcon_core.package_identification:Package 'src/flask_pkg' with type 'ros.ament_python' and name 'flask_pkg'
[0.771s] Level 1:colcon.colcon_core.package_identification:_identify(src/flight_controller_pkg) by extensions ['ignore', 'ignore_ament_install']
[0.771s] Level 1:colcon.colcon_core.package_identification:_identify(src/flight_controller_pkg) by extension 'ignore'
[0.772s] Level 1:colcon.colcon_core.package_identification:_identify(src/flight_controller_pkg) by extension 'ignore_ament_install'
[0.772s] Level 1:colcon.colcon_core.package_identification:_identify(src/flight_controller_pkg) by extensions ['colcon_pkg']
[0.772s] Level 1:colcon.colcon_core.package_identification:_identify(src/flight_controller_pkg) by extension 'colcon_pkg'
[0.772s] Level 1:colcon.colcon_core.package_identification:_identify(src/flight_controller_pkg) by extensions ['colcon_meta']
[0.772s] Level 1:colcon.colcon_core.package_identification:_identify(src/flight_controller_pkg) by extension 'colcon_meta'
[0.772s] Level 1:colcon.colcon_core.package_identification:_identify(src/flight_controller_pkg) by extensions ['ros']
[0.772s] Level 1:colcon.colcon_core.package_identification:_identify(src/flight_controller_pkg) by extension 'ros'
[0.774s] DEBUG:colcon.colcon_core.package_identification:Package 'src/flight_controller_pkg' with type 'ros.ament_python' and name 'flight_controller_pkg'
[0.774s] Level 1:colcon.colcon_core.package_identification:_identify(src/log_data_pkg) by extensions ['ignore', 'ignore_ament_install']
[0.774s] Level 1:colcon.colcon_core.package_identification:_identify(src/log_data_pkg) by extension 'ignore'
[0.775s] Level 1:colcon.colcon_core.package_identification:_identify(src/log_data_pkg) by extension 'ignore_ament_install'
[0.775s] Level 1:colcon.colcon_core.package_identification:_identify(src/log_data_pkg) by extensions ['colcon_pkg']
[0.775s] Level 1:colcon.colcon_core.package_identification:_identify(src/log_data_pkg) by extension 'colcon_pkg'
[0.775s] Level 1:colcon.colcon_core.package_identification:_identify(src/log_data_pkg) by extensions ['colcon_meta']
[0.775s] Level 1:colcon.colcon_core.package_identification:_identify(src/log_data_pkg) by extension 'colcon_meta'
[0.775s] Level 1:colcon.colcon_core.package_identification:_identify(src/log_data_pkg) by extensions ['ros']
[0.775s] Level 1:colcon.colcon_core.package_identification:_identify(src/log_data_pkg) by extension 'ros'
[0.777s] DEBUG:colcon.colcon_core.package_identification:Package 'src/log_data_pkg' with type 'ros.ament_python' and name 'log_data_pkg'
[0.777s] Level 1:colcon.colcon_core.package_discovery:discover_packages(recursive) using defaults
[0.778s] Level 1:colcon.colcon_core.package_discovery:discover_packages(ignore) discover
[0.778s] Level 1:colcon.colcon_core.package_discovery:discover_packages(ignore) using defaults
[0.778s] Level 1:colcon.colcon_core.package_discovery:discover_packages(path) discover
[0.778s] Level 1:colcon.colcon_core.package_discovery:discover_packages(path) using defaults
[0.823s] Level 1:colcon.colcon_core.package_discovery:discover_packages(prefix_path) check parameters
[0.823s] Level 1:colcon.colcon_core.package_discovery:discover_packages(prefix_path) discover
[0.828s] DEBUG:colcon.colcon_installed_package_information.package_discovery:Found 4 installed packages in /home/dron/ws_controll/install
[0.831s] DEBUG:colcon.colcon_installed_package_information.package_discovery:Found 276 installed packages in /opt/ros/humble
[0.835s] Level 1:colcon.colcon_core.package_discovery:discover_packages(prefix_path) using defaults
[0.922s] Level 5:colcon.colcon_core.verb:set package 'custom_msgs' build argument 'cmake_args' from command line to 'None'
[0.922s] Level 5:colcon.colcon_core.verb:set package 'custom_msgs' build argument 'cmake_target' from command line to 'None'
[0.922s] Level 5:colcon.colcon_core.verb:set package 'custom_msgs' build argument 'cmake_target_skip_unavailable' from command line to 'False'
[0.923s] Level 5:colcon.colcon_core.verb:set package 'custom_msgs' build argument 'cmake_clean_cache' from command line to 'False'
[0.923s] Level 5:colcon.colcon_core.verb:set package 'custom_msgs' build argument 'cmake_clean_first' from command line to 'False'
[0.923s] Level 5:colcon.colcon_core.verb:set package 'custom_msgs' build argument 'cmake_force_configure' from command line to 'False'
[0.923s] Level 5:colcon.colcon_core.verb:set package 'custom_msgs' build argument 'ament_cmake_args' from command line to 'None'
[0.923s] Level 5:colcon.colcon_core.verb:set package 'custom_msgs' build argument 'catkin_cmake_args' from command line to 'None'
[0.923s] Level 5:colcon.colcon_core.verb:set package 'custom_msgs' build argument 'catkin_skip_building_tests' from command line to 'False'
[0.923s] DEBUG:colcon.colcon_core.verb:Building package 'custom_msgs' with the following arguments: {'ament_cmake_args': None, 'build_base': '/home/dron/ws_controll/build/custom_msgs', 'catkin_cmake_args': None, 'catkin_skip_building_tests': False, 'cmake_args': None, 'cmake_clean_cache': False, 'cmake_clean_first': False, 'cmake_force_configure': False, 'cmake_target': None, 'cmake_target_skip_unavailable': False, 'install_base': '/home/dron/ws_controll/install/custom_msgs', 'merge_install': False, 'path': '/home/dron/ws_controll/src/custom_msgs', 'symlink_install': False, 'test_result_base': None}
[0.924s] Level 5:colcon.colcon_core.verb:set package 'flask_pkg' build argument 'cmake_args' from command line to 'None'
[0.924s] Level 5:colcon.colcon_core.verb:set package 'flask_pkg' build argument 'cmake_target' from command line to 'None'
[0.924s] Level 5:colcon.colcon_core.verb:set package 'flask_pkg' build argument 'cmake_target_skip_unavailable' from command line to 'False'
[0.924s] Level 5:colcon.colcon_core.verb:set package 'flask_pkg' build argument 'cmake_clean_cache' from command line to 'False'
[0.924s] Level 5:colcon.colcon_core.verb:set package 'flask_pkg' build argument 'cmake_clean_first' from command line to 'False'
[0.924s] Level 5:colcon.colcon_core.verb:set package 'flask_pkg' build argument 'cmake_force_configure' from command line to 'False'
[0.924s] Level 5:colcon.colcon_core.verb:set package 'flask_pkg' build argument 'ament_cmake_args' from command line to 'None'
[0.924s] Level 5:colcon.colcon_core.verb:set package 'flask_pkg' build argument 'catkin_cmake_args' from command line to 'None'
[0.924s] Level 5:colcon.colcon_core.verb:set package 'flask_pkg' build argument 'catkin_skip_building_tests' from command line to 'False'
[0.924s] DEBUG:colcon.colcon_core.verb:Building package 'flask_pkg' with the following arguments: {'ament_cmake_args': None, 'build_base': '/home/dron/ws_controll/build/flask_pkg', 'catkin_cmake_args': None, 'catkin_skip_building_tests': False, 'cmake_args': None, 'cmake_clean_cache': False, 'cmake_clean_first': False, 'cmake_force_configure': False, 'cmake_target': None, 'cmake_target_skip_unavailable': False, 'install_base': '/home/dron/ws_controll/install/flask_pkg', 'merge_install': False, 'path': '/home/dron/ws_controll/src/flask_pkg', 'symlink_install': False, 'test_result_base': None}
[0.925s] Level 5:colcon.colcon_core.verb:set package 'flight_controller_pkg' build argument 'cmake_args' from command line to 'None'
[0.925s] Level 5:colcon.colcon_core.verb:set package 'flight_controller_pkg' build argument 'cmake_target' from command line to 'None'
[0.925s] Level 5:colcon.colcon_core.verb:set package 'flight_controller_pkg' build argument 'cmake_target_skip_unavailable' from command line to 'False'
[0.925s] Level 5:colcon.colcon_core.verb:set package 'flight_controller_pkg' build argument 'cmake_clean_cache' from command line to 'False'
[0.925s] Level 5:colcon.colcon_core.verb:set package 'flight_controller_pkg' build argument 'cmake_clean_first' from command line to 'False'
[0.926s] Level 5:colcon.colcon_core.verb:set package 'flight_controller_pkg' build argument 'cmake_force_configure' from command line to 'False'
[0.926s] Level 5:colcon.colcon_core.verb:set package 'flight_controller_pkg' build argument 'ament_cmake_args' from command line to 'None'
[0.926s] Level 5:colcon.colcon_core.verb:set package 'flight_controller_pkg' build argument 'catkin_cmake_args' from command line to 'None'
[0.926s] Level 5:colcon.colcon_core.verb:set package 'flight_controller_pkg' build argument 'catkin_skip_building_tests' from command line to 'False'
[0.926s] DEBUG:colcon.colcon_core.verb:Building package 'flight_controller_pkg' with the following arguments: {'ament_cmake_args': None, 'build_base': '/home/dron/ws_controll/build/flight_controller_pkg', 'catkin_cmake_args': None, 'catkin_skip_building_tests': False, 'cmake_args': None, 'cmake_clean_cache': False, 'cmake_clean_first': False, 'cmake_force_configure': False, 'cmake_target': None, 'cmake_target_skip_unavailable': False, 'install_base': '/home/dron/ws_controll/install/flight_controller_pkg', 'merge_install': False, 'path': '/home/dron/ws_controll/src/flight_controller_pkg', 'symlink_install': False, 'test_result_base': None}
[0.927s] Level 5:colcon.colcon_core.verb:set package 'log_data_pkg' build argument 'cmake_args' from command line to 'None'
[0.927s] Level 5:colcon.colcon_core.verb:set package 'log_data_pkg' build argument 'cmake_target' from command line to 'None'
[0.927s] Level 5:colcon.colcon_core.verb:set package 'log_data_pkg' build argument 'cmake_target_skip_unavailable' from command line to 'False'
[0.927s] Level 5:colcon.colcon_core.verb:set package 'log_data_pkg' build argument 'cmake_clean_cache' from command line to 'False'
[0.927s] Level 5:colcon.colcon_core.verb:set package 'log_data_pkg' build argument 'cmake_clean_first' from command line to 'False'
[0.927s] Level 5:colcon.colcon_core.verb:set package 'log_data_pkg' build argument 'cmake_force_configure' from command line to 'False'
[0.927s] Level 5:colcon.colcon_core.verb:set package 'log_data_pkg' build argument 'ament_cmake_args' from command line to 'None'
[0.927s] Level 5:colcon.colcon_core.verb:set package 'log_data_pkg' build argument 'catkin_cmake_args' from command line to 'None'
[0.927s] Level 5:colcon.colcon_core.verb:set package 'log_data_pkg' build argument 'catkin_skip_building_tests' from command line to 'False'
[0.927s] DEBUG:colcon.colcon_core.verb:Building package 'log_data_pkg' with the following arguments: {'ament_cmake_args': None, 'build_base': '/home/dron/ws_controll/build/log_data_pkg', 'catkin_cmake_args': None, 'catkin_skip_building_tests': False, 'cmake_args': None, 'cmake_clean_cache': False, 'cmake_clean_first': False, 'cmake_force_configure': False, 'cmake_target': None, 'cmake_target_skip_unavailable': False, 'install_base': '/home/dron/ws_controll/install/log_data_pkg', 'merge_install': False, 'path': '/home/dron/ws_controll/src/log_data_pkg', 'symlink_install': False, 'test_result_base': None}
[0.927s] INFO:colcon.colcon_core.executor:Executing jobs using 'parallel' executor
[0.930s] DEBUG:colcon.colcon_parallel_executor.executor.parallel:run_until_complete
[0.931s] INFO:colcon.colcon_ros.task.ament_cmake.build:Building ROS package in '/home/dron/ws_controll/src/custom_msgs' with build type 'ament_cmake'
[0.931s] INFO:colcon.colcon_cmake.task.cmake.build:Building CMake package in '/home/dron/ws_controll/src/custom_msgs'
[0.935s] INFO:colcon.colcon_core.plugin_system:Skipping extension 'colcon_core.shell.bat': Not used on non-Windows systems
[0.936s] INFO:colcon.colcon_core.shell:Skip shell extension 'powershell' for command environment: Not usable outside of PowerShell
[0.936s] DEBUG:colcon.colcon_core.shell:Skip shell extension 'dsv' for command environment
[0.957s] DEBUG:colcon.colcon_core.event_handler.log_command:Invoking command in '/home/dron/ws_controll/build/custom_msgs': CMAKE_PREFIX_PATH=${CMAKE_PREFIX_PATH}:/home/dron/ws_controll/install/log_data_pkg:/home/dron/ws_controll/install/flight_controller_pkg:/home/dron/ws_controll/install/flask_pkg:/opt/ros/humble /usr/bin/cmake --build /home/dron/ws_controll/build/custom_msgs -- -j6 -l6
[1.868s] DEBUG:colcon.colcon_core.event_handler.log_command:Invoked command in '/home/dron/ws_controll/build/custom_msgs' returned '0': CMAKE_PREFIX_PATH=${CMAKE_PREFIX_PATH}:/home/dron/ws_controll/install/log_data_pkg:/home/dron/ws_controll/install/flight_controller_pkg:/home/dron/ws_controll/install/flask_pkg:/opt/ros/humble /usr/bin/cmake --build /home/dron/ws_controll/build/custom_msgs -- -j6 -l6
[1.888s] DEBUG:colcon.colcon_core.event_handler.log_command:Invoking command in '/home/dron/ws_controll/build/custom_msgs': CMAKE_PREFIX_PATH=${CMAKE_PREFIX_PATH}:/home/dron/ws_controll/install/log_data_pkg:/home/dron/ws_controll/install/flight_controller_pkg:/home/dron/ws_controll/install/flask_pkg:/opt/ros/humble /usr/bin/cmake --install /home/dron/ws_controll/build/custom_msgs
[2.024s] Level 1:colcon.colcon_core.environment:create_environment_scripts_only(custom_msgs)
[2.025s] DEBUG:colcon.colcon_core.event_handler.log_command:Invoked command in '/home/dron/ws_controll/build/custom_msgs' returned '0': CMAKE_PREFIX_PATH=${CMAKE_PREFIX_PATH}:/home/dron/ws_controll/install/log_data_pkg:/home/dron/ws_controll/install/flight_controller_pkg:/home/dron/ws_controll/install/flask_pkg:/opt/ros/humble /usr/bin/cmake --install /home/dron/ws_controll/build/custom_msgs
[2.030s] Level 1:colcon.colcon_core.environment:checking '/home/dron/ws_controll/install/custom_msgs' for CMake module files
[2.032s] Level 1:colcon.colcon_core.environment:checking '/home/dron/ws_controll/install/custom_msgs' for CMake config files
[2.032s] Level 1:colcon.colcon_core.shell:create_environment_hook('custom_msgs', 'cmake_prefix_path')
[2.033s] INFO:colcon.colcon_core.shell:Creating environment hook '/home/dron/ws_controll/install/custom_msgs/share/custom_msgs/hook/cmake_prefix_path.ps1'
[2.034s] INFO:colcon.colcon_core.shell:Creating environment descriptor '/home/dron/ws_controll/install/custom_msgs/share/custom_msgs/hook/cmake_prefix_path.dsv'
[2.035s] INFO:colcon.colcon_core.shell:Creating environment hook '/home/dron/ws_controll/install/custom_msgs/share/custom_msgs/hook/cmake_prefix_path.sh'
[2.038s] Level 1:colcon.colcon_core.environment:checking '/home/dron/ws_controll/install/custom_msgs/lib'
[2.038s] Level 1:colcon.colcon_core.shell:create_environment_hook('custom_msgs', 'ld_library_path_lib')
[2.038s] INFO:colcon.colcon_core.shell:Creating environment hook '/home/dron/ws_controll/install/custom_msgs/share/custom_msgs/hook/ld_library_path_lib.ps1'
[2.040s] INFO:colcon.colcon_core.shell:Creating environment descriptor '/home/dron/ws_controll/install/custom_msgs/share/custom_msgs/hook/ld_library_path_lib.dsv'
[2.041s] INFO:colcon.colcon_core.shell:Creating environment hook '/home/dron/ws_controll/install/custom_msgs/share/custom_msgs/hook/ld_library_path_lib.sh'
[2.042s] Level 1:colcon.colcon_core.environment:checking '/home/dron/ws_controll/install/custom_msgs/bin'
[2.042s] Level 1:colcon.colcon_core.environment:checking '/home/dron/ws_controll/install/custom_msgs/lib/pkgconfig/custom_msgs.pc'
[2.043s] Level 1:colcon.colcon_core.environment:checking '/home/dron/ws_controll/install/custom_msgs/lib/python3.10/site-packages'
[2.044s] Level 1:colcon.colcon_core.environment:checking '/home/dron/ws_controll/install/custom_msgs/bin'
[2.044s] INFO:colcon.colcon_core.shell:Creating package script '/home/dron/ws_controll/install/custom_msgs/share/custom_msgs/package.ps1'
[2.046s] INFO:colcon.colcon_core.shell:Creating package descriptor '/home/dron/ws_controll/install/custom_msgs/share/custom_msgs/package.dsv'
[2.048s] INFO:colcon.colcon_core.shell:Creating package script '/home/dron/ws_controll/install/custom_msgs/share/custom_msgs/package.sh'
[2.050s] INFO:colcon.colcon_core.shell:Creating package script '/home/dron/ws_controll/install/custom_msgs/share/custom_msgs/package.bash'
[2.051s] INFO:colcon.colcon_core.shell:Creating package script '/home/dron/ws_controll/install/custom_msgs/share/custom_msgs/package.zsh'
[2.054s] Level 1:colcon.colcon_core.environment:create_file_with_runtime_dependencies(/home/dron/ws_controll/install/custom_msgs/share/colcon-core/packages/custom_msgs)
[2.055s] Level 1:colcon.colcon_core.environment:create_environment_scripts_only(custom_msgs)
[2.056s] Level 1:colcon.colcon_core.environment:checking '/home/dron/ws_controll/install/custom_msgs' for CMake module files
[2.057s] Level 1:colcon.colcon_core.environment:checking '/home/dron/ws_controll/install/custom_msgs' for CMake config files
[2.058s] Level 1:colcon.colcon_core.shell:create_environment_hook('custom_msgs', 'cmake_prefix_path')
[2.058s] INFO:colcon.colcon_core.shell:Creating environment hook '/home/dron/ws_controll/install/custom_msgs/share/custom_msgs/hook/cmake_prefix_path.ps1'
[2.059s] INFO:colcon.colcon_core.shell:Creating environment descriptor '/home/dron/ws_controll/install/custom_msgs/share/custom_msgs/hook/cmake_prefix_path.dsv'
[2.060s] INFO:colcon.colcon_core.shell:Creating environment hook '/home/dron/ws_controll/install/custom_msgs/share/custom_msgs/hook/cmake_prefix_path.sh'
[2.062s] Level 1:colcon.colcon_core.environment:checking '/home/dron/ws_controll/install/custom_msgs/lib'
[2.062s] Level 1:colcon.colcon_core.shell:create_environment_hook('custom_msgs', 'ld_library_path_lib')
[2.062s] INFO:colcon.colcon_core.shell:Creating environment hook '/home/dron/ws_controll/install/custom_msgs/share/custom_msgs/hook/ld_library_path_lib.ps1'
[2.063s] INFO:colcon.colcon_core.shell:Creating environment descriptor '/home/dron/ws_controll/install/custom_msgs/share/custom_msgs/hook/ld_library_path_lib.dsv'
[2.064s] INFO:colcon.colcon_core.shell:Creating environment hook '/home/dron/ws_controll/install/custom_msgs/share/custom_msgs/hook/ld_library_path_lib.sh'
[2.066s] Level 1:colcon.colcon_core.environment:checking '/home/dron/ws_controll/install/custom_msgs/bin'
[2.067s] Level 1:colcon.colcon_core.environment:checking '/home/dron/ws_controll/install/custom_msgs/lib/pkgconfig/custom_msgs.pc'
[2.067s] Level 1:colcon.colcon_core.environment:checking '/home/dron/ws_controll/install/custom_msgs/lib/python3.10/site-packages'
[2.068s] Level 1:colcon.colcon_core.environment:checking '/home/dron/ws_controll/install/custom_msgs/bin'
[2.068s] INFO:colcon.colcon_core.shell:Creating package script '/home/dron/ws_controll/install/custom_msgs/share/custom_msgs/package.ps1'
[2.070s] INFO:colcon.colcon_core.shell:Creating package descriptor '/home/dron/ws_controll/install/custom_msgs/share/custom_msgs/package.dsv'
[2.071s] INFO:colcon.colcon_core.shell:Creating package script '/home/dron/ws_controll/install/custom_msgs/share/custom_msgs/package.sh'
[2.072s] INFO:colcon.colcon_core.shell:Creating package script '/home/dron/ws_controll/install/custom_msgs/share/custom_msgs/package.bash'
[2.073s] INFO:colcon.colcon_core.shell:Creating package script '/home/dron/ws_controll/install/custom_msgs/share/custom_msgs/package.zsh'
[2.075s] Level 1:colcon.colcon_core.environment:create_file_with_runtime_dependencies(/home/dron/ws_controll/install/custom_msgs/share/colcon-core/packages/custom_msgs)
[2.076s] INFO:colcon.colcon_ros.task.ament_python.build:Building ROS package in '/home/dron/ws_controll/src/flask_pkg' with build type 'ament_python'
[2.076s] Level 1:colcon.colcon_core.shell:create_environment_hook('flask_pkg', 'ament_prefix_path')
[2.078s] INFO:colcon.colcon_core.shell:Creating environment hook '/home/dron/ws_controll/install/flask_pkg/share/flask_pkg/hook/ament_prefix_path.ps1'
[2.080s] INFO:colcon.colcon_core.shell:Creating environment descriptor '/home/dron/ws_controll/install/flask_pkg/share/flask_pkg/hook/ament_prefix_path.dsv'
[2.082s] INFO:colcon.colcon_core.shell:Creating environment hook '/home/dron/ws_controll/install/flask_pkg/share/flask_pkg/hook/ament_prefix_path.sh'
[2.084s] INFO:colcon.colcon_core.shell:Skip shell extension 'powershell' for command environment: Not usable outside of PowerShell
[2.084s] DEBUG:colcon.colcon_core.shell:Skip shell extension 'dsv' for command environment
[2.091s] INFO:colcon.colcon_ros.task.ament_python.build:Building ROS package in '/home/dron/ws_controll/src/flight_controller_pkg' with build type 'ament_python'
[2.092s] Level 1:colcon.colcon_core.shell:create_environment_hook('flight_controller_pkg', 'ament_prefix_path')
[2.092s] INFO:colcon.colcon_core.shell:Creating environment hook '/home/dron/ws_controll/install/flight_controller_pkg/share/flight_controller_pkg/hook/ament_prefix_path.ps1'
[2.094s] INFO:colcon.colcon_core.shell:Creating environment descriptor '/home/dron/ws_controll/install/flight_controller_pkg/share/flight_controller_pkg/hook/ament_prefix_path.dsv'
[2.094s] INFO:colcon.colcon_core.shell:Creating environment hook '/home/dron/ws_controll/install/flight_controller_pkg/share/flight_controller_pkg/hook/ament_prefix_path.sh'
[2.096s] INFO:colcon.colcon_core.shell:Skip shell extension 'powershell' for command environment: Not usable outside of PowerShell
[2.096s] DEBUG:colcon.colcon_core.shell:Skip shell extension 'dsv' for command environment
[2.103s] INFO:colcon.colcon_ros.task.ament_python.build:Building ROS package in '/home/dron/ws_controll/src/log_data_pkg' with build type 'ament_python'
[2.104s] Level 1:colcon.colcon_core.shell:create_environment_hook('log_data_pkg', 'ament_prefix_path')
[2.104s] INFO:colcon.colcon_core.shell:Creating environment hook '/home/dron/ws_controll/install/log_data_pkg/share/log_data_pkg/hook/ament_prefix_path.ps1'
[2.106s] INFO:colcon.colcon_core.shell:Creating environment descriptor '/home/dron/ws_controll/install/log_data_pkg/share/log_data_pkg/hook/ament_prefix_path.dsv'
[2.107s] INFO:colcon.colcon_core.shell:Creating environment hook '/home/dron/ws_controll/install/log_data_pkg/share/log_data_pkg/hook/ament_prefix_path.sh'
[2.108s] INFO:colcon.colcon_core.shell:Skip shell extension 'powershell' for command environment: Not usable outside of PowerShell
[2.108s] DEBUG:colcon.colcon_core.shell:Skip shell extension 'dsv' for command environment
[2.820s] INFO:colcon.colcon_core.task.python.build:Building Python package in '/home/dron/ws_controll/src/flask_pkg'
[2.821s] INFO:colcon.colcon_core.shell:Skip shell extension 'powershell' for command environment: Not usable outside of PowerShell
[2.821s] DEBUG:colcon.colcon_core.shell:Skip shell extension 'dsv' for command environment
[3.544s] INFO:colcon.colcon_core.task.python.build:Building Python package in '/home/dron/ws_controll/src/flight_controller_pkg'
[3.545s] INFO:colcon.colcon_core.shell:Skip shell extension 'powershell' for command environment: Not usable outside of PowerShell
[3.545s] DEBUG:colcon.colcon_core.shell:Skip shell extension 'dsv' for command environment
[4.400s] INFO:colcon.colcon_core.task.python.build:Building Python package in '/home/dron/ws_controll/src/log_data_pkg'
[4.401s] INFO:colcon.colcon_core.shell:Skip shell extension 'powershell' for command environment: Not usable outside of PowerShell
[4.401s] DEBUG:colcon.colcon_core.shell:Skip shell extension 'dsv' for command environment
[5.683s] DEBUG:colcon.colcon_core.event_handler.log_command:Invoking command in '/home/dron/ws_controll/src/flask_pkg': LD_LIBRARY_PATH=/home/dron/ws_controll/install/custom_msgs/lib:/usr/local/cuda-12.6/lib64:/opt/ros/humble/opt/rviz_ogre_vendor/lib:/opt/ros/humble/lib/aarch64-linux-gnu:/opt/ros/humble/lib:/usr/local/cuda-12.6/lib64 PYTHONPATH=/home/dron/ws_controll/build/flask_pkg/prefix_override:/usr/lib/python3/dist-packages/colcon_core/task/python/colcon_distutils_commands:/home/dron/ws_controll/install/flask_pkg/lib/python3.10/site-packages:${PYTHONPATH} /usr/bin/python3 -W ignore:setup.py install is deprecated -W ignore:easy_install command is deprecated setup.py egg_info --egg-base ../../build/flask_pkg build --build-base /home/dron/ws_controll/build/flask_pkg/build install --record /home/dron/ws_controll/build/flask_pkg/install.log --single-version-externally-managed install_data
[5.783s] DEBUG:colcon.colcon_core.event_handler.log_command:Invoking command in '/home/dron/ws_controll/src/flight_controller_pkg': LD_LIBRARY_PATH=/home/dron/ws_controll/install/custom_msgs/lib:/usr/local/cuda-12.6/lib64:/opt/ros/humble/opt/rviz_ogre_vendor/lib:/opt/ros/humble/lib/aarch64-linux-gnu:/opt/ros/humble/lib:/usr/local/cuda-12.6/lib64 PYTHONPATH=/home/dron/ws_controll/build/flight_controller_pkg/prefix_override:/usr/lib/python3/dist-packages/colcon_core/task/python/colcon_distutils_commands:/home/dron/ws_controll/install/flight_controller_pkg/lib/python3.10/site-packages:${PYTHONPATH} /usr/bin/python3 -W ignore:setup.py install is deprecated -W ignore:easy_install command is deprecated setup.py egg_info --egg-base ../../build/flight_controller_pkg build --build-base /home/dron/ws_controll/build/flight_controller_pkg/build install --record /home/dron/ws_controll/build/flight_controller_pkg/install.log --single-version-externally-managed install_data
[5.811s] DEBUG:colcon.colcon_core.event_handler.log_command:Invoking command in '/home/dron/ws_controll/src/log_data_pkg': LD_LIBRARY_PATH=/home/dron/ws_controll/install/custom_msgs/lib:/usr/local/cuda-12.6/lib64:/opt/ros/humble/opt/rviz_ogre_vendor/lib:/opt/ros/humble/lib/aarch64-linux-gnu:/opt/ros/humble/lib:/usr/local/cuda-12.6/lib64 PYTHONPATH=/home/dron/ws_controll/build/log_data_pkg/prefix_override:/usr/lib/python3/dist-packages/colcon_core/task/python/colcon_distutils_commands:/home/dron/ws_controll/install/log_data_pkg/lib/python3.10/site-packages:${PYTHONPATH} /usr/bin/python3 -W ignore:setup.py install is deprecated -W ignore:easy_install command is deprecated setup.py egg_info --egg-base ../../build/log_data_pkg build --build-base /home/dron/ws_controll/build/log_data_pkg/build install --record /home/dron/ws_controll/build/log_data_pkg/install.log --single-version-externally-managed install_data
[6.706s] Level 1:colcon.colcon_core.environment:checking '/home/dron/ws_controll/install/flask_pkg' for CMake module files
[6.707s] DEBUG:colcon.colcon_core.event_handler.log_command:Invoked command in '/home/dron/ws_controll/src/flask_pkg' returned '0': LD_LIBRARY_PATH=/home/dron/ws_controll/install/custom_msgs/lib:/usr/local/cuda-12.6/lib64:/opt/ros/humble/opt/rviz_ogre_vendor/lib:/opt/ros/humble/lib/aarch64-linux-gnu:/opt/ros/humble/lib:/usr/local/cuda-12.6/lib64 PYTHONPATH=/home/dron/ws_controll/build/flask_pkg/prefix_override:/usr/lib/python3/dist-packages/colcon_core/task/python/colcon_distutils_commands:/home/dron/ws_controll/install/flask_pkg/lib/python3.10/site-packages:${PYTHONPATH} /usr/bin/python3 -W ignore:setup.py install is deprecated -W ignore:easy_install command is deprecated setup.py egg_info --egg-base ../../build/flask_pkg build --build-base /home/dron/ws_controll/build/flask_pkg/build install --record /home/dron/ws_controll/build/flask_pkg/install.log --single-version-externally-managed install_data
[6.708s] Level 1:colcon.colcon_core.environment:checking '/home/dron/ws_controll/install/flask_pkg' for CMake config files
[6.710s] Level 1:colcon.colcon_core.environment:checking '/home/dron/ws_controll/install/flask_pkg/lib'
[6.710s] Level 1:colcon.colcon_core.environment:checking '/home/dron/ws_controll/install/flask_pkg/bin'
[6.710s] Level 1:colcon.colcon_core.environment:checking '/home/dron/ws_controll/install/flask_pkg/lib/pkgconfig/flask_pkg.pc'
[6.711s] Level 1:colcon.colcon_core.environment:checking '/home/dron/ws_controll/install/flask_pkg/lib/python3.10/site-packages'
[6.711s] Level 1:colcon.colcon_core.shell:create_environment_hook('flask_pkg', 'pythonpath')
[6.711s] INFO:colcon.colcon_core.shell:Creating environment hook '/home/dron/ws_controll/install/flask_pkg/share/flask_pkg/hook/pythonpath.ps1'
[6.713s] INFO:colcon.colcon_core.shell:Creating environment descriptor '/home/dron/ws_controll/install/flask_pkg/share/flask_pkg/hook/pythonpath.dsv'
[6.714s] INFO:colcon.colcon_core.shell:Creating environment hook '/home/dron/ws_controll/install/flask_pkg/share/flask_pkg/hook/pythonpath.sh'
[6.715s] Level 1:colcon.colcon_core.environment:checking '/home/dron/ws_controll/install/flask_pkg/bin'
[6.715s] Level 1:colcon.colcon_core.environment:create_environment_scripts_only(flask_pkg)
[6.716s] INFO:colcon.colcon_core.shell:Creating package script '/home/dron/ws_controll/install/flask_pkg/share/flask_pkg/package.ps1'
[6.718s] INFO:colcon.colcon_core.shell:Creating package descriptor '/home/dron/ws_controll/install/flask_pkg/share/flask_pkg/package.dsv'
[6.719s] INFO:colcon.colcon_core.shell:Creating package script '/home/dron/ws_controll/install/flask_pkg/share/flask_pkg/package.sh'
[6.720s] INFO:colcon.colcon_core.shell:Creating package script '/home/dron/ws_controll/install/flask_pkg/share/flask_pkg/package.bash'
[6.721s] INFO:colcon.colcon_core.shell:Creating package script '/home/dron/ws_controll/install/flask_pkg/share/flask_pkg/package.zsh'
[6.722s] Level 1:colcon.colcon_core.environment:create_file_with_runtime_dependencies(/home/dron/ws_controll/install/flask_pkg/share/colcon-core/packages/flask_pkg)
[6.808s] Level 1:colcon.colcon_core.environment:checking '/home/dron/ws_controll/install/flight_controller_pkg' for CMake module files
[6.809s] Level 1:colcon.colcon_core.environment:checking '/home/dron/ws_controll/install/flight_controller_pkg' for CMake config files
[6.811s] DEBUG:colcon.colcon_core.event_handler.log_command:Invoked command in '/home/dron/ws_controll/src/flight_controller_pkg' returned '0': LD_LIBRARY_PATH=/home/dron/ws_controll/install/custom_msgs/lib:/usr/local/cuda-12.6/lib64:/opt/ros/humble/opt/rviz_ogre_vendor/lib:/opt/ros/humble/lib/aarch64-linux-gnu:/opt/ros/humble/lib:/usr/local/cuda-12.6/lib64 PYTHONPATH=/home/dron/ws_controll/build/flight_controller_pkg/prefix_override:/usr/lib/python3/dist-packages/colcon_core/task/python/colcon_distutils_commands:/home/dron/ws_controll/install/flight_controller_pkg/lib/python3.10/site-packages:${PYTHONPATH} /usr/bin/python3 -W ignore:setup.py install is deprecated -W ignore:easy_install command is deprecated setup.py egg_info --egg-base ../../build/flight_controller_pkg build --build-base /home/dron/ws_controll/build/flight_controller_pkg/build install --record /home/dron/ws_controll/build/flight_controller_pkg/install.log --single-version-externally-managed install_data
[6.812s] Level 1:colcon.colcon_core.environment:checking '/home/dron/ws_controll/install/flight_controller_pkg/lib'
[6.812s] Level 1:colcon.colcon_core.environment:checking '/home/dron/ws_controll/install/flight_controller_pkg/bin'
[6.812s] Level 1:colcon.colcon_core.environment:checking '/home/dron/ws_controll/install/flight_controller_pkg/lib/pkgconfig/flight_controller_pkg.pc'
[6.813s] Level 1:colcon.colcon_core.environment:checking '/home/dron/ws_controll/install/flight_controller_pkg/lib/python3.10/site-packages'
[6.813s] Level 1:colcon.colcon_core.shell:create_environment_hook('flight_controller_pkg', 'pythonpath')
[6.814s] INFO:colcon.colcon_core.shell:Creating environment hook '/home/dron/ws_controll/install/flight_controller_pkg/share/flight_controller_pkg/hook/pythonpath.ps1'
[6.815s] INFO:colcon.colcon_core.shell:Creating environment descriptor '/home/dron/ws_controll/install/flight_controller_pkg/share/flight_controller_pkg/hook/pythonpath.dsv'
[6.816s] INFO:colcon.colcon_core.shell:Creating environment hook '/home/dron/ws_controll/install/flight_controller_pkg/share/flight_controller_pkg/hook/pythonpath.sh'
[6.818s] Level 1:colcon.colcon_core.environment:checking '/home/dron/ws_controll/install/flight_controller_pkg/bin'
[6.818s] Level 1:colcon.colcon_core.environment:create_environment_scripts_only(flight_controller_pkg)
[6.819s] INFO:colcon.colcon_core.shell:Creating package script '/home/dron/ws_controll/install/flight_controller_pkg/share/flight_controller_pkg/package.ps1'
[6.820s] INFO:colcon.colcon_core.shell:Creating package descriptor '/home/dron/ws_controll/install/flight_controller_pkg/share/flight_controller_pkg/package.dsv'
[6.822s] INFO:colcon.colcon_core.shell:Creating package script '/home/dron/ws_controll/install/flight_controller_pkg/share/flight_controller_pkg/package.sh'
[6.824s] INFO:colcon.colcon_core.shell:Creating package script '/home/dron/ws_controll/install/flight_controller_pkg/share/flight_controller_pkg/package.bash'
[6.825s] INFO:colcon.colcon_core.shell:Creating package script '/home/dron/ws_controll/install/flight_controller_pkg/share/flight_controller_pkg/package.zsh'
[6.826s] Level 1:colcon.colcon_core.environment:create_file_with_runtime_dependencies(/home/dron/ws_controll/install/flight_controller_pkg/share/colcon-core/packages/flight_controller_pkg)
[6.831s] Level 1:colcon.colcon_core.environment:checking '/home/dron/ws_controll/install/log_data_pkg' for CMake module files
[6.832s] DEBUG:colcon.colcon_core.event_handler.log_command:Invoked command in '/home/dron/ws_controll/src/log_data_pkg' returned '0': LD_LIBRARY_PATH=/home/dron/ws_controll/install/custom_msgs/lib:/usr/local/cuda-12.6/lib64:/opt/ros/humble/opt/rviz_ogre_vendor/lib:/opt/ros/humble/lib/aarch64-linux-gnu:/opt/ros/humble/lib:/usr/local/cuda-12.6/lib64 PYTHONPATH=/home/dron/ws_controll/build/log_data_pkg/prefix_override:/usr/lib/python3/dist-packages/colcon_core/task/python/colcon_distutils_commands:/home/dron/ws_controll/install/log_data_pkg/lib/python3.10/site-packages:${PYTHONPATH} /usr/bin/python3 -W ignore:setup.py install is deprecated -W ignore:easy_install command is deprecated setup.py egg_info --egg-base ../../build/log_data_pkg build --build-base /home/dron/ws_controll/build/log_data_pkg/build install --record /home/dron/ws_controll/build/log_data_pkg/install.log --single-version-externally-managed install_data
[6.833s] Level 1:colcon.colcon_core.environment:checking '/home/dron/ws_controll/install/log_data_pkg' for CMake config files
[6.834s] Level 1:colcon.colcon_core.environment:checking '/home/dron/ws_controll/install/log_data_pkg/lib'
[6.834s] Level 1:colcon.colcon_core.environment:checking '/home/dron/ws_controll/install/log_data_pkg/bin'
[6.835s] Level 1:colcon.colcon_core.environment:checking '/home/dron/ws_controll/install/log_data_pkg/lib/pkgconfig/log_data_pkg.pc'
[6.835s] Level 1:colcon.colcon_core.environment:checking '/home/dron/ws_controll/install/log_data_pkg/lib/python3.10/site-packages'
[6.835s] Level 1:colcon.colcon_core.shell:create_environment_hook('log_data_pkg', 'pythonpath')
[6.836s] INFO:colcon.colcon_core.shell:Creating environment hook '/home/dron/ws_controll/install/log_data_pkg/share/log_data_pkg/hook/pythonpath.ps1'
[6.837s] INFO:colcon.colcon_core.shell:Creating environment descriptor '/home/dron/ws_controll/install/log_data_pkg/share/log_data_pkg/hook/pythonpath.dsv'
[6.838s] INFO:colcon.colcon_core.shell:Creating environment hook '/home/dron/ws_controll/install/log_data_pkg/share/log_data_pkg/hook/pythonpath.sh'
[6.839s] Level 1:colcon.colcon_core.environment:checking '/home/dron/ws_controll/install/log_data_pkg/bin'
[6.840s] Level 1:colcon.colcon_core.environment:create_environment_scripts_only(log_data_pkg)
[6.840s] INFO:colcon.colcon_core.shell:Creating package script '/home/dron/ws_controll/install/log_data_pkg/share/log_data_pkg/package.ps1'
[6.842s] INFO:colcon.colcon_core.shell:Creating package descriptor '/home/dron/ws_controll/install/log_data_pkg/share/log_data_pkg/package.dsv'
[6.843s] INFO:colcon.colcon_core.shell:Creating package script '/home/dron/ws_controll/install/log_data_pkg/share/log_data_pkg/package.sh'
[6.844s] INFO:colcon.colcon_core.shell:Creating package script '/home/dron/ws_controll/install/log_data_pkg/share/log_data_pkg/package.bash'
[6.845s] INFO:colcon.colcon_core.shell:Creating package script '/home/dron/ws_controll/install/log_data_pkg/share/log_data_pkg/package.zsh'
[6.846s] Level 1:colcon.colcon_core.environment:create_file_with_runtime_dependencies(/home/dron/ws_controll/install/log_data_pkg/share/colcon-core/packages/log_data_pkg)
[6.847s] DEBUG:colcon.colcon_parallel_executor.executor.parallel:closing loop
[6.848s] DEBUG:colcon.colcon_parallel_executor.executor.parallel:loop closed
[6.848s] DEBUG:colcon.colcon_parallel_executor.executor.parallel:run_until_complete finished with '0'
[6.848s] DEBUG:colcon.colcon_core.event_reactor:joining thread
[6.862s] INFO:colcon.colcon_core.plugin_system:Skipping extension 'colcon_notification.desktop_notification.terminal_notifier': Not used on non-Darwin systems
[6.862s] INFO:colcon.colcon_core.plugin_system:Skipping extension 'colcon_notification.desktop_notification.win32': Not used on non-Windows systems
[6.862s] INFO:colcon.colcon_notification.desktop_notification:Sending desktop notification using 'notify2'
[6.908s] DEBUG:colcon.colcon_notification.desktop_notification.notify2:Failed to initialize notify2: org.freedesktop.DBus.Error.Spawn.ChildExited: Process org.freedesktop.Notifications exited with status 1
[6.909s] DEBUG:colcon.colcon_core.event_reactor:joined thread
[6.910s] INFO:colcon.colcon_core.shell:Creating prefix script '/home/dron/ws_controll/install/local_setup.ps1'
[6.913s] INFO:colcon.colcon_core.shell:Creating prefix util module '/home/dron/ws_controll/install/_local_setup_util_ps1.py'
[6.916s] INFO:colcon.colcon_core.shell:Creating prefix chain script '/home/dron/ws_controll/install/setup.ps1'
[6.919s] INFO:colcon.colcon_core.shell:Creating prefix script '/home/dron/ws_controll/install/local_setup.sh'
[6.920s] INFO:colcon.colcon_core.shell:Creating prefix util module '/home/dron/ws_controll/install/_local_setup_util_sh.py'
[6.922s] INFO:colcon.colcon_core.shell:Creating prefix chain script '/home/dron/ws_controll/install/setup.sh'
[6.924s] INFO:colcon.colcon_core.shell:Creating prefix script '/home/dron/ws_controll/install/local_setup.bash'
[6.925s] INFO:colcon.colcon_core.shell:Creating prefix chain script '/home/dron/ws_controll/install/setup.bash'
[6.928s] INFO:colcon.colcon_core.shell:Creating prefix script '/home/dron/ws_controll/install/local_setup.zsh'
[6.930s] INFO:colcon.colcon_core.shell:Creating prefix chain script '/home/dron/ws_controll/install/setup.zsh'
