[4.223s] Invoking command in '/home/dron/ws_controll/src/flask_pkg': LD_LIBRARY_PATH=/home/dron/ws_controll/install/custom_msgs/lib:/usr/local/cuda-12.6/lib64:/opt/ros/humble/opt/rviz_ogre_vendor/lib:/opt/ros/humble/lib/aarch64-linux-gnu:/opt/ros/humble/lib:/usr/local/cuda-12.6/lib64 PYTHONPATH=/home/dron/ws_controll/build/flask_pkg/prefix_override:/usr/lib/python3/dist-packages/colcon_core/task/python/colcon_distutils_commands:/home/dron/ws_controll/install/flask_pkg/lib/python3.10/site-packages:${PYTHONPATH} /usr/bin/python3 -W ignore:setup.py install is deprecated -W ignore:easy_install command is deprecated setup.py egg_info --egg-base ../../build/flask_pkg build --build-base /home/dron/ws_controll/build/flask_pkg/build install --record /home/dron/ws_controll/build/flask_pkg/install.log --single-version-externally-managed install_data
[5.058s] running egg_info
[5.060s] writing ../../build/flask_pkg/flask_pkg.egg-info/PKG-INFO
[5.061s] writing dependency_links to ../../build/flask_pkg/flask_pkg.egg-info/dependency_links.txt
[5.063s] writing entry points to ../../build/flask_pkg/flask_pkg.egg-info/entry_points.txt
[5.064s] writing requirements to ../../build/flask_pkg/flask_pkg.egg-info/requires.txt
[5.065s] writing top-level names to ../../build/flask_pkg/flask_pkg.egg-info/top_level.txt
[5.072s] reading manifest file '../../build/flask_pkg/flask_pkg.egg-info/SOURCES.txt'
[5.075s] writing manifest file '../../build/flask_pkg/flask_pkg.egg-info/SOURCES.txt'
[5.078s] running build
[5.078s] running build_py
[5.078s] running install
[5.078s] running install_lib
[5.087s] running install_data
[5.089s] running install_egg_info
[5.092s] removing '/home/dron/ws_controll/install/flask_pkg/lib/python3.10/site-packages/flask_pkg-0.0.0-py3.10.egg-info' (and everything under it)
[5.098s] Copying ../../build/flask_pkg/flask_pkg.egg-info to /home/dron/ws_controll/install/flask_pkg/lib/python3.10/site-packages/flask_pkg-0.0.0-py3.10.egg-info
[5.098s] running install_scripts
[5.147s] Installing flask_server script to /home/dron/ws_controll/install/flask_pkg/lib/flask_pkg
[5.147s] writing list of installed files to '/home/dron/ws_controll/build/flask_pkg/install.log'
[5.283s] Invoked command in '/home/dron/ws_controll/src/flask_pkg' returned '0': LD_LIBRARY_PATH=/home/dron/ws_controll/install/custom_msgs/lib:/usr/local/cuda-12.6/lib64:/opt/ros/humble/opt/rviz_ogre_vendor/lib:/opt/ros/humble/lib/aarch64-linux-gnu:/opt/ros/humble/lib:/usr/local/cuda-12.6/lib64 PYTHONPATH=/home/dron/ws_controll/build/flask_pkg/prefix_override:/usr/lib/python3/dist-packages/colcon_core/task/python/colcon_distutils_commands:/home/dron/ws_controll/install/flask_pkg/lib/python3.10/site-packages:${PYTHONPATH} /usr/bin/python3 -W ignore:setup.py install is deprecated -W ignore:easy_install command is deprecated setup.py egg_info --egg-base ../../build/flask_pkg build --build-base /home/dron/ws_controll/build/flask_pkg/build install --record /home/dron/ws_controll/build/flask_pkg/install.log --single-version-externally-managed install_data
