[0.250s] DEBUG:colcon:Command line arguments: ['/usr/bin/colcon', 'build', '--packages-select', 'flask_pkg']
[0.251s] DEBUG:colcon:Parsed command line arguments: Namespace(log_base=None, log_level=None, verb_name='build', build_base='build', install_base='install', merge_install=False, symlink_install=False, test_result_base=None, continue_on_error=False, executor='parallel', parallel_workers=6, event_handlers=None, ignore_user_meta=False, metas=['./colcon.meta'], base_paths=['.'], packages_ignore=None, packages_ignore_regex=None, paths=None, packages_up_to=None, packages_up_to_regex=None, packages_above=None, packages_above_and_dependencies=None, packages_above_depth=None, packages_select_by_dep=None, packages_skip_by_dep=None, packages_skip_up_to=None, packages_select_build_failed=False, packages_skip_build_finished=False, packages_select_test_failures=False, packages_skip_test_passed=False, packages_select=['flask_pkg'], packages_skip=None, packages_select_regex=None, packages_skip_regex=None, packages_start=None, packages_end=None, allow_overriding=[], cmake_args=None, cmake_target=None, cmake_target_skip_unavailable=False, cmake_clean_cache=False, cmake_clean_first=False, cmake_force_configure=False, ament_cmake_args=None, catkin_cmake_args=None, catkin_skip_building_tests=False, mixin_files=None, mixin=None, verb_parser=<colcon_mixin.mixin.mixin_argument.MixinArgumentDecorator object at 0xffffa070cd90>, verb_extension=<colcon_core.verb.build.BuildVerb object at 0xffffa0946230>, main=<bound method BuildVerb.main of <colcon_core.verb.build.BuildVerb object at 0xffffa0946230>>, mixin_verb=('build',))
[0.678s] Level 1:colcon.colcon_core.package_discovery:discover_packages(colcon_meta) check parameters
[0.678s] Level 1:colcon.colcon_core.package_discovery:discover_packages(recursive) check parameters
[0.679s] Level 1:colcon.colcon_core.package_discovery:discover_packages(ignore) check parameters
[0.679s] Level 1:colcon.colcon_core.package_discovery:discover_packages(path) check parameters
[0.679s] Level 1:colcon.colcon_core.package_discovery:discover_packages(colcon_meta) discover
[0.679s] Level 1:colcon.colcon_core.package_discovery:discover_packages(recursive) discover
[0.679s] INFO:colcon.colcon_core.package_discovery:Crawling recursively for packages in '/home/dron/ws_controller'
[0.679s] Level 1:colcon.colcon_core.package_identification:_identify(.) by extensions ['ignore', 'ignore_ament_install']
[0.680s] Level 1:colcon.colcon_core.package_identification:_identify(.) by extension 'ignore'
[0.680s] Level 1:colcon.colcon_core.package_identification:_identify(.) by extension 'ignore_ament_install'
[0.680s] Level 1:colcon.colcon_core.package_identification:_identify(.) by extensions ['colcon_pkg']
[0.680s] Level 1:colcon.colcon_core.package_identification:_identify(.) by extension 'colcon_pkg'
[0.680s] Level 1:colcon.colcon_core.package_identification:_identify(.) by extensions ['colcon_meta']
[0.680s] Level 1:colcon.colcon_core.package_identification:_identify(.) by extension 'colcon_meta'
[0.680s] Level 1:colcon.colcon_core.package_identification:_identify(.) by extensions ['ros']
[0.680s] Level 1:colcon.colcon_core.package_identification:_identify(.) by extension 'ros'
[0.707s] Level 1:colcon.colcon_core.package_identification:_identify(.) by extensions ['cmake', 'python']
[0.707s] Level 1:colcon.colcon_core.package_identification:_identify(.) by extension 'cmake'
[0.707s] Level 1:colcon.colcon_core.package_identification:_identify(.) by extension 'python'
[0.707s] Level 1:colcon.colcon_core.package_identification:_identify(.) by extensions ['python_setup_py']
[0.707s] Level 1:colcon.colcon_core.package_identification:_identify(.) by extension 'python_setup_py'
[0.708s] Level 1:colcon.colcon_core.package_identification:_identify(build) by extensions ['ignore', 'ignore_ament_install']
[0.708s] Level 1:colcon.colcon_core.package_identification:_identify(build) by extension 'ignore'
[0.708s] Level 1:colcon.colcon_core.package_identification:_identify(build) ignored
[0.708s] Level 1:colcon.colcon_core.package_identification:_identify(install) by extensions ['ignore', 'ignore_ament_install']
[0.709s] Level 1:colcon.colcon_core.package_identification:_identify(install) by extension 'ignore'
[0.709s] Level 1:colcon.colcon_core.package_identification:_identify(install) ignored
[0.709s] Level 1:colcon.colcon_core.package_identification:_identify(log) by extensions ['ignore', 'ignore_ament_install']
[0.710s] Level 1:colcon.colcon_core.package_identification:_identify(log) by extension 'ignore'
[0.710s] Level 1:colcon.colcon_core.package_identification:_identify(log) ignored
[0.710s] Level 1:colcon.colcon_core.package_identification:_identify(src) by extensions ['ignore', 'ignore_ament_install']
[0.710s] Level 1:colcon.colcon_core.package_identification:_identify(src) by extension 'ignore'
[0.710s] Level 1:colcon.colcon_core.package_identification:_identify(src) by extension 'ignore_ament_install'
[0.710s] Level 1:colcon.colcon_core.package_identification:_identify(src) by extensions ['colcon_pkg']
[0.711s] Level 1:colcon.colcon_core.package_identification:_identify(src) by extension 'colcon_pkg'
[0.711s] Level 1:colcon.colcon_core.package_identification:_identify(src) by extensions ['colcon_meta']
[0.711s] Level 1:colcon.colcon_core.package_identification:_identify(src) by extension 'colcon_meta'
[0.711s] Level 1:colcon.colcon_core.package_identification:_identify(src) by extensions ['ros']
[0.711s] Level 1:colcon.colcon_core.package_identification:_identify(src) by extension 'ros'
[0.711s] Level 1:colcon.colcon_core.package_identification:_identify(src) by extensions ['cmake', 'python']
[0.711s] Level 1:colcon.colcon_core.package_identification:_identify(src) by extension 'cmake'
[0.711s] Level 1:colcon.colcon_core.package_identification:_identify(src) by extension 'python'
[0.711s] Level 1:colcon.colcon_core.package_identification:_identify(src) by extensions ['python_setup_py']
[0.711s] Level 1:colcon.colcon_core.package_identification:_identify(src) by extension 'python_setup_py'
[0.712s] Level 1:colcon.colcon_core.package_identification:_identify(src/custom_msgs) by extensions ['ignore', 'ignore_ament_install']
[0.712s] Level 1:colcon.colcon_core.package_identification:_identify(src/custom_msgs) by extension 'ignore'
[0.712s] Level 1:colcon.colcon_core.package_identification:_identify(src/custom_msgs) by extension 'ignore_ament_install'
[0.712s] Level 1:colcon.colcon_core.package_identification:_identify(src/custom_msgs) by extensions ['colcon_pkg']
[0.712s] Level 1:colcon.colcon_core.package_identification:_identify(src/custom_msgs) by extension 'colcon_pkg'
[0.712s] Level 1:colcon.colcon_core.package_identification:_identify(src/custom_msgs) by extensions ['colcon_meta']
[0.712s] Level 1:colcon.colcon_core.package_identification:_identify(src/custom_msgs) by extension 'colcon_meta'
[0.713s] Level 1:colcon.colcon_core.package_identification:_identify(src/custom_msgs) by extensions ['ros']
[0.713s] Level 1:colcon.colcon_core.package_identification:_identify(src/custom_msgs) by extension 'ros'
[0.745s] DEBUG:colcon.colcon_core.package_identification:Package 'src/custom_msgs' with type 'ros.ament_cmake' and name 'custom_msgs'
[0.746s] Level 1:colcon.colcon_core.package_identification:_identify(src/flask_pkg) by extensions ['ignore', 'ignore_ament_install']
[0.746s] Level 1:colcon.colcon_core.package_identification:_identify(src/flask_pkg) by extension 'ignore'
[0.746s] Level 1:colcon.colcon_core.package_identification:_identify(src/flask_pkg) by extension 'ignore_ament_install'
[0.747s] Level 1:colcon.colcon_core.package_identification:_identify(src/flask_pkg) by extensions ['colcon_pkg']
[0.747s] Level 1:colcon.colcon_core.package_identification:_identify(src/flask_pkg) by extension 'colcon_pkg'
[0.747s] Level 1:colcon.colcon_core.package_identification:_identify(src/flask_pkg) by extensions ['colcon_meta']
[0.747s] Level 1:colcon.colcon_core.package_identification:_identify(src/flask_pkg) by extension 'colcon_meta'
[0.747s] Level 1:colcon.colcon_core.package_identification:_identify(src/flask_pkg) by extensions ['ros']
[0.747s] Level 1:colcon.colcon_core.package_identification:_identify(src/flask_pkg) by extension 'ros'
[0.750s] DEBUG:colcon.colcon_core.package_identification:Package 'src/flask_pkg' with type 'ros.ament_python' and name 'flask_pkg'
[0.750s] Level 1:colcon.colcon_core.package_identification:_identify(src/flight_controller_pkg) by extensions ['ignore', 'ignore_ament_install']
[0.750s] Level 1:colcon.colcon_core.package_identification:_identify(src/flight_controller_pkg) by extension 'ignore'
[0.750s] Level 1:colcon.colcon_core.package_identification:_identify(src/flight_controller_pkg) by extension 'ignore_ament_install'
[0.751s] Level 1:colcon.colcon_core.package_identification:_identify(src/flight_controller_pkg) by extensions ['colcon_pkg']
[0.751s] Level 1:colcon.colcon_core.package_identification:_identify(src/flight_controller_pkg) by extension 'colcon_pkg'
[0.751s] Level 1:colcon.colcon_core.package_identification:_identify(src/flight_controller_pkg) by extensions ['colcon_meta']
[0.751s] Level 1:colcon.colcon_core.package_identification:_identify(src/flight_controller_pkg) by extension 'colcon_meta'
[0.751s] Level 1:colcon.colcon_core.package_identification:_identify(src/flight_controller_pkg) by extensions ['ros']
[0.751s] Level 1:colcon.colcon_core.package_identification:_identify(src/flight_controller_pkg) by extension 'ros'
[0.753s] DEBUG:colcon.colcon_core.package_identification:Package 'src/flight_controller_pkg' with type 'ros.ament_python' and name 'flight_controller_pkg'
[0.753s] Level 1:colcon.colcon_core.package_identification:_identify(src/log_data_pkg) by extensions ['ignore', 'ignore_ament_install']
[0.753s] Level 1:colcon.colcon_core.package_identification:_identify(src/log_data_pkg) by extension 'ignore'
[0.753s] Level 1:colcon.colcon_core.package_identification:_identify(src/log_data_pkg) by extension 'ignore_ament_install'
[0.754s] Level 1:colcon.colcon_core.package_identification:_identify(src/log_data_pkg) by extensions ['colcon_pkg']
[0.754s] Level 1:colcon.colcon_core.package_identification:_identify(src/log_data_pkg) by extension 'colcon_pkg'
[0.754s] Level 1:colcon.colcon_core.package_identification:_identify(src/log_data_pkg) by extensions ['colcon_meta']
[0.754s] Level 1:colcon.colcon_core.package_identification:_identify(src/log_data_pkg) by extension 'colcon_meta'
[0.754s] Level 1:colcon.colcon_core.package_identification:_identify(src/log_data_pkg) by extensions ['ros']
[0.754s] Level 1:colcon.colcon_core.package_identification:_identify(src/log_data_pkg) by extension 'ros'
[0.756s] DEBUG:colcon.colcon_core.package_identification:Package 'src/log_data_pkg' with type 'ros.ament_python' and name 'log_data_pkg'
[0.756s] Level 1:colcon.colcon_core.package_discovery:discover_packages(recursive) using defaults
[0.756s] Level 1:colcon.colcon_core.package_discovery:discover_packages(ignore) discover
[0.756s] Level 1:colcon.colcon_core.package_discovery:discover_packages(ignore) using defaults
[0.756s] Level 1:colcon.colcon_core.package_discovery:discover_packages(path) discover
[0.757s] Level 1:colcon.colcon_core.package_discovery:discover_packages(path) using defaults
[0.800s] INFO:colcon.colcon_core.package_selection:Skipping not selected package 'custom_msgs' in 'src/custom_msgs'
[0.800s] INFO:colcon.colcon_core.package_selection:Skipping not selected package 'flight_controller_pkg' in 'src/flight_controller_pkg'
[0.800s] INFO:colcon.colcon_core.package_selection:Skipping not selected package 'log_data_pkg' in 'src/log_data_pkg'
[0.801s] Level 1:colcon.colcon_core.package_discovery:discover_packages(prefix_path) check parameters
[0.801s] Level 1:colcon.colcon_core.package_discovery:discover_packages(prefix_path) discover
[0.807s] DEBUG:colcon.colcon_installed_package_information.package_discovery:Found 276 installed packages in /opt/ros/humble
[0.810s] Level 1:colcon.colcon_core.package_discovery:discover_packages(prefix_path) using defaults
[0.895s] Level 5:colcon.colcon_core.verb:set package 'flask_pkg' build argument 'cmake_args' from command line to 'None'
[0.895s] Level 5:colcon.colcon_core.verb:set package 'flask_pkg' build argument 'cmake_target' from command line to 'None'
[0.895s] Level 5:colcon.colcon_core.verb:set package 'flask_pkg' build argument 'cmake_target_skip_unavailable' from command line to 'False'
[0.895s] Level 5:colcon.colcon_core.verb:set package 'flask_pkg' build argument 'cmake_clean_cache' from command line to 'False'
[0.895s] Level 5:colcon.colcon_core.verb:set package 'flask_pkg' build argument 'cmake_clean_first' from command line to 'False'
[0.895s] Level 5:colcon.colcon_core.verb:set package 'flask_pkg' build argument 'cmake_force_configure' from command line to 'False'
[0.895s] Level 5:colcon.colcon_core.verb:set package 'flask_pkg' build argument 'ament_cmake_args' from command line to 'None'
[0.895s] Level 5:colcon.colcon_core.verb:set package 'flask_pkg' build argument 'catkin_cmake_args' from command line to 'None'
[0.895s] Level 5:colcon.colcon_core.verb:set package 'flask_pkg' build argument 'catkin_skip_building_tests' from command line to 'False'
[0.896s] DEBUG:colcon.colcon_core.verb:Building package 'flask_pkg' with the following arguments: {'ament_cmake_args': None, 'build_base': '/home/dron/ws_controller/build/flask_pkg', 'catkin_cmake_args': None, 'catkin_skip_building_tests': False, 'cmake_args': None, 'cmake_clean_cache': False, 'cmake_clean_first': False, 'cmake_force_configure': False, 'cmake_target': None, 'cmake_target_skip_unavailable': False, 'install_base': '/home/dron/ws_controller/install/flask_pkg', 'merge_install': False, 'path': '/home/dron/ws_controller/src/flask_pkg', 'symlink_install': False, 'test_result_base': None}
[0.896s] INFO:colcon.colcon_core.executor:Executing jobs using 'parallel' executor
[0.899s] DEBUG:colcon.colcon_parallel_executor.executor.parallel:run_until_complete
[0.899s] INFO:colcon.colcon_ros.task.ament_python.build:Building ROS package in '/home/dron/ws_controller/src/flask_pkg' with build type 'ament_python'
[0.900s] Level 1:colcon.colcon_core.shell:create_environment_hook('flask_pkg', 'ament_prefix_path')
[0.904s] INFO:colcon.colcon_core.plugin_system:Skipping extension 'colcon_core.shell.bat': Not used on non-Windows systems
[0.904s] INFO:colcon.colcon_core.shell:Creating environment hook '/home/dron/ws_controller/install/flask_pkg/share/flask_pkg/hook/ament_prefix_path.ps1'
[0.906s] INFO:colcon.colcon_core.shell:Creating environment descriptor '/home/dron/ws_controller/install/flask_pkg/share/flask_pkg/hook/ament_prefix_path.dsv'
[0.907s] INFO:colcon.colcon_core.shell:Creating environment hook '/home/dron/ws_controller/install/flask_pkg/share/flask_pkg/hook/ament_prefix_path.sh'
[0.909s] INFO:colcon.colcon_core.shell:Skip shell extension 'powershell' for command environment: Not usable outside of PowerShell
[0.909s] DEBUG:colcon.colcon_core.shell:Skip shell extension 'dsv' for command environment
[1.571s] INFO:colcon.colcon_core.task.python.build:Building Python package in '/home/dron/ws_controller/src/flask_pkg'
[1.572s] INFO:colcon.colcon_core.shell:Skip shell extension 'powershell' for command environment: Not usable outside of PowerShell
[1.572s] DEBUG:colcon.colcon_core.shell:Skip shell extension 'dsv' for command environment
[2.520s] DEBUG:colcon.colcon_core.event_handler.log_command:Invoking command in '/home/dron/ws_controller/src/flask_pkg': AMENT_PREFIX_PATH=/home/dron/ws_controller/install/custom_msgs:${AMENT_PREFIX_PATH} CMAKE_PREFIX_PATH=/home/dron/ws_controller/install/custom_msgs LD_LIBRARY_PATH=/home/dron/ws_controller/install/custom_msgs/lib:/usr/local/cuda-12.6/lib64:/opt/ros/humble/opt/rviz_ogre_vendor/lib:/opt/ros/humble/lib/aarch64-linux-gnu:/opt/ros/humble/lib:/usr/local/cuda-12.6/lib64 PYTHONPATH=/home/dron/ws_controller/build/flask_pkg/prefix_override:/usr/lib/python3/dist-packages/colcon_core/task/python/colcon_distutils_commands:/home/dron/ws_controller/install/flask_pkg/lib/python3.10/site-packages:/home/dron/ws_controller/install/custom_msgs/local/lib/python3.10/dist-packages:${PYTHONPATH} /usr/bin/python3 -W ignore:setup.py install is deprecated -W ignore:easy_install command is deprecated setup.py egg_info --egg-base ../../build/flask_pkg build --build-base /home/dron/ws_controller/build/flask_pkg/build install --record /home/dron/ws_controller/build/flask_pkg/install.log --single-version-externally-managed install_data
[3.250s] DEBUG:colcon.colcon_core.event_handler.log_command:Invoked command in '/home/dron/ws_controller/src/flask_pkg' returned '0': AMENT_PREFIX_PATH=/home/dron/ws_controller/install/custom_msgs:${AMENT_PREFIX_PATH} CMAKE_PREFIX_PATH=/home/dron/ws_controller/install/custom_msgs LD_LIBRARY_PATH=/home/dron/ws_controller/install/custom_msgs/lib:/usr/local/cuda-12.6/lib64:/opt/ros/humble/opt/rviz_ogre_vendor/lib:/opt/ros/humble/lib/aarch64-linux-gnu:/opt/ros/humble/lib:/usr/local/cuda-12.6/lib64 PYTHONPATH=/home/dron/ws_controller/build/flask_pkg/prefix_override:/usr/lib/python3/dist-packages/colcon_core/task/python/colcon_distutils_commands:/home/dron/ws_controller/install/flask_pkg/lib/python3.10/site-packages:/home/dron/ws_controller/install/custom_msgs/local/lib/python3.10/dist-packages:${PYTHONPATH} /usr/bin/python3 -W ignore:setup.py install is deprecated -W ignore:easy_install command is deprecated setup.py egg_info --egg-base ../../build/flask_pkg build --build-base /home/dron/ws_controller/build/flask_pkg/build install --record /home/dron/ws_controller/build/flask_pkg/install.log --single-version-externally-managed install_data
[3.258s] Level 1:colcon.colcon_core.environment:checking '/home/dron/ws_controller/install/flask_pkg' for CMake module files
[3.259s] Level 1:colcon.colcon_core.environment:checking '/home/dron/ws_controller/install/flask_pkg' for CMake config files
[3.262s] Level 1:colcon.colcon_core.environment:checking '/home/dron/ws_controller/install/flask_pkg/lib'
[3.262s] Level 1:colcon.colcon_core.environment:checking '/home/dron/ws_controller/install/flask_pkg/bin'
[3.263s] Level 1:colcon.colcon_core.environment:checking '/home/dron/ws_controller/install/flask_pkg/lib/pkgconfig/flask_pkg.pc'
[3.264s] Level 1:colcon.colcon_core.environment:checking '/home/dron/ws_controller/install/flask_pkg/lib/python3.10/site-packages'
[3.264s] Level 1:colcon.colcon_core.shell:create_environment_hook('flask_pkg', 'pythonpath')
[3.265s] INFO:colcon.colcon_core.shell:Creating environment hook '/home/dron/ws_controller/install/flask_pkg/share/flask_pkg/hook/pythonpath.ps1'
[3.267s] INFO:colcon.colcon_core.shell:Creating environment descriptor '/home/dron/ws_controller/install/flask_pkg/share/flask_pkg/hook/pythonpath.dsv'
[3.268s] INFO:colcon.colcon_core.shell:Creating environment hook '/home/dron/ws_controller/install/flask_pkg/share/flask_pkg/hook/pythonpath.sh'
[3.270s] Level 1:colcon.colcon_core.environment:checking '/home/dron/ws_controller/install/flask_pkg/bin'
[3.270s] Level 1:colcon.colcon_core.environment:create_environment_scripts_only(flask_pkg)
[3.271s] INFO:colcon.colcon_core.shell:Creating package script '/home/dron/ws_controller/install/flask_pkg/share/flask_pkg/package.ps1'
[3.274s] INFO:colcon.colcon_core.shell:Creating package descriptor '/home/dron/ws_controller/install/flask_pkg/share/flask_pkg/package.dsv'
[3.277s] INFO:colcon.colcon_core.shell:Creating package script '/home/dron/ws_controller/install/flask_pkg/share/flask_pkg/package.sh'
[3.279s] INFO:colcon.colcon_core.shell:Creating package script '/home/dron/ws_controller/install/flask_pkg/share/flask_pkg/package.bash'
[3.282s] INFO:colcon.colcon_core.shell:Creating package script '/home/dron/ws_controller/install/flask_pkg/share/flask_pkg/package.zsh'
[3.285s] Level 1:colcon.colcon_core.environment:create_file_with_runtime_dependencies(/home/dron/ws_controller/install/flask_pkg/share/colcon-core/packages/flask_pkg)
[3.286s] DEBUG:colcon.colcon_parallel_executor.executor.parallel:closing loop
[3.287s] DEBUG:colcon.colcon_parallel_executor.executor.parallel:loop closed
[3.288s] DEBUG:colcon.colcon_parallel_executor.executor.parallel:run_until_complete finished with '0'
[3.288s] DEBUG:colcon.colcon_core.event_reactor:joining thread
[3.306s] INFO:colcon.colcon_core.plugin_system:Skipping extension 'colcon_notification.desktop_notification.terminal_notifier': Not used on non-Darwin systems
[3.306s] INFO:colcon.colcon_core.plugin_system:Skipping extension 'colcon_notification.desktop_notification.win32': Not used on non-Windows systems
[3.306s] INFO:colcon.colcon_notification.desktop_notification:Sending desktop notification using 'notify2'
[3.335s] DEBUG:colcon.colcon_notification.desktop_notification.notify2:Failed to initialize notify2: org.freedesktop.DBus.Error.Spawn.ChildExited: Process org.freedesktop.Notifications exited with status 1
[3.335s] DEBUG:colcon.colcon_core.event_reactor:joined thread
[3.336s] INFO:colcon.colcon_core.shell:Creating prefix script '/home/dron/ws_controller/install/local_setup.ps1'
[3.340s] INFO:colcon.colcon_core.shell:Creating prefix util module '/home/dron/ws_controller/install/_local_setup_util_ps1.py'
[3.346s] INFO:colcon.colcon_core.shell:Creating prefix chain script '/home/dron/ws_controller/install/setup.ps1'
[3.350s] INFO:colcon.colcon_core.shell:Creating prefix script '/home/dron/ws_controller/install/local_setup.sh'
[3.352s] INFO:colcon.colcon_core.shell:Creating prefix util module '/home/dron/ws_controller/install/_local_setup_util_sh.py'
[3.354s] INFO:colcon.colcon_core.shell:Creating prefix chain script '/home/dron/ws_controller/install/setup.sh'
[3.357s] INFO:colcon.colcon_core.shell:Creating prefix script '/home/dron/ws_controller/install/local_setup.bash'
[3.359s] INFO:colcon.colcon_core.shell:Creating prefix chain script '/home/dron/ws_controller/install/setup.bash'
[3.362s] INFO:colcon.colcon_core.shell:Creating prefix script '/home/dron/ws_controller/install/local_setup.zsh'
[3.364s] INFO:colcon.colcon_core.shell:Creating prefix chain script '/home/dron/ws_controller/install/setup.zsh'
