[0.021s] Invoking command in '/home/dron/ws_controll/build/custom_msgs': CMAKE_PREFIX_PATH=${CMAKE_PREFIX_PATH}:/home/dron/ws_controll/install/log_data_pkg:/home/dron/ws_controll/install/flight_controller_pkg:/home/dron/ws_controll/install/flask_pkg:/opt/ros/humble /usr/bin/cmake --build /home/dron/ws_controll/build/custom_msgs -- -j6 -l6
[0.077s] -- Found ament_cmake: 1.3.11 (/opt/ros/humble/share/ament_cmake/cmake)
[0.377s] -- Found rosidl_default_generators: 1.2.0 (/opt/ros/humble/share/rosidl_default_generators/cmake)
[0.383s] -- Using all available rosidl_typesupport_c: rosidl_typesupport_fastrtps_c;rosidl_typesupport_introspection_c
[0.393s] -- Found rosidl_adapter: 3.1.6 (/opt/ros/humble/share/rosidl_adapter/cmake)
[0.460s] -- Using all available rosidl_typesupport_cpp: rosidl_typesupport_fastrtps_cpp;rosidl_typesupport_introspection_cpp
[0.971s] [31mCMake Error at /opt/ros/humble/share/rosidl_adapter/cmake/rosidl_adapt_interfaces.cmake:59 (message):
[0.971s]   execute_process(/usr/bin/python3 -m rosidl_adapter --package-name
[0.971s]   custom_msgs --arguments-file
[0.972s]   /home/dron/ws_controll/build/custom_msgs/rosidl_adapter__arguments__custom_msgs.json
[0.972s]   --output-dir
[0.972s]   /home/dron/ws_controll/build/custom_msgs/rosidl_adapter/custom_msgs
[0.973s]   --output-file
[0.973s]   /home/dron/ws_controll/build/custom_msgs/rosidl_adapter/custom_msgs.idls)
[0.973s]   returned error code 1:
[0.973s] 
[0.973s]   Error processing 'uint8 isAuthonomyActive' of 'custom_msgs/DroneStatus':
[0.974s]   ''isAuthonomyActive' is an invalid field name.  It should have the pattern
[0.974s]   '^(?!.*__)(?!.*_$)[a-z][a-z0-9_]*$''
[0.974s] 
[0.974s]   Traceback (most recent call last):
[0.975s] 
[0.975s]     File "/usr/lib/python3.10/runpy.py", line 196, in _run_module_as_main
[0.975s]       return _run_code(code, main_globals, None,
[0.975s]     File "/usr/lib/python3.10/runpy.py", line 86, in _run_code
[0.976s]       exec(code, run_globals)
[0.976s]     File "/opt/ros/humble/local/lib/python3.10/dist-packages/rosidl_adapter/__main__.py", line 19, in <module>
[0.976s]       sys.exit(main())
[0.976s]     File "/opt/ros/humble/local/lib/python3.10/dist-packages/rosidl_adapter/main.py", line 53, in main
[0.977s]       abs_idl_file = convert_to_idl(
[0.977s]     File "/opt/ros/humble/local/lib/python3.10/dist-packages/rosidl_adapter/__init__.py", line 19, in convert_to_idl
[0.977s]       return convert_msg_to_idl(
[0.977s]     File "/opt/ros/humble/local/lib/python3.10/dist-packages/rosidl_adapter/msg/__init__.py", line 28, in convert_msg_to_idl
[0.977s]       msg = parse_message_string(package_name, input_file.stem, content)
[0.978s]     File "/opt/ros/humble/local/lib/python3.10/dist-packages/rosidl_adapter/parser.py", line 519, in parse_message_string
[0.978s]       fields.append(Field(
[0.978s]     File "/opt/ros/humble/local/lib/python3.10/dist-packages/rosidl_adapter/parser.py", line 354, in __init__
[0.978s]       raise NameError(
[0.979s] 
[0.979s]   NameError: 'isAuthonomyActive' is an invalid field name.  It should have
[0.979s]   the pattern '^(?!.*__)(?!.*_$)[a-z][a-z0-9_]*$'
[0.979s] 
[0.979s] Call Stack (most recent call first):
[0.980s]   /opt/ros/humble/share/rosidl_cmake/cmake/rosidl_generate_interfaces.cmake:130 (rosidl_adapt_interfaces)
[0.980s]   CMakeLists.txt:16 (rosidl_generate_interfaces)
[0.980s] 
[0.980s] [0m
[0.980s] -- Configuring incomplete, errors occurred!
[0.980s] See also "/home/dron/ws_controll/build/custom_msgs/CMakeFiles/CMakeOutput.log".
[0.986s] gmake: *** [Makefile:2043: cmake_check_build_system] Error 1
[0.993s] Invoked command in '/home/dron/ws_controll/build/custom_msgs' returned '2': CMAKE_PREFIX_PATH=${CMAKE_PREFIX_PATH}:/home/dron/ws_controll/install/log_data_pkg:/home/dron/ws_controll/install/flight_controller_pkg:/home/dron/ws_controll/install/flask_pkg:/opt/ros/humble /usr/bin/cmake --build /home/dron/ws_controll/build/custom_msgs -- -j6 -l6
