[0.021s] Invoking command in '/home/dron/ws_controller/build/custom_msgs': CMAKE_PREFIX_PATH=${CMAKE_PREFIX_PATH}:/home/dron/ws_controller/install/log_data_pkg:/home/dron/ws_controller/install/flight_controller_pkg:/home/dron/ws_controller/install/flask_pkg:/opt/ros/humble /usr/bin/cmake --build /home/dron/ws_controller/build/custom_msgs -- -j6 -l6
[0.110s] [35m[1mConsolidate compiler generated dependencies of target custom_msgs__rosidl_generator_c[0m
[0.129s] [  1%] Built target custom_msgs__cpp
[0.150s] [  1%] Built target ament_cmake_python_copy_custom_msgs
[0.155s] [35m[1mConsolidate compiler generated dependencies of target custom_msgs__rosidl_typesupport_fastrtps_cpp[0m
[0.156s] [35m[1mConsolidate compiler generated dependencies of target custom_msgs__rosidl_typesupport_introspection_cpp[0m
[0.158s] [35m[1mConsolidate compiler generated dependencies of target custom_msgs__rosidl_typesupport_cpp[0m
[0.165s] [ 12%] Built target custom_msgs__rosidl_generator_c
[0.199s] [ 24%] Built target custom_msgs__rosidl_typesupport_cpp
[0.199s] [35m[1mConsolidate compiler generated dependencies of target custom_msgs__rosidl_typesupport_fastrtps_c[0m
[0.204s] [ 35%] Built target custom_msgs__rosidl_typesupport_introspection_cpp
[0.206s] [35m[1mConsolidate compiler generated dependencies of target custom_msgs__rosidl_typesupport_introspection_c[0m
[0.209s] [ 47%] Built target custom_msgs__rosidl_typesupport_fastrtps_cpp
[0.221s] [35m[1mConsolidate compiler generated dependencies of target custom_msgs__rosidl_typesupport_c[0m
[0.241s] [ 61%] Built target custom_msgs__rosidl_typesupport_introspection_c
[0.244s] [ 70%] Built target custom_msgs__rosidl_typesupport_fastrtps_c
[0.248s] [ 82%] Built target custom_msgs__rosidl_typesupport_c
[0.289s] [ 82%] Built target custom_msgs
[0.332s] [ 83%] Built target custom_msgs__py
[0.356s] [35m[1mConsolidate compiler generated dependencies of target custom_msgs__rosidl_generator_py[0m
[0.400s] [ 93%] Built target custom_msgs__rosidl_generator_py
[0.423s] [35m[1mConsolidate compiler generated dependencies of target custom_msgs__rosidl_typesupport_fastrtps_c__pyext[0m
[0.426s] [35m[1mConsolidate compiler generated dependencies of target custom_msgs__rosidl_typesupport_introspection_c__pyext[0m
[0.427s] [35m[1mConsolidate compiler generated dependencies of target custom_msgs__rosidl_typesupport_c__pyext[0m
[0.452s] [ 95%] Built target custom_msgs__rosidl_typesupport_fastrtps_c__pyext
[0.453s] [100%] Built target custom_msgs__rosidl_typesupport_introspection_c__pyext
[0.453s] [100%] Built target custom_msgs__rosidl_typesupport_c__pyext
[0.780s] running egg_info
[0.782s] writing custom_msgs.egg-info/PKG-INFO
[0.782s] writing dependency_links to custom_msgs.egg-info/dependency_links.txt
[0.782s] writing top-level names to custom_msgs.egg-info/top_level.txt
[0.787s] reading manifest file 'custom_msgs.egg-info/SOURCES.txt'
[0.789s] writing manifest file 'custom_msgs.egg-info/SOURCES.txt'
[0.860s] [100%] Built target ament_cmake_python_build_custom_msgs_egg
[0.887s] Invoked command in '/home/dron/ws_controller/build/custom_msgs' returned '0': CMAKE_PREFIX_PATH=${CMAKE_PREFIX_PATH}:/home/dron/ws_controller/install/log_data_pkg:/home/dron/ws_controller/install/flight_controller_pkg:/home/dron/ws_controller/install/flask_pkg:/opt/ros/humble /usr/bin/cmake --build /home/dron/ws_controller/build/custom_msgs -- -j6 -l6
[0.909s] Invoking command in '/home/dron/ws_controller/build/custom_msgs': CMAKE_PREFIX_PATH=${CMAKE_PREFIX_PATH}:/home/dron/ws_controller/install/log_data_pkg:/home/dron/ws_controller/install/flight_controller_pkg:/home/dron/ws_controller/install/flask_pkg:/opt/ros/humble /usr/bin/cmake --install /home/dron/ws_controller/build/custom_msgs
[0.929s] -- Install configuration: ""
[0.930s] -- Up-to-date: /home/dron/ws_controller/install/custom_msgs/share/ament_index/resource_index/rosidl_interfaces/custom_msgs
[0.930s] -- Up-to-date: /home/dron/ws_controller/install/custom_msgs/include/custom_msgs/custom_msgs
[0.930s] -- Up-to-date: /home/dron/ws_controller/install/custom_msgs/include/custom_msgs/custom_msgs/msg
[0.931s] -- Up-to-date: /home/dron/ws_controller/install/custom_msgs/include/custom_msgs/custom_msgs/msg/drone_status.h
[0.931s] -- Up-to-date: /home/dron/ws_controller/install/custom_msgs/include/custom_msgs/custom_msgs/msg/rosidl_generator_c__visibility_control.h
[0.931s] -- Up-to-date: /home/dron/ws_controller/install/custom_msgs/include/custom_msgs/custom_msgs/msg/gyro_data.h
[0.931s] -- Up-to-date: /home/dron/ws_controller/install/custom_msgs/include/custom_msgs/custom_msgs/msg/geo_data.h
[0.932s] -- Up-to-date: /home/dron/ws_controller/install/custom_msgs/include/custom_msgs/custom_msgs/msg/imu_data.h
[0.932s] -- Up-to-date: /home/dron/ws_controller/install/custom_msgs/include/custom_msgs/custom_msgs/msg/speed_data.h
[0.932s] -- Up-to-date: /home/dron/ws_controller/install/custom_msgs/include/custom_msgs/custom_msgs/msg/data_xyz.h
[0.932s] -- Up-to-date: /home/dron/ws_controller/install/custom_msgs/include/custom_msgs/custom_msgs/msg/estimator_data.h
[0.932s] -- Up-to-date: /home/dron/ws_controller/install/custom_msgs/include/custom_msgs/custom_msgs/msg/detail
[0.932s] -- Up-to-date: /home/dron/ws_controller/install/custom_msgs/include/custom_msgs/custom_msgs/msg/detail/accel_data__struct.h
[0.933s] -- Up-to-date: /home/dron/ws_controller/install/custom_msgs/include/custom_msgs/custom_msgs/msg/detail/estimator_data__functions.h
[0.933s] -- Up-to-date: /home/dron/ws_controller/install/custom_msgs/include/custom_msgs/custom_msgs/msg/detail/imu_data__struct.h
[0.933s] -- Up-to-date: /home/dron/ws_controller/install/custom_msgs/include/custom_msgs/custom_msgs/msg/detail/data_xyz__functions.h
[0.933s] -- Up-to-date: /home/dron/ws_controller/install/custom_msgs/include/custom_msgs/custom_msgs/msg/detail/speed_data__type_support.h
[0.934s] -- Up-to-date: /home/dron/ws_controller/install/custom_msgs/include/custom_msgs/custom_msgs/msg/detail/data_xyz__struct.h
[0.934s] -- Up-to-date: /home/dron/ws_controller/install/custom_msgs/include/custom_msgs/custom_msgs/msg/detail/data_xyz__type_support.h
[0.934s] -- Up-to-date: /home/dron/ws_controller/install/custom_msgs/include/custom_msgs/custom_msgs/msg/detail/drone_status__struct.h
[0.934s] -- Up-to-date: /home/dron/ws_controller/install/custom_msgs/include/custom_msgs/custom_msgs/msg/detail/speed_data__functions.c
[0.934s] -- Up-to-date: /home/dron/ws_controller/install/custom_msgs/include/custom_msgs/custom_msgs/msg/detail/imu_data__type_support.h
[0.935s] -- Up-to-date: /home/dron/ws_controller/install/custom_msgs/include/custom_msgs/custom_msgs/msg/detail/estimator_data__type_support.h
[0.935s] -- Up-to-date: /home/dron/ws_controller/install/custom_msgs/include/custom_msgs/custom_msgs/msg/detail/geo_data__struct.h
[0.935s] -- Up-to-date: /home/dron/ws_controller/install/custom_msgs/include/custom_msgs/custom_msgs/msg/detail/imu_data__functions.c
[0.935s] -- Up-to-date: /home/dron/ws_controller/install/custom_msgs/include/custom_msgs/custom_msgs/msg/detail/geo_data__functions.h
[0.935s] -- Up-to-date: /home/dron/ws_controller/install/custom_msgs/include/custom_msgs/custom_msgs/msg/detail/gyro_data__struct.h
[0.936s] -- Up-to-date: /home/dron/ws_controller/install/custom_msgs/include/custom_msgs/custom_msgs/msg/detail/gyro_data__functions.h
[0.936s] -- Up-to-date: /home/dron/ws_controller/install/custom_msgs/include/custom_msgs/custom_msgs/msg/detail/gyro_data__functions.c
[0.936s] -- Up-to-date: /home/dron/ws_controller/install/custom_msgs/include/custom_msgs/custom_msgs/msg/detail/gyro_data__type_support.h
[0.936s] -- Up-to-date: /home/dron/ws_controller/install/custom_msgs/include/custom_msgs/custom_msgs/msg/detail/possition_data__functions.c
[0.936s] -- Up-to-date: /home/dron/ws_controller/install/custom_msgs/include/custom_msgs/custom_msgs/msg/detail/accel_data__type_support.h
[0.937s] -- Up-to-date: /home/dron/ws_controller/install/custom_msgs/include/custom_msgs/custom_msgs/msg/detail/accel_data__functions.c
[0.937s] -- Up-to-date: /home/dron/ws_controller/install/custom_msgs/include/custom_msgs/custom_msgs/msg/detail/accel_data__functions.h
[0.937s] -- Up-to-date: /home/dron/ws_controller/install/custom_msgs/include/custom_msgs/custom_msgs/msg/detail/imu_data__functions.h
[0.937s] -- Up-to-date: /home/dron/ws_controller/install/custom_msgs/include/custom_msgs/custom_msgs/msg/detail/estimator_data__functions.c
[0.938s] -- Up-to-date: /home/dron/ws_controller/install/custom_msgs/include/custom_msgs/custom_msgs/msg/detail/speed_data__functions.h
[0.938s] -- Up-to-date: /home/dron/ws_controller/install/custom_msgs/include/custom_msgs/custom_msgs/msg/detail/possition_data__functions.h
[0.938s] -- Up-to-date: /home/dron/ws_controller/install/custom_msgs/include/custom_msgs/custom_msgs/msg/detail/drone_status__functions.c
[0.938s] -- Up-to-date: /home/dron/ws_controller/install/custom_msgs/include/custom_msgs/custom_msgs/msg/detail/geo_data__type_support.h
[0.939s] -- Up-to-date: /home/dron/ws_controller/install/custom_msgs/include/custom_msgs/custom_msgs/msg/detail/drone_status__functions.h
[0.939s] -- Up-to-date: /home/dron/ws_controller/install/custom_msgs/include/custom_msgs/custom_msgs/msg/detail/possition_data__struct.h
[0.939s] -- Up-to-date: /home/dron/ws_controller/install/custom_msgs/include/custom_msgs/custom_msgs/msg/detail/data_xyz__functions.c
[0.939s] -- Up-to-date: /home/dron/ws_controller/install/custom_msgs/include/custom_msgs/custom_msgs/msg/detail/possition_data__type_support.h
[0.939s] -- Up-to-date: /home/dron/ws_controller/install/custom_msgs/include/custom_msgs/custom_msgs/msg/detail/geo_data__functions.c
[0.940s] -- Up-to-date: /home/dron/ws_controller/install/custom_msgs/include/custom_msgs/custom_msgs/msg/detail/drone_status__type_support.h
[0.940s] -- Up-to-date: /home/dron/ws_controller/install/custom_msgs/include/custom_msgs/custom_msgs/msg/detail/speed_data__struct.h
[0.940s] -- Up-to-date: /home/dron/ws_controller/install/custom_msgs/include/custom_msgs/custom_msgs/msg/detail/estimator_data__struct.h
[0.940s] -- Up-to-date: /home/dron/ws_controller/install/custom_msgs/include/custom_msgs/custom_msgs/msg/accel_data.h
[0.941s] -- Up-to-date: /home/dron/ws_controller/install/custom_msgs/include/custom_msgs/custom_msgs/msg/possition_data.h
[0.941s] -- Up-to-date: /home/dron/ws_controller/install/custom_msgs/share/custom_msgs/environment/library_path.sh
[0.941s] -- Up-to-date: /home/dron/ws_controller/install/custom_msgs/share/custom_msgs/environment/library_path.dsv
[0.941s] -- Up-to-date: /home/dron/ws_controller/install/custom_msgs/lib/libcustom_msgs__rosidl_generator_c.so
[0.941s] -- Up-to-date: /home/dron/ws_controller/install/custom_msgs/include/custom_msgs/custom_msgs
[0.941s] -- Up-to-date: /home/dron/ws_controller/install/custom_msgs/include/custom_msgs/custom_msgs/msg
[0.942s] -- Up-to-date: /home/dron/ws_controller/install/custom_msgs/include/custom_msgs/custom_msgs/msg/rosidl_typesupport_fastrtps_c__visibility_control.h
[0.942s] -- Up-to-date: /home/dron/ws_controller/install/custom_msgs/include/custom_msgs/custom_msgs/msg/detail
[0.942s] -- Up-to-date: /home/dron/ws_controller/install/custom_msgs/include/custom_msgs/custom_msgs/msg/detail/accel_data__rosidl_typesupport_fastrtps_c.h
[0.942s] -- Up-to-date: /home/dron/ws_controller/install/custom_msgs/include/custom_msgs/custom_msgs/msg/detail/data_xyz__rosidl_typesupport_fastrtps_c.h
[0.942s] -- Up-to-date: /home/dron/ws_controller/install/custom_msgs/include/custom_msgs/custom_msgs/msg/detail/possition_data__rosidl_typesupport_fastrtps_c.h
[0.942s] -- Up-to-date: /home/dron/ws_controller/install/custom_msgs/include/custom_msgs/custom_msgs/msg/detail/estimator_data__rosidl_typesupport_fastrtps_c.h
[0.942s] -- Up-to-date: /home/dron/ws_controller/install/custom_msgs/include/custom_msgs/custom_msgs/msg/detail/speed_data__rosidl_typesupport_fastrtps_c.h
[0.943s] -- Up-to-date: /home/dron/ws_controller/install/custom_msgs/include/custom_msgs/custom_msgs/msg/detail/geo_data__rosidl_typesupport_fastrtps_c.h
[0.943s] -- Up-to-date: /home/dron/ws_controller/install/custom_msgs/include/custom_msgs/custom_msgs/msg/detail/imu_data__rosidl_typesupport_fastrtps_c.h
[0.943s] -- Up-to-date: /home/dron/ws_controller/install/custom_msgs/include/custom_msgs/custom_msgs/msg/detail/drone_status__rosidl_typesupport_fastrtps_c.h
[0.943s] -- Up-to-date: /home/dron/ws_controller/install/custom_msgs/include/custom_msgs/custom_msgs/msg/detail/gyro_data__rosidl_typesupport_fastrtps_c.h
[0.943s] -- Up-to-date: /home/dron/ws_controller/install/custom_msgs/lib/libcustom_msgs__rosidl_typesupport_fastrtps_c.so
[0.944s] -- Up-to-date: /home/dron/ws_controller/install/custom_msgs/include/custom_msgs/custom_msgs
[0.944s] -- Up-to-date: /home/dron/ws_controller/install/custom_msgs/include/custom_msgs/custom_msgs/msg
[0.944s] -- Up-to-date: /home/dron/ws_controller/install/custom_msgs/include/custom_msgs/custom_msgs/msg/rosidl_typesupport_introspection_c__visibility_control.h
[0.944s] -- Up-to-date: /home/dron/ws_controller/install/custom_msgs/include/custom_msgs/custom_msgs/msg/detail
[0.945s] -- Up-to-date: /home/dron/ws_controller/install/custom_msgs/include/custom_msgs/custom_msgs/msg/detail/geo_data__rosidl_typesupport_introspection_c.h
[0.945s] -- Up-to-date: /home/dron/ws_controller/install/custom_msgs/include/custom_msgs/custom_msgs/msg/detail/data_xyz__type_support.c
[0.945s] -- Up-to-date: /home/dron/ws_controller/install/custom_msgs/include/custom_msgs/custom_msgs/msg/detail/imu_data__type_support.c
[0.945s] -- Up-to-date: /home/dron/ws_controller/install/custom_msgs/include/custom_msgs/custom_msgs/msg/detail/accel_data__type_support.c
[0.945s] -- Up-to-date: /home/dron/ws_controller/install/custom_msgs/include/custom_msgs/custom_msgs/msg/detail/data_xyz__rosidl_typesupport_introspection_c.h
[0.945s] -- Up-to-date: /home/dron/ws_controller/install/custom_msgs/include/custom_msgs/custom_msgs/msg/detail/speed_data__rosidl_typesupport_introspection_c.h
[0.945s] -- Up-to-date: /home/dron/ws_controller/install/custom_msgs/include/custom_msgs/custom_msgs/msg/detail/estimator_data__type_support.c
[0.946s] -- Up-to-date: /home/dron/ws_controller/install/custom_msgs/include/custom_msgs/custom_msgs/msg/detail/drone_status__rosidl_typesupport_introspection_c.h
[0.946s] -- Up-to-date: /home/dron/ws_controller/install/custom_msgs/include/custom_msgs/custom_msgs/msg/detail/gyro_data__type_support.c
[0.946s] -- Up-to-date: /home/dron/ws_controller/install/custom_msgs/include/custom_msgs/custom_msgs/msg/detail/drone_status__type_support.c
[0.946s] -- Up-to-date: /home/dron/ws_controller/install/custom_msgs/include/custom_msgs/custom_msgs/msg/detail/possition_data__rosidl_typesupport_introspection_c.h
[0.946s] -- Up-to-date: /home/dron/ws_controller/install/custom_msgs/include/custom_msgs/custom_msgs/msg/detail/possition_data__type_support.c
[0.946s] -- Up-to-date: /home/dron/ws_controller/install/custom_msgs/include/custom_msgs/custom_msgs/msg/detail/imu_data__rosidl_typesupport_introspection_c.h
[0.946s] -- Up-to-date: /home/dron/ws_controller/install/custom_msgs/include/custom_msgs/custom_msgs/msg/detail/speed_data__type_support.c
[0.947s] -- Up-to-date: /home/dron/ws_controller/install/custom_msgs/include/custom_msgs/custom_msgs/msg/detail/accel_data__rosidl_typesupport_introspection_c.h
[0.947s] -- Up-to-date: /home/dron/ws_controller/install/custom_msgs/include/custom_msgs/custom_msgs/msg/detail/estimator_data__rosidl_typesupport_introspection_c.h
[0.947s] -- Up-to-date: /home/dron/ws_controller/install/custom_msgs/include/custom_msgs/custom_msgs/msg/detail/gyro_data__rosidl_typesupport_introspection_c.h
[0.947s] -- Up-to-date: /home/dron/ws_controller/install/custom_msgs/include/custom_msgs/custom_msgs/msg/detail/geo_data__type_support.c
[0.947s] -- Up-to-date: /home/dron/ws_controller/install/custom_msgs/lib/libcustom_msgs__rosidl_typesupport_introspection_c.so
[0.947s] -- Up-to-date: /home/dron/ws_controller/install/custom_msgs/lib/libcustom_msgs__rosidl_typesupport_c.so
[0.947s] -- Up-to-date: /home/dron/ws_controller/install/custom_msgs/include/custom_msgs/custom_msgs
[0.948s] -- Up-to-date: /home/dron/ws_controller/install/custom_msgs/include/custom_msgs/custom_msgs/msg
[0.948s] -- Up-to-date: /home/dron/ws_controller/install/custom_msgs/include/custom_msgs/custom_msgs/msg/drone_status.hpp
[0.948s] -- Up-to-date: /home/dron/ws_controller/install/custom_msgs/include/custom_msgs/custom_msgs/msg/gyro_data.hpp
[0.948s] -- Up-to-date: /home/dron/ws_controller/install/custom_msgs/include/custom_msgs/custom_msgs/msg/rosidl_generator_cpp__visibility_control.hpp
[0.948s] -- Up-to-date: /home/dron/ws_controller/install/custom_msgs/include/custom_msgs/custom_msgs/msg/imu_data.hpp
[0.948s] -- Up-to-date: /home/dron/ws_controller/install/custom_msgs/include/custom_msgs/custom_msgs/msg/data_xyz.hpp
[0.948s] -- Up-to-date: /home/dron/ws_controller/install/custom_msgs/include/custom_msgs/custom_msgs/msg/estimator_data.hpp
[0.949s] -- Up-to-date: /home/dron/ws_controller/install/custom_msgs/include/custom_msgs/custom_msgs/msg/possition_data.hpp
[0.949s] -- Up-to-date: /home/dron/ws_controller/install/custom_msgs/include/custom_msgs/custom_msgs/msg/speed_data.hpp
[0.949s] -- Up-to-date: /home/dron/ws_controller/install/custom_msgs/include/custom_msgs/custom_msgs/msg/accel_data.hpp
[0.949s] -- Up-to-date: /home/dron/ws_controller/install/custom_msgs/include/custom_msgs/custom_msgs/msg/detail
[0.949s] -- Up-to-date: /home/dron/ws_controller/install/custom_msgs/include/custom_msgs/custom_msgs/msg/detail/possition_data__traits.hpp
[0.949s] -- Up-to-date: /home/dron/ws_controller/install/custom_msgs/include/custom_msgs/custom_msgs/msg/detail/possition_data__type_support.hpp
[0.949s] -- Up-to-date: /home/dron/ws_controller/install/custom_msgs/include/custom_msgs/custom_msgs/msg/detail/accel_data__struct.hpp
[0.950s] -- Up-to-date: /home/dron/ws_controller/install/custom_msgs/include/custom_msgs/custom_msgs/msg/detail/drone_status__traits.hpp
[0.950s] -- Up-to-date: /home/dron/ws_controller/install/custom_msgs/include/custom_msgs/custom_msgs/msg/detail/possition_data__struct.hpp
[0.950s] -- Up-to-date: /home/dron/ws_controller/install/custom_msgs/include/custom_msgs/custom_msgs/msg/detail/gyro_data__traits.hpp
[0.950s] -- Up-to-date: /home/dron/ws_controller/install/custom_msgs/include/custom_msgs/custom_msgs/msg/detail/gyro_data__builder.hpp
[0.950s] -- Up-to-date: /home/dron/ws_controller/install/custom_msgs/include/custom_msgs/custom_msgs/msg/detail/speed_data__builder.hpp
[0.950s] -- Up-to-date: /home/dron/ws_controller/install/custom_msgs/include/custom_msgs/custom_msgs/msg/detail/gyro_data__type_support.hpp
[0.950s] -- Up-to-date: /home/dron/ws_controller/install/custom_msgs/include/custom_msgs/custom_msgs/msg/detail/possition_data__builder.hpp
[0.951s] -- Up-to-date: /home/dron/ws_controller/install/custom_msgs/include/custom_msgs/custom_msgs/msg/detail/drone_status__builder.hpp
[0.951s] -- Up-to-date: /home/dron/ws_controller/install/custom_msgs/include/custom_msgs/custom_msgs/msg/detail/speed_data__traits.hpp
[0.951s] -- Up-to-date: /home/dron/ws_controller/install/custom_msgs/include/custom_msgs/custom_msgs/msg/detail/geo_data__type_support.hpp
[0.951s] -- Up-to-date: /home/dron/ws_controller/install/custom_msgs/include/custom_msgs/custom_msgs/msg/detail/drone_status__struct.hpp
[0.951s] -- Up-to-date: /home/dron/ws_controller/install/custom_msgs/include/custom_msgs/custom_msgs/msg/detail/data_xyz__builder.hpp
[0.951s] -- Up-to-date: /home/dron/ws_controller/install/custom_msgs/include/custom_msgs/custom_msgs/msg/detail/imu_data__type_support.hpp
[0.952s] -- Up-to-date: /home/dron/ws_controller/install/custom_msgs/include/custom_msgs/custom_msgs/msg/detail/geo_data__builder.hpp
[0.952s] -- Up-to-date: /home/dron/ws_controller/install/custom_msgs/include/custom_msgs/custom_msgs/msg/detail/geo_data__struct.hpp
[0.952s] -- Up-to-date: /home/dron/ws_controller/install/custom_msgs/include/custom_msgs/custom_msgs/msg/detail/imu_data__traits.hpp
[0.952s] -- Up-to-date: /home/dron/ws_controller/install/custom_msgs/include/custom_msgs/custom_msgs/msg/detail/estimator_data__type_support.hpp
[0.952s] -- Up-to-date: /home/dron/ws_controller/install/custom_msgs/include/custom_msgs/custom_msgs/msg/detail/speed_data__type_support.hpp
[0.952s] -- Up-to-date: /home/dron/ws_controller/install/custom_msgs/include/custom_msgs/custom_msgs/msg/detail/imu_data__builder.hpp
[0.952s] -- Up-to-date: /home/dron/ws_controller/install/custom_msgs/include/custom_msgs/custom_msgs/msg/detail/data_xyz__struct.hpp
[0.952s] -- Up-to-date: /home/dron/ws_controller/install/custom_msgs/include/custom_msgs/custom_msgs/msg/detail/accel_data__type_support.hpp
[0.953s] -- Up-to-date: /home/dron/ws_controller/install/custom_msgs/include/custom_msgs/custom_msgs/msg/detail/drone_status__type_support.hpp
[0.953s] -- Up-to-date: /home/dron/ws_controller/install/custom_msgs/include/custom_msgs/custom_msgs/msg/detail/estimator_data__traits.hpp
[0.953s] -- Up-to-date: /home/dron/ws_controller/install/custom_msgs/include/custom_msgs/custom_msgs/msg/detail/accel_data__builder.hpp
[0.953s] -- Up-to-date: /home/dron/ws_controller/install/custom_msgs/include/custom_msgs/custom_msgs/msg/detail/geo_data__traits.hpp
[0.953s] -- Up-to-date: /home/dron/ws_controller/install/custom_msgs/include/custom_msgs/custom_msgs/msg/detail/accel_data__traits.hpp
[0.953s] -- Up-to-date: /home/dron/ws_controller/install/custom_msgs/include/custom_msgs/custom_msgs/msg/detail/imu_data__struct.hpp
[0.953s] -- Up-to-date: /home/dron/ws_controller/install/custom_msgs/include/custom_msgs/custom_msgs/msg/detail/estimator_data__builder.hpp
[0.954s] -- Up-to-date: /home/dron/ws_controller/install/custom_msgs/include/custom_msgs/custom_msgs/msg/detail/speed_data__struct.hpp
[0.954s] -- Up-to-date: /home/dron/ws_controller/install/custom_msgs/include/custom_msgs/custom_msgs/msg/detail/estimator_data__struct.hpp
[0.954s] -- Up-to-date: /home/dron/ws_controller/install/custom_msgs/include/custom_msgs/custom_msgs/msg/detail/gyro_data__struct.hpp
[0.954s] -- Up-to-date: /home/dron/ws_controller/install/custom_msgs/include/custom_msgs/custom_msgs/msg/detail/data_xyz__type_support.hpp
[0.954s] -- Up-to-date: /home/dron/ws_controller/install/custom_msgs/include/custom_msgs/custom_msgs/msg/detail/data_xyz__traits.hpp
[0.954s] -- Up-to-date: /home/dron/ws_controller/install/custom_msgs/include/custom_msgs/custom_msgs/msg/geo_data.hpp
[0.954s] -- Up-to-date: /home/dron/ws_controller/install/custom_msgs/include/custom_msgs/custom_msgs
[0.955s] -- Up-to-date: /home/dron/ws_controller/install/custom_msgs/include/custom_msgs/custom_msgs/msg
[0.955s] -- Up-to-date: /home/dron/ws_controller/install/custom_msgs/include/custom_msgs/custom_msgs/msg/rosidl_typesupport_fastrtps_cpp__visibility_control.h
[0.955s] -- Up-to-date: /home/dron/ws_controller/install/custom_msgs/include/custom_msgs/custom_msgs/msg/detail
[0.955s] -- Up-to-date: /home/dron/ws_controller/install/custom_msgs/include/custom_msgs/custom_msgs/msg/detail/gyro_data__rosidl_typesupport_fastrtps_cpp.hpp
[0.955s] -- Up-to-date: /home/dron/ws_controller/install/custom_msgs/include/custom_msgs/custom_msgs/msg/detail/data_xyz__rosidl_typesupport_fastrtps_cpp.hpp
[0.955s] -- Up-to-date: /home/dron/ws_controller/install/custom_msgs/include/custom_msgs/custom_msgs/msg/detail/dds_fastrtps
[0.955s] -- Up-to-date: /home/dron/ws_controller/install/custom_msgs/include/custom_msgs/custom_msgs/msg/detail/speed_data__rosidl_typesupport_fastrtps_cpp.hpp
[0.956s] -- Up-to-date: /home/dron/ws_controller/install/custom_msgs/include/custom_msgs/custom_msgs/msg/detail/imu_data__rosidl_typesupport_fastrtps_cpp.hpp
[0.956s] -- Up-to-date: /home/dron/ws_controller/install/custom_msgs/include/custom_msgs/custom_msgs/msg/detail/geo_data__rosidl_typesupport_fastrtps_cpp.hpp
[0.956s] -- Up-to-date: /home/dron/ws_controller/install/custom_msgs/include/custom_msgs/custom_msgs/msg/detail/drone_status__rosidl_typesupport_fastrtps_cpp.hpp
[0.956s] -- Up-to-date: /home/dron/ws_controller/install/custom_msgs/include/custom_msgs/custom_msgs/msg/detail/accel_data__rosidl_typesupport_fastrtps_cpp.hpp
[0.956s] -- Up-to-date: /home/dron/ws_controller/install/custom_msgs/include/custom_msgs/custom_msgs/msg/detail/estimator_data__rosidl_typesupport_fastrtps_cpp.hpp
[0.956s] -- Up-to-date: /home/dron/ws_controller/install/custom_msgs/include/custom_msgs/custom_msgs/msg/detail/possition_data__rosidl_typesupport_fastrtps_cpp.hpp
[0.956s] -- Up-to-date: /home/dron/ws_controller/install/custom_msgs/lib/libcustom_msgs__rosidl_typesupport_fastrtps_cpp.so
[0.956s] -- Up-to-date: /home/dron/ws_controller/install/custom_msgs/include/custom_msgs/custom_msgs
[0.957s] -- Up-to-date: /home/dron/ws_controller/install/custom_msgs/include/custom_msgs/custom_msgs/msg
[0.957s] -- Up-to-date: /home/dron/ws_controller/install/custom_msgs/include/custom_msgs/custom_msgs/msg/detail
[0.957s] -- Up-to-date: /home/dron/ws_controller/install/custom_msgs/include/custom_msgs/custom_msgs/msg/detail/estimator_data__type_support.cpp
[0.957s] -- Up-to-date: /home/dron/ws_controller/install/custom_msgs/include/custom_msgs/custom_msgs/msg/detail/speed_data__type_support.cpp
[0.957s] -- Up-to-date: /home/dron/ws_controller/install/custom_msgs/include/custom_msgs/custom_msgs/msg/detail/data_xyz__rosidl_typesupport_introspection_cpp.hpp
[0.957s] -- Up-to-date: /home/dron/ws_controller/install/custom_msgs/include/custom_msgs/custom_msgs/msg/detail/accel_data__type_support.cpp
[0.957s] -- Up-to-date: /home/dron/ws_controller/install/custom_msgs/include/custom_msgs/custom_msgs/msg/detail/accel_data__rosidl_typesupport_introspection_cpp.hpp
[0.958s] -- Up-to-date: /home/dron/ws_controller/install/custom_msgs/include/custom_msgs/custom_msgs/msg/detail/gyro_data__type_support.cpp
[0.958s] -- Up-to-date: /home/dron/ws_controller/install/custom_msgs/include/custom_msgs/custom_msgs/msg/detail/data_xyz__type_support.cpp
[0.958s] -- Up-to-date: /home/dron/ws_controller/install/custom_msgs/include/custom_msgs/custom_msgs/msg/detail/geo_data__type_support.cpp
[0.958s] -- Up-to-date: /home/dron/ws_controller/install/custom_msgs/include/custom_msgs/custom_msgs/msg/detail/drone_status__rosidl_typesupport_introspection_cpp.hpp
[0.958s] -- Up-to-date: /home/dron/ws_controller/install/custom_msgs/include/custom_msgs/custom_msgs/msg/detail/speed_data__rosidl_typesupport_introspection_cpp.hpp
[0.958s] -- Up-to-date: /home/dron/ws_controller/install/custom_msgs/include/custom_msgs/custom_msgs/msg/detail/possition_data__rosidl_typesupport_introspection_cpp.hpp
[0.958s] -- Up-to-date: /home/dron/ws_controller/install/custom_msgs/include/custom_msgs/custom_msgs/msg/detail/drone_status__type_support.cpp
[0.958s] -- Up-to-date: /home/dron/ws_controller/install/custom_msgs/include/custom_msgs/custom_msgs/msg/detail/estimator_data__rosidl_typesupport_introspection_cpp.hpp
[0.959s] -- Up-to-date: /home/dron/ws_controller/install/custom_msgs/include/custom_msgs/custom_msgs/msg/detail/geo_data__rosidl_typesupport_introspection_cpp.hpp
[0.959s] -- Up-to-date: /home/dron/ws_controller/install/custom_msgs/include/custom_msgs/custom_msgs/msg/detail/imu_data__type_support.cpp
[0.959s] -- Up-to-date: /home/dron/ws_controller/install/custom_msgs/include/custom_msgs/custom_msgs/msg/detail/imu_data__rosidl_typesupport_introspection_cpp.hpp
[0.959s] -- Up-to-date: /home/dron/ws_controller/install/custom_msgs/include/custom_msgs/custom_msgs/msg/detail/gyro_data__rosidl_typesupport_introspection_cpp.hpp
[0.959s] -- Up-to-date: /home/dron/ws_controller/install/custom_msgs/include/custom_msgs/custom_msgs/msg/detail/possition_data__type_support.cpp
[0.959s] -- Up-to-date: /home/dron/ws_controller/install/custom_msgs/lib/libcustom_msgs__rosidl_typesupport_introspection_cpp.so
[0.960s] -- Up-to-date: /home/dron/ws_controller/install/custom_msgs/lib/libcustom_msgs__rosidl_typesupport_cpp.so
[0.960s] -- Up-to-date: /home/dron/ws_controller/install/custom_msgs/share/custom_msgs/environment/pythonpath.sh
[0.960s] -- Up-to-date: /home/dron/ws_controller/install/custom_msgs/share/custom_msgs/environment/pythonpath.dsv
[0.960s] -- Up-to-date: /home/dron/ws_controller/install/custom_msgs/local/lib/python3.10/dist-packages/custom_msgs-0.0.0-py3.10.egg-info
[0.960s] -- Installing: /home/dron/ws_controller/install/custom_msgs/local/lib/python3.10/dist-packages/custom_msgs-0.0.0-py3.10.egg-info/SOURCES.txt
[0.960s] -- Installing: /home/dron/ws_controller/install/custom_msgs/local/lib/python3.10/dist-packages/custom_msgs-0.0.0-py3.10.egg-info/dependency_links.txt
[0.960s] -- Installing: /home/dron/ws_controller/install/custom_msgs/local/lib/python3.10/dist-packages/custom_msgs-0.0.0-py3.10.egg-info/top_level.txt
[0.961s] -- Installing: /home/dron/ws_controller/install/custom_msgs/local/lib/python3.10/dist-packages/custom_msgs-0.0.0-py3.10.egg-info/PKG-INFO
[0.961s] -- Up-to-date: /home/dron/ws_controller/install/custom_msgs/local/lib/python3.10/dist-packages/custom_msgs
[0.961s] -- Up-to-date: /home/dron/ws_controller/install/custom_msgs/local/lib/python3.10/dist-packages/custom_msgs/custom_msgs_s__rosidl_typesupport_fastrtps_c.cpython-310-aarch64-linux-gnu.so
[0.961s] -- Up-to-date: /home/dron/ws_controller/install/custom_msgs/local/lib/python3.10/dist-packages/custom_msgs/custom_msgs_s__rosidl_typesupport_introspection_c.cpython-310-aarch64-linux-gnu.so
[0.961s] -- Up-to-date: /home/dron/ws_controller/install/custom_msgs/local/lib/python3.10/dist-packages/custom_msgs/_custom_msgs_s.ep.rosidl_typesupport_introspection_c.c
[0.961s] -- Up-to-date: /home/dron/ws_controller/install/custom_msgs/local/lib/python3.10/dist-packages/custom_msgs/msg
[0.961s] -- Up-to-date: /home/dron/ws_controller/install/custom_msgs/local/lib/python3.10/dist-packages/custom_msgs/msg/_data_xyz.py
[0.961s] -- Up-to-date: /home/dron/ws_controller/install/custom_msgs/local/lib/python3.10/dist-packages/custom_msgs/msg/_drone_status_s.c
[0.962s] -- Up-to-date: /home/dron/ws_controller/install/custom_msgs/local/lib/python3.10/dist-packages/custom_msgs/msg/_drone_status.py
[0.962s] -- Up-to-date: /home/dron/ws_controller/install/custom_msgs/local/lib/python3.10/dist-packages/custom_msgs/msg/_gyro_data_s.c
[0.962s] -- Up-to-date: /home/dron/ws_controller/install/custom_msgs/local/lib/python3.10/dist-packages/custom_msgs/msg/_possition_data_s.c
[0.962s] -- Up-to-date: /home/dron/ws_controller/install/custom_msgs/local/lib/python3.10/dist-packages/custom_msgs/msg/_estimator_data.py
[0.962s] -- Up-to-date: /home/dron/ws_controller/install/custom_msgs/local/lib/python3.10/dist-packages/custom_msgs/msg/_gyro_data.py
[0.962s] -- Up-to-date: /home/dron/ws_controller/install/custom_msgs/local/lib/python3.10/dist-packages/custom_msgs/msg/_geo_data_s.c
[0.962s] -- Up-to-date: /home/dron/ws_controller/install/custom_msgs/local/lib/python3.10/dist-packages/custom_msgs/msg/_data_xyz_s.c
[0.963s] -- Up-to-date: /home/dron/ws_controller/install/custom_msgs/local/lib/python3.10/dist-packages/custom_msgs/msg/_speed_data.py
[0.963s] -- Up-to-date: /home/dron/ws_controller/install/custom_msgs/local/lib/python3.10/dist-packages/custom_msgs/msg/_estimator_data_s.c
[0.963s] -- Up-to-date: /home/dron/ws_controller/install/custom_msgs/local/lib/python3.10/dist-packages/custom_msgs/msg/_accel_data.py
[0.963s] -- Up-to-date: /home/dron/ws_controller/install/custom_msgs/local/lib/python3.10/dist-packages/custom_msgs/msg/_accel_data_s.c
[0.963s] -- Up-to-date: /home/dron/ws_controller/install/custom_msgs/local/lib/python3.10/dist-packages/custom_msgs/msg/_speed_data_s.c
[0.963s] -- Up-to-date: /home/dron/ws_controller/install/custom_msgs/local/lib/python3.10/dist-packages/custom_msgs/msg/_imu_data_s.c
[0.963s] -- Up-to-date: /home/dron/ws_controller/install/custom_msgs/local/lib/python3.10/dist-packages/custom_msgs/msg/_geo_data.py
[0.964s] -- Up-to-date: /home/dron/ws_controller/install/custom_msgs/local/lib/python3.10/dist-packages/custom_msgs/msg/_imu_data.py
[0.964s] -- Up-to-date: /home/dron/ws_controller/install/custom_msgs/local/lib/python3.10/dist-packages/custom_msgs/msg/_possition_data.py
[0.964s] -- Up-to-date: /home/dron/ws_controller/install/custom_msgs/local/lib/python3.10/dist-packages/custom_msgs/msg/__init__.py
[0.964s] -- Up-to-date: /home/dron/ws_controller/install/custom_msgs/local/lib/python3.10/dist-packages/custom_msgs/_custom_msgs_s.ep.rosidl_typesupport_fastrtps_c.c
[0.964s] -- Up-to-date: /home/dron/ws_controller/install/custom_msgs/local/lib/python3.10/dist-packages/custom_msgs/libcustom_msgs__rosidl_generator_py.so
[0.964s] -- Up-to-date: /home/dron/ws_controller/install/custom_msgs/local/lib/python3.10/dist-packages/custom_msgs/custom_msgs_s__rosidl_typesupport_c.cpython-310-aarch64-linux-gnu.so
[0.964s] -- Up-to-date: /home/dron/ws_controller/install/custom_msgs/local/lib/python3.10/dist-packages/custom_msgs/_custom_msgs_s.ep.rosidl_typesupport_c.c
[0.965s] -- Up-to-date: /home/dron/ws_controller/install/custom_msgs/local/lib/python3.10/dist-packages/custom_msgs/__init__.py
[1.019s] Listing '/home/dron/ws_controller/install/custom_msgs/local/lib/python3.10/dist-packages/custom_msgs'...
[1.019s] Listing '/home/dron/ws_controller/install/custom_msgs/local/lib/python3.10/dist-packages/custom_msgs/msg'...
[1.030s] -- Up-to-date: /home/dron/ws_controller/install/custom_msgs/local/lib/python3.10/dist-packages/custom_msgs/custom_msgs_s__rosidl_typesupport_fastrtps_c.cpython-310-aarch64-linux-gnu.so
[1.031s] -- Up-to-date: /home/dron/ws_controller/install/custom_msgs/local/lib/python3.10/dist-packages/custom_msgs/custom_msgs_s__rosidl_typesupport_introspection_c.cpython-310-aarch64-linux-gnu.so
[1.031s] -- Up-to-date: /home/dron/ws_controller/install/custom_msgs/local/lib/python3.10/dist-packages/custom_msgs/custom_msgs_s__rosidl_typesupport_c.cpython-310-aarch64-linux-gnu.so
[1.032s] -- Up-to-date: /home/dron/ws_controller/install/custom_msgs/lib/libcustom_msgs__rosidl_generator_py.so
[1.032s] -- Up-to-date: /home/dron/ws_controller/install/custom_msgs/share/custom_msgs/msg/AccelData.idl
[1.033s] -- Up-to-date: /home/dron/ws_controller/install/custom_msgs/share/custom_msgs/msg/GyroData.idl
[1.033s] -- Up-to-date: /home/dron/ws_controller/install/custom_msgs/share/custom_msgs/msg/ImuData.idl
[1.033s] -- Up-to-date: /home/dron/ws_controller/install/custom_msgs/share/custom_msgs/msg/EstimatorData.idl
[1.033s] -- Up-to-date: /home/dron/ws_controller/install/custom_msgs/share/custom_msgs/msg/PossitionData.idl
[1.034s] -- Up-to-date: /home/dron/ws_controller/install/custom_msgs/share/custom_msgs/msg/SpeedData.idl
[1.034s] -- Up-to-date: /home/dron/ws_controller/install/custom_msgs/share/custom_msgs/msg/DataXYZ.idl
[1.034s] -- Up-to-date: /home/dron/ws_controller/install/custom_msgs/share/custom_msgs/msg/DroneStatus.idl
[1.034s] -- Up-to-date: /home/dron/ws_controller/install/custom_msgs/share/custom_msgs/msg/GeoData.idl
[1.034s] -- Up-to-date: /home/dron/ws_controller/install/custom_msgs/share/custom_msgs/msg/AccelData.msg
[1.035s] -- Up-to-date: /home/dron/ws_controller/install/custom_msgs/share/custom_msgs/msg/GyroData.msg
[1.035s] -- Up-to-date: /home/dron/ws_controller/install/custom_msgs/share/custom_msgs/msg/ImuData.msg
[1.035s] -- Up-to-date: /home/dron/ws_controller/install/custom_msgs/share/custom_msgs/msg/EstimatorData.msg
[1.035s] -- Up-to-date: /home/dron/ws_controller/install/custom_msgs/share/custom_msgs/msg/PossitionData.msg
[1.035s] -- Up-to-date: /home/dron/ws_controller/install/custom_msgs/share/custom_msgs/msg/SpeedData.msg
[1.036s] -- Up-to-date: /home/dron/ws_controller/install/custom_msgs/share/custom_msgs/msg/DataXYZ.msg
[1.036s] -- Up-to-date: /home/dron/ws_controller/install/custom_msgs/share/custom_msgs/msg/DroneStatus.msg
[1.036s] -- Up-to-date: /home/dron/ws_controller/install/custom_msgs/share/custom_msgs/msg/GeoData.msg
[1.036s] -- Up-to-date: /home/dron/ws_controller/install/custom_msgs/share/ament_index/resource_index/package_run_dependencies/custom_msgs
[1.036s] -- Up-to-date: /home/dron/ws_controller/install/custom_msgs/share/ament_index/resource_index/parent_prefix_path/custom_msgs
[1.037s] -- Up-to-date: /home/dron/ws_controller/install/custom_msgs/share/custom_msgs/environment/ament_prefix_path.sh
[1.037s] -- Up-to-date: /home/dron/ws_controller/install/custom_msgs/share/custom_msgs/environment/ament_prefix_path.dsv
[1.037s] -- Up-to-date: /home/dron/ws_controller/install/custom_msgs/share/custom_msgs/environment/path.sh
[1.037s] -- Up-to-date: /home/dron/ws_controller/install/custom_msgs/share/custom_msgs/environment/path.dsv
[1.037s] -- Up-to-date: /home/dron/ws_controller/install/custom_msgs/share/custom_msgs/local_setup.bash
[1.038s] -- Up-to-date: /home/dron/ws_controller/install/custom_msgs/share/custom_msgs/local_setup.sh
[1.038s] -- Up-to-date: /home/dron/ws_controller/install/custom_msgs/share/custom_msgs/local_setup.zsh
[1.038s] -- Up-to-date: /home/dron/ws_controller/install/custom_msgs/share/custom_msgs/local_setup.dsv
[1.038s] -- Installing: /home/dron/ws_controller/install/custom_msgs/share/custom_msgs/package.dsv
[1.038s] -- Up-to-date: /home/dron/ws_controller/install/custom_msgs/share/ament_index/resource_index/packages/custom_msgs
[1.039s] -- Up-to-date: /home/dron/ws_controller/install/custom_msgs/share/custom_msgs/cmake/export_custom_msgs__rosidl_generator_cExport.cmake
[1.039s] -- Up-to-date: /home/dron/ws_controller/install/custom_msgs/share/custom_msgs/cmake/export_custom_msgs__rosidl_generator_cExport-noconfig.cmake
[1.039s] -- Up-to-date: /home/dron/ws_controller/install/custom_msgs/share/custom_msgs/cmake/export_custom_msgs__rosidl_typesupport_fastrtps_cExport.cmake
[1.039s] -- Up-to-date: /home/dron/ws_controller/install/custom_msgs/share/custom_msgs/cmake/export_custom_msgs__rosidl_typesupport_fastrtps_cExport-noconfig.cmake
[1.039s] -- Up-to-date: /home/dron/ws_controller/install/custom_msgs/share/custom_msgs/cmake/custom_msgs__rosidl_typesupport_introspection_cExport.cmake
[1.040s] -- Up-to-date: /home/dron/ws_controller/install/custom_msgs/share/custom_msgs/cmake/custom_msgs__rosidl_typesupport_introspection_cExport-noconfig.cmake
[1.040s] -- Up-to-date: /home/dron/ws_controller/install/custom_msgs/share/custom_msgs/cmake/custom_msgs__rosidl_typesupport_cExport.cmake
[1.040s] -- Up-to-date: /home/dron/ws_controller/install/custom_msgs/share/custom_msgs/cmake/custom_msgs__rosidl_typesupport_cExport-noconfig.cmake
[1.040s] -- Up-to-date: /home/dron/ws_controller/install/custom_msgs/share/custom_msgs/cmake/export_custom_msgs__rosidl_generator_cppExport.cmake
[1.040s] -- Up-to-date: /home/dron/ws_controller/install/custom_msgs/share/custom_msgs/cmake/export_custom_msgs__rosidl_typesupport_fastrtps_cppExport.cmake
[1.041s] -- Up-to-date: /home/dron/ws_controller/install/custom_msgs/share/custom_msgs/cmake/export_custom_msgs__rosidl_typesupport_fastrtps_cppExport-noconfig.cmake
[1.041s] -- Up-to-date: /home/dron/ws_controller/install/custom_msgs/share/custom_msgs/cmake/custom_msgs__rosidl_typesupport_introspection_cppExport.cmake
[1.041s] -- Up-to-date: /home/dron/ws_controller/install/custom_msgs/share/custom_msgs/cmake/custom_msgs__rosidl_typesupport_introspection_cppExport-noconfig.cmake
[1.041s] -- Up-to-date: /home/dron/ws_controller/install/custom_msgs/share/custom_msgs/cmake/custom_msgs__rosidl_typesupport_cppExport.cmake
[1.041s] -- Up-to-date: /home/dron/ws_controller/install/custom_msgs/share/custom_msgs/cmake/custom_msgs__rosidl_typesupport_cppExport-noconfig.cmake
[1.041s] -- Up-to-date: /home/dron/ws_controller/install/custom_msgs/share/custom_msgs/cmake/export_custom_msgs__rosidl_generator_pyExport.cmake
[1.041s] -- Up-to-date: /home/dron/ws_controller/install/custom_msgs/share/custom_msgs/cmake/export_custom_msgs__rosidl_generator_pyExport-noconfig.cmake
[1.042s] -- Up-to-date: /home/dron/ws_controller/install/custom_msgs/share/custom_msgs/cmake/rosidl_cmake-extras.cmake
[1.042s] -- Up-to-date: /home/dron/ws_controller/install/custom_msgs/share/custom_msgs/cmake/ament_cmake_export_include_directories-extras.cmake
[1.042s] -- Up-to-date: /home/dron/ws_controller/install/custom_msgs/share/custom_msgs/cmake/ament_cmake_export_libraries-extras.cmake
[1.042s] -- Up-to-date: /home/dron/ws_controller/install/custom_msgs/share/custom_msgs/cmake/ament_cmake_export_targets-extras.cmake
[1.042s] -- Up-to-date: /home/dron/ws_controller/install/custom_msgs/share/custom_msgs/cmake/rosidl_cmake_export_typesupport_targets-extras.cmake
[1.042s] -- Up-to-date: /home/dron/ws_controller/install/custom_msgs/share/custom_msgs/cmake/ament_cmake_export_dependencies-extras.cmake
[1.043s] -- Up-to-date: /home/dron/ws_controller/install/custom_msgs/share/custom_msgs/cmake/rosidl_cmake_export_typesupport_libraries-extras.cmake
[1.043s] -- Up-to-date: /home/dron/ws_controller/install/custom_msgs/share/custom_msgs/cmake/custom_msgsConfig.cmake
[1.043s] -- Up-to-date: /home/dron/ws_controller/install/custom_msgs/share/custom_msgs/cmake/custom_msgsConfig-version.cmake
[1.043s] -- Up-to-date: /home/dron/ws_controller/install/custom_msgs/share/custom_msgs/package.xml
[1.047s] Invoked command in '/home/dron/ws_controller/build/custom_msgs' returned '0': CMAKE_PREFIX_PATH=${CMAKE_PREFIX_PATH}:/home/dron/ws_controller/install/log_data_pkg:/home/dron/ws_controller/install/flight_controller_pkg:/home/dron/ws_controller/install/flask_pkg:/opt/ros/humble /usr/bin/cmake --install /home/dron/ws_controller/build/custom_msgs
