[3.067s] Invoking command in '/home/dron/ws_controller/src/log_data_pkg': AMENT_PREFIX_PATH=/home/dron/ws_controller/install/custom_msgs:${AMENT_PREFIX_PATH} CMAKE_PREFIX_PATH=/home/dron/ws_controller/install/custom_msgs LD_LIBRARY_PATH=/home/dron/ws_controller/install/custom_msgs/lib:/usr/local/cuda-12.6/lib64:/opt/ros/humble/opt/rviz_ogre_vendor/lib:/opt/ros/humble/lib/aarch64-linux-gnu:/opt/ros/humble/lib:/usr/local/cuda-12.6/lib64 PYTHONPATH=/home/dron/ws_controller/build/log_data_pkg/prefix_override:/usr/lib/python3/dist-packages/colcon_core/task/python/colcon_distutils_commands:/home/dron/ws_controller/install/log_data_pkg/lib/python3.10/site-packages:/home/dron/ws_controller/install/custom_msgs/local/lib/python3.10/dist-packages:${PYTHONPATH} /usr/bin/python3 -W ignore:setup.py install is deprecated -W ignore:easy_install command is deprecated setup.py egg_info --egg-base ../../build/log_data_pkg build --build-base /home/dron/ws_controller/build/log_data_pkg/build install --record /home/dron/ws_controller/build/log_data_pkg/install.log --single-version-externally-managed install_data
[3.692s] running egg_info
[3.692s] creating ../../build/log_data_pkg/log_data_pkg.egg-info
[3.692s] writing ../../build/log_data_pkg/log_data_pkg.egg-info/PKG-INFO
[3.693s] writing dependency_links to ../../build/log_data_pkg/log_data_pkg.egg-info/dependency_links.txt
[3.693s] writing entry points to ../../build/log_data_pkg/log_data_pkg.egg-info/entry_points.txt
[3.693s] writing requirements to ../../build/log_data_pkg/log_data_pkg.egg-info/requires.txt
[3.693s] writing top-level names to ../../build/log_data_pkg/log_data_pkg.egg-info/top_level.txt
[3.694s] writing manifest file '../../build/log_data_pkg/log_data_pkg.egg-info/SOURCES.txt'
[3.698s] reading manifest file '../../build/log_data_pkg/log_data_pkg.egg-info/SOURCES.txt'
[3.699s] writing manifest file '../../build/log_data_pkg/log_data_pkg.egg-info/SOURCES.txt'
[3.700s] running build
[3.700s] running build_py
[3.700s] creating /home/dron/ws_controller/build/log_data_pkg/build
[3.701s] creating /home/dron/ws_controller/build/log_data_pkg/build/lib
[3.701s] creating /home/dron/ws_controller/build/log_data_pkg/build/lib/log_data_pkg
[3.701s] copying log_data_pkg/save_to_csv.py -> /home/dron/ws_controller/build/log_data_pkg/build/lib/log_data_pkg
[3.701s] copying log_data_pkg/__init__.py -> /home/dron/ws_controller/build/log_data_pkg/build/lib/log_data_pkg
[3.702s] running install
[3.703s] running install_lib
[3.709s] creating /home/dron/ws_controller/install/log_data_pkg/lib/python3.10/site-packages/log_data_pkg
[3.710s] copying /home/dron/ws_controller/build/log_data_pkg/build/lib/log_data_pkg/save_to_csv.py -> /home/dron/ws_controller/install/log_data_pkg/lib/python3.10/site-packages/log_data_pkg
[3.710s] copying /home/dron/ws_controller/build/log_data_pkg/build/lib/log_data_pkg/__init__.py -> /home/dron/ws_controller/install/log_data_pkg/lib/python3.10/site-packages/log_data_pkg
[3.710s] byte-compiling /home/dron/ws_controller/install/log_data_pkg/lib/python3.10/site-packages/log_data_pkg/save_to_csv.py to save_to_csv.cpython-310.pyc
[3.710s] byte-compiling /home/dron/ws_controller/install/log_data_pkg/lib/python3.10/site-packages/log_data_pkg/__init__.py to __init__.cpython-310.pyc
[3.710s] running install_data
[3.710s] creating /home/dron/ws_controller/install/log_data_pkg/share/ament_index
[3.711s] creating /home/dron/ws_controller/install/log_data_pkg/share/ament_index/resource_index
[3.711s] creating /home/dron/ws_controller/install/log_data_pkg/share/ament_index/resource_index/packages
[3.711s] copying resource/log_data_pkg -> /home/dron/ws_controller/install/log_data_pkg/share/ament_index/resource_index/packages
[3.711s] copying package.xml -> /home/dron/ws_controller/install/log_data_pkg/share/log_data_pkg
[3.711s] running install_egg_info
[3.714s] Copying ../../build/log_data_pkg/log_data_pkg.egg-info to /home/dron/ws_controller/install/log_data_pkg/lib/python3.10/site-packages/log_data_pkg-0.0.0-py3.10.egg-info
[3.716s] running install_scripts
[3.771s] Installing data_collector script to /home/dron/ws_controller/install/log_data_pkg/lib/log_data_pkg
[3.772s] writing list of installed files to '/home/dron/ws_controller/build/log_data_pkg/install.log'
[3.853s] Invoked command in '/home/dron/ws_controller/src/log_data_pkg' returned '0': AMENT_PREFIX_PATH=/home/dron/ws_controller/install/custom_msgs:${AMENT_PREFIX_PATH} CMAKE_PREFIX_PATH=/home/dron/ws_controller/install/custom_msgs LD_LIBRARY_PATH=/home/dron/ws_controller/install/custom_msgs/lib:/usr/local/cuda-12.6/lib64:/opt/ros/humble/opt/rviz_ogre_vendor/lib:/opt/ros/humble/lib/aarch64-linux-gnu:/opt/ros/humble/lib:/usr/local/cuda-12.6/lib64 PYTHONPATH=/home/dron/ws_controller/build/log_data_pkg/prefix_override:/usr/lib/python3/dist-packages/colcon_core/task/python/colcon_distutils_commands:/home/dron/ws_controller/install/log_data_pkg/lib/python3.10/site-packages:/home/dron/ws_controller/install/custom_msgs/local/lib/python3.10/dist-packages:${PYTHONPATH} /usr/bin/python3 -W ignore:setup.py install is deprecated -W ignore:easy_install command is deprecated setup.py egg_info --egg-base ../../build/log_data_pkg build --build-base /home/dron/ws_controller/build/log_data_pkg/build install --record /home/dron/ws_controller/build/log_data_pkg/install.log --single-version-externally-managed install_data
