[5.820s] Invoking command in '/home/dron/ws_controller/src/flight_controller_pkg': PYTHONPATH=/home/dron/ws_controller/build/flight_controller_pkg/prefix_override:/usr/lib/python3/dist-packages/colcon_core/task/python/colcon_distutils_commands:/home/dron/ws_controller/install/flight_controller_pkg/lib/python3.10/site-packages:${PYTHONPATH} VIRTUAL_ENV_PROMPT=(venv) /usr/bin/python3 -W ignore:setup.py install is deprecated -W ignore:easy_install command is deprecated setup.py egg_info --egg-base ../../build/flight_controller_pkg build --build-base /home/dron/ws_controller/build/flight_controller_pkg/build install --record /home/dron/ws_controller/build/flight_controller_pkg/install.log --single-version-externally-managed install_data
[7.221s] running egg_info
[7.224s] writing ../../build/flight_controller_pkg/flight_controller_pkg.egg-info/PKG-INFO
[7.227s] writing dependency_links to ../../build/flight_controller_pkg/flight_controller_pkg.egg-info/dependency_links.txt
[7.230s] writing entry points to ../../build/flight_controller_pkg/flight_controller_pkg.egg-info/entry_points.txt
[7.232s] writing requirements to ../../build/flight_controller_pkg/flight_controller_pkg.egg-info/requires.txt
[7.234s] writing top-level names to ../../build/flight_controller_pkg/flight_controller_pkg.egg-info/top_level.txt
[7.245s] reading manifest file '../../build/flight_controller_pkg/flight_controller_pkg.egg-info/SOURCES.txt'
[7.251s] writing manifest file '../../build/flight_controller_pkg/flight_controller_pkg.egg-info/SOURCES.txt'
[7.253s] running build
[7.253s] running build_py
[7.258s] copying flight_controller_pkg/fc_control.py -> /home/dron/ws_controller/build/flight_controller_pkg/build/lib/flight_controller_pkg
[7.262s] running install
[7.265s] running install_lib
[7.274s] copying /home/dron/ws_controller/build/flight_controller_pkg/build/lib/flight_controller_pkg/fc_control.py -> /home/dron/ws_controller/install/flight_controller_pkg/lib/python3.10/site-packages/flight_controller_pkg
[7.289s] byte-compiling /home/dron/ws_controller/install/flight_controller_pkg/lib/python3.10/site-packages/flight_controller_pkg/fc_control.py to fc_control.cpython-310.pyc
[7.312s] running install_data
[7.314s] running install_egg_info
[7.329s] removing '/home/dron/ws_controller/install/flight_controller_pkg/lib/python3.10/site-packages/flight_controller_pkg-0.0.0-py3.10.egg-info' (and everything under it)
[7.334s] Copying ../../build/flight_controller_pkg/flight_controller_pkg.egg-info to /home/dron/ws_controller/install/flight_controller_pkg/lib/python3.10/site-packages/flight_controller_pkg-0.0.0-py3.10.egg-info
[7.349s] running install_scripts
[7.492s] Installing fc_controller script to /home/dron/ws_controller/install/flight_controller_pkg/lib/flight_controller_pkg
[7.500s] writing list of installed files to '/home/dron/ws_controller/build/flight_controller_pkg/install.log'
[7.798s] Invoked command in '/home/dron/ws_controller/src/flight_controller_pkg' returned '0': PYTHONPATH=/home/dron/ws_controller/build/flight_controller_pkg/prefix_override:/usr/lib/python3/dist-packages/colcon_core/task/python/colcon_distutils_commands:/home/dron/ws_controller/install/flight_controller_pkg/lib/python3.10/site-packages:${PYTHONPATH} VIRTUAL_ENV_PROMPT=(venv) /usr/bin/python3 -W ignore:setup.py install is deprecated -W ignore:easy_install command is deprecated setup.py egg_info --egg-base ../../build/flight_controller_pkg build --build-base /home/dron/ws_controller/build/flight_controller_pkg/build install --record /home/dron/ws_controller/build/flight_controller_pkg/install.log --single-version-externally-managed install_data
