-- The C compiler identification is GNU 11.4.0
-- The CXX compiler identification is GNU 11.4.0
-- Detecting C compiler ABI info
-- Detecting C compiler ABI info - done
-- Check for working C compiler: /usr/bin/cc - skipped
-- Detecting C compile features
-- Detecting C compile features - done
-- Detecting CXX compiler ABI info
-- Detecting CXX compiler ABI info - done
-- Check for working CXX compiler: /usr/bin/c++ - skipped
-- Detecting CXX compile features
-- Detecting CXX compile features - done
-- Found ament_cmake: 1.3.11 (/opt/ros/humble/share/ament_cmake/cmake)
-- Found Python3: /usr/bin/python3 (found version "3.10.12") found components: Interpreter 
-- Found rosidl_default_generators: 1.2.0 (/opt/ros/humble/share/rosidl_default_generators/cmake)
-- Using all available rosidl_typesupport_c: rosidl_typesupport_fastrtps_c;rosidl_typesupport_introspection_c
-- Found rosidl_adapter: 3.1.6 (/opt/ros/humble/share/rosidl_adapter/cmake)
-- Using all available rosidl_typesupport_cpp: rosidl_typesupport_fastrtps_cpp;rosidl_typesupport_introspection_cpp
-- Found ament_cmake_ros: 0.10.0 (/opt/ros/humble/share/ament_cmake_ros/cmake)
-- Using all available rosidl_typesupport_c: rosidl_typesupport_fastrtps_c;rosidl_typesupport_introspection_c
-- Using all available rosidl_typesupport_cpp: rosidl_typesupport_fastrtps_cpp;rosidl_typesupport_introspection_cpp
-- Found PythonInterp: /usr/bin/python3 (found suitable version "3.10.12", minimum required is "3.6") 
-- Found python_cmake_module: 0.10.0 (/opt/ros/humble/share/python_cmake_module/cmake)
-- Found PythonLibs: /usr/lib/aarch64-linux-gnu/libpython3.10.so (found suitable version "3.10.12", minimum required is "3.5") 
-- Using PYTHON_EXECUTABLE: /usr/bin/python3
-- Using PYTHON_INCLUDE_DIRS: /usr/include/python3.10
-- Using PYTHON_LIBRARIES: /usr/lib/aarch64-linux-gnu/libpython3.10.so
-- Found PythonExtra: .so  
-- Found ament_lint_auto: 0.12.11 (/opt/ros/humble/share/ament_lint_auto/cmake)
-- Added test 'lint_cmake' to check CMake code style
-- Added test 'xmllint' to check XML markup files
-- Configuring done
-- Generating done
-- Build files have been written to: /home/dron/ws_controll/build/custom_msgs
[  1%] [34m[1mGenerating C code for ROS interfaces[0m
[  2%] [34m[1mGenerating C++ code for ROS interfaces[0m
[  2%] Built target ament_cmake_python_copy_custom_msgs
running egg_info
creating custom_msgs.egg-info
writing custom_msgs.egg-info/PKG-INFO
writing dependency_links to custom_msgs.egg-info/dependency_links.txt
writing top-level names to custom_msgs.egg-info/top_level.txt
writing manifest file 'custom_msgs.egg-info/SOURCES.txt'
reading manifest file 'custom_msgs.egg-info/SOURCES.txt'
writing manifest file 'custom_msgs.egg-info/SOURCES.txt'
[  2%] Built target ament_cmake_python_build_custom_msgs_egg
[  2%] Built target custom_msgs__cpp
[  3%] [34m[1mGenerating C++ type support dispatch for ROS interfaces[0m
[  5%] [34m[1mGenerating C++ type support for eProsima Fast-RTPS[0m
[  6%] [34m[1mGenerating C++ introspection for ROS interfaces[0m
[  8%] [32mBuilding C object CMakeFiles/custom_msgs__rosidl_generator_c.dir/rosidl_generator_c/custom_msgs/msg/detail/accel_data__functions.c.o[0m
[  8%] [32mBuilding C object CMakeFiles/custom_msgs__rosidl_generator_c.dir/rosidl_generator_c/custom_msgs/msg/detail/imu_data__functions.c.o[0m
[ 10%] [32mBuilding C object CMakeFiles/custom_msgs__rosidl_generator_c.dir/rosidl_generator_c/custom_msgs/msg/detail/gyro_data__functions.c.o[0m
[ 11%] [32mBuilding C object CMakeFiles/custom_msgs__rosidl_generator_c.dir/rosidl_generator_c/custom_msgs/msg/detail/estimator_data__functions.c.o[0m
[ 12%] [32mBuilding C object CMakeFiles/custom_msgs__rosidl_generator_c.dir/rosidl_generator_c/custom_msgs/msg/detail/possition_data__functions.c.o[0m
[ 13%] [32mBuilding C object CMakeFiles/custom_msgs__rosidl_generator_c.dir/rosidl_generator_c/custom_msgs/msg/detail/speed_data__functions.c.o[0m
[ 15%] [32mBuilding C object CMakeFiles/custom_msgs__rosidl_generator_c.dir/rosidl_generator_c/custom_msgs/msg/detail/data_xyz__functions.c.o[0m
[ 16%] [32m[1mLinking C shared library libcustom_msgs__rosidl_generator_c.so[0m
[ 16%] Built target custom_msgs__rosidl_generator_c
[ 20%] [34m[1mGenerating C type support for eProsima Fast-RTPS[0m
[ 20%] [34m[1mGenerating C type support dispatch for ROS interfaces[0m
[ 20%] [34m[1mGenerating C introspection for ROS interfaces[0m
[ 21%] [32mBuilding CXX object CMakeFiles/custom_msgs__rosidl_typesupport_cpp.dir/rosidl_typesupport_cpp/custom_msgs/msg/accel_data__type_support.cpp.o[0m
[ 22%] [32mBuilding CXX object CMakeFiles/custom_msgs__rosidl_typesupport_introspection_cpp.dir/rosidl_typesupport_introspection_cpp/custom_msgs/msg/detail/accel_data__type_support.cpp.o[0m
[ 24%] [32mBuilding CXX object CMakeFiles/custom_msgs__rosidl_typesupport_fastrtps_cpp.dir/rosidl_typesupport_fastrtps_cpp/custom_msgs/msg/detail/dds_fastrtps/accel_data__type_support.cpp.o[0m
[ 25%] [32mBuilding CXX object CMakeFiles/custom_msgs__rosidl_typesupport_c.dir/rosidl_typesupport_c/custom_msgs/msg/accel_data__type_support.cpp.o[0m
[ 26%] [32mBuilding CXX object CMakeFiles/custom_msgs__rosidl_typesupport_c.dir/rosidl_typesupport_c/custom_msgs/msg/gyro_data__type_support.cpp.o[0m
[ 27%] [32mBuilding CXX object CMakeFiles/custom_msgs__rosidl_typesupport_cpp.dir/rosidl_typesupport_cpp/custom_msgs/msg/gyro_data__type_support.cpp.o[0m
[ 29%] [32mBuilding CXX object CMakeFiles/custom_msgs__rosidl_typesupport_c.dir/rosidl_typesupport_c/custom_msgs/msg/imu_data__type_support.cpp.o[0m
[ 30%] [32mBuilding CXX object CMakeFiles/custom_msgs__rosidl_typesupport_c.dir/rosidl_typesupport_c/custom_msgs/msg/estimator_data__type_support.cpp.o[0m
[ 31%] [32mBuilding CXX object CMakeFiles/custom_msgs__rosidl_typesupport_c.dir/rosidl_typesupport_c/custom_msgs/msg/possition_data__type_support.cpp.o[0m
[ 32%] [32mBuilding CXX object CMakeFiles/custom_msgs__rosidl_typesupport_c.dir/rosidl_typesupport_c/custom_msgs/msg/speed_data__type_support.cpp.o[0m
[ 34%] [32mBuilding C object CMakeFiles/custom_msgs__rosidl_typesupport_introspection_c.dir/rosidl_typesupport_introspection_c/custom_msgs/msg/detail/accel_data__type_support.c.o[0m
[ 35%] [32mBuilding CXX object CMakeFiles/custom_msgs__rosidl_typesupport_c.dir/rosidl_typesupport_c/custom_msgs/msg/data_xyz__type_support.cpp.o[0m
[ 36%] [32mBuilding CXX object CMakeFiles/custom_msgs__rosidl_typesupport_fastrtps_c.dir/rosidl_typesupport_fastrtps_c/custom_msgs/msg/detail/accel_data__type_support_c.cpp.o[0m
[ 37%] [32mBuilding C object CMakeFiles/custom_msgs__rosidl_typesupport_introspection_c.dir/rosidl_typesupport_introspection_c/custom_msgs/msg/detail/gyro_data__type_support.c.o[0m
[ 39%] [32m[1mLinking CXX shared library libcustom_msgs__rosidl_typesupport_c.so[0m
[ 40%] [32mBuilding C object CMakeFiles/custom_msgs__rosidl_typesupport_introspection_c.dir/rosidl_typesupport_introspection_c/custom_msgs/msg/detail/imu_data__type_support.c.o[0m
[ 40%] Built target custom_msgs__rosidl_typesupport_c
[ 41%] [32mBuilding CXX object CMakeFiles/custom_msgs__rosidl_typesupport_fastrtps_c.dir/rosidl_typesupport_fastrtps_c/custom_msgs/msg/detail/gyro_data__type_support_c.cpp.o[0m
[ 43%] [32mBuilding C object CMakeFiles/custom_msgs__rosidl_typesupport_introspection_c.dir/rosidl_typesupport_introspection_c/custom_msgs/msg/detail/estimator_data__type_support.c.o[0m
[ 44%] [32mBuilding C object CMakeFiles/custom_msgs__rosidl_typesupport_introspection_c.dir/rosidl_typesupport_introspection_c/custom_msgs/msg/detail/possition_data__type_support.c.o[0m
[ 45%] [32mBuilding CXX object CMakeFiles/custom_msgs__rosidl_typesupport_introspection_cpp.dir/rosidl_typesupport_introspection_cpp/custom_msgs/msg/detail/gyro_data__type_support.cpp.o[0m
[ 46%] [32mBuilding C object CMakeFiles/custom_msgs__rosidl_typesupport_introspection_c.dir/rosidl_typesupport_introspection_c/custom_msgs/msg/detail/speed_data__type_support.c.o[0m
[ 48%] [32mBuilding CXX object CMakeFiles/custom_msgs__rosidl_typesupport_cpp.dir/rosidl_typesupport_cpp/custom_msgs/msg/imu_data__type_support.cpp.o[0m
[ 49%] [32mBuilding C object CMakeFiles/custom_msgs__rosidl_typesupport_introspection_c.dir/rosidl_typesupport_introspection_c/custom_msgs/msg/detail/data_xyz__type_support.c.o[0m
[ 50%] [32m[1mLinking C shared library libcustom_msgs__rosidl_typesupport_introspection_c.so[0m
[ 50%] Built target custom_msgs__rosidl_typesupport_introspection_c
[ 51%] [32mBuilding CXX object CMakeFiles/custom_msgs__rosidl_typesupport_fastrtps_c.dir/rosidl_typesupport_fastrtps_c/custom_msgs/msg/detail/imu_data__type_support_c.cpp.o[0m
[ 53%] [32mBuilding CXX object CMakeFiles/custom_msgs__rosidl_typesupport_fastrtps_cpp.dir/rosidl_typesupport_fastrtps_cpp/custom_msgs/msg/detail/dds_fastrtps/gyro_data__type_support.cpp.o[0m
[ 54%] [32mBuilding CXX object CMakeFiles/custom_msgs__rosidl_typesupport_fastrtps_cpp.dir/rosidl_typesupport_fastrtps_cpp/custom_msgs/msg/detail/dds_fastrtps/imu_data__type_support.cpp.o[0m
[ 55%] [32mBuilding CXX object CMakeFiles/custom_msgs__rosidl_typesupport_fastrtps_cpp.dir/rosidl_typesupport_fastrtps_cpp/custom_msgs/msg/detail/dds_fastrtps/estimator_data__type_support.cpp.o[0m
[ 56%] [32mBuilding CXX object CMakeFiles/custom_msgs__rosidl_typesupport_cpp.dir/rosidl_typesupport_cpp/custom_msgs/msg/estimator_data__type_support.cpp.o[0m
[ 58%] [32mBuilding CXX object CMakeFiles/custom_msgs__rosidl_typesupport_introspection_cpp.dir/rosidl_typesupport_introspection_cpp/custom_msgs/msg/detail/imu_data__type_support.cpp.o[0m
[ 59%] [32mBuilding CXX object CMakeFiles/custom_msgs__rosidl_typesupport_fastrtps_c.dir/rosidl_typesupport_fastrtps_c/custom_msgs/msg/detail/estimator_data__type_support_c.cpp.o[0m
[ 60%] [32mBuilding CXX object CMakeFiles/custom_msgs__rosidl_typesupport_fastrtps_cpp.dir/rosidl_typesupport_fastrtps_cpp/custom_msgs/msg/detail/dds_fastrtps/possition_data__type_support.cpp.o[0m
[ 62%] [32mBuilding CXX object CMakeFiles/custom_msgs__rosidl_typesupport_cpp.dir/rosidl_typesupport_cpp/custom_msgs/msg/possition_data__type_support.cpp.o[0m
[ 63%] [32mBuilding CXX object CMakeFiles/custom_msgs__rosidl_typesupport_cpp.dir/rosidl_typesupport_cpp/custom_msgs/msg/speed_data__type_support.cpp.o[0m
[ 64%] [32mBuilding CXX object CMakeFiles/custom_msgs__rosidl_typesupport_cpp.dir/rosidl_typesupport_cpp/custom_msgs/msg/data_xyz__type_support.cpp.o[0m
[ 65%] [32mBuilding CXX object CMakeFiles/custom_msgs__rosidl_typesupport_fastrtps_c.dir/rosidl_typesupport_fastrtps_c/custom_msgs/msg/detail/possition_data__type_support_c.cpp.o[0m
[ 67%] [32mBuilding CXX object CMakeFiles/custom_msgs__rosidl_typesupport_introspection_cpp.dir/rosidl_typesupport_introspection_cpp/custom_msgs/msg/detail/estimator_data__type_support.cpp.o[0m
[ 68%] [32mBuilding CXX object CMakeFiles/custom_msgs__rosidl_typesupport_introspection_cpp.dir/rosidl_typesupport_introspection_cpp/custom_msgs/msg/detail/possition_data__type_support.cpp.o[0m
[ 69%] [32mBuilding CXX object CMakeFiles/custom_msgs__rosidl_typesupport_fastrtps_cpp.dir/rosidl_typesupport_fastrtps_cpp/custom_msgs/msg/detail/dds_fastrtps/speed_data__type_support.cpp.o[0m
[ 70%] [32mBuilding CXX object CMakeFiles/custom_msgs__rosidl_typesupport_introspection_cpp.dir/rosidl_typesupport_introspection_cpp/custom_msgs/msg/detail/speed_data__type_support.cpp.o[0m
[ 72%] [32m[1mLinking CXX shared library libcustom_msgs__rosidl_typesupport_cpp.so[0m
[ 72%] Built target custom_msgs__rosidl_typesupport_cpp
[ 73%] [32mBuilding CXX object CMakeFiles/custom_msgs__rosidl_typesupport_introspection_cpp.dir/rosidl_typesupport_introspection_cpp/custom_msgs/msg/detail/data_xyz__type_support.cpp.o[0m
[ 74%] [32mBuilding CXX object CMakeFiles/custom_msgs__rosidl_typesupport_fastrtps_c.dir/rosidl_typesupport_fastrtps_c/custom_msgs/msg/detail/speed_data__type_support_c.cpp.o[0m
[ 75%] [32mBuilding CXX object CMakeFiles/custom_msgs__rosidl_typesupport_fastrtps_c.dir/rosidl_typesupport_fastrtps_c/custom_msgs/msg/detail/data_xyz__type_support_c.cpp.o[0m
[ 77%] [32mBuilding CXX object CMakeFiles/custom_msgs__rosidl_typesupport_fastrtps_cpp.dir/rosidl_typesupport_fastrtps_cpp/custom_msgs/msg/detail/dds_fastrtps/data_xyz__type_support.cpp.o[0m
[ 78%] [32m[1mLinking CXX shared library libcustom_msgs__rosidl_typesupport_introspection_cpp.so[0m
[ 79%] [32m[1mLinking CXX shared library libcustom_msgs__rosidl_typesupport_fastrtps_c.so[0m
[ 79%] Built target custom_msgs__rosidl_typesupport_introspection_cpp
[ 79%] Built target custom_msgs__rosidl_typesupport_fastrtps_c
[ 81%] [32m[1mLinking CXX shared library libcustom_msgs__rosidl_typesupport_fastrtps_cpp.so[0m
[ 81%] Built target custom_msgs__rosidl_typesupport_fastrtps_cpp
[ 81%] Built target custom_msgs
[ 82%] [34m[1mGenerating Python code for ROS interfaces[0m
[ 82%] Built target custom_msgs__py
[ 84%] [32mBuilding C object CMakeFiles/custom_msgs__rosidl_generator_py.dir/rosidl_generator_py/custom_msgs/msg/_accel_data_s.c.o[0m
[ 87%] [32mBuilding C object CMakeFiles/custom_msgs__rosidl_generator_py.dir/rosidl_generator_py/custom_msgs/msg/_imu_data_s.c.o[0m
[ 84%] [32mBuilding C object CMakeFiles/custom_msgs__rosidl_generator_py.dir/rosidl_generator_py/custom_msgs/msg/_estimator_data_s.c.o[0m
[ 87%] [32mBuilding C object CMakeFiles/custom_msgs__rosidl_generator_py.dir/rosidl_generator_py/custom_msgs/msg/_speed_data_s.c.o[0m
[ 88%] [32mBuilding C object CMakeFiles/custom_msgs__rosidl_generator_py.dir/rosidl_generator_py/custom_msgs/msg/_possition_data_s.c.o[0m
[ 89%] [32mBuilding C object CMakeFiles/custom_msgs__rosidl_generator_py.dir/rosidl_generator_py/custom_msgs/msg/_gyro_data_s.c.o[0m
[ 91%] [32mBuilding C object CMakeFiles/custom_msgs__rosidl_generator_py.dir/rosidl_generator_py/custom_msgs/msg/_data_xyz_s.c.o[0m
[ 92%] [32m[1mLinking C shared library rosidl_generator_py/custom_msgs/libcustom_msgs__rosidl_generator_py.so[0m
[ 92%] Built target custom_msgs__rosidl_generator_py
[ 96%] [32mBuilding C object CMakeFiles/custom_msgs__rosidl_typesupport_c__pyext.dir/rosidl_generator_py/custom_msgs/_custom_msgs_s.ep.rosidl_typesupport_c.c.o[0m
[ 96%] [32mBuilding C object CMakeFiles/custom_msgs__rosidl_typesupport_introspection_c__pyext.dir/rosidl_generator_py/custom_msgs/_custom_msgs_s.ep.rosidl_typesupport_introspection_c.c.o[0m
[ 96%] [32mBuilding C object CMakeFiles/custom_msgs__rosidl_typesupport_fastrtps_c__pyext.dir/rosidl_generator_py/custom_msgs/_custom_msgs_s.ep.rosidl_typesupport_fastrtps_c.c.o[0m
[ 97%] [32m[1mLinking C shared library rosidl_generator_py/custom_msgs/custom_msgs_s__rosidl_typesupport_introspection_c.cpython-310-aarch64-linux-gnu.so[0m
[100%] [32m[1mLinking C shared library rosidl_generator_py/custom_msgs/custom_msgs_s__rosidl_typesupport_fastrtps_c.cpython-310-aarch64-linux-gnu.so[0m
[100%] [32m[1mLinking C shared library rosidl_generator_py/custom_msgs/custom_msgs_s__rosidl_typesupport_c.cpython-310-aarch64-linux-gnu.so[0m
[100%] Built target custom_msgs__rosidl_typesupport_introspection_c__pyext
[100%] Built target custom_msgs__rosidl_typesupport_c__pyext
[100%] Built target custom_msgs__rosidl_typesupport_fastrtps_c__pyext
-- Install configuration: ""
-- Installing: /home/dron/ws_controll/install/custom_msgs/share/ament_index/resource_index/rosidl_interfaces/custom_msgs
-- Installing: /home/dron/ws_controll/install/custom_msgs/include/custom_msgs/custom_msgs
-- Installing: /home/dron/ws_controll/install/custom_msgs/include/custom_msgs/custom_msgs/msg
-- Installing: /home/dron/ws_controll/install/custom_msgs/include/custom_msgs/custom_msgs/msg/rosidl_generator_c__visibility_control.h
-- Installing: /home/dron/ws_controll/install/custom_msgs/include/custom_msgs/custom_msgs/msg/gyro_data.h
-- Installing: /home/dron/ws_controll/install/custom_msgs/include/custom_msgs/custom_msgs/msg/imu_data.h
-- Installing: /home/dron/ws_controll/install/custom_msgs/include/custom_msgs/custom_msgs/msg/speed_data.h
-- Installing: /home/dron/ws_controll/install/custom_msgs/include/custom_msgs/custom_msgs/msg/data_xyz.h
-- Installing: /home/dron/ws_controll/install/custom_msgs/include/custom_msgs/custom_msgs/msg/estimator_data.h
-- Installing: /home/dron/ws_controll/install/custom_msgs/include/custom_msgs/custom_msgs/msg/detail
-- Installing: /home/dron/ws_controll/install/custom_msgs/include/custom_msgs/custom_msgs/msg/detail/accel_data__struct.h
-- Installing: /home/dron/ws_controll/install/custom_msgs/include/custom_msgs/custom_msgs/msg/detail/estimator_data__functions.h
-- Installing: /home/dron/ws_controll/install/custom_msgs/include/custom_msgs/custom_msgs/msg/detail/imu_data__struct.h
-- Installing: /home/dron/ws_controll/install/custom_msgs/include/custom_msgs/custom_msgs/msg/detail/data_xyz__functions.h
-- Installing: /home/dron/ws_controll/install/custom_msgs/include/custom_msgs/custom_msgs/msg/detail/speed_data__type_support.h
-- Installing: /home/dron/ws_controll/install/custom_msgs/include/custom_msgs/custom_msgs/msg/detail/data_xyz__struct.h
-- Installing: /home/dron/ws_controll/install/custom_msgs/include/custom_msgs/custom_msgs/msg/detail/data_xyz__type_support.h
-- Installing: /home/dron/ws_controll/install/custom_msgs/include/custom_msgs/custom_msgs/msg/detail/speed_data__functions.c
-- Installing: /home/dron/ws_controll/install/custom_msgs/include/custom_msgs/custom_msgs/msg/detail/imu_data__type_support.h
-- Installing: /home/dron/ws_controll/install/custom_msgs/include/custom_msgs/custom_msgs/msg/detail/estimator_data__type_support.h
-- Installing: /home/dron/ws_controll/install/custom_msgs/include/custom_msgs/custom_msgs/msg/detail/imu_data__functions.c
-- Installing: /home/dron/ws_controll/install/custom_msgs/include/custom_msgs/custom_msgs/msg/detail/gyro_data__struct.h
-- Installing: /home/dron/ws_controll/install/custom_msgs/include/custom_msgs/custom_msgs/msg/detail/gyro_data__functions.h
-- Installing: /home/dron/ws_controll/install/custom_msgs/include/custom_msgs/custom_msgs/msg/detail/gyro_data__functions.c
-- Installing: /home/dron/ws_controll/install/custom_msgs/include/custom_msgs/custom_msgs/msg/detail/gyro_data__type_support.h
-- Installing: /home/dron/ws_controll/install/custom_msgs/include/custom_msgs/custom_msgs/msg/detail/possition_data__functions.c
-- Installing: /home/dron/ws_controll/install/custom_msgs/include/custom_msgs/custom_msgs/msg/detail/accel_data__type_support.h
-- Installing: /home/dron/ws_controll/install/custom_msgs/include/custom_msgs/custom_msgs/msg/detail/accel_data__functions.c
-- Installing: /home/dron/ws_controll/install/custom_msgs/include/custom_msgs/custom_msgs/msg/detail/accel_data__functions.h
-- Installing: /home/dron/ws_controll/install/custom_msgs/include/custom_msgs/custom_msgs/msg/detail/imu_data__functions.h
-- Installing: /home/dron/ws_controll/install/custom_msgs/include/custom_msgs/custom_msgs/msg/detail/estimator_data__functions.c
-- Installing: /home/dron/ws_controll/install/custom_msgs/include/custom_msgs/custom_msgs/msg/detail/speed_data__functions.h
-- Installing: /home/dron/ws_controll/install/custom_msgs/include/custom_msgs/custom_msgs/msg/detail/possition_data__functions.h
-- Installing: /home/dron/ws_controll/install/custom_msgs/include/custom_msgs/custom_msgs/msg/detail/possition_data__struct.h
-- Installing: /home/dron/ws_controll/install/custom_msgs/include/custom_msgs/custom_msgs/msg/detail/data_xyz__functions.c
-- Installing: /home/dron/ws_controll/install/custom_msgs/include/custom_msgs/custom_msgs/msg/detail/possition_data__type_support.h
-- Installing: /home/dron/ws_controll/install/custom_msgs/include/custom_msgs/custom_msgs/msg/detail/speed_data__struct.h
-- Installing: /home/dron/ws_controll/install/custom_msgs/include/custom_msgs/custom_msgs/msg/detail/estimator_data__struct.h
-- Installing: /home/dron/ws_controll/install/custom_msgs/include/custom_msgs/custom_msgs/msg/accel_data.h
-- Installing: /home/dron/ws_controll/install/custom_msgs/include/custom_msgs/custom_msgs/msg/possition_data.h
-- Installing: /home/dron/ws_controll/install/custom_msgs/share/custom_msgs/environment/library_path.sh
-- Installing: /home/dron/ws_controll/install/custom_msgs/share/custom_msgs/environment/library_path.dsv
-- Installing: /home/dron/ws_controll/install/custom_msgs/lib/libcustom_msgs__rosidl_generator_c.so
-- Set runtime path of "/home/dron/ws_controll/install/custom_msgs/lib/libcustom_msgs__rosidl_generator_c.so" to ""
-- Up-to-date: /home/dron/ws_controll/install/custom_msgs/include/custom_msgs/custom_msgs
-- Up-to-date: /home/dron/ws_controll/install/custom_msgs/include/custom_msgs/custom_msgs/msg
-- Installing: /home/dron/ws_controll/install/custom_msgs/include/custom_msgs/custom_msgs/msg/rosidl_typesupport_fastrtps_c__visibility_control.h
-- Up-to-date: /home/dron/ws_controll/install/custom_msgs/include/custom_msgs/custom_msgs/msg/detail
-- Installing: /home/dron/ws_controll/install/custom_msgs/include/custom_msgs/custom_msgs/msg/detail/accel_data__rosidl_typesupport_fastrtps_c.h
-- Installing: /home/dron/ws_controll/install/custom_msgs/include/custom_msgs/custom_msgs/msg/detail/data_xyz__rosidl_typesupport_fastrtps_c.h
-- Installing: /home/dron/ws_controll/install/custom_msgs/include/custom_msgs/custom_msgs/msg/detail/possition_data__rosidl_typesupport_fastrtps_c.h
-- Installing: /home/dron/ws_controll/install/custom_msgs/include/custom_msgs/custom_msgs/msg/detail/estimator_data__rosidl_typesupport_fastrtps_c.h
-- Installing: /home/dron/ws_controll/install/custom_msgs/include/custom_msgs/custom_msgs/msg/detail/speed_data__rosidl_typesupport_fastrtps_c.h
-- Installing: /home/dron/ws_controll/install/custom_msgs/include/custom_msgs/custom_msgs/msg/detail/imu_data__rosidl_typesupport_fastrtps_c.h
-- Installing: /home/dron/ws_controll/install/custom_msgs/include/custom_msgs/custom_msgs/msg/detail/gyro_data__rosidl_typesupport_fastrtps_c.h
-- Installing: /home/dron/ws_controll/install/custom_msgs/lib/libcustom_msgs__rosidl_typesupport_fastrtps_c.so
-- Set runtime path of "/home/dron/ws_controll/install/custom_msgs/lib/libcustom_msgs__rosidl_typesupport_fastrtps_c.so" to ""
-- Up-to-date: /home/dron/ws_controll/install/custom_msgs/include/custom_msgs/custom_msgs
-- Up-to-date: /home/dron/ws_controll/install/custom_msgs/include/custom_msgs/custom_msgs/msg
-- Installing: /home/dron/ws_controll/install/custom_msgs/include/custom_msgs/custom_msgs/msg/rosidl_typesupport_introspection_c__visibility_control.h
-- Up-to-date: /home/dron/ws_controll/install/custom_msgs/include/custom_msgs/custom_msgs/msg/detail
-- Installing: /home/dron/ws_controll/install/custom_msgs/include/custom_msgs/custom_msgs/msg/detail/data_xyz__type_support.c
-- Installing: /home/dron/ws_controll/install/custom_msgs/include/custom_msgs/custom_msgs/msg/detail/imu_data__type_support.c
-- Installing: /home/dron/ws_controll/install/custom_msgs/include/custom_msgs/custom_msgs/msg/detail/accel_data__type_support.c
-- Installing: /home/dron/ws_controll/install/custom_msgs/include/custom_msgs/custom_msgs/msg/detail/data_xyz__rosidl_typesupport_introspection_c.h
-- Installing: /home/dron/ws_controll/install/custom_msgs/include/custom_msgs/custom_msgs/msg/detail/speed_data__rosidl_typesupport_introspection_c.h
-- Installing: /home/dron/ws_controll/install/custom_msgs/include/custom_msgs/custom_msgs/msg/detail/estimator_data__type_support.c
-- Installing: /home/dron/ws_controll/install/custom_msgs/include/custom_msgs/custom_msgs/msg/detail/gyro_data__type_support.c
-- Installing: /home/dron/ws_controll/install/custom_msgs/include/custom_msgs/custom_msgs/msg/detail/possition_data__rosidl_typesupport_introspection_c.h
-- Installing: /home/dron/ws_controll/install/custom_msgs/include/custom_msgs/custom_msgs/msg/detail/possition_data__type_support.c
-- Installing: /home/dron/ws_controll/install/custom_msgs/include/custom_msgs/custom_msgs/msg/detail/imu_data__rosidl_typesupport_introspection_c.h
-- Installing: /home/dron/ws_controll/install/custom_msgs/include/custom_msgs/custom_msgs/msg/detail/speed_data__type_support.c
-- Installing: /home/dron/ws_controll/install/custom_msgs/include/custom_msgs/custom_msgs/msg/detail/accel_data__rosidl_typesupport_introspection_c.h
-- Installing: /home/dron/ws_controll/install/custom_msgs/include/custom_msgs/custom_msgs/msg/detail/estimator_data__rosidl_typesupport_introspection_c.h
-- Installing: /home/dron/ws_controll/install/custom_msgs/include/custom_msgs/custom_msgs/msg/detail/gyro_data__rosidl_typesupport_introspection_c.h
-- Installing: /home/dron/ws_controll/install/custom_msgs/lib/libcustom_msgs__rosidl_typesupport_introspection_c.so
-- Set runtime path of "/home/dron/ws_controll/install/custom_msgs/lib/libcustom_msgs__rosidl_typesupport_introspection_c.so" to ""
-- Installing: /home/dron/ws_controll/install/custom_msgs/lib/libcustom_msgs__rosidl_typesupport_c.so
-- Set runtime path of "/home/dron/ws_controll/install/custom_msgs/lib/libcustom_msgs__rosidl_typesupport_c.so" to ""
-- Up-to-date: /home/dron/ws_controll/install/custom_msgs/include/custom_msgs/custom_msgs
-- Up-to-date: /home/dron/ws_controll/install/custom_msgs/include/custom_msgs/custom_msgs/msg
-- Installing: /home/dron/ws_controll/install/custom_msgs/include/custom_msgs/custom_msgs/msg/gyro_data.hpp
-- Installing: /home/dron/ws_controll/install/custom_msgs/include/custom_msgs/custom_msgs/msg/rosidl_generator_cpp__visibility_control.hpp
-- Installing: /home/dron/ws_controll/install/custom_msgs/include/custom_msgs/custom_msgs/msg/imu_data.hpp
-- Installing: /home/dron/ws_controll/install/custom_msgs/include/custom_msgs/custom_msgs/msg/data_xyz.hpp
-- Installing: /home/dron/ws_controll/install/custom_msgs/include/custom_msgs/custom_msgs/msg/estimator_data.hpp
-- Installing: /home/dron/ws_controll/install/custom_msgs/include/custom_msgs/custom_msgs/msg/possition_data.hpp
-- Installing: /home/dron/ws_controll/install/custom_msgs/include/custom_msgs/custom_msgs/msg/speed_data.hpp
-- Installing: /home/dron/ws_controll/install/custom_msgs/include/custom_msgs/custom_msgs/msg/accel_data.hpp
-- Up-to-date: /home/dron/ws_controll/install/custom_msgs/include/custom_msgs/custom_msgs/msg/detail
-- Installing: /home/dron/ws_controll/install/custom_msgs/include/custom_msgs/custom_msgs/msg/detail/possition_data__traits.hpp
-- Installing: /home/dron/ws_controll/install/custom_msgs/include/custom_msgs/custom_msgs/msg/detail/possition_data__type_support.hpp
-- Installing: /home/dron/ws_controll/install/custom_msgs/include/custom_msgs/custom_msgs/msg/detail/accel_data__struct.hpp
-- Installing: /home/dron/ws_controll/install/custom_msgs/include/custom_msgs/custom_msgs/msg/detail/possition_data__struct.hpp
-- Installing: /home/dron/ws_controll/install/custom_msgs/include/custom_msgs/custom_msgs/msg/detail/gyro_data__traits.hpp
-- Installing: /home/dron/ws_controll/install/custom_msgs/include/custom_msgs/custom_msgs/msg/detail/gyro_data__builder.hpp
-- Installing: /home/dron/ws_controll/install/custom_msgs/include/custom_msgs/custom_msgs/msg/detail/speed_data__builder.hpp
-- Installing: /home/dron/ws_controll/install/custom_msgs/include/custom_msgs/custom_msgs/msg/detail/gyro_data__type_support.hpp
-- Installing: /home/dron/ws_controll/install/custom_msgs/include/custom_msgs/custom_msgs/msg/detail/possition_data__builder.hpp
-- Installing: /home/dron/ws_controll/install/custom_msgs/include/custom_msgs/custom_msgs/msg/detail/speed_data__traits.hpp
-- Installing: /home/dron/ws_controll/install/custom_msgs/include/custom_msgs/custom_msgs/msg/detail/data_xyz__builder.hpp
-- Installing: /home/dron/ws_controll/install/custom_msgs/include/custom_msgs/custom_msgs/msg/detail/imu_data__type_support.hpp
-- Installing: /home/dron/ws_controll/install/custom_msgs/include/custom_msgs/custom_msgs/msg/detail/imu_data__traits.hpp
-- Installing: /home/dron/ws_controll/install/custom_msgs/include/custom_msgs/custom_msgs/msg/detail/estimator_data__type_support.hpp
-- Installing: /home/dron/ws_controll/install/custom_msgs/include/custom_msgs/custom_msgs/msg/detail/speed_data__type_support.hpp
-- Installing: /home/dron/ws_controll/install/custom_msgs/include/custom_msgs/custom_msgs/msg/detail/imu_data__builder.hpp
-- Installing: /home/dron/ws_controll/install/custom_msgs/include/custom_msgs/custom_msgs/msg/detail/data_xyz__struct.hpp
-- Installing: /home/dron/ws_controll/install/custom_msgs/include/custom_msgs/custom_msgs/msg/detail/accel_data__type_support.hpp
-- Installing: /home/dron/ws_controll/install/custom_msgs/include/custom_msgs/custom_msgs/msg/detail/estimator_data__traits.hpp
-- Installing: /home/dron/ws_controll/install/custom_msgs/include/custom_msgs/custom_msgs/msg/detail/accel_data__builder.hpp
-- Installing: /home/dron/ws_controll/install/custom_msgs/include/custom_msgs/custom_msgs/msg/detail/accel_data__traits.hpp
-- Installing: /home/dron/ws_controll/install/custom_msgs/include/custom_msgs/custom_msgs/msg/detail/imu_data__struct.hpp
-- Installing: /home/dron/ws_controll/install/custom_msgs/include/custom_msgs/custom_msgs/msg/detail/estimator_data__builder.hpp
-- Installing: /home/dron/ws_controll/install/custom_msgs/include/custom_msgs/custom_msgs/msg/detail/speed_data__struct.hpp
-- Installing: /home/dron/ws_controll/install/custom_msgs/include/custom_msgs/custom_msgs/msg/detail/estimator_data__struct.hpp
-- Installing: /home/dron/ws_controll/install/custom_msgs/include/custom_msgs/custom_msgs/msg/detail/gyro_data__struct.hpp
-- Installing: /home/dron/ws_controll/install/custom_msgs/include/custom_msgs/custom_msgs/msg/detail/data_xyz__type_support.hpp
-- Installing: /home/dron/ws_controll/install/custom_msgs/include/custom_msgs/custom_msgs/msg/detail/data_xyz__traits.hpp
-- Up-to-date: /home/dron/ws_controll/install/custom_msgs/include/custom_msgs/custom_msgs
-- Up-to-date: /home/dron/ws_controll/install/custom_msgs/include/custom_msgs/custom_msgs/msg
-- Installing: /home/dron/ws_controll/install/custom_msgs/include/custom_msgs/custom_msgs/msg/rosidl_typesupport_fastrtps_cpp__visibility_control.h
-- Up-to-date: /home/dron/ws_controll/install/custom_msgs/include/custom_msgs/custom_msgs/msg/detail
-- Installing: /home/dron/ws_controll/install/custom_msgs/include/custom_msgs/custom_msgs/msg/detail/gyro_data__rosidl_typesupport_fastrtps_cpp.hpp
-- Installing: /home/dron/ws_controll/install/custom_msgs/include/custom_msgs/custom_msgs/msg/detail/data_xyz__rosidl_typesupport_fastrtps_cpp.hpp
-- Installing: /home/dron/ws_controll/install/custom_msgs/include/custom_msgs/custom_msgs/msg/detail/dds_fastrtps
-- Installing: /home/dron/ws_controll/install/custom_msgs/include/custom_msgs/custom_msgs/msg/detail/speed_data__rosidl_typesupport_fastrtps_cpp.hpp
-- Installing: /home/dron/ws_controll/install/custom_msgs/include/custom_msgs/custom_msgs/msg/detail/imu_data__rosidl_typesupport_fastrtps_cpp.hpp
-- Installing: /home/dron/ws_controll/install/custom_msgs/include/custom_msgs/custom_msgs/msg/detail/accel_data__rosidl_typesupport_fastrtps_cpp.hpp
-- Installing: /home/dron/ws_controll/install/custom_msgs/include/custom_msgs/custom_msgs/msg/detail/estimator_data__rosidl_typesupport_fastrtps_cpp.hpp
-- Installing: /home/dron/ws_controll/install/custom_msgs/include/custom_msgs/custom_msgs/msg/detail/possition_data__rosidl_typesupport_fastrtps_cpp.hpp
-- Installing: /home/dron/ws_controll/install/custom_msgs/lib/libcustom_msgs__rosidl_typesupport_fastrtps_cpp.so
-- Set runtime path of "/home/dron/ws_controll/install/custom_msgs/lib/libcustom_msgs__rosidl_typesupport_fastrtps_cpp.so" to ""
-- Up-to-date: /home/dron/ws_controll/install/custom_msgs/include/custom_msgs/custom_msgs
-- Up-to-date: /home/dron/ws_controll/install/custom_msgs/include/custom_msgs/custom_msgs/msg
-- Up-to-date: /home/dron/ws_controll/install/custom_msgs/include/custom_msgs/custom_msgs/msg/detail
-- Installing: /home/dron/ws_controll/install/custom_msgs/include/custom_msgs/custom_msgs/msg/detail/estimator_data__type_support.cpp
-- Installing: /home/dron/ws_controll/install/custom_msgs/include/custom_msgs/custom_msgs/msg/detail/speed_data__type_support.cpp
-- Installing: /home/dron/ws_controll/install/custom_msgs/include/custom_msgs/custom_msgs/msg/detail/data_xyz__rosidl_typesupport_introspection_cpp.hpp
-- Installing: /home/dron/ws_controll/install/custom_msgs/include/custom_msgs/custom_msgs/msg/detail/accel_data__type_support.cpp
-- Installing: /home/dron/ws_controll/install/custom_msgs/include/custom_msgs/custom_msgs/msg/detail/accel_data__rosidl_typesupport_introspection_cpp.hpp
-- Installing: /home/dron/ws_controll/install/custom_msgs/include/custom_msgs/custom_msgs/msg/detail/gyro_data__type_support.cpp
-- Installing: /home/dron/ws_controll/install/custom_msgs/include/custom_msgs/custom_msgs/msg/detail/data_xyz__type_support.cpp
-- Installing: /home/dron/ws_controll/install/custom_msgs/include/custom_msgs/custom_msgs/msg/detail/speed_data__rosidl_typesupport_introspection_cpp.hpp
-- Installing: /home/dron/ws_controll/install/custom_msgs/include/custom_msgs/custom_msgs/msg/detail/possition_data__rosidl_typesupport_introspection_cpp.hpp
-- Installing: /home/dron/ws_controll/install/custom_msgs/include/custom_msgs/custom_msgs/msg/detail/estimator_data__rosidl_typesupport_introspection_cpp.hpp
-- Installing: /home/dron/ws_controll/install/custom_msgs/include/custom_msgs/custom_msgs/msg/detail/imu_data__type_support.cpp
-- Installing: /home/dron/ws_controll/install/custom_msgs/include/custom_msgs/custom_msgs/msg/detail/imu_data__rosidl_typesupport_introspection_cpp.hpp
-- Installing: /home/dron/ws_controll/install/custom_msgs/include/custom_msgs/custom_msgs/msg/detail/gyro_data__rosidl_typesupport_introspection_cpp.hpp
-- Installing: /home/dron/ws_controll/install/custom_msgs/include/custom_msgs/custom_msgs/msg/detail/possition_data__type_support.cpp
-- Installing: /home/dron/ws_controll/install/custom_msgs/lib/libcustom_msgs__rosidl_typesupport_introspection_cpp.so
-- Set runtime path of "/home/dron/ws_controll/install/custom_msgs/lib/libcustom_msgs__rosidl_typesupport_introspection_cpp.so" to ""
-- Installing: /home/dron/ws_controll/install/custom_msgs/lib/libcustom_msgs__rosidl_typesupport_cpp.so
-- Set runtime path of "/home/dron/ws_controll/install/custom_msgs/lib/libcustom_msgs__rosidl_typesupport_cpp.so" to ""
-- Installing: /home/dron/ws_controll/install/custom_msgs/share/custom_msgs/environment/pythonpath.sh
-- Installing: /home/dron/ws_controll/install/custom_msgs/share/custom_msgs/environment/pythonpath.dsv
-- Installing: /home/dron/ws_controll/install/custom_msgs/local/lib/python3.10/dist-packages/custom_msgs-0.0.0-py3.10.egg-info
-- Installing: /home/dron/ws_controll/install/custom_msgs/local/lib/python3.10/dist-packages/custom_msgs-0.0.0-py3.10.egg-info/SOURCES.txt
-- Installing: /home/dron/ws_controll/install/custom_msgs/local/lib/python3.10/dist-packages/custom_msgs-0.0.0-py3.10.egg-info/dependency_links.txt
-- Installing: /home/dron/ws_controll/install/custom_msgs/local/lib/python3.10/dist-packages/custom_msgs-0.0.0-py3.10.egg-info/top_level.txt
-- Installing: /home/dron/ws_controll/install/custom_msgs/local/lib/python3.10/dist-packages/custom_msgs-0.0.0-py3.10.egg-info/PKG-INFO
-- Installing: /home/dron/ws_controll/install/custom_msgs/local/lib/python3.10/dist-packages/custom_msgs
-- Installing: /home/dron/ws_controll/install/custom_msgs/local/lib/python3.10/dist-packages/custom_msgs/custom_msgs_s__rosidl_typesupport_fastrtps_c.cpython-310-aarch64-linux-gnu.so
-- Installing: /home/dron/ws_controll/install/custom_msgs/local/lib/python3.10/dist-packages/custom_msgs/custom_msgs_s__rosidl_typesupport_introspection_c.cpython-310-aarch64-linux-gnu.so
-- Installing: /home/dron/ws_controll/install/custom_msgs/local/lib/python3.10/dist-packages/custom_msgs/_custom_msgs_s.ep.rosidl_typesupport_introspection_c.c
-- Installing: /home/dron/ws_controll/install/custom_msgs/local/lib/python3.10/dist-packages/custom_msgs/msg
-- Installing: /home/dron/ws_controll/install/custom_msgs/local/lib/python3.10/dist-packages/custom_msgs/msg/_data_xyz.py
-- Installing: /home/dron/ws_controll/install/custom_msgs/local/lib/python3.10/dist-packages/custom_msgs/msg/_gyro_data_s.c
-- Installing: /home/dron/ws_controll/install/custom_msgs/local/lib/python3.10/dist-packages/custom_msgs/msg/_possition_data_s.c
-- Installing: /home/dron/ws_controll/install/custom_msgs/local/lib/python3.10/dist-packages/custom_msgs/msg/_estimator_data.py
-- Installing: /home/dron/ws_controll/install/custom_msgs/local/lib/python3.10/dist-packages/custom_msgs/msg/_gyro_data.py
-- Installing: /home/dron/ws_controll/install/custom_msgs/local/lib/python3.10/dist-packages/custom_msgs/msg/_data_xyz_s.c
-- Installing: /home/dron/ws_controll/install/custom_msgs/local/lib/python3.10/dist-packages/custom_msgs/msg/_speed_data.py
-- Installing: /home/dron/ws_controll/install/custom_msgs/local/lib/python3.10/dist-packages/custom_msgs/msg/_estimator_data_s.c
-- Installing: /home/dron/ws_controll/install/custom_msgs/local/lib/python3.10/dist-packages/custom_msgs/msg/_accel_data.py
-- Installing: /home/dron/ws_controll/install/custom_msgs/local/lib/python3.10/dist-packages/custom_msgs/msg/_accel_data_s.c
-- Installing: /home/dron/ws_controll/install/custom_msgs/local/lib/python3.10/dist-packages/custom_msgs/msg/_speed_data_s.c
-- Installing: /home/dron/ws_controll/install/custom_msgs/local/lib/python3.10/dist-packages/custom_msgs/msg/_imu_data_s.c
-- Installing: /home/dron/ws_controll/install/custom_msgs/local/lib/python3.10/dist-packages/custom_msgs/msg/_imu_data.py
-- Installing: /home/dron/ws_controll/install/custom_msgs/local/lib/python3.10/dist-packages/custom_msgs/msg/_possition_data.py
-- Installing: /home/dron/ws_controll/install/custom_msgs/local/lib/python3.10/dist-packages/custom_msgs/msg/__init__.py
-- Installing: /home/dron/ws_controll/install/custom_msgs/local/lib/python3.10/dist-packages/custom_msgs/_custom_msgs_s.ep.rosidl_typesupport_fastrtps_c.c
-- Installing: /home/dron/ws_controll/install/custom_msgs/local/lib/python3.10/dist-packages/custom_msgs/libcustom_msgs__rosidl_generator_py.so
-- Installing: /home/dron/ws_controll/install/custom_msgs/local/lib/python3.10/dist-packages/custom_msgs/custom_msgs_s__rosidl_typesupport_c.cpython-310-aarch64-linux-gnu.so
-- Installing: /home/dron/ws_controll/install/custom_msgs/local/lib/python3.10/dist-packages/custom_msgs/_custom_msgs_s.ep.rosidl_typesupport_c.c
-- Installing: /home/dron/ws_controll/install/custom_msgs/local/lib/python3.10/dist-packages/custom_msgs/__init__.py
Listing '/home/dron/ws_controll/install/custom_msgs/local/lib/python3.10/dist-packages/custom_msgs'...
Compiling '/home/dron/ws_controll/install/custom_msgs/local/lib/python3.10/dist-packages/custom_msgs/__init__.py'...
Listing '/home/dron/ws_controll/install/custom_msgs/local/lib/python3.10/dist-packages/custom_msgs/msg'...
Compiling '/home/dron/ws_controll/install/custom_msgs/local/lib/python3.10/dist-packages/custom_msgs/msg/__init__.py'...
Compiling '/home/dron/ws_controll/install/custom_msgs/local/lib/python3.10/dist-packages/custom_msgs/msg/_accel_data.py'...
Compiling '/home/dron/ws_controll/install/custom_msgs/local/lib/python3.10/dist-packages/custom_msgs/msg/_data_xyz.py'...
Compiling '/home/dron/ws_controll/install/custom_msgs/local/lib/python3.10/dist-packages/custom_msgs/msg/_estimator_data.py'...
Compiling '/home/dron/ws_controll/install/custom_msgs/local/lib/python3.10/dist-packages/custom_msgs/msg/_gyro_data.py'...
Compiling '/home/dron/ws_controll/install/custom_msgs/local/lib/python3.10/dist-packages/custom_msgs/msg/_imu_data.py'...
Compiling '/home/dron/ws_controll/install/custom_msgs/local/lib/python3.10/dist-packages/custom_msgs/msg/_possition_data.py'...
Compiling '/home/dron/ws_controll/install/custom_msgs/local/lib/python3.10/dist-packages/custom_msgs/msg/_speed_data.py'...
-- Installing: /home/dron/ws_controll/install/custom_msgs/local/lib/python3.10/dist-packages/custom_msgs/custom_msgs_s__rosidl_typesupport_fastrtps_c.cpython-310-aarch64-linux-gnu.so
-- Set runtime path of "/home/dron/ws_controll/install/custom_msgs/local/lib/python3.10/dist-packages/custom_msgs/custom_msgs_s__rosidl_typesupport_fastrtps_c.cpython-310-aarch64-linux-gnu.so" to ""
-- Installing: /home/dron/ws_controll/install/custom_msgs/local/lib/python3.10/dist-packages/custom_msgs/custom_msgs_s__rosidl_typesupport_introspection_c.cpython-310-aarch64-linux-gnu.so
-- Set runtime path of "/home/dron/ws_controll/install/custom_msgs/local/lib/python3.10/dist-packages/custom_msgs/custom_msgs_s__rosidl_typesupport_introspection_c.cpython-310-aarch64-linux-gnu.so" to ""
-- Installing: /home/dron/ws_controll/install/custom_msgs/local/lib/python3.10/dist-packages/custom_msgs/custom_msgs_s__rosidl_typesupport_c.cpython-310-aarch64-linux-gnu.so
-- Set runtime path of "/home/dron/ws_controll/install/custom_msgs/local/lib/python3.10/dist-packages/custom_msgs/custom_msgs_s__rosidl_typesupport_c.cpython-310-aarch64-linux-gnu.so" to ""
-- Installing: /home/dron/ws_controll/install/custom_msgs/lib/libcustom_msgs__rosidl_generator_py.so
-- Set runtime path of "/home/dron/ws_controll/install/custom_msgs/lib/libcustom_msgs__rosidl_generator_py.so" to ""
-- Installing: /home/dron/ws_controll/install/custom_msgs/share/custom_msgs/msg/AccelData.idl
-- Installing: /home/dron/ws_controll/install/custom_msgs/share/custom_msgs/msg/GyroData.idl
-- Installing: /home/dron/ws_controll/install/custom_msgs/share/custom_msgs/msg/ImuData.idl
-- Installing: /home/dron/ws_controll/install/custom_msgs/share/custom_msgs/msg/EstimatorData.idl
-- Installing: /home/dron/ws_controll/install/custom_msgs/share/custom_msgs/msg/PossitionData.idl
-- Installing: /home/dron/ws_controll/install/custom_msgs/share/custom_msgs/msg/SpeedData.idl
-- Installing: /home/dron/ws_controll/install/custom_msgs/share/custom_msgs/msg/DataXYZ.idl
-- Installing: /home/dron/ws_controll/install/custom_msgs/share/custom_msgs/msg/AccelData.msg
-- Installing: /home/dron/ws_controll/install/custom_msgs/share/custom_msgs/msg/GyroData.msg
-- Installing: /home/dron/ws_controll/install/custom_msgs/share/custom_msgs/msg/ImuData.msg
-- Installing: /home/dron/ws_controll/install/custom_msgs/share/custom_msgs/msg/EstimatorData.msg
-- Installing: /home/dron/ws_controll/install/custom_msgs/share/custom_msgs/msg/PossitionData.msg
-- Installing: /home/dron/ws_controll/install/custom_msgs/share/custom_msgs/msg/SpeedData.msg
-- Installing: /home/dron/ws_controll/install/custom_msgs/share/custom_msgs/msg/DataXYZ.msg
-- Installing: /home/dron/ws_controll/install/custom_msgs/share/ament_index/resource_index/package_run_dependencies/custom_msgs
-- Installing: /home/dron/ws_controll/install/custom_msgs/share/ament_index/resource_index/parent_prefix_path/custom_msgs
-- Installing: /home/dron/ws_controll/install/custom_msgs/share/custom_msgs/environment/ament_prefix_path.sh
-- Installing: /home/dron/ws_controll/install/custom_msgs/share/custom_msgs/environment/ament_prefix_path.dsv
-- Installing: /home/dron/ws_controll/install/custom_msgs/share/custom_msgs/environment/path.sh
-- Installing: /home/dron/ws_controll/install/custom_msgs/share/custom_msgs/environment/path.dsv
-- Installing: /home/dron/ws_controll/install/custom_msgs/share/custom_msgs/local_setup.bash
-- Installing: /home/dron/ws_controll/install/custom_msgs/share/custom_msgs/local_setup.sh
-- Installing: /home/dron/ws_controll/install/custom_msgs/share/custom_msgs/local_setup.zsh
-- Installing: /home/dron/ws_controll/install/custom_msgs/share/custom_msgs/local_setup.dsv
-- Installing: /home/dron/ws_controll/install/custom_msgs/share/custom_msgs/package.dsv
-- Installing: /home/dron/ws_controll/install/custom_msgs/share/ament_index/resource_index/packages/custom_msgs
-- Installing: /home/dron/ws_controll/install/custom_msgs/share/custom_msgs/cmake/export_custom_msgs__rosidl_generator_cExport.cmake
-- Installing: /home/dron/ws_controll/install/custom_msgs/share/custom_msgs/cmake/export_custom_msgs__rosidl_generator_cExport-noconfig.cmake
-- Installing: /home/dron/ws_controll/install/custom_msgs/share/custom_msgs/cmake/export_custom_msgs__rosidl_typesupport_fastrtps_cExport.cmake
-- Installing: /home/dron/ws_controll/install/custom_msgs/share/custom_msgs/cmake/export_custom_msgs__rosidl_typesupport_fastrtps_cExport-noconfig.cmake
-- Installing: /home/dron/ws_controll/install/custom_msgs/share/custom_msgs/cmake/custom_msgs__rosidl_typesupport_introspection_cExport.cmake
-- Installing: /home/dron/ws_controll/install/custom_msgs/share/custom_msgs/cmake/custom_msgs__rosidl_typesupport_introspection_cExport-noconfig.cmake
-- Installing: /home/dron/ws_controll/install/custom_msgs/share/custom_msgs/cmake/custom_msgs__rosidl_typesupport_cExport.cmake
-- Installing: /home/dron/ws_controll/install/custom_msgs/share/custom_msgs/cmake/custom_msgs__rosidl_typesupport_cExport-noconfig.cmake
-- Installing: /home/dron/ws_controll/install/custom_msgs/share/custom_msgs/cmake/export_custom_msgs__rosidl_generator_cppExport.cmake
-- Installing: /home/dron/ws_controll/install/custom_msgs/share/custom_msgs/cmake/export_custom_msgs__rosidl_typesupport_fastrtps_cppExport.cmake
-- Installing: /home/dron/ws_controll/install/custom_msgs/share/custom_msgs/cmake/export_custom_msgs__rosidl_typesupport_fastrtps_cppExport-noconfig.cmake
-- Installing: /home/dron/ws_controll/install/custom_msgs/share/custom_msgs/cmake/custom_msgs__rosidl_typesupport_introspection_cppExport.cmake
-- Installing: /home/dron/ws_controll/install/custom_msgs/share/custom_msgs/cmake/custom_msgs__rosidl_typesupport_introspection_cppExport-noconfig.cmake
-- Installing: /home/dron/ws_controll/install/custom_msgs/share/custom_msgs/cmake/custom_msgs__rosidl_typesupport_cppExport.cmake
-- Installing: /home/dron/ws_controll/install/custom_msgs/share/custom_msgs/cmake/custom_msgs__rosidl_typesupport_cppExport-noconfig.cmake
-- Installing: /home/dron/ws_controll/install/custom_msgs/share/custom_msgs/cmake/export_custom_msgs__rosidl_generator_pyExport.cmake
-- Installing: /home/dron/ws_controll/install/custom_msgs/share/custom_msgs/cmake/export_custom_msgs__rosidl_generator_pyExport-noconfig.cmake
-- Installing: /home/dron/ws_controll/install/custom_msgs/share/custom_msgs/cmake/rosidl_cmake-extras.cmake
-- Installing: /home/dron/ws_controll/install/custom_msgs/share/custom_msgs/cmake/ament_cmake_export_include_directories-extras.cmake
-- Installing: /home/dron/ws_controll/install/custom_msgs/share/custom_msgs/cmake/ament_cmake_export_libraries-extras.cmake
-- Installing: /home/dron/ws_controll/install/custom_msgs/share/custom_msgs/cmake/ament_cmake_export_targets-extras.cmake
-- Installing: /home/dron/ws_controll/install/custom_msgs/share/custom_msgs/cmake/rosidl_cmake_export_typesupport_targets-extras.cmake
-- Installing: /home/dron/ws_controll/install/custom_msgs/share/custom_msgs/cmake/ament_cmake_export_dependencies-extras.cmake
-- Installing: /home/dron/ws_controll/install/custom_msgs/share/custom_msgs/cmake/rosidl_cmake_export_typesupport_libraries-extras.cmake
-- Installing: /home/dron/ws_controll/install/custom_msgs/share/custom_msgs/cmake/custom_msgsConfig.cmake
-- Installing: /home/dron/ws_controll/install/custom_msgs/share/custom_msgs/cmake/custom_msgsConfig-version.cmake
-- Installing: /home/dron/ws_controll/install/custom_msgs/share/custom_msgs/package.xml
