[3.037s] Invoking command in '/home/dron/ws_controll/src/flight_controller_pkg': AMENT_PREFIX_PATH=/home/dron/ws_controll/install/custom_msgs:${AMENT_PREFIX_PATH} CMAKE_PREFIX_PATH=/home/dron/ws_controll/install/custom_msgs LD_LIBRARY_PATH=/home/dron/ws_controll/install/custom_msgs/lib:/usr/local/cuda-12.6/lib64:/opt/ros/humble/opt/rviz_ogre_vendor/lib:/opt/ros/humble/lib/aarch64-linux-gnu:/opt/ros/humble/lib:/usr/local/cuda-12.6/lib64 PYTHONPATH=/home/dron/ws_controll/build/flight_controller_pkg/prefix_override:/usr/lib/python3/dist-packages/colcon_core/task/python/colcon_distutils_commands:/home/dron/ws_controll/install/flight_controller_pkg/lib/python3.10/site-packages:/home/dron/ws_controll/install/custom_msgs/local/lib/python3.10/dist-packages:${PYTHONPATH} /usr/bin/python3 -W ignore:setup.py install is deprecated -W ignore:easy_install command is deprecated setup.py egg_info --egg-base ../../build/flight_controller_pkg build --build-base /home/dron/ws_controll/build/flight_controller_pkg/build install --record /home/dron/ws_controll/build/flight_controller_pkg/install.log --single-version-externally-managed install_data
[3.669s] running egg_info
[3.670s] creating ../../build/flight_controller_pkg/flight_controller_pkg.egg-info
[3.670s] writing ../../build/flight_controller_pkg/flight_controller_pkg.egg-info/PKG-INFO
[3.671s] writing dependency_links to ../../build/flight_controller_pkg/flight_controller_pkg.egg-info/dependency_links.txt
[3.672s] writing entry points to ../../build/flight_controller_pkg/flight_controller_pkg.egg-info/entry_points.txt
[3.672s] writing requirements to ../../build/flight_controller_pkg/flight_controller_pkg.egg-info/requires.txt
[3.673s] writing top-level names to ../../build/flight_controller_pkg/flight_controller_pkg.egg-info/top_level.txt
[3.673s] writing manifest file '../../build/flight_controller_pkg/flight_controller_pkg.egg-info/SOURCES.txt'
[3.677s] reading manifest file '../../build/flight_controller_pkg/flight_controller_pkg.egg-info/SOURCES.txt'
[3.679s] writing manifest file '../../build/flight_controller_pkg/flight_controller_pkg.egg-info/SOURCES.txt'
[3.680s] running build
[3.680s] running build_py
[3.681s] creating /home/dron/ws_controll/build/flight_controller_pkg/build
[3.681s] creating /home/dron/ws_controll/build/flight_controller_pkg/build/lib
[3.681s] creating /home/dron/ws_controll/build/flight_controller_pkg/build/lib/flight_controller_pkg
[3.682s] copying flight_controller_pkg/MavlinkHz.py -> /home/dron/ws_controll/build/flight_controller_pkg/build/lib/flight_controller_pkg
[3.682s] copying flight_controller_pkg/imu_reader.py -> /home/dron/ws_controll/build/flight_controller_pkg/build/lib/flight_controller_pkg
[3.682s] copying flight_controller_pkg/__init__.py -> /home/dron/ws_controll/build/flight_controller_pkg/build/lib/flight_controller_pkg
[3.683s] running install
[3.683s] running install_lib
[3.684s] creating /home/dron/ws_controll/install/flight_controller_pkg/lib/python3.10/site-packages/flight_controller_pkg
[3.685s] copying /home/dron/ws_controll/build/flight_controller_pkg/build/lib/flight_controller_pkg/MavlinkHz.py -> /home/dron/ws_controll/install/flight_controller_pkg/lib/python3.10/site-packages/flight_controller_pkg
[3.685s] copying /home/dron/ws_controll/build/flight_controller_pkg/build/lib/flight_controller_pkg/imu_reader.py -> /home/dron/ws_controll/install/flight_controller_pkg/lib/python3.10/site-packages/flight_controller_pkg
[3.685s] copying /home/dron/ws_controll/build/flight_controller_pkg/build/lib/flight_controller_pkg/__init__.py -> /home/dron/ws_controll/install/flight_controller_pkg/lib/python3.10/site-packages/flight_controller_pkg
[3.686s] byte-compiling /home/dron/ws_controll/install/flight_controller_pkg/lib/python3.10/site-packages/flight_controller_pkg/MavlinkHz.py to MavlinkHz.cpython-310.pyc
[3.687s] byte-compiling /home/dron/ws_controll/install/flight_controller_pkg/lib/python3.10/site-packages/flight_controller_pkg/imu_reader.py to imu_reader.cpython-310.pyc
[3.689s] byte-compiling /home/dron/ws_controll/install/flight_controller_pkg/lib/python3.10/site-packages/flight_controller_pkg/__init__.py to __init__.cpython-310.pyc
[3.690s] running install_data
[3.691s] creating /home/dron/ws_controll/install/flight_controller_pkg/share/ament_index
[3.691s] creating /home/dron/ws_controll/install/flight_controller_pkg/share/ament_index/resource_index
[3.692s] creating /home/dron/ws_controll/install/flight_controller_pkg/share/ament_index/resource_index/packages
[3.692s] copying resource/flight_controller_pkg -> /home/dron/ws_controll/install/flight_controller_pkg/share/ament_index/resource_index/packages
[3.692s] copying package.xml -> /home/dron/ws_controll/install/flight_controller_pkg/share/flight_controller_pkg
[3.692s] running install_egg_info
[3.696s] Copying ../../build/flight_controller_pkg/flight_controller_pkg.egg-info to /home/dron/ws_controll/install/flight_controller_pkg/lib/python3.10/site-packages/flight_controller_pkg-0.0.0-py3.10.egg-info
[3.698s] running install_scripts
[3.797s] Installing imu_reader script to /home/dron/ws_controll/install/flight_controller_pkg/lib/flight_controller_pkg
[3.798s] writing list of installed files to '/home/dron/ws_controll/build/flight_controller_pkg/install.log'
[3.932s] Invoked command in '/home/dron/ws_controll/src/flight_controller_pkg' returned '0': AMENT_PREFIX_PATH=/home/dron/ws_controll/install/custom_msgs:${AMENT_PREFIX_PATH} CMAKE_PREFIX_PATH=/home/dron/ws_controll/install/custom_msgs LD_LIBRARY_PATH=/home/dron/ws_controll/install/custom_msgs/lib:/usr/local/cuda-12.6/lib64:/opt/ros/humble/opt/rviz_ogre_vendor/lib:/opt/ros/humble/lib/aarch64-linux-gnu:/opt/ros/humble/lib:/usr/local/cuda-12.6/lib64 PYTHONPATH=/home/dron/ws_controll/build/flight_controller_pkg/prefix_override:/usr/lib/python3/dist-packages/colcon_core/task/python/colcon_distutils_commands:/home/dron/ws_controll/install/flight_controller_pkg/lib/python3.10/site-packages:/home/dron/ws_controll/install/custom_msgs/local/lib/python3.10/dist-packages:${PYTHONPATH} /usr/bin/python3 -W ignore:setup.py install is deprecated -W ignore:easy_install command is deprecated setup.py egg_info --egg-base ../../build/flight_controller_pkg build --build-base /home/dron/ws_controll/build/flight_controller_pkg/build install --record /home/dron/ws_controll/build/flight_controller_pkg/install.log --single-version-externally-managed install_data
