[0.256s] DEBUG:colcon:Command line arguments: ['/usr/bin/colcon', 'build']
[0.256s] DEBUG:colcon:Parsed command line arguments: Namespace(log_base=None, log_level=None, verb_name='build', build_base='build', install_base='install', merge_install=False, symlink_install=False, test_result_base=None, continue_on_error=False, executor='parallel', parallel_workers=6, event_handlers=None, ignore_user_meta=False, metas=['./colcon.meta'], base_paths=['.'], packages_ignore=None, packages_ignore_regex=None, paths=None, packages_up_to=None, packages_up_to_regex=None, packages_above=None, packages_above_and_dependencies=None, packages_above_depth=None, packages_select_by_dep=None, packages_skip_by_dep=None, packages_skip_up_to=None, packages_select_build_failed=False, packages_skip_build_finished=False, packages_select_test_failures=False, packages_skip_test_passed=False, packages_select=None, packages_skip=None, packages_select_regex=None, packages_skip_regex=None, packages_start=None, packages_end=None, allow_overriding=[], cmake_args=None, cmake_target=None, cmake_target_skip_unavailable=False, cmake_clean_cache=False, cmake_clean_first=False, cmake_force_configure=False, ament_cmake_args=None, catkin_cmake_args=None, catkin_skip_building_tests=False, mixin_files=None, mixin=None, verb_parser=<colcon_mixin.mixin.mixin_argument.MixinArgumentDecorator object at 0xffffb73fcd60>, verb_extension=<colcon_core.verb.build.BuildVerb object at 0xffffb7636200>, main=<bound method BuildVerb.main of <colcon_core.verb.build.BuildVerb object at 0xffffb7636200>>, mixin_verb=('build',))
[0.686s] Level 1:colcon.colcon_core.package_discovery:discover_packages(colcon_meta) check parameters
[0.686s] Level 1:colcon.colcon_core.package_discovery:discover_packages(recursive) check parameters
[0.686s] Level 1:colcon.colcon_core.package_discovery:discover_packages(ignore) check parameters
[0.686s] Level 1:colcon.colcon_core.package_discovery:discover_packages(path) check parameters
[0.686s] Level 1:colcon.colcon_core.package_discovery:discover_packages(colcon_meta) discover
[0.686s] Level 1:colcon.colcon_core.package_discovery:discover_packages(recursive) discover
[0.687s] INFO:colcon.colcon_core.package_discovery:Crawling recursively for packages in '/home/dron/ws_controll'
[0.687s] Level 1:colcon.colcon_core.package_identification:_identify(.) by extensions ['ignore', 'ignore_ament_install']
[0.687s] Level 1:colcon.colcon_core.package_identification:_identify(.) by extension 'ignore'
[0.687s] Level 1:colcon.colcon_core.package_identification:_identify(.) by extension 'ignore_ament_install'
[0.687s] Level 1:colcon.colcon_core.package_identification:_identify(.) by extensions ['colcon_pkg']
[0.687s] Level 1:colcon.colcon_core.package_identification:_identify(.) by extension 'colcon_pkg'
[0.688s] Level 1:colcon.colcon_core.package_identification:_identify(.) by extensions ['colcon_meta']
[0.688s] Level 1:colcon.colcon_core.package_identification:_identify(.) by extension 'colcon_meta'
[0.688s] Level 1:colcon.colcon_core.package_identification:_identify(.) by extensions ['ros']
[0.688s] Level 1:colcon.colcon_core.package_identification:_identify(.) by extension 'ros'
[0.714s] Level 1:colcon.colcon_core.package_identification:_identify(.) by extensions ['cmake', 'python']
[0.714s] Level 1:colcon.colcon_core.package_identification:_identify(.) by extension 'cmake'
[0.714s] Level 1:colcon.colcon_core.package_identification:_identify(.) by extension 'python'
[0.715s] Level 1:colcon.colcon_core.package_identification:_identify(.) by extensions ['python_setup_py']
[0.715s] Level 1:colcon.colcon_core.package_identification:_identify(.) by extension 'python_setup_py'
[0.715s] Level 1:colcon.colcon_core.package_identification:_identify(build) by extensions ['ignore', 'ignore_ament_install']
[0.715s] Level 1:colcon.colcon_core.package_identification:_identify(build) by extension 'ignore'
[0.715s] Level 1:colcon.colcon_core.package_identification:_identify(build) ignored
[0.716s] Level 1:colcon.colcon_core.package_identification:_identify(install) by extensions ['ignore', 'ignore_ament_install']
[0.716s] Level 1:colcon.colcon_core.package_identification:_identify(install) by extension 'ignore'
[0.716s] Level 1:colcon.colcon_core.package_identification:_identify(install) ignored
[0.716s] Level 1:colcon.colcon_core.package_identification:_identify(log) by extensions ['ignore', 'ignore_ament_install']
[0.716s] Level 1:colcon.colcon_core.package_identification:_identify(log) by extension 'ignore'
[0.717s] Level 1:colcon.colcon_core.package_identification:_identify(log) ignored
[0.717s] Level 1:colcon.colcon_core.package_identification:_identify(src) by extensions ['ignore', 'ignore_ament_install']
[0.717s] Level 1:colcon.colcon_core.package_identification:_identify(src) by extension 'ignore'
[0.717s] Level 1:colcon.colcon_core.package_identification:_identify(src) by extension 'ignore_ament_install'
[0.717s] Level 1:colcon.colcon_core.package_identification:_identify(src) by extensions ['colcon_pkg']
[0.717s] Level 1:colcon.colcon_core.package_identification:_identify(src) by extension 'colcon_pkg'
[0.717s] Level 1:colcon.colcon_core.package_identification:_identify(src) by extensions ['colcon_meta']
[0.718s] Level 1:colcon.colcon_core.package_identification:_identify(src) by extension 'colcon_meta'
[0.718s] Level 1:colcon.colcon_core.package_identification:_identify(src) by extensions ['ros']
[0.718s] Level 1:colcon.colcon_core.package_identification:_identify(src) by extension 'ros'
[0.718s] Level 1:colcon.colcon_core.package_identification:_identify(src) by extensions ['cmake', 'python']
[0.718s] Level 1:colcon.colcon_core.package_identification:_identify(src) by extension 'cmake'
[0.718s] Level 1:colcon.colcon_core.package_identification:_identify(src) by extension 'python'
[0.718s] Level 1:colcon.colcon_core.package_identification:_identify(src) by extensions ['python_setup_py']
[0.718s] Level 1:colcon.colcon_core.package_identification:_identify(src) by extension 'python_setup_py'
[0.719s] Level 1:colcon.colcon_core.package_identification:_identify(src/custom_msgs) by extensions ['ignore', 'ignore_ament_install']
[0.719s] Level 1:colcon.colcon_core.package_identification:_identify(src/custom_msgs) by extension 'ignore'
[0.719s] Level 1:colcon.colcon_core.package_identification:_identify(src/custom_msgs) by extension 'ignore_ament_install'
[0.719s] Level 1:colcon.colcon_core.package_identification:_identify(src/custom_msgs) by extensions ['colcon_pkg']
[0.719s] Level 1:colcon.colcon_core.package_identification:_identify(src/custom_msgs) by extension 'colcon_pkg'
[0.719s] Level 1:colcon.colcon_core.package_identification:_identify(src/custom_msgs) by extensions ['colcon_meta']
[0.719s] Level 1:colcon.colcon_core.package_identification:_identify(src/custom_msgs) by extension 'colcon_meta'
[0.719s] Level 1:colcon.colcon_core.package_identification:_identify(src/custom_msgs) by extensions ['ros']
[0.720s] Level 1:colcon.colcon_core.package_identification:_identify(src/custom_msgs) by extension 'ros'
[0.755s] DEBUG:colcon.colcon_core.package_identification:Package 'src/custom_msgs' with type 'ros.ament_cmake' and name 'custom_msgs'
[0.756s] Level 1:colcon.colcon_core.package_identification:_identify(src/flask_pkg) by extensions ['ignore', 'ignore_ament_install']
[0.756s] Level 1:colcon.colcon_core.package_identification:_identify(src/flask_pkg) by extension 'ignore'
[0.756s] Level 1:colcon.colcon_core.package_identification:_identify(src/flask_pkg) by extension 'ignore_ament_install'
[0.757s] Level 1:colcon.colcon_core.package_identification:_identify(src/flask_pkg) by extensions ['colcon_pkg']
[0.757s] Level 1:colcon.colcon_core.package_identification:_identify(src/flask_pkg) by extension 'colcon_pkg'
[0.757s] Level 1:colcon.colcon_core.package_identification:_identify(src/flask_pkg) by extensions ['colcon_meta']
[0.757s] Level 1:colcon.colcon_core.package_identification:_identify(src/flask_pkg) by extension 'colcon_meta'
[0.757s] Level 1:colcon.colcon_core.package_identification:_identify(src/flask_pkg) by extensions ['ros']
[0.757s] Level 1:colcon.colcon_core.package_identification:_identify(src/flask_pkg) by extension 'ros'
[0.760s] DEBUG:colcon.colcon_core.package_identification:Package 'src/flask_pkg' with type 'ros.ament_python' and name 'flask_pkg'
[0.760s] Level 1:colcon.colcon_core.package_identification:_identify(src/flight_controller_pkg) by extensions ['ignore', 'ignore_ament_install']
[0.760s] Level 1:colcon.colcon_core.package_identification:_identify(src/flight_controller_pkg) by extension 'ignore'
[0.760s] Level 1:colcon.colcon_core.package_identification:_identify(src/flight_controller_pkg) by extension 'ignore_ament_install'
[0.761s] Level 1:colcon.colcon_core.package_identification:_identify(src/flight_controller_pkg) by extensions ['colcon_pkg']
[0.761s] Level 1:colcon.colcon_core.package_identification:_identify(src/flight_controller_pkg) by extension 'colcon_pkg'
[0.761s] Level 1:colcon.colcon_core.package_identification:_identify(src/flight_controller_pkg) by extensions ['colcon_meta']
[0.761s] Level 1:colcon.colcon_core.package_identification:_identify(src/flight_controller_pkg) by extension 'colcon_meta'
[0.761s] Level 1:colcon.colcon_core.package_identification:_identify(src/flight_controller_pkg) by extensions ['ros']
[0.761s] Level 1:colcon.colcon_core.package_identification:_identify(src/flight_controller_pkg) by extension 'ros'
[0.763s] DEBUG:colcon.colcon_core.package_identification:Package 'src/flight_controller_pkg' with type 'ros.ament_python' and name 'flight_controller_pkg'
[0.763s] Level 1:colcon.colcon_core.package_identification:_identify(src/log_data_pkg) by extensions ['ignore', 'ignore_ament_install']
[0.763s] Level 1:colcon.colcon_core.package_identification:_identify(src/log_data_pkg) by extension 'ignore'
[0.764s] Level 1:colcon.colcon_core.package_identification:_identify(src/log_data_pkg) by extension 'ignore_ament_install'
[0.764s] Level 1:colcon.colcon_core.package_identification:_identify(src/log_data_pkg) by extensions ['colcon_pkg']
[0.764s] Level 1:colcon.colcon_core.package_identification:_identify(src/log_data_pkg) by extension 'colcon_pkg'
[0.764s] Level 1:colcon.colcon_core.package_identification:_identify(src/log_data_pkg) by extensions ['colcon_meta']
[0.764s] Level 1:colcon.colcon_core.package_identification:_identify(src/log_data_pkg) by extension 'colcon_meta'
[0.764s] Level 1:colcon.colcon_core.package_identification:_identify(src/log_data_pkg) by extensions ['ros']
[0.764s] Level 1:colcon.colcon_core.package_identification:_identify(src/log_data_pkg) by extension 'ros'
[0.766s] DEBUG:colcon.colcon_core.package_identification:Package 'src/log_data_pkg' with type 'ros.ament_python' and name 'log_data_pkg'
[0.766s] Level 1:colcon.colcon_core.package_discovery:discover_packages(recursive) using defaults
[0.766s] Level 1:colcon.colcon_core.package_discovery:discover_packages(ignore) discover
[0.767s] Level 1:colcon.colcon_core.package_discovery:discover_packages(ignore) using defaults
[0.767s] Level 1:colcon.colcon_core.package_discovery:discover_packages(path) discover
[0.767s] Level 1:colcon.colcon_core.package_discovery:discover_packages(path) using defaults
[0.811s] Level 1:colcon.colcon_core.package_discovery:discover_packages(prefix_path) check parameters
[0.812s] Level 1:colcon.colcon_core.package_discovery:discover_packages(prefix_path) discover
[0.817s] DEBUG:colcon.colcon_installed_package_information.package_discovery:Found 276 installed packages in /opt/ros/humble
[0.820s] Level 1:colcon.colcon_core.package_discovery:discover_packages(prefix_path) using defaults
[0.905s] Level 5:colcon.colcon_core.verb:set package 'custom_msgs' build argument 'cmake_args' from command line to 'None'
[0.906s] Level 5:colcon.colcon_core.verb:set package 'custom_msgs' build argument 'cmake_target' from command line to 'None'
[0.906s] Level 5:colcon.colcon_core.verb:set package 'custom_msgs' build argument 'cmake_target_skip_unavailable' from command line to 'False'
[0.906s] Level 5:colcon.colcon_core.verb:set package 'custom_msgs' build argument 'cmake_clean_cache' from command line to 'False'
[0.906s] Level 5:colcon.colcon_core.verb:set package 'custom_msgs' build argument 'cmake_clean_first' from command line to 'False'
[0.906s] Level 5:colcon.colcon_core.verb:set package 'custom_msgs' build argument 'cmake_force_configure' from command line to 'False'
[0.906s] Level 5:colcon.colcon_core.verb:set package 'custom_msgs' build argument 'ament_cmake_args' from command line to 'None'
[0.906s] Level 5:colcon.colcon_core.verb:set package 'custom_msgs' build argument 'catkin_cmake_args' from command line to 'None'
[0.906s] Level 5:colcon.colcon_core.verb:set package 'custom_msgs' build argument 'catkin_skip_building_tests' from command line to 'False'
[0.906s] DEBUG:colcon.colcon_core.verb:Building package 'custom_msgs' with the following arguments: {'ament_cmake_args': None, 'build_base': '/home/dron/ws_controll/build/custom_msgs', 'catkin_cmake_args': None, 'catkin_skip_building_tests': False, 'cmake_args': None, 'cmake_clean_cache': False, 'cmake_clean_first': False, 'cmake_force_configure': False, 'cmake_target': None, 'cmake_target_skip_unavailable': False, 'install_base': '/home/dron/ws_controll/install/custom_msgs', 'merge_install': False, 'path': '/home/dron/ws_controll/src/custom_msgs', 'symlink_install': False, 'test_result_base': None}
[0.907s] Level 5:colcon.colcon_core.verb:set package 'flask_pkg' build argument 'cmake_args' from command line to 'None'
[0.907s] Level 5:colcon.colcon_core.verb:set package 'flask_pkg' build argument 'cmake_target' from command line to 'None'
[0.907s] Level 5:colcon.colcon_core.verb:set package 'flask_pkg' build argument 'cmake_target_skip_unavailable' from command line to 'False'
[0.907s] Level 5:colcon.colcon_core.verb:set package 'flask_pkg' build argument 'cmake_clean_cache' from command line to 'False'
[0.907s] Level 5:colcon.colcon_core.verb:set package 'flask_pkg' build argument 'cmake_clean_first' from command line to 'False'
[0.908s] Level 5:colcon.colcon_core.verb:set package 'flask_pkg' build argument 'cmake_force_configure' from command line to 'False'
[0.908s] Level 5:colcon.colcon_core.verb:set package 'flask_pkg' build argument 'ament_cmake_args' from command line to 'None'
[0.908s] Level 5:colcon.colcon_core.verb:set package 'flask_pkg' build argument 'catkin_cmake_args' from command line to 'None'
[0.908s] Level 5:colcon.colcon_core.verb:set package 'flask_pkg' build argument 'catkin_skip_building_tests' from command line to 'False'
[0.908s] DEBUG:colcon.colcon_core.verb:Building package 'flask_pkg' with the following arguments: {'ament_cmake_args': None, 'build_base': '/home/dron/ws_controll/build/flask_pkg', 'catkin_cmake_args': None, 'catkin_skip_building_tests': False, 'cmake_args': None, 'cmake_clean_cache': False, 'cmake_clean_first': False, 'cmake_force_configure': False, 'cmake_target': None, 'cmake_target_skip_unavailable': False, 'install_base': '/home/dron/ws_controll/install/flask_pkg', 'merge_install': False, 'path': '/home/dron/ws_controll/src/flask_pkg', 'symlink_install': False, 'test_result_base': None}
[0.908s] Level 5:colcon.colcon_core.verb:set package 'flight_controller_pkg' build argument 'cmake_args' from command line to 'None'
[0.909s] Level 5:colcon.colcon_core.verb:set package 'flight_controller_pkg' build argument 'cmake_target' from command line to 'None'
[0.909s] Level 5:colcon.colcon_core.verb:set package 'flight_controller_pkg' build argument 'cmake_target_skip_unavailable' from command line to 'False'
[0.909s] Level 5:colcon.colcon_core.verb:set package 'flight_controller_pkg' build argument 'cmake_clean_cache' from command line to 'False'
[0.909s] Level 5:colcon.colcon_core.verb:set package 'flight_controller_pkg' build argument 'cmake_clean_first' from command line to 'False'
[0.909s] Level 5:colcon.colcon_core.verb:set package 'flight_controller_pkg' build argument 'cmake_force_configure' from command line to 'False'
[0.909s] Level 5:colcon.colcon_core.verb:set package 'flight_controller_pkg' build argument 'ament_cmake_args' from command line to 'None'
[0.909s] Level 5:colcon.colcon_core.verb:set package 'flight_controller_pkg' build argument 'catkin_cmake_args' from command line to 'None'
[0.909s] Level 5:colcon.colcon_core.verb:set package 'flight_controller_pkg' build argument 'catkin_skip_building_tests' from command line to 'False'
[0.909s] DEBUG:colcon.colcon_core.verb:Building package 'flight_controller_pkg' with the following arguments: {'ament_cmake_args': None, 'build_base': '/home/dron/ws_controll/build/flight_controller_pkg', 'catkin_cmake_args': None, 'catkin_skip_building_tests': False, 'cmake_args': None, 'cmake_clean_cache': False, 'cmake_clean_first': False, 'cmake_force_configure': False, 'cmake_target': None, 'cmake_target_skip_unavailable': False, 'install_base': '/home/dron/ws_controll/install/flight_controller_pkg', 'merge_install': False, 'path': '/home/dron/ws_controll/src/flight_controller_pkg', 'symlink_install': False, 'test_result_base': None}
[0.910s] Level 5:colcon.colcon_core.verb:set package 'log_data_pkg' build argument 'cmake_args' from command line to 'None'
[0.910s] Level 5:colcon.colcon_core.verb:set package 'log_data_pkg' build argument 'cmake_target' from command line to 'None'
[0.910s] Level 5:colcon.colcon_core.verb:set package 'log_data_pkg' build argument 'cmake_target_skip_unavailable' from command line to 'False'
[0.910s] Level 5:colcon.colcon_core.verb:set package 'log_data_pkg' build argument 'cmake_clean_cache' from command line to 'False'
[0.910s] Level 5:colcon.colcon_core.verb:set package 'log_data_pkg' build argument 'cmake_clean_first' from command line to 'False'
[0.910s] Level 5:colcon.colcon_core.verb:set package 'log_data_pkg' build argument 'cmake_force_configure' from command line to 'False'
[0.910s] Level 5:colcon.colcon_core.verb:set package 'log_data_pkg' build argument 'ament_cmake_args' from command line to 'None'
[0.910s] Level 5:colcon.colcon_core.verb:set package 'log_data_pkg' build argument 'catkin_cmake_args' from command line to 'None'
[0.910s] Level 5:colcon.colcon_core.verb:set package 'log_data_pkg' build argument 'catkin_skip_building_tests' from command line to 'False'
[0.910s] DEBUG:colcon.colcon_core.verb:Building package 'log_data_pkg' with the following arguments: {'ament_cmake_args': None, 'build_base': '/home/dron/ws_controll/build/log_data_pkg', 'catkin_cmake_args': None, 'catkin_skip_building_tests': False, 'cmake_args': None, 'cmake_clean_cache': False, 'cmake_clean_first': False, 'cmake_force_configure': False, 'cmake_target': None, 'cmake_target_skip_unavailable': False, 'install_base': '/home/dron/ws_controll/install/log_data_pkg', 'merge_install': False, 'path': '/home/dron/ws_controll/src/log_data_pkg', 'symlink_install': False, 'test_result_base': None}
[0.911s] INFO:colcon.colcon_core.executor:Executing jobs using 'parallel' executor
[0.913s] DEBUG:colcon.colcon_parallel_executor.executor.parallel:run_until_complete
[0.914s] INFO:colcon.colcon_ros.task.ament_cmake.build:Building ROS package in '/home/dron/ws_controll/src/custom_msgs' with build type 'ament_cmake'
[0.914s] INFO:colcon.colcon_cmake.task.cmake.build:Building CMake package in '/home/dron/ws_controll/src/custom_msgs'
[0.919s] INFO:colcon.colcon_core.plugin_system:Skipping extension 'colcon_core.shell.bat': Not used on non-Windows systems
[0.919s] INFO:colcon.colcon_core.shell:Skip shell extension 'powershell' for command environment: Not usable outside of PowerShell
[0.919s] DEBUG:colcon.colcon_core.shell:Skip shell extension 'dsv' for command environment
[0.935s] DEBUG:colcon.colcon_core.event_handler.log_command:Invoking command in '/home/dron/ws_controll/build/custom_msgs': CMAKE_PREFIX_PATH=/opt/ros/humble /usr/bin/cmake /home/dron/ws_controll/src/custom_msgs -DCMAKE_INSTALL_PREFIX=/home/dron/ws_controll/install/custom_msgs
[4.544s] DEBUG:colcon.colcon_core.event_handler.log_command:Invoked command in '/home/dron/ws_controll/build/custom_msgs' returned '0': CMAKE_PREFIX_PATH=/opt/ros/humble /usr/bin/cmake /home/dron/ws_controll/src/custom_msgs -DCMAKE_INSTALL_PREFIX=/home/dron/ws_controll/install/custom_msgs
[4.549s] DEBUG:colcon.colcon_core.event_handler.log_command:Invoking command in '/home/dron/ws_controll/build/custom_msgs': CMAKE_PREFIX_PATH=/opt/ros/humble /usr/bin/cmake --build /home/dron/ws_controll/build/custom_msgs -- -j6 -l6
[15.272s] DEBUG:colcon.colcon_core.event_handler.log_command:Invoked command in '/home/dron/ws_controll/build/custom_msgs' returned '0': CMAKE_PREFIX_PATH=/opt/ros/humble /usr/bin/cmake --build /home/dron/ws_controll/build/custom_msgs -- -j6 -l6
[15.299s] DEBUG:colcon.colcon_core.event_handler.log_command:Invoking command in '/home/dron/ws_controll/build/custom_msgs': CMAKE_PREFIX_PATH=/opt/ros/humble /usr/bin/cmake --install /home/dron/ws_controll/build/custom_msgs
[15.482s] Level 1:colcon.colcon_core.environment:create_environment_scripts_only(custom_msgs)
[15.483s] DEBUG:colcon.colcon_core.event_handler.log_command:Invoked command in '/home/dron/ws_controll/build/custom_msgs' returned '0': CMAKE_PREFIX_PATH=/opt/ros/humble /usr/bin/cmake --install /home/dron/ws_controll/build/custom_msgs
[15.497s] Level 1:colcon.colcon_core.environment:checking '/home/dron/ws_controll/install/custom_msgs' for CMake module files
[15.499s] Level 1:colcon.colcon_core.environment:checking '/home/dron/ws_controll/install/custom_msgs' for CMake config files
[15.500s] Level 1:colcon.colcon_core.shell:create_environment_hook('custom_msgs', 'cmake_prefix_path')
[15.501s] INFO:colcon.colcon_core.shell:Creating environment hook '/home/dron/ws_controll/install/custom_msgs/share/custom_msgs/hook/cmake_prefix_path.ps1'
[15.503s] INFO:colcon.colcon_core.shell:Creating environment descriptor '/home/dron/ws_controll/install/custom_msgs/share/custom_msgs/hook/cmake_prefix_path.dsv'
[15.505s] INFO:colcon.colcon_core.shell:Creating environment hook '/home/dron/ws_controll/install/custom_msgs/share/custom_msgs/hook/cmake_prefix_path.sh'
[15.508s] Level 1:colcon.colcon_core.environment:checking '/home/dron/ws_controll/install/custom_msgs/lib'
[15.509s] Level 1:colcon.colcon_core.shell:create_environment_hook('custom_msgs', 'ld_library_path_lib')
[15.510s] INFO:colcon.colcon_core.shell:Creating environment hook '/home/dron/ws_controll/install/custom_msgs/share/custom_msgs/hook/ld_library_path_lib.ps1'
[15.512s] INFO:colcon.colcon_core.shell:Creating environment descriptor '/home/dron/ws_controll/install/custom_msgs/share/custom_msgs/hook/ld_library_path_lib.dsv'
[15.513s] INFO:colcon.colcon_core.shell:Creating environment hook '/home/dron/ws_controll/install/custom_msgs/share/custom_msgs/hook/ld_library_path_lib.sh'
[15.514s] Level 1:colcon.colcon_core.environment:checking '/home/dron/ws_controll/install/custom_msgs/bin'
[15.514s] Level 1:colcon.colcon_core.environment:checking '/home/dron/ws_controll/install/custom_msgs/lib/pkgconfig/custom_msgs.pc'
[15.515s] Level 1:colcon.colcon_core.environment:checking '/home/dron/ws_controll/install/custom_msgs/lib/python3.10/site-packages'
[15.516s] Level 1:colcon.colcon_core.environment:checking '/home/dron/ws_controll/install/custom_msgs/bin'
[15.517s] INFO:colcon.colcon_core.shell:Creating package script '/home/dron/ws_controll/install/custom_msgs/share/custom_msgs/package.ps1'
[15.521s] INFO:colcon.colcon_core.shell:Creating package descriptor '/home/dron/ws_controll/install/custom_msgs/share/custom_msgs/package.dsv'
[15.523s] INFO:colcon.colcon_core.shell:Creating package script '/home/dron/ws_controll/install/custom_msgs/share/custom_msgs/package.sh'
[15.526s] INFO:colcon.colcon_core.shell:Creating package script '/home/dron/ws_controll/install/custom_msgs/share/custom_msgs/package.bash'
[15.529s] INFO:colcon.colcon_core.shell:Creating package script '/home/dron/ws_controll/install/custom_msgs/share/custom_msgs/package.zsh'
[15.531s] Level 1:colcon.colcon_core.environment:create_file_with_runtime_dependencies(/home/dron/ws_controll/install/custom_msgs/share/colcon-core/packages/custom_msgs)
[15.534s] Level 1:colcon.colcon_core.environment:create_environment_scripts_only(custom_msgs)
[15.535s] Level 1:colcon.colcon_core.environment:checking '/home/dron/ws_controll/install/custom_msgs' for CMake module files
[15.537s] Level 1:colcon.colcon_core.environment:checking '/home/dron/ws_controll/install/custom_msgs' for CMake config files
[15.538s] Level 1:colcon.colcon_core.shell:create_environment_hook('custom_msgs', 'cmake_prefix_path')
[15.538s] INFO:colcon.colcon_core.shell:Creating environment hook '/home/dron/ws_controll/install/custom_msgs/share/custom_msgs/hook/cmake_prefix_path.ps1'
[15.540s] INFO:colcon.colcon_core.shell:Creating environment descriptor '/home/dron/ws_controll/install/custom_msgs/share/custom_msgs/hook/cmake_prefix_path.dsv'
[15.541s] INFO:colcon.colcon_core.shell:Creating environment hook '/home/dron/ws_controll/install/custom_msgs/share/custom_msgs/hook/cmake_prefix_path.sh'
[15.543s] Level 1:colcon.colcon_core.environment:checking '/home/dron/ws_controll/install/custom_msgs/lib'
[15.544s] Level 1:colcon.colcon_core.shell:create_environment_hook('custom_msgs', 'ld_library_path_lib')
[15.544s] INFO:colcon.colcon_core.shell:Creating environment hook '/home/dron/ws_controll/install/custom_msgs/share/custom_msgs/hook/ld_library_path_lib.ps1'
[15.546s] INFO:colcon.colcon_core.shell:Creating environment descriptor '/home/dron/ws_controll/install/custom_msgs/share/custom_msgs/hook/ld_library_path_lib.dsv'
[15.547s] INFO:colcon.colcon_core.shell:Creating environment hook '/home/dron/ws_controll/install/custom_msgs/share/custom_msgs/hook/ld_library_path_lib.sh'
[15.549s] Level 1:colcon.colcon_core.environment:checking '/home/dron/ws_controll/install/custom_msgs/bin'
[15.549s] Level 1:colcon.colcon_core.environment:checking '/home/dron/ws_controll/install/custom_msgs/lib/pkgconfig/custom_msgs.pc'
[15.550s] Level 1:colcon.colcon_core.environment:checking '/home/dron/ws_controll/install/custom_msgs/lib/python3.10/site-packages'
[15.551s] Level 1:colcon.colcon_core.environment:checking '/home/dron/ws_controll/install/custom_msgs/bin'
[15.552s] INFO:colcon.colcon_core.shell:Creating package script '/home/dron/ws_controll/install/custom_msgs/share/custom_msgs/package.ps1'
[15.554s] INFO:colcon.colcon_core.shell:Creating package descriptor '/home/dron/ws_controll/install/custom_msgs/share/custom_msgs/package.dsv'
[15.555s] INFO:colcon.colcon_core.shell:Creating package script '/home/dron/ws_controll/install/custom_msgs/share/custom_msgs/package.sh'
[15.557s] INFO:colcon.colcon_core.shell:Creating package script '/home/dron/ws_controll/install/custom_msgs/share/custom_msgs/package.bash'
[15.558s] INFO:colcon.colcon_core.shell:Creating package script '/home/dron/ws_controll/install/custom_msgs/share/custom_msgs/package.zsh'
[15.559s] Level 1:colcon.colcon_core.environment:create_file_with_runtime_dependencies(/home/dron/ws_controll/install/custom_msgs/share/colcon-core/packages/custom_msgs)
[15.561s] INFO:colcon.colcon_ros.task.ament_python.build:Building ROS package in '/home/dron/ws_controll/src/flask_pkg' with build type 'ament_python'
[15.561s] Level 1:colcon.colcon_core.shell:create_environment_hook('flask_pkg', 'ament_prefix_path')
[15.562s] INFO:colcon.colcon_core.shell:Creating environment hook '/home/dron/ws_controll/install/flask_pkg/share/flask_pkg/hook/ament_prefix_path.ps1'
[15.565s] INFO:colcon.colcon_core.shell:Creating environment descriptor '/home/dron/ws_controll/install/flask_pkg/share/flask_pkg/hook/ament_prefix_path.dsv'
[15.566s] INFO:colcon.colcon_core.shell:Creating environment hook '/home/dron/ws_controll/install/flask_pkg/share/flask_pkg/hook/ament_prefix_path.sh'
[15.567s] INFO:colcon.colcon_core.shell:Skip shell extension 'powershell' for command environment: Not usable outside of PowerShell
[15.567s] DEBUG:colcon.colcon_core.shell:Skip shell extension 'dsv' for command environment
[15.575s] INFO:colcon.colcon_ros.task.ament_python.build:Building ROS package in '/home/dron/ws_controll/src/flight_controller_pkg' with build type 'ament_python'
[15.576s] Level 1:colcon.colcon_core.shell:create_environment_hook('flight_controller_pkg', 'ament_prefix_path')
[15.577s] INFO:colcon.colcon_core.shell:Creating environment hook '/home/dron/ws_controll/install/flight_controller_pkg/share/flight_controller_pkg/hook/ament_prefix_path.ps1'
[15.579s] INFO:colcon.colcon_core.shell:Creating environment descriptor '/home/dron/ws_controll/install/flight_controller_pkg/share/flight_controller_pkg/hook/ament_prefix_path.dsv'
[15.580s] INFO:colcon.colcon_core.shell:Creating environment hook '/home/dron/ws_controll/install/flight_controller_pkg/share/flight_controller_pkg/hook/ament_prefix_path.sh'
[15.582s] INFO:colcon.colcon_core.shell:Skip shell extension 'powershell' for command environment: Not usable outside of PowerShell
[15.582s] DEBUG:colcon.colcon_core.shell:Skip shell extension 'dsv' for command environment
[15.590s] INFO:colcon.colcon_ros.task.ament_python.build:Building ROS package in '/home/dron/ws_controll/src/log_data_pkg' with build type 'ament_python'
[15.591s] Level 1:colcon.colcon_core.shell:create_environment_hook('log_data_pkg', 'ament_prefix_path')
[15.592s] INFO:colcon.colcon_core.shell:Creating environment hook '/home/dron/ws_controll/install/log_data_pkg/share/log_data_pkg/hook/ament_prefix_path.ps1'
[15.594s] INFO:colcon.colcon_core.shell:Creating environment descriptor '/home/dron/ws_controll/install/log_data_pkg/share/log_data_pkg/hook/ament_prefix_path.dsv'
[15.595s] INFO:colcon.colcon_core.shell:Creating environment hook '/home/dron/ws_controll/install/log_data_pkg/share/log_data_pkg/hook/ament_prefix_path.sh'
[15.597s] INFO:colcon.colcon_core.shell:Skip shell extension 'powershell' for command environment: Not usable outside of PowerShell
[15.597s] DEBUG:colcon.colcon_core.shell:Skip shell extension 'dsv' for command environment
[16.256s] INFO:colcon.colcon_core.task.python.build:Building Python package in '/home/dron/ws_controll/src/flask_pkg'
[16.258s] INFO:colcon.colcon_core.shell:Skip shell extension 'powershell' for command environment: Not usable outside of PowerShell
[16.258s] DEBUG:colcon.colcon_core.shell:Skip shell extension 'dsv' for command environment
[16.906s] INFO:colcon.colcon_core.task.python.build:Building Python package in '/home/dron/ws_controll/src/flight_controller_pkg'
[16.907s] INFO:colcon.colcon_core.shell:Skip shell extension 'powershell' for command environment: Not usable outside of PowerShell
[16.907s] DEBUG:colcon.colcon_core.shell:Skip shell extension 'dsv' for command environment
[17.564s] INFO:colcon.colcon_core.task.python.build:Building Python package in '/home/dron/ws_controll/src/log_data_pkg'
[17.566s] INFO:colcon.colcon_core.shell:Skip shell extension 'powershell' for command environment: Not usable outside of PowerShell
[17.566s] DEBUG:colcon.colcon_core.shell:Skip shell extension 'dsv' for command environment
[18.594s] DEBUG:colcon.colcon_core.event_handler.log_command:Invoking command in '/home/dron/ws_controll/src/log_data_pkg': AMENT_PREFIX_PATH=/home/dron/ws_controll/install/custom_msgs:${AMENT_PREFIX_PATH} CMAKE_PREFIX_PATH=/home/dron/ws_controll/install/custom_msgs LD_LIBRARY_PATH=/home/dron/ws_controll/install/custom_msgs/lib:/usr/local/cuda-12.6/lib64:/opt/ros/humble/opt/rviz_ogre_vendor/lib:/opt/ros/humble/lib/aarch64-linux-gnu:/opt/ros/humble/lib:/usr/local/cuda-12.6/lib64 PYTHONPATH=/home/dron/ws_controll/build/log_data_pkg/prefix_override:/usr/lib/python3/dist-packages/colcon_core/task/python/colcon_distutils_commands:/home/dron/ws_controll/install/log_data_pkg/lib/python3.10/site-packages:/home/dron/ws_controll/install/custom_msgs/local/lib/python3.10/dist-packages:${PYTHONPATH} /usr/bin/python3 -W ignore:setup.py install is deprecated -W ignore:easy_install command is deprecated setup.py egg_info --egg-base ../../build/log_data_pkg build --build-base /home/dron/ws_controll/build/log_data_pkg/build install --record /home/dron/ws_controll/build/log_data_pkg/install.log --single-version-externally-managed install_data
[18.616s] DEBUG:colcon.colcon_core.event_handler.log_command:Invoking command in '/home/dron/ws_controll/src/flight_controller_pkg': AMENT_PREFIX_PATH=/home/dron/ws_controll/install/custom_msgs:${AMENT_PREFIX_PATH} CMAKE_PREFIX_PATH=/home/dron/ws_controll/install/custom_msgs LD_LIBRARY_PATH=/home/dron/ws_controll/install/custom_msgs/lib:/usr/local/cuda-12.6/lib64:/opt/ros/humble/opt/rviz_ogre_vendor/lib:/opt/ros/humble/lib/aarch64-linux-gnu:/opt/ros/humble/lib:/usr/local/cuda-12.6/lib64 PYTHONPATH=/home/dron/ws_controll/build/flight_controller_pkg/prefix_override:/usr/lib/python3/dist-packages/colcon_core/task/python/colcon_distutils_commands:/home/dron/ws_controll/install/flight_controller_pkg/lib/python3.10/site-packages:/home/dron/ws_controll/install/custom_msgs/local/lib/python3.10/dist-packages:${PYTHONPATH} /usr/bin/python3 -W ignore:setup.py install is deprecated -W ignore:easy_install command is deprecated setup.py egg_info --egg-base ../../build/flight_controller_pkg build --build-base /home/dron/ws_controll/build/flight_controller_pkg/build install --record /home/dron/ws_controll/build/flight_controller_pkg/install.log --single-version-externally-managed install_data
[18.620s] DEBUG:colcon.colcon_core.event_handler.log_command:Invoking command in '/home/dron/ws_controll/src/flask_pkg': AMENT_PREFIX_PATH=/home/dron/ws_controll/install/custom_msgs:${AMENT_PREFIX_PATH} CMAKE_PREFIX_PATH=/home/dron/ws_controll/install/custom_msgs LD_LIBRARY_PATH=/home/dron/ws_controll/install/custom_msgs/lib:/usr/local/cuda-12.6/lib64:/opt/ros/humble/opt/rviz_ogre_vendor/lib:/opt/ros/humble/lib/aarch64-linux-gnu:/opt/ros/humble/lib:/usr/local/cuda-12.6/lib64 PYTHONPATH=/home/dron/ws_controll/build/flask_pkg/prefix_override:/usr/lib/python3/dist-packages/colcon_core/task/python/colcon_distutils_commands:/home/dron/ws_controll/install/flask_pkg/lib/python3.10/site-packages:/home/dron/ws_controll/install/custom_msgs/local/lib/python3.10/dist-packages:${PYTHONPATH} /usr/bin/python3 -W ignore:setup.py install is deprecated -W ignore:easy_install command is deprecated setup.py egg_info --egg-base ../../build/flask_pkg build --build-base /home/dron/ws_controll/build/flask_pkg/build install --record /home/dron/ws_controll/build/flask_pkg/install.log --single-version-externally-managed install_data
[19.379s] Level 1:colcon.colcon_core.environment:checking '/home/dron/ws_controll/install/log_data_pkg' for CMake module files
[19.380s] Level 1:colcon.colcon_core.environment:checking '/home/dron/ws_controll/install/log_data_pkg' for CMake config files
[19.381s] DEBUG:colcon.colcon_core.event_handler.log_command:Invoked command in '/home/dron/ws_controll/src/log_data_pkg' returned '0': AMENT_PREFIX_PATH=/home/dron/ws_controll/install/custom_msgs:${AMENT_PREFIX_PATH} CMAKE_PREFIX_PATH=/home/dron/ws_controll/install/custom_msgs LD_LIBRARY_PATH=/home/dron/ws_controll/install/custom_msgs/lib:/usr/local/cuda-12.6/lib64:/opt/ros/humble/opt/rviz_ogre_vendor/lib:/opt/ros/humble/lib/aarch64-linux-gnu:/opt/ros/humble/lib:/usr/local/cuda-12.6/lib64 PYTHONPATH=/home/dron/ws_controll/build/log_data_pkg/prefix_override:/usr/lib/python3/dist-packages/colcon_core/task/python/colcon_distutils_commands:/home/dron/ws_controll/install/log_data_pkg/lib/python3.10/site-packages:/home/dron/ws_controll/install/custom_msgs/local/lib/python3.10/dist-packages:${PYTHONPATH} /usr/bin/python3 -W ignore:setup.py install is deprecated -W ignore:easy_install command is deprecated setup.py egg_info --egg-base ../../build/log_data_pkg build --build-base /home/dron/ws_controll/build/log_data_pkg/build install --record /home/dron/ws_controll/build/log_data_pkg/install.log --single-version-externally-managed install_data
[19.383s] Level 1:colcon.colcon_core.environment:checking '/home/dron/ws_controll/install/log_data_pkg/lib'
[19.383s] Level 1:colcon.colcon_core.environment:checking '/home/dron/ws_controll/install/log_data_pkg/bin'
[19.384s] Level 1:colcon.colcon_core.environment:checking '/home/dron/ws_controll/install/log_data_pkg/lib/pkgconfig/log_data_pkg.pc'
[19.384s] Level 1:colcon.colcon_core.environment:checking '/home/dron/ws_controll/install/log_data_pkg/lib/python3.10/site-packages'
[19.385s] Level 1:colcon.colcon_core.shell:create_environment_hook('log_data_pkg', 'pythonpath')
[19.386s] INFO:colcon.colcon_core.shell:Creating environment hook '/home/dron/ws_controll/install/log_data_pkg/share/log_data_pkg/hook/pythonpath.ps1'
[19.387s] INFO:colcon.colcon_core.shell:Creating environment descriptor '/home/dron/ws_controll/install/log_data_pkg/share/log_data_pkg/hook/pythonpath.dsv'
[19.388s] INFO:colcon.colcon_core.shell:Creating environment hook '/home/dron/ws_controll/install/log_data_pkg/share/log_data_pkg/hook/pythonpath.sh'
[19.389s] Level 1:colcon.colcon_core.environment:checking '/home/dron/ws_controll/install/log_data_pkg/bin'
[19.390s] Level 1:colcon.colcon_core.environment:create_environment_scripts_only(log_data_pkg)
[19.392s] INFO:colcon.colcon_core.shell:Creating package script '/home/dron/ws_controll/install/log_data_pkg/share/log_data_pkg/package.ps1'
[19.394s] INFO:colcon.colcon_core.shell:Creating package descriptor '/home/dron/ws_controll/install/log_data_pkg/share/log_data_pkg/package.dsv'
[19.396s] INFO:colcon.colcon_core.shell:Creating package script '/home/dron/ws_controll/install/log_data_pkg/share/log_data_pkg/package.sh'
[19.398s] INFO:colcon.colcon_core.shell:Creating package script '/home/dron/ws_controll/install/log_data_pkg/share/log_data_pkg/package.bash'
[19.399s] INFO:colcon.colcon_core.shell:Creating package script '/home/dron/ws_controll/install/log_data_pkg/share/log_data_pkg/package.zsh'
[19.400s] Level 1:colcon.colcon_core.environment:create_file_with_runtime_dependencies(/home/dron/ws_controll/install/log_data_pkg/share/colcon-core/packages/log_data_pkg)
[19.429s] Level 1:colcon.colcon_core.environment:checking '/home/dron/ws_controll/install/flask_pkg' for CMake module files
[19.430s] Level 1:colcon.colcon_core.environment:checking '/home/dron/ws_controll/install/flask_pkg' for CMake config files
[19.431s] Level 1:colcon.colcon_core.environment:checking '/home/dron/ws_controll/install/flask_pkg/lib'
[19.432s] Level 1:colcon.colcon_core.environment:checking '/home/dron/ws_controll/install/flask_pkg/bin'
[19.432s] Level 1:colcon.colcon_core.environment:checking '/home/dron/ws_controll/install/flask_pkg/lib/pkgconfig/flask_pkg.pc'
[19.432s] Level 1:colcon.colcon_core.environment:checking '/home/dron/ws_controll/install/flask_pkg/lib/python3.10/site-packages'
[19.432s] Level 1:colcon.colcon_core.shell:create_environment_hook('flask_pkg', 'pythonpath')
[19.433s] INFO:colcon.colcon_core.shell:Creating environment hook '/home/dron/ws_controll/install/flask_pkg/share/flask_pkg/hook/pythonpath.ps1'
[19.435s] DEBUG:colcon.colcon_core.event_handler.log_command:Invoked command in '/home/dron/ws_controll/src/flask_pkg' returned '0': AMENT_PREFIX_PATH=/home/dron/ws_controll/install/custom_msgs:${AMENT_PREFIX_PATH} CMAKE_PREFIX_PATH=/home/dron/ws_controll/install/custom_msgs LD_LIBRARY_PATH=/home/dron/ws_controll/install/custom_msgs/lib:/usr/local/cuda-12.6/lib64:/opt/ros/humble/opt/rviz_ogre_vendor/lib:/opt/ros/humble/lib/aarch64-linux-gnu:/opt/ros/humble/lib:/usr/local/cuda-12.6/lib64 PYTHONPATH=/home/dron/ws_controll/build/flask_pkg/prefix_override:/usr/lib/python3/dist-packages/colcon_core/task/python/colcon_distutils_commands:/home/dron/ws_controll/install/flask_pkg/lib/python3.10/site-packages:/home/dron/ws_controll/install/custom_msgs/local/lib/python3.10/dist-packages:${PYTHONPATH} /usr/bin/python3 -W ignore:setup.py install is deprecated -W ignore:easy_install command is deprecated setup.py egg_info --egg-base ../../build/flask_pkg build --build-base /home/dron/ws_controll/build/flask_pkg/build install --record /home/dron/ws_controll/build/flask_pkg/install.log --single-version-externally-managed install_data
[19.436s] INFO:colcon.colcon_core.shell:Creating environment descriptor '/home/dron/ws_controll/install/flask_pkg/share/flask_pkg/hook/pythonpath.dsv'
[19.437s] INFO:colcon.colcon_core.shell:Creating environment hook '/home/dron/ws_controll/install/flask_pkg/share/flask_pkg/hook/pythonpath.sh'
[19.439s] Level 1:colcon.colcon_core.environment:checking '/home/dron/ws_controll/install/flask_pkg/bin'
[19.439s] Level 1:colcon.colcon_core.environment:create_environment_scripts_only(flask_pkg)
[19.440s] INFO:colcon.colcon_core.shell:Creating package script '/home/dron/ws_controll/install/flask_pkg/share/flask_pkg/package.ps1'
[19.441s] INFO:colcon.colcon_core.shell:Creating package descriptor '/home/dron/ws_controll/install/flask_pkg/share/flask_pkg/package.dsv'
[19.442s] INFO:colcon.colcon_core.shell:Creating package script '/home/dron/ws_controll/install/flask_pkg/share/flask_pkg/package.sh'
[19.443s] INFO:colcon.colcon_core.shell:Creating package script '/home/dron/ws_controll/install/flask_pkg/share/flask_pkg/package.bash'
[19.444s] INFO:colcon.colcon_core.shell:Creating package script '/home/dron/ws_controll/install/flask_pkg/share/flask_pkg/package.zsh'
[19.445s] Level 1:colcon.colcon_core.environment:create_file_with_runtime_dependencies(/home/dron/ws_controll/install/flask_pkg/share/colcon-core/packages/flask_pkg)
[19.508s] Level 1:colcon.colcon_core.environment:checking '/home/dron/ws_controll/install/flight_controller_pkg' for CMake module files
[19.509s] DEBUG:colcon.colcon_core.event_handler.log_command:Invoked command in '/home/dron/ws_controll/src/flight_controller_pkg' returned '0': AMENT_PREFIX_PATH=/home/dron/ws_controll/install/custom_msgs:${AMENT_PREFIX_PATH} CMAKE_PREFIX_PATH=/home/dron/ws_controll/install/custom_msgs LD_LIBRARY_PATH=/home/dron/ws_controll/install/custom_msgs/lib:/usr/local/cuda-12.6/lib64:/opt/ros/humble/opt/rviz_ogre_vendor/lib:/opt/ros/humble/lib/aarch64-linux-gnu:/opt/ros/humble/lib:/usr/local/cuda-12.6/lib64 PYTHONPATH=/home/dron/ws_controll/build/flight_controller_pkg/prefix_override:/usr/lib/python3/dist-packages/colcon_core/task/python/colcon_distutils_commands:/home/dron/ws_controll/install/flight_controller_pkg/lib/python3.10/site-packages:/home/dron/ws_controll/install/custom_msgs/local/lib/python3.10/dist-packages:${PYTHONPATH} /usr/bin/python3 -W ignore:setup.py install is deprecated -W ignore:easy_install command is deprecated setup.py egg_info --egg-base ../../build/flight_controller_pkg build --build-base /home/dron/ws_controll/build/flight_controller_pkg/build install --record /home/dron/ws_controll/build/flight_controller_pkg/install.log --single-version-externally-managed install_data
[19.510s] Level 1:colcon.colcon_core.environment:checking '/home/dron/ws_controll/install/flight_controller_pkg' for CMake config files
[19.511s] Level 1:colcon.colcon_core.environment:checking '/home/dron/ws_controll/install/flight_controller_pkg/lib'
[19.512s] Level 1:colcon.colcon_core.environment:checking '/home/dron/ws_controll/install/flight_controller_pkg/bin'
[19.512s] Level 1:colcon.colcon_core.environment:checking '/home/dron/ws_controll/install/flight_controller_pkg/lib/pkgconfig/flight_controller_pkg.pc'
[19.513s] Level 1:colcon.colcon_core.environment:checking '/home/dron/ws_controll/install/flight_controller_pkg/lib/python3.10/site-packages'
[19.513s] Level 1:colcon.colcon_core.shell:create_environment_hook('flight_controller_pkg', 'pythonpath')
[19.513s] INFO:colcon.colcon_core.shell:Creating environment hook '/home/dron/ws_controll/install/flight_controller_pkg/share/flight_controller_pkg/hook/pythonpath.ps1'
[19.515s] INFO:colcon.colcon_core.shell:Creating environment descriptor '/home/dron/ws_controll/install/flight_controller_pkg/share/flight_controller_pkg/hook/pythonpath.dsv'
[19.516s] INFO:colcon.colcon_core.shell:Creating environment hook '/home/dron/ws_controll/install/flight_controller_pkg/share/flight_controller_pkg/hook/pythonpath.sh'
[19.517s] Level 1:colcon.colcon_core.environment:checking '/home/dron/ws_controll/install/flight_controller_pkg/bin'
[19.517s] Level 1:colcon.colcon_core.environment:create_environment_scripts_only(flight_controller_pkg)
[19.518s] INFO:colcon.colcon_core.shell:Creating package script '/home/dron/ws_controll/install/flight_controller_pkg/share/flight_controller_pkg/package.ps1'
[19.519s] INFO:colcon.colcon_core.shell:Creating package descriptor '/home/dron/ws_controll/install/flight_controller_pkg/share/flight_controller_pkg/package.dsv'
[19.521s] INFO:colcon.colcon_core.shell:Creating package script '/home/dron/ws_controll/install/flight_controller_pkg/share/flight_controller_pkg/package.sh'
[19.522s] INFO:colcon.colcon_core.shell:Creating package script '/home/dron/ws_controll/install/flight_controller_pkg/share/flight_controller_pkg/package.bash'
[19.523s] INFO:colcon.colcon_core.shell:Creating package script '/home/dron/ws_controll/install/flight_controller_pkg/share/flight_controller_pkg/package.zsh'
[19.523s] Level 1:colcon.colcon_core.environment:create_file_with_runtime_dependencies(/home/dron/ws_controll/install/flight_controller_pkg/share/colcon-core/packages/flight_controller_pkg)
[19.525s] DEBUG:colcon.colcon_parallel_executor.executor.parallel:closing loop
[19.526s] DEBUG:colcon.colcon_parallel_executor.executor.parallel:loop closed
[19.527s] DEBUG:colcon.colcon_parallel_executor.executor.parallel:run_until_complete finished with '0'
[19.527s] DEBUG:colcon.colcon_core.event_reactor:joining thread
[19.541s] INFO:colcon.colcon_core.plugin_system:Skipping extension 'colcon_notification.desktop_notification.terminal_notifier': Not used on non-Darwin systems
[19.541s] INFO:colcon.colcon_core.plugin_system:Skipping extension 'colcon_notification.desktop_notification.win32': Not used on non-Windows systems
[19.541s] INFO:colcon.colcon_notification.desktop_notification:Sending desktop notification using 'notify2'
[19.568s] DEBUG:colcon.colcon_notification.desktop_notification.notify2:Failed to initialize notify2: org.freedesktop.DBus.Error.Spawn.ChildExited: Process org.freedesktop.Notifications exited with status 1
[19.568s] DEBUG:colcon.colcon_core.event_reactor:joined thread
[19.569s] INFO:colcon.colcon_core.shell:Creating prefix script '/home/dron/ws_controll/install/local_setup.ps1'
[19.572s] INFO:colcon.colcon_core.shell:Creating prefix util module '/home/dron/ws_controll/install/_local_setup_util_ps1.py'
[19.576s] INFO:colcon.colcon_core.shell:Creating prefix chain script '/home/dron/ws_controll/install/setup.ps1'
[19.578s] INFO:colcon.colcon_core.shell:Creating prefix script '/home/dron/ws_controll/install/local_setup.sh'
[19.580s] INFO:colcon.colcon_core.shell:Creating prefix util module '/home/dron/ws_controll/install/_local_setup_util_sh.py'
[19.581s] INFO:colcon.colcon_core.shell:Creating prefix chain script '/home/dron/ws_controll/install/setup.sh'
[19.583s] INFO:colcon.colcon_core.shell:Creating prefix script '/home/dron/ws_controll/install/local_setup.bash'
[19.584s] INFO:colcon.colcon_core.shell:Creating prefix chain script '/home/dron/ws_controll/install/setup.bash'
[19.587s] INFO:colcon.colcon_core.shell:Creating prefix script '/home/dron/ws_controll/install/local_setup.zsh'
[19.588s] INFO:colcon.colcon_core.shell:Creating prefix chain script '/home/dron/ws_controll/install/setup.zsh'
