[0.068s] Invoking command in '/home/dron/ws_controller/build/custom_msgs': CMAKE_PREFIX_PATH=${CMAKE_PREFIX_PATH}:/home/dron/Praca-magisterska/ros2_ws/install/um7_pkg:/home/dron/Praca-magisterska/ros2_ws/install/my_py_pkg:/home/dron/Praca-magisterska/ros2_ws/install/log_data_pkg:/home/dron/Praca-magisterska/ros2_ws/install/gs_pkg:/home/dron/Praca-magisterska/ros2_ws/install/flight_controller_pkg:/home/dron/Praca-magisterska/ros2_ws/install/flask_pkg:/home/dron/Praca-magisterska/ros2_ws/install/estimator_pkg:/opt/ros/humble VIRTUAL_ENV_PROMPT=(venv) /usr/bin/cmake --build /home/dron/ws_controller/build/custom_msgs -- -j4 -l4
[0.558s] -- Found ament_cmake: 1.3.12 (/opt/ros/humble/share/ament_cmake/cmake)
[1.305s] -- Found rosidl_default_generators: 1.2.0 (/opt/ros/humble/share/rosidl_default_generators/cmake)
[1.325s] -- Using all available rosidl_typesupport_c: rosidl_typesupport_fastrtps_c;rosidl_typesupport_introspection_c
[1.345s] -- Found rosidl_adapter: 3.1.7 (/opt/ros/humble/share/rosidl_adapter/cmake)
[1.555s] -- Using all available rosidl_typesupport_cpp: rosidl_typesupport_fastrtps_cpp;rosidl_typesupport_introspection_cpp
[3.195s] -- Found ament_cmake_ros: 0.10.0 (/opt/ros/humble/share/ament_cmake_ros/cmake)
[4.164s] -- Using all available rosidl_typesupport_c: rosidl_typesupport_fastrtps_c;rosidl_typesupport_introspection_c
[5.440s] -- Using all available rosidl_typesupport_cpp: rosidl_typesupport_fastrtps_cpp;rosidl_typesupport_introspection_cpp
[5.569s] -- Found python_cmake_module: 0.10.0 (/opt/ros/humble/share/python_cmake_module/cmake)
[5.705s] -- Using PYTHON_EXECUTABLE: /usr/bin/python3
[5.705s] -- Using PYTHON_INCLUDE_DIRS: /usr/include/python3.10
[5.706s] -- Using PYTHON_LIBRARIES: /usr/lib/aarch64-linux-gnu/libpython3.10.so
[5.879s] -- Found ament_lint_auto: 0.12.14 (/opt/ros/humble/share/ament_lint_auto/cmake)
[5.976s] -- Added test 'lint_cmake' to check CMake code style
[5.987s] -- Added test 'xmllint' to check XML markup files
[5.999s] -- Configuring done
[6.248s] -- Generating done
[6.294s] -- Build files have been written to: /home/dron/ws_controller/build/custom_msgs
[6.478s] [35m[1mConsolidate compiler generated dependencies of target custom_msgs__rosidl_generator_c[0m
[6.517s] [  1%] Built target custom_msgs__cpp
[6.575s] [  2%] [32mBuilding C object CMakeFiles/custom_msgs__rosidl_generator_c.dir/rosidl_generator_c/custom_msgs/msg/detail/accel_data__functions.c.o[0m
[6.579s] [35m[1mConsolidate compiler generated dependencies of target custom_msgs__rosidl_typesupport_cpp[0m
[6.580s] [35m[1mConsolidate compiler generated dependencies of target custom_msgs__rosidl_typesupport_fastrtps_cpp[0m
[6.594s] [  2%] Built target ament_cmake_python_copy_custom_msgs
[6.652s] [35m[1mConsolidate compiler generated dependencies of target custom_msgs__rosidl_typesupport_introspection_cpp[0m
[6.885s] [  3%] [32mBuilding CXX object CMakeFiles/custom_msgs__rosidl_typesupport_cpp.dir/rosidl_typesupport_cpp/custom_msgs/msg/accel_data__type_support.cpp.o[0m
[6.889s] [  4%] [32mBuilding CXX object CMakeFiles/custom_msgs__rosidl_typesupport_fastrtps_cpp.dir/rosidl_typesupport_fastrtps_cpp/custom_msgs/msg/detail/dds_fastrtps/accel_data__type_support.cpp.o[0m
[6.894s] [  5%] [32mBuilding CXX object CMakeFiles/custom_msgs__rosidl_typesupport_introspection_cpp.dir/rosidl_typesupport_introspection_cpp/custom_msgs/msg/detail/accel_data__type_support.cpp.o[0m
[7.864s] [  6%] [32mBuilding C object CMakeFiles/custom_msgs__rosidl_generator_c.dir/rosidl_generator_c/custom_msgs/msg/detail/gyro_data__functions.c.o[0m
[8.453s] [  7%] [32mBuilding C object CMakeFiles/custom_msgs__rosidl_generator_c.dir/rosidl_generator_c/custom_msgs/msg/detail/imu_data__functions.c.o[0m
[8.873s] [  8%] [32mBuilding C object CMakeFiles/custom_msgs__rosidl_generator_c.dir/rosidl_generator_c/custom_msgs/msg/detail/estimator_data__functions.c.o[0m
[9.474s] [  9%] [32mBuilding C object CMakeFiles/custom_msgs__rosidl_generator_c.dir/rosidl_generator_c/custom_msgs/msg/detail/possition_data__functions.c.o[0m
[10.039s] [ 10%] [32mBuilding C object CMakeFiles/custom_msgs__rosidl_generator_c.dir/rosidl_generator_c/custom_msgs/msg/detail/speed_data__functions.c.o[0m
[10.303s] [ 11%] [32mBuilding C object CMakeFiles/custom_msgs__rosidl_generator_c.dir/rosidl_generator_c/custom_msgs/msg/detail/data_xyz__functions.c.o[0m
[10.775s] [ 12%] [32mBuilding C object CMakeFiles/custom_msgs__rosidl_generator_c.dir/rosidl_generator_c/custom_msgs/msg/detail/drone_status__functions.c.o[0m
[11.097s] [ 13%] [32mBuilding C object CMakeFiles/custom_msgs__rosidl_generator_c.dir/rosidl_generator_c/custom_msgs/msg/detail/geo_data__functions.c.o[0m
[11.414s] [ 14%] [32m[1mLinking C shared library libcustom_msgs__rosidl_generator_c.so[0m
[11.586s] [ 15%] [32mBuilding CXX object CMakeFiles/custom_msgs__rosidl_typesupport_cpp.dir/rosidl_typesupport_cpp/custom_msgs/msg/gyro_data__type_support.cpp.o[0m
[11.751s] [ 16%] Built target custom_msgs__rosidl_generator_c
[12.361s] [ 17%] [32mBuilding CXX object CMakeFiles/custom_msgs__rosidl_typesupport_fastrtps_cpp.dir/rosidl_typesupport_fastrtps_cpp/custom_msgs/msg/detail/dds_fastrtps/gyro_data__type_support.cpp.o[0m
[12.456s] [ 18%] [32mBuilding CXX object CMakeFiles/custom_msgs__rosidl_typesupport_introspection_cpp.dir/rosidl_typesupport_introspection_cpp/custom_msgs/msg/detail/gyro_data__type_support.cpp.o[0m
[13.388s] [ 20%] [32mBuilding CXX object CMakeFiles/custom_msgs__rosidl_typesupport_cpp.dir/rosidl_typesupport_cpp/custom_msgs/msg/imu_data__type_support.cpp.o[0m
[13.901s] running egg_info
[13.907s] writing custom_msgs.egg-info/PKG-INFO
[13.909s] writing dependency_links to custom_msgs.egg-info/dependency_links.txt
[13.912s] writing top-level names to custom_msgs.egg-info/top_level.txt
[13.949s] reading manifest file 'custom_msgs.egg-info/SOURCES.txt'
[13.954s] writing manifest file 'custom_msgs.egg-info/SOURCES.txt'
[14.179s] [ 20%] Built target ament_cmake_python_build_custom_msgs_egg
[14.258s] [35m[1mConsolidate compiler generated dependencies of target custom_msgs__rosidl_typesupport_fastrtps_c[0m
[14.386s] [ 21%] [32mBuilding CXX object CMakeFiles/custom_msgs__rosidl_typesupport_fastrtps_c.dir/rosidl_typesupport_fastrtps_c/custom_msgs/msg/detail/accel_data__type_support_c.cpp.o[0m
[14.907s] [ 22%] [32mBuilding CXX object CMakeFiles/custom_msgs__rosidl_typesupport_fastrtps_cpp.dir/rosidl_typesupport_fastrtps_cpp/custom_msgs/msg/detail/dds_fastrtps/imu_data__type_support.cpp.o[0m
[15.006s] [ 23%] [32mBuilding CXX object CMakeFiles/custom_msgs__rosidl_typesupport_introspection_cpp.dir/rosidl_typesupport_introspection_cpp/custom_msgs/msg/detail/imu_data__type_support.cpp.o[0m
[15.283s] [ 24%] [32mBuilding CXX object CMakeFiles/custom_msgs__rosidl_typesupport_cpp.dir/rosidl_typesupport_cpp/custom_msgs/msg/estimator_data__type_support.cpp.o[0m
[16.534s] [ 25%] [32mBuilding CXX object CMakeFiles/custom_msgs__rosidl_typesupport_fastrtps_c.dir/rosidl_typesupport_fastrtps_c/custom_msgs/msg/detail/gyro_data__type_support_c.cpp.o[0m
[17.366s] [ 26%] [32mBuilding CXX object CMakeFiles/custom_msgs__rosidl_typesupport_cpp.dir/rosidl_typesupport_cpp/custom_msgs/msg/possition_data__type_support.cpp.o[0m
[17.445s] [ 27%] [32mBuilding CXX object CMakeFiles/custom_msgs__rosidl_typesupport_fastrtps_cpp.dir/rosidl_typesupport_fastrtps_cpp/custom_msgs/msg/detail/dds_fastrtps/estimator_data__type_support.cpp.o[0m
[17.550s] [ 28%] [32mBuilding CXX object CMakeFiles/custom_msgs__rosidl_typesupport_introspection_cpp.dir/rosidl_typesupport_introspection_cpp/custom_msgs/msg/detail/estimator_data__type_support.cpp.o[0m
[18.699s] [ 29%] [32mBuilding CXX object CMakeFiles/custom_msgs__rosidl_typesupport_fastrtps_c.dir/rosidl_typesupport_fastrtps_c/custom_msgs/msg/detail/imu_data__type_support_c.cpp.o[0m
[19.110s] [ 30%] [32mBuilding CXX object CMakeFiles/custom_msgs__rosidl_typesupport_cpp.dir/rosidl_typesupport_cpp/custom_msgs/msg/speed_data__type_support.cpp.o[0m
[19.927s] [ 31%] [32mBuilding CXX object CMakeFiles/custom_msgs__rosidl_typesupport_introspection_cpp.dir/rosidl_typesupport_introspection_cpp/custom_msgs/msg/detail/possition_data__type_support.cpp.o[0m
[20.074s] [ 32%] [32mBuilding CXX object CMakeFiles/custom_msgs__rosidl_typesupport_fastrtps_cpp.dir/rosidl_typesupport_fastrtps_cpp/custom_msgs/msg/detail/dds_fastrtps/possition_data__type_support.cpp.o[0m
[20.905s] [ 33%] [32mBuilding CXX object CMakeFiles/custom_msgs__rosidl_typesupport_fastrtps_c.dir/rosidl_typesupport_fastrtps_c/custom_msgs/msg/detail/estimator_data__type_support_c.cpp.o[0m
[20.929s] [ 34%] [32mBuilding CXX object CMakeFiles/custom_msgs__rosidl_typesupport_cpp.dir/rosidl_typesupport_cpp/custom_msgs/msg/data_xyz__type_support.cpp.o[0m
[22.653s] [ 35%] [32mBuilding CXX object CMakeFiles/custom_msgs__rosidl_typesupport_introspection_cpp.dir/rosidl_typesupport_introspection_cpp/custom_msgs/msg/detail/speed_data__type_support.cpp.o[0m
[22.825s] [ 36%] [32mBuilding CXX object CMakeFiles/custom_msgs__rosidl_typesupport_cpp.dir/rosidl_typesupport_cpp/custom_msgs/msg/drone_status__type_support.cpp.o[0m
[22.888s] [ 37%] [32mBuilding CXX object CMakeFiles/custom_msgs__rosidl_typesupport_fastrtps_cpp.dir/rosidl_typesupport_fastrtps_cpp/custom_msgs/msg/detail/dds_fastrtps/speed_data__type_support.cpp.o[0m
[23.061s] [ 38%] [32mBuilding CXX object CMakeFiles/custom_msgs__rosidl_typesupport_fastrtps_c.dir/rosidl_typesupport_fastrtps_c/custom_msgs/msg/detail/possition_data__type_support_c.cpp.o[0m
[24.490s] [ 40%] [32mBuilding CXX object CMakeFiles/custom_msgs__rosidl_typesupport_cpp.dir/rosidl_typesupport_cpp/custom_msgs/msg/geo_data__type_support.cpp.o[0m
[25.161s] [ 41%] [32mBuilding CXX object CMakeFiles/custom_msgs__rosidl_typesupport_introspection_cpp.dir/rosidl_typesupport_introspection_cpp/custom_msgs/msg/detail/data_xyz__type_support.cpp.o[0m
[25.236s] [ 42%] [32mBuilding CXX object CMakeFiles/custom_msgs__rosidl_typesupport_fastrtps_c.dir/rosidl_typesupport_fastrtps_c/custom_msgs/msg/detail/speed_data__type_support_c.cpp.o[0m
[25.489s] [ 43%] [32mBuilding CXX object CMakeFiles/custom_msgs__rosidl_typesupport_fastrtps_cpp.dir/rosidl_typesupport_fastrtps_cpp/custom_msgs/msg/detail/dds_fastrtps/data_xyz__type_support.cpp.o[0m
[26.304s] [ 44%] [32m[1mLinking CXX shared library libcustom_msgs__rosidl_typesupport_cpp.so[0m
[26.586s] [ 45%] Built target custom_msgs__rosidl_typesupport_cpp
[26.657s] [35m[1mConsolidate compiler generated dependencies of target custom_msgs__rosidl_typesupport_introspection_c[0m
[26.770s] [ 46%] [32mBuilding C object CMakeFiles/custom_msgs__rosidl_typesupport_introspection_c.dir/rosidl_typesupport_introspection_c/custom_msgs/msg/detail/accel_data__type_support.c.o[0m
[27.002s] [ 47%] [32mBuilding C object CMakeFiles/custom_msgs__rosidl_typesupport_introspection_c.dir/rosidl_typesupport_introspection_c/custom_msgs/msg/detail/gyro_data__type_support.c.o[0m
[27.255s] [ 48%] [32mBuilding C object CMakeFiles/custom_msgs__rosidl_typesupport_introspection_c.dir/rosidl_typesupport_introspection_c/custom_msgs/msg/detail/imu_data__type_support.c.o[0m
[27.369s] [ 49%] [32mBuilding CXX object CMakeFiles/custom_msgs__rosidl_typesupport_fastrtps_c.dir/rosidl_typesupport_fastrtps_c/custom_msgs/msg/detail/data_xyz__type_support_c.cpp.o[0m
[27.504s] [ 50%] [32mBuilding C object CMakeFiles/custom_msgs__rosidl_typesupport_introspection_c.dir/rosidl_typesupport_introspection_c/custom_msgs/msg/detail/estimator_data__type_support.c.o[0m
[27.658s] [ 51%] [32mBuilding CXX object CMakeFiles/custom_msgs__rosidl_typesupport_introspection_cpp.dir/rosidl_typesupport_introspection_cpp/custom_msgs/msg/detail/drone_status__type_support.cpp.o[0m
[27.708s] [ 52%] [32mBuilding C object CMakeFiles/custom_msgs__rosidl_typesupport_introspection_c.dir/rosidl_typesupport_introspection_c/custom_msgs/msg/detail/possition_data__type_support.c.o[0m
[27.914s] [ 53%] [32mBuilding C object CMakeFiles/custom_msgs__rosidl_typesupport_introspection_c.dir/rosidl_typesupport_introspection_c/custom_msgs/msg/detail/speed_data__type_support.c.o[0m
[28.125s] [ 54%] [32mBuilding C object CMakeFiles/custom_msgs__rosidl_typesupport_introspection_c.dir/rosidl_typesupport_introspection_c/custom_msgs/msg/detail/data_xyz__type_support.c.o[0m
[28.266s] [ 55%] [32mBuilding CXX object CMakeFiles/custom_msgs__rosidl_typesupport_fastrtps_cpp.dir/rosidl_typesupport_fastrtps_cpp/custom_msgs/msg/detail/dds_fastrtps/drone_status__type_support.cpp.o[0m
[28.345s] [ 56%] [32mBuilding C object CMakeFiles/custom_msgs__rosidl_typesupport_introspection_c.dir/rosidl_typesupport_introspection_c/custom_msgs/msg/detail/drone_status__type_support.c.o[0m
[28.582s] [ 57%] [32mBuilding C object CMakeFiles/custom_msgs__rosidl_typesupport_introspection_c.dir/rosidl_typesupport_introspection_c/custom_msgs/msg/detail/geo_data__type_support.c.o[0m
[28.799s] [ 58%] [32m[1mLinking C shared library libcustom_msgs__rosidl_typesupport_introspection_c.so[0m
[29.004s] [ 60%] Built target custom_msgs__rosidl_typesupport_introspection_c
[29.058s] [ 61%] [32mBuilding CXX object CMakeFiles/custom_msgs__rosidl_typesupport_fastrtps_c.dir/rosidl_typesupport_fastrtps_c/custom_msgs/msg/detail/drone_status__type_support_c.cpp.o[0m
[29.453s] [ 62%] [32mBuilding CXX object CMakeFiles/custom_msgs__rosidl_typesupport_fastrtps_cpp.dir/rosidl_typesupport_fastrtps_cpp/custom_msgs/msg/detail/dds_fastrtps/geo_data__type_support.cpp.o[0m
[30.597s] [ 63%] [32mBuilding CXX object CMakeFiles/custom_msgs__rosidl_typesupport_introspection_cpp.dir/rosidl_typesupport_introspection_cpp/custom_msgs/msg/detail/geo_data__type_support.cpp.o[0m
[30.959s] [35m[1mConsolidate compiler generated dependencies of target custom_msgs__rosidl_typesupport_c[0m
[31.029s] [ 64%] [32mBuilding CXX object CMakeFiles/custom_msgs__rosidl_typesupport_c.dir/rosidl_typesupport_c/custom_msgs/msg/accel_data__type_support.cpp.o[0m
[31.196s] [ 65%] [32mBuilding CXX object CMakeFiles/custom_msgs__rosidl_typesupport_fastrtps_c.dir/rosidl_typesupport_fastrtps_c/custom_msgs/msg/detail/geo_data__type_support_c.cpp.o[0m
[31.222s] [ 66%] [32mBuilding CXX object CMakeFiles/custom_msgs__rosidl_typesupport_c.dir/rosidl_typesupport_c/custom_msgs/msg/gyro_data__type_support.cpp.o[0m
[31.406s] [ 67%] [32mBuilding CXX object CMakeFiles/custom_msgs__rosidl_typesupport_c.dir/rosidl_typesupport_c/custom_msgs/msg/imu_data__type_support.cpp.o[0m
[31.593s] [ 68%] [32mBuilding CXX object CMakeFiles/custom_msgs__rosidl_typesupport_c.dir/rosidl_typesupport_c/custom_msgs/msg/estimator_data__type_support.cpp.o[0m
[31.844s] [ 69%] [32mBuilding CXX object CMakeFiles/custom_msgs__rosidl_typesupport_c.dir/rosidl_typesupport_c/custom_msgs/msg/possition_data__type_support.cpp.o[0m
[32.015s] [ 70%] [32m[1mLinking CXX shared library libcustom_msgs__rosidl_typesupport_fastrtps_cpp.so[0m
[32.036s] [ 71%] [32mBuilding CXX object CMakeFiles/custom_msgs__rosidl_typesupport_c.dir/rosidl_typesupport_c/custom_msgs/msg/speed_data__type_support.cpp.o[0m
[32.245s] [ 72%] [32mBuilding CXX object CMakeFiles/custom_msgs__rosidl_typesupport_c.dir/rosidl_typesupport_c/custom_msgs/msg/data_xyz__type_support.cpp.o[0m
[32.445s] [ 73%] [32mBuilding CXX object CMakeFiles/custom_msgs__rosidl_typesupport_c.dir/rosidl_typesupport_c/custom_msgs/msg/drone_status__type_support.cpp.o[0m
[32.523s] [ 74%] Built target custom_msgs__rosidl_typesupport_fastrtps_cpp
[32.574s] [ 75%] [32mBuilding CXX object CMakeFiles/custom_msgs__rosidl_typesupport_c.dir/rosidl_typesupport_c/custom_msgs/msg/geo_data__type_support.cpp.o[0m
[32.772s] [ 76%] [32m[1mLinking CXX shared library libcustom_msgs__rosidl_typesupport_c.so[0m
[33.006s] [ 77%] Built target custom_msgs__rosidl_typesupport_c
[33.122s] [ 78%] [32m[1mLinking CXX shared library libcustom_msgs__rosidl_typesupport_introspection_cpp.so[0m
[33.343s] [ 80%] [32m[1mLinking CXX shared library libcustom_msgs__rosidl_typesupport_fastrtps_c.so[0m
[33.447s] [ 81%] Built target custom_msgs__rosidl_typesupport_introspection_cpp
[33.697s] [ 82%] Built target custom_msgs__rosidl_typesupport_fastrtps_c
[33.786s] [ 82%] Built target custom_msgs
[33.878s] [ 83%] Built target custom_msgs__py
[33.932s] [35m[1mConsolidate compiler generated dependencies of target custom_msgs__rosidl_generator_py[0m
[34.057s] [ 84%] [32mBuilding C object CMakeFiles/custom_msgs__rosidl_generator_py.dir/rosidl_generator_py/custom_msgs/msg/_accel_data_s.c.o[0m
[34.061s] [ 85%] [32mBuilding C object CMakeFiles/custom_msgs__rosidl_generator_py.dir/rosidl_generator_py/custom_msgs/msg/_imu_data_s.c.o[0m
[34.063s] [ 86%] [32mBuilding C object CMakeFiles/custom_msgs__rosidl_generator_py.dir/rosidl_generator_py/custom_msgs/msg/_gyro_data_s.c.o[0m
[34.070s] [ 87%] [32mBuilding C object CMakeFiles/custom_msgs__rosidl_generator_py.dir/rosidl_generator_py/custom_msgs/msg/_estimator_data_s.c.o[0m
[34.742s] [ 88%] [32mBuilding C object CMakeFiles/custom_msgs__rosidl_generator_py.dir/rosidl_generator_py/custom_msgs/msg/_possition_data_s.c.o[0m
[34.750s] [ 89%] [32mBuilding C object CMakeFiles/custom_msgs__rosidl_generator_py.dir/rosidl_generator_py/custom_msgs/msg/_speed_data_s.c.o[0m
[34.757s] [ 90%] [32mBuilding C object CMakeFiles/custom_msgs__rosidl_generator_py.dir/rosidl_generator_py/custom_msgs/msg/_drone_status_s.c.o[0m
[34.772s] [ 91%] [32mBuilding C object CMakeFiles/custom_msgs__rosidl_generator_py.dir/rosidl_generator_py/custom_msgs/msg/_data_xyz_s.c.o[0m
[35.274s] [ 92%] [32mBuilding C object CMakeFiles/custom_msgs__rosidl_generator_py.dir/rosidl_generator_py/custom_msgs/msg/_geo_data_s.c.o[0m
[35.726s] [ 93%] [32m[1mLinking C shared library rosidl_generator_py/custom_msgs/libcustom_msgs__rosidl_generator_py.so[0m
[35.959s] [ 93%] Built target custom_msgs__rosidl_generator_py
[36.005s] [35m[1mConsolidate compiler generated dependencies of target custom_msgs__rosidl_typesupport_fastrtps_c__pyext[0m
[36.008s] [35m[1mConsolidate compiler generated dependencies of target custom_msgs__rosidl_typesupport_introspection_c__pyext[0m
[36.010s] [35m[1mConsolidate compiler generated dependencies of target custom_msgs__rosidl_typesupport_c__pyext[0m
[36.078s] [ 95%] [32mBuilding C object CMakeFiles/custom_msgs__rosidl_typesupport_c__pyext.dir/rosidl_generator_py/custom_msgs/_custom_msgs_s.ep.rosidl_typesupport_c.c.o[0m
[36.079s] [ 95%] [32mBuilding C object CMakeFiles/custom_msgs__rosidl_typesupport_fastrtps_c__pyext.dir/rosidl_generator_py/custom_msgs/_custom_msgs_s.ep.rosidl_typesupport_fastrtps_c.c.o[0m
[36.083s] [ 96%] [32mBuilding C object CMakeFiles/custom_msgs__rosidl_typesupport_introspection_c__pyext.dir/rosidl_generator_py/custom_msgs/_custom_msgs_s.ep.rosidl_typesupport_introspection_c.c.o[0m
[36.699s] [ 97%] [32m[1mLinking C shared library rosidl_generator_py/custom_msgs/custom_msgs_s__rosidl_typesupport_c.cpython-310-aarch64-linux-gnu.so[0m
[36.714s] [ 98%] [32m[1mLinking C shared library rosidl_generator_py/custom_msgs/custom_msgs_s__rosidl_typesupport_introspection_c.cpython-310-aarch64-linux-gnu.so[0m
[36.727s] [100%] [32m[1mLinking C shared library rosidl_generator_py/custom_msgs/custom_msgs_s__rosidl_typesupport_fastrtps_c.cpython-310-aarch64-linux-gnu.so[0m
[36.888s] [100%] Built target custom_msgs__rosidl_typesupport_c__pyext
[36.905s] [100%] Built target custom_msgs__rosidl_typesupport_introspection_c__pyext
[36.923s] [100%] Built target custom_msgs__rosidl_typesupport_fastrtps_c__pyext
[36.975s] Invoked command in '/home/dron/ws_controller/build/custom_msgs' returned '0': CMAKE_PREFIX_PATH=${CMAKE_PREFIX_PATH}:/home/dron/Praca-magisterska/ros2_ws/install/um7_pkg:/home/dron/Praca-magisterska/ros2_ws/install/my_py_pkg:/home/dron/Praca-magisterska/ros2_ws/install/log_data_pkg:/home/dron/Praca-magisterska/ros2_ws/install/gs_pkg:/home/dron/Praca-magisterska/ros2_ws/install/flight_controller_pkg:/home/dron/Praca-magisterska/ros2_ws/install/flask_pkg:/home/dron/Praca-magisterska/ros2_ws/install/estimator_pkg:/opt/ros/humble VIRTUAL_ENV_PROMPT=(venv) /usr/bin/cmake --build /home/dron/ws_controller/build/custom_msgs -- -j4 -l4
[37.017s] Invoking command in '/home/dron/ws_controller/build/custom_msgs': CMAKE_PREFIX_PATH=${CMAKE_PREFIX_PATH}:/home/dron/Praca-magisterska/ros2_ws/install/um7_pkg:/home/dron/Praca-magisterska/ros2_ws/install/my_py_pkg:/home/dron/Praca-magisterska/ros2_ws/install/log_data_pkg:/home/dron/Praca-magisterska/ros2_ws/install/gs_pkg:/home/dron/Praca-magisterska/ros2_ws/install/flight_controller_pkg:/home/dron/Praca-magisterska/ros2_ws/install/flask_pkg:/home/dron/Praca-magisterska/ros2_ws/install/estimator_pkg:/opt/ros/humble VIRTUAL_ENV_PROMPT=(venv) /usr/bin/cmake --install /home/dron/ws_controller/build/custom_msgs
[37.048s] -- Install configuration: ""
[37.048s] -- Up-to-date: /home/dron/ws_controller/install/custom_msgs/share/ament_index/resource_index/rosidl_interfaces/custom_msgs
[37.049s] -- Up-to-date: /home/dron/ws_controller/install/custom_msgs/include/custom_msgs/custom_msgs
[37.049s] -- Up-to-date: /home/dron/ws_controller/install/custom_msgs/include/custom_msgs/custom_msgs/msg
[37.050s] -- Up-to-date: /home/dron/ws_controller/install/custom_msgs/include/custom_msgs/custom_msgs/msg/imu_data.h
[37.050s] -- Up-to-date: /home/dron/ws_controller/install/custom_msgs/include/custom_msgs/custom_msgs/msg/data_xyz.h
[37.051s] -- Up-to-date: /home/dron/ws_controller/install/custom_msgs/include/custom_msgs/custom_msgs/msg/gyro_data.h
[37.051s] -- Up-to-date: /home/dron/ws_controller/install/custom_msgs/include/custom_msgs/custom_msgs/msg/estimator_data.h
[37.051s] -- Up-to-date: /home/dron/ws_controller/install/custom_msgs/include/custom_msgs/custom_msgs/msg/accel_data.h
[37.051s] -- Up-to-date: /home/dron/ws_controller/install/custom_msgs/include/custom_msgs/custom_msgs/msg/possition_data.h
[37.054s] -- Up-to-date: /home/dron/ws_controller/install/custom_msgs/include/custom_msgs/custom_msgs/msg/rosidl_generator_c__visibility_control.h
[37.054s] -- Up-to-date: /home/dron/ws_controller/install/custom_msgs/include/custom_msgs/custom_msgs/msg/geo_data.h
[37.055s] -- Up-to-date: /home/dron/ws_controller/install/custom_msgs/include/custom_msgs/custom_msgs/msg/detail
[37.055s] -- Up-to-date: /home/dron/ws_controller/install/custom_msgs/include/custom_msgs/custom_msgs/msg/detail/accel_data__type_support.h
[37.055s] -- Up-to-date: /home/dron/ws_controller/install/custom_msgs/include/custom_msgs/custom_msgs/msg/detail/data_xyz__functions.h
[37.056s] -- Up-to-date: /home/dron/ws_controller/install/custom_msgs/include/custom_msgs/custom_msgs/msg/detail/possition_data__struct.h
[37.056s] -- Up-to-date: /home/dron/ws_controller/install/custom_msgs/include/custom_msgs/custom_msgs/msg/detail/estimator_data__functions.c
[37.057s] -- Up-to-date: /home/dron/ws_controller/install/custom_msgs/include/custom_msgs/custom_msgs/msg/detail/speed_data__type_support.h
[37.057s] -- Up-to-date: /home/dron/ws_controller/install/custom_msgs/include/custom_msgs/custom_msgs/msg/detail/imu_data__functions.h
[37.057s] -- Up-to-date: /home/dron/ws_controller/install/custom_msgs/include/custom_msgs/custom_msgs/msg/detail/geo_data__functions.c
[37.058s] -- Up-to-date: /home/dron/ws_controller/install/custom_msgs/include/custom_msgs/custom_msgs/msg/detail/imu_data__type_support.h
[37.058s] -- Up-to-date: /home/dron/ws_controller/install/custom_msgs/include/custom_msgs/custom_msgs/msg/detail/accel_data__functions.c
[37.059s] -- Up-to-date: /home/dron/ws_controller/install/custom_msgs/include/custom_msgs/custom_msgs/msg/detail/possition_data__type_support.h
[37.059s] -- Up-to-date: /home/dron/ws_controller/install/custom_msgs/include/custom_msgs/custom_msgs/msg/detail/gyro_data__functions.c
[37.059s] -- Up-to-date: /home/dron/ws_controller/install/custom_msgs/include/custom_msgs/custom_msgs/msg/detail/estimator_data__struct.h
[37.060s] -- Up-to-date: /home/dron/ws_controller/install/custom_msgs/include/custom_msgs/custom_msgs/msg/detail/estimator_data__type_support.h
[37.061s] -- Up-to-date: /home/dron/ws_controller/install/custom_msgs/include/custom_msgs/custom_msgs/msg/detail/possition_data__functions.h
[37.061s] -- Up-to-date: /home/dron/ws_controller/install/custom_msgs/include/custom_msgs/custom_msgs/msg/detail/gyro_data__struct.h
[37.062s] -- Up-to-date: /home/dron/ws_controller/install/custom_msgs/include/custom_msgs/custom_msgs/msg/detail/drone_status__struct.h
[37.062s] -- Up-to-date: /home/dron/ws_controller/install/custom_msgs/include/custom_msgs/custom_msgs/msg/detail/geo_data__functions.h
[37.063s] -- Up-to-date: /home/dron/ws_controller/install/custom_msgs/include/custom_msgs/custom_msgs/msg/detail/data_xyz__functions.c
[37.063s] -- Up-to-date: /home/dron/ws_controller/install/custom_msgs/include/custom_msgs/custom_msgs/msg/detail/speed_data__functions.c
[37.063s] -- Up-to-date: /home/dron/ws_controller/install/custom_msgs/include/custom_msgs/custom_msgs/msg/detail/geo_data__type_support.h
[37.064s] -- Up-to-date: /home/dron/ws_controller/install/custom_msgs/include/custom_msgs/custom_msgs/msg/detail/geo_data__struct.h
[37.064s] -- Up-to-date: /home/dron/ws_controller/install/custom_msgs/include/custom_msgs/custom_msgs/msg/detail/speed_data__functions.h
[37.064s] -- Up-to-date: /home/dron/ws_controller/install/custom_msgs/include/custom_msgs/custom_msgs/msg/detail/drone_status__functions.h
[37.065s] -- Up-to-date: /home/dron/ws_controller/install/custom_msgs/include/custom_msgs/custom_msgs/msg/detail/data_xyz__type_support.h
[37.065s] -- Up-to-date: /home/dron/ws_controller/install/custom_msgs/include/custom_msgs/custom_msgs/msg/detail/imu_data__functions.c
[37.065s] -- Up-to-date: /home/dron/ws_controller/install/custom_msgs/include/custom_msgs/custom_msgs/msg/detail/accel_data__functions.h
[37.066s] -- Up-to-date: /home/dron/ws_controller/install/custom_msgs/include/custom_msgs/custom_msgs/msg/detail/drone_status__type_support.h
[37.067s] -- Up-to-date: /home/dron/ws_controller/install/custom_msgs/include/custom_msgs/custom_msgs/msg/detail/imu_data__struct.h
[37.068s] -- Up-to-date: /home/dron/ws_controller/install/custom_msgs/include/custom_msgs/custom_msgs/msg/detail/drone_status__functions.c
[37.069s] -- Up-to-date: /home/dron/ws_controller/install/custom_msgs/include/custom_msgs/custom_msgs/msg/detail/speed_data__struct.h
[37.069s] -- Up-to-date: /home/dron/ws_controller/install/custom_msgs/include/custom_msgs/custom_msgs/msg/detail/gyro_data__type_support.h
[37.069s] -- Up-to-date: /home/dron/ws_controller/install/custom_msgs/include/custom_msgs/custom_msgs/msg/detail/possition_data__functions.c
[37.070s] -- Up-to-date: /home/dron/ws_controller/install/custom_msgs/include/custom_msgs/custom_msgs/msg/detail/estimator_data__functions.h
[37.070s] -- Up-to-date: /home/dron/ws_controller/install/custom_msgs/include/custom_msgs/custom_msgs/msg/detail/accel_data__struct.h
[37.071s] -- Up-to-date: /home/dron/ws_controller/install/custom_msgs/include/custom_msgs/custom_msgs/msg/detail/gyro_data__functions.h
[37.071s] -- Up-to-date: /home/dron/ws_controller/install/custom_msgs/include/custom_msgs/custom_msgs/msg/detail/data_xyz__struct.h
[37.071s] -- Up-to-date: /home/dron/ws_controller/install/custom_msgs/include/custom_msgs/custom_msgs/msg/speed_data.h
[37.072s] -- Up-to-date: /home/dron/ws_controller/install/custom_msgs/include/custom_msgs/custom_msgs/msg/drone_status.h
[37.072s] -- Installing: /home/dron/ws_controller/install/custom_msgs/share/custom_msgs/environment/library_path.sh
[37.073s] -- Installing: /home/dron/ws_controller/install/custom_msgs/share/custom_msgs/environment/library_path.dsv
[37.073s] -- Installing: /home/dron/ws_controller/install/custom_msgs/lib/libcustom_msgs__rosidl_generator_c.so
[37.073s] -- Set runtime path of "/home/dron/ws_controller/install/custom_msgs/lib/libcustom_msgs__rosidl_generator_c.so" to ""
[37.074s] -- Up-to-date: /home/dron/ws_controller/install/custom_msgs/include/custom_msgs/custom_msgs
[37.074s] -- Up-to-date: /home/dron/ws_controller/install/custom_msgs/include/custom_msgs/custom_msgs/msg
[37.075s] -- Up-to-date: /home/dron/ws_controller/install/custom_msgs/include/custom_msgs/custom_msgs/msg/rosidl_typesupport_fastrtps_c__visibility_control.h
[37.075s] -- Up-to-date: /home/dron/ws_controller/install/custom_msgs/include/custom_msgs/custom_msgs/msg/detail
[37.075s] -- Up-to-date: /home/dron/ws_controller/install/custom_msgs/include/custom_msgs/custom_msgs/msg/detail/speed_data__rosidl_typesupport_fastrtps_c.h
[37.076s] -- Up-to-date: /home/dron/ws_controller/install/custom_msgs/include/custom_msgs/custom_msgs/msg/detail/geo_data__rosidl_typesupport_fastrtps_c.h
[37.076s] -- Up-to-date: /home/dron/ws_controller/install/custom_msgs/include/custom_msgs/custom_msgs/msg/detail/imu_data__rosidl_typesupport_fastrtps_c.h
[37.076s] -- Up-to-date: /home/dron/ws_controller/install/custom_msgs/include/custom_msgs/custom_msgs/msg/detail/gyro_data__rosidl_typesupport_fastrtps_c.h
[37.077s] -- Up-to-date: /home/dron/ws_controller/install/custom_msgs/include/custom_msgs/custom_msgs/msg/detail/accel_data__rosidl_typesupport_fastrtps_c.h
[37.077s] -- Up-to-date: /home/dron/ws_controller/install/custom_msgs/include/custom_msgs/custom_msgs/msg/detail/data_xyz__rosidl_typesupport_fastrtps_c.h
[37.077s] -- Up-to-date: /home/dron/ws_controller/install/custom_msgs/include/custom_msgs/custom_msgs/msg/detail/drone_status__rosidl_typesupport_fastrtps_c.h
[37.078s] -- Up-to-date: /home/dron/ws_controller/install/custom_msgs/include/custom_msgs/custom_msgs/msg/detail/possition_data__rosidl_typesupport_fastrtps_c.h
[37.078s] -- Up-to-date: /home/dron/ws_controller/install/custom_msgs/include/custom_msgs/custom_msgs/msg/detail/estimator_data__rosidl_typesupport_fastrtps_c.h
[37.078s] -- Installing: /home/dron/ws_controller/install/custom_msgs/lib/libcustom_msgs__rosidl_typesupport_fastrtps_c.so
[37.079s] -- Set runtime path of "/home/dron/ws_controller/install/custom_msgs/lib/libcustom_msgs__rosidl_typesupport_fastrtps_c.so" to ""
[37.079s] -- Up-to-date: /home/dron/ws_controller/install/custom_msgs/include/custom_msgs/custom_msgs
[37.080s] -- Up-to-date: /home/dron/ws_controller/install/custom_msgs/include/custom_msgs/custom_msgs/msg
[37.080s] -- Up-to-date: /home/dron/ws_controller/install/custom_msgs/include/custom_msgs/custom_msgs/msg/detail
[37.080s] -- Up-to-date: /home/dron/ws_controller/install/custom_msgs/include/custom_msgs/custom_msgs/msg/detail/estimator_data__rosidl_typesupport_introspection_c.h
[37.081s] -- Up-to-date: /home/dron/ws_controller/install/custom_msgs/include/custom_msgs/custom_msgs/msg/detail/speed_data__type_support.c
[37.081s] -- Up-to-date: /home/dron/ws_controller/install/custom_msgs/include/custom_msgs/custom_msgs/msg/detail/geo_data__rosidl_typesupport_introspection_c.h
[37.081s] -- Up-to-date: /home/dron/ws_controller/install/custom_msgs/include/custom_msgs/custom_msgs/msg/detail/possition_data__rosidl_typesupport_introspection_c.h
[37.082s] -- Up-to-date: /home/dron/ws_controller/install/custom_msgs/include/custom_msgs/custom_msgs/msg/detail/data_xyz__type_support.c
[37.082s] -- Up-to-date: /home/dron/ws_controller/install/custom_msgs/include/custom_msgs/custom_msgs/msg/detail/drone_status__rosidl_typesupport_introspection_c.h
[37.083s] -- Up-to-date: /home/dron/ws_controller/install/custom_msgs/include/custom_msgs/custom_msgs/msg/detail/drone_status__type_support.c
[37.083s] -- Up-to-date: /home/dron/ws_controller/install/custom_msgs/include/custom_msgs/custom_msgs/msg/detail/data_xyz__rosidl_typesupport_introspection_c.h
[37.083s] -- Up-to-date: /home/dron/ws_controller/install/custom_msgs/include/custom_msgs/custom_msgs/msg/detail/imu_data__rosidl_typesupport_introspection_c.h
[37.084s] -- Up-to-date: /home/dron/ws_controller/install/custom_msgs/include/custom_msgs/custom_msgs/msg/detail/geo_data__type_support.c
[37.084s] -- Up-to-date: /home/dron/ws_controller/install/custom_msgs/include/custom_msgs/custom_msgs/msg/detail/possition_data__type_support.c
[37.084s] -- Up-to-date: /home/dron/ws_controller/install/custom_msgs/include/custom_msgs/custom_msgs/msg/detail/imu_data__type_support.c
[37.085s] -- Up-to-date: /home/dron/ws_controller/install/custom_msgs/include/custom_msgs/custom_msgs/msg/detail/accel_data__rosidl_typesupport_introspection_c.h
[37.085s] -- Up-to-date: /home/dron/ws_controller/install/custom_msgs/include/custom_msgs/custom_msgs/msg/detail/gyro_data__rosidl_typesupport_introspection_c.h
[37.086s] -- Up-to-date: /home/dron/ws_controller/install/custom_msgs/include/custom_msgs/custom_msgs/msg/detail/estimator_data__type_support.c
[37.086s] -- Up-to-date: /home/dron/ws_controller/install/custom_msgs/include/custom_msgs/custom_msgs/msg/detail/accel_data__type_support.c
[37.086s] -- Up-to-date: /home/dron/ws_controller/install/custom_msgs/include/custom_msgs/custom_msgs/msg/detail/gyro_data__type_support.c
[37.087s] -- Up-to-date: /home/dron/ws_controller/install/custom_msgs/include/custom_msgs/custom_msgs/msg/detail/speed_data__rosidl_typesupport_introspection_c.h
[37.087s] -- Up-to-date: /home/dron/ws_controller/install/custom_msgs/include/custom_msgs/custom_msgs/msg/rosidl_typesupport_introspection_c__visibility_control.h
[37.087s] -- Installing: /home/dron/ws_controller/install/custom_msgs/lib/libcustom_msgs__rosidl_typesupport_introspection_c.so
[37.090s] -- Set runtime path of "/home/dron/ws_controller/install/custom_msgs/lib/libcustom_msgs__rosidl_typesupport_introspection_c.so" to ""
[37.091s] -- Installing: /home/dron/ws_controller/install/custom_msgs/lib/libcustom_msgs__rosidl_typesupport_c.so
[37.094s] -- Set runtime path of "/home/dron/ws_controller/install/custom_msgs/lib/libcustom_msgs__rosidl_typesupport_c.so" to ""
[37.094s] -- Up-to-date: /home/dron/ws_controller/install/custom_msgs/include/custom_msgs/custom_msgs
[37.094s] -- Up-to-date: /home/dron/ws_controller/install/custom_msgs/include/custom_msgs/custom_msgs/msg
[37.095s] -- Up-to-date: /home/dron/ws_controller/install/custom_msgs/include/custom_msgs/custom_msgs/msg/accel_data.hpp
[37.095s] -- Up-to-date: /home/dron/ws_controller/install/custom_msgs/include/custom_msgs/custom_msgs/msg/data_xyz.hpp
[37.096s] -- Up-to-date: /home/dron/ws_controller/install/custom_msgs/include/custom_msgs/custom_msgs/msg/possition_data.hpp
[37.096s] -- Up-to-date: /home/dron/ws_controller/install/custom_msgs/include/custom_msgs/custom_msgs/msg/gyro_data.hpp
[37.097s] -- Up-to-date: /home/dron/ws_controller/install/custom_msgs/include/custom_msgs/custom_msgs/msg/estimator_data.hpp
[37.097s] -- Up-to-date: /home/dron/ws_controller/install/custom_msgs/include/custom_msgs/custom_msgs/msg/drone_status.hpp
[37.098s] -- Up-to-date: /home/dron/ws_controller/install/custom_msgs/include/custom_msgs/custom_msgs/msg/detail
[37.098s] -- Up-to-date: /home/dron/ws_controller/install/custom_msgs/include/custom_msgs/custom_msgs/msg/detail/possition_data__traits.hpp
[37.099s] -- Up-to-date: /home/dron/ws_controller/install/custom_msgs/include/custom_msgs/custom_msgs/msg/detail/speed_data__struct.hpp
[37.099s] -- Up-to-date: /home/dron/ws_controller/install/custom_msgs/include/custom_msgs/custom_msgs/msg/detail/gyro_data__struct.hpp
[37.100s] -- Up-to-date: /home/dron/ws_controller/install/custom_msgs/include/custom_msgs/custom_msgs/msg/detail/data_xyz__builder.hpp
[37.100s] -- Up-to-date: /home/dron/ws_controller/install/custom_msgs/include/custom_msgs/custom_msgs/msg/detail/drone_status__traits.hpp
[37.100s] -- Up-to-date: /home/dron/ws_controller/install/custom_msgs/include/custom_msgs/custom_msgs/msg/detail/gyro_data__traits.hpp
[37.101s] -- Up-to-date: /home/dron/ws_controller/install/custom_msgs/include/custom_msgs/custom_msgs/msg/detail/geo_data__traits.hpp
[37.101s] -- Up-to-date: /home/dron/ws_controller/install/custom_msgs/include/custom_msgs/custom_msgs/msg/detail/speed_data__type_support.hpp
[37.102s] -- Up-to-date: /home/dron/ws_controller/install/custom_msgs/include/custom_msgs/custom_msgs/msg/detail/data_xyz__type_support.hpp
[37.102s] -- Up-to-date: /home/dron/ws_controller/install/custom_msgs/include/custom_msgs/custom_msgs/msg/detail/possition_data__builder.hpp
[37.103s] -- Up-to-date: /home/dron/ws_controller/install/custom_msgs/include/custom_msgs/custom_msgs/msg/detail/gyro_data__builder.hpp
[37.103s] -- Up-to-date: /home/dron/ws_controller/install/custom_msgs/include/custom_msgs/custom_msgs/msg/detail/estimator_data__traits.hpp
[37.103s] -- Up-to-date: /home/dron/ws_controller/install/custom_msgs/include/custom_msgs/custom_msgs/msg/detail/speed_data__builder.hpp
[37.104s] -- Up-to-date: /home/dron/ws_controller/install/custom_msgs/include/custom_msgs/custom_msgs/msg/detail/estimator_data__type_support.hpp
[37.104s] -- Up-to-date: /home/dron/ws_controller/install/custom_msgs/include/custom_msgs/custom_msgs/msg/detail/possition_data__type_support.hpp
[37.105s] -- Up-to-date: /home/dron/ws_controller/install/custom_msgs/include/custom_msgs/custom_msgs/msg/detail/accel_data__struct.hpp
[37.105s] -- Up-to-date: /home/dron/ws_controller/install/custom_msgs/include/custom_msgs/custom_msgs/msg/detail/imu_data__struct.hpp
[37.105s] -- Up-to-date: /home/dron/ws_controller/install/custom_msgs/include/custom_msgs/custom_msgs/msg/detail/estimator_data__struct.hpp
[37.106s] -- Up-to-date: /home/dron/ws_controller/install/custom_msgs/include/custom_msgs/custom_msgs/msg/detail/speed_data__traits.hpp
[37.106s] -- Up-to-date: /home/dron/ws_controller/install/custom_msgs/include/custom_msgs/custom_msgs/msg/detail/imu_data__type_support.hpp
[37.107s] -- Up-to-date: /home/dron/ws_controller/install/custom_msgs/include/custom_msgs/custom_msgs/msg/detail/possition_data__struct.hpp
[37.107s] -- Up-to-date: /home/dron/ws_controller/install/custom_msgs/include/custom_msgs/custom_msgs/msg/detail/geo_data__type_support.hpp
[37.107s] -- Up-to-date: /home/dron/ws_controller/install/custom_msgs/include/custom_msgs/custom_msgs/msg/detail/data_xyz__traits.hpp
[37.108s] -- Up-to-date: /home/dron/ws_controller/install/custom_msgs/include/custom_msgs/custom_msgs/msg/detail/geo_data__builder.hpp
[37.108s] -- Up-to-date: /home/dron/ws_controller/install/custom_msgs/include/custom_msgs/custom_msgs/msg/detail/accel_data__traits.hpp
[37.109s] -- Up-to-date: /home/dron/ws_controller/install/custom_msgs/include/custom_msgs/custom_msgs/msg/detail/data_xyz__struct.hpp
[37.109s] -- Up-to-date: /home/dron/ws_controller/install/custom_msgs/include/custom_msgs/custom_msgs/msg/detail/gyro_data__type_support.hpp
[37.109s] -- Up-to-date: /home/dron/ws_controller/install/custom_msgs/include/custom_msgs/custom_msgs/msg/detail/geo_data__struct.hpp
[37.110s] -- Up-to-date: /home/dron/ws_controller/install/custom_msgs/include/custom_msgs/custom_msgs/msg/detail/estimator_data__builder.hpp
[37.110s] -- Up-to-date: /home/dron/ws_controller/install/custom_msgs/include/custom_msgs/custom_msgs/msg/detail/imu_data__traits.hpp
[37.110s] -- Up-to-date: /home/dron/ws_controller/install/custom_msgs/include/custom_msgs/custom_msgs/msg/detail/drone_status__type_support.hpp
[37.111s] -- Up-to-date: /home/dron/ws_controller/install/custom_msgs/include/custom_msgs/custom_msgs/msg/detail/drone_status__builder.hpp
[37.111s] -- Up-to-date: /home/dron/ws_controller/install/custom_msgs/include/custom_msgs/custom_msgs/msg/detail/accel_data__builder.hpp
[37.112s] -- Up-to-date: /home/dron/ws_controller/install/custom_msgs/include/custom_msgs/custom_msgs/msg/detail/accel_data__type_support.hpp
[37.112s] -- Up-to-date: /home/dron/ws_controller/install/custom_msgs/include/custom_msgs/custom_msgs/msg/detail/drone_status__struct.hpp
[37.112s] -- Up-to-date: /home/dron/ws_controller/install/custom_msgs/include/custom_msgs/custom_msgs/msg/detail/imu_data__builder.hpp
[37.113s] -- Up-to-date: /home/dron/ws_controller/install/custom_msgs/include/custom_msgs/custom_msgs/msg/speed_data.hpp
[37.113s] -- Up-to-date: /home/dron/ws_controller/install/custom_msgs/include/custom_msgs/custom_msgs/msg/imu_data.hpp
[37.113s] -- Up-to-date: /home/dron/ws_controller/install/custom_msgs/include/custom_msgs/custom_msgs/msg/geo_data.hpp
[37.114s] -- Up-to-date: /home/dron/ws_controller/install/custom_msgs/include/custom_msgs/custom_msgs/msg/rosidl_generator_cpp__visibility_control.hpp
[37.114s] -- Up-to-date: /home/dron/ws_controller/install/custom_msgs/include/custom_msgs/custom_msgs
[37.114s] -- Up-to-date: /home/dron/ws_controller/install/custom_msgs/include/custom_msgs/custom_msgs/msg
[37.115s] -- Up-to-date: /home/dron/ws_controller/install/custom_msgs/include/custom_msgs/custom_msgs/msg/rosidl_typesupport_fastrtps_cpp__visibility_control.h
[37.115s] -- Up-to-date: /home/dron/ws_controller/install/custom_msgs/include/custom_msgs/custom_msgs/msg/detail
[37.115s] -- Up-to-date: /home/dron/ws_controller/install/custom_msgs/include/custom_msgs/custom_msgs/msg/detail/estimator_data__rosidl_typesupport_fastrtps_cpp.hpp
[37.116s] -- Installing: /home/dron/ws_controller/install/custom_msgs/include/custom_msgs/custom_msgs/msg/detail/dds_fastrtps
[37.116s] -- Up-to-date: /home/dron/ws_controller/install/custom_msgs/include/custom_msgs/custom_msgs/msg/detail/speed_data__rosidl_typesupport_fastrtps_cpp.hpp
[37.116s] -- Up-to-date: /home/dron/ws_controller/install/custom_msgs/include/custom_msgs/custom_msgs/msg/detail/gyro_data__rosidl_typesupport_fastrtps_cpp.hpp
[37.117s] -- Up-to-date: /home/dron/ws_controller/install/custom_msgs/include/custom_msgs/custom_msgs/msg/detail/geo_data__rosidl_typesupport_fastrtps_cpp.hpp
[37.117s] -- Up-to-date: /home/dron/ws_controller/install/custom_msgs/include/custom_msgs/custom_msgs/msg/detail/imu_data__rosidl_typesupport_fastrtps_cpp.hpp
[37.117s] -- Up-to-date: /home/dron/ws_controller/install/custom_msgs/include/custom_msgs/custom_msgs/msg/detail/accel_data__rosidl_typesupport_fastrtps_cpp.hpp
[37.118s] -- Up-to-date: /home/dron/ws_controller/install/custom_msgs/include/custom_msgs/custom_msgs/msg/detail/drone_status__rosidl_typesupport_fastrtps_cpp.hpp
[37.118s] -- Up-to-date: /home/dron/ws_controller/install/custom_msgs/include/custom_msgs/custom_msgs/msg/detail/data_xyz__rosidl_typesupport_fastrtps_cpp.hpp
[37.119s] -- Up-to-date: /home/dron/ws_controller/install/custom_msgs/include/custom_msgs/custom_msgs/msg/detail/possition_data__rosidl_typesupport_fastrtps_cpp.hpp
[37.119s] -- Installing: /home/dron/ws_controller/install/custom_msgs/lib/libcustom_msgs__rosidl_typesupport_fastrtps_cpp.so
[37.119s] -- Set runtime path of "/home/dron/ws_controller/install/custom_msgs/lib/libcustom_msgs__rosidl_typesupport_fastrtps_cpp.so" to ""
[37.120s] -- Up-to-date: /home/dron/ws_controller/install/custom_msgs/include/custom_msgs/custom_msgs
[37.120s] -- Up-to-date: /home/dron/ws_controller/install/custom_msgs/include/custom_msgs/custom_msgs/msg
[37.120s] -- Up-to-date: /home/dron/ws_controller/install/custom_msgs/include/custom_msgs/custom_msgs/msg/detail
[37.121s] -- Up-to-date: /home/dron/ws_controller/install/custom_msgs/include/custom_msgs/custom_msgs/msg/detail/imu_data__rosidl_typesupport_introspection_cpp.hpp
[37.121s] -- Up-to-date: /home/dron/ws_controller/install/custom_msgs/include/custom_msgs/custom_msgs/msg/detail/drone_status__type_support.cpp
[37.121s] -- Up-to-date: /home/dron/ws_controller/install/custom_msgs/include/custom_msgs/custom_msgs/msg/detail/possition_data__rosidl_typesupport_introspection_cpp.hpp
[37.122s] -- Up-to-date: /home/dron/ws_controller/install/custom_msgs/include/custom_msgs/custom_msgs/msg/detail/data_xyz__type_support.cpp
[37.122s] -- Up-to-date: /home/dron/ws_controller/install/custom_msgs/include/custom_msgs/custom_msgs/msg/detail/accel_data__rosidl_typesupport_introspection_cpp.hpp
[37.123s] -- Up-to-date: /home/dron/ws_controller/install/custom_msgs/include/custom_msgs/custom_msgs/msg/detail/estimator_data__type_support.cpp
[37.123s] -- Up-to-date: /home/dron/ws_controller/install/custom_msgs/include/custom_msgs/custom_msgs/msg/detail/geo_data__type_support.cpp
[37.123s] -- Up-to-date: /home/dron/ws_controller/install/custom_msgs/include/custom_msgs/custom_msgs/msg/detail/gyro_data__rosidl_typesupport_introspection_cpp.hpp
[37.124s] -- Up-to-date: /home/dron/ws_controller/install/custom_msgs/include/custom_msgs/custom_msgs/msg/detail/drone_status__rosidl_typesupport_introspection_cpp.hpp
[37.124s] -- Up-to-date: /home/dron/ws_controller/install/custom_msgs/include/custom_msgs/custom_msgs/msg/detail/imu_data__type_support.cpp
[37.124s] -- Up-to-date: /home/dron/ws_controller/install/custom_msgs/include/custom_msgs/custom_msgs/msg/detail/gyro_data__type_support.cpp
[37.125s] -- Up-to-date: /home/dron/ws_controller/install/custom_msgs/include/custom_msgs/custom_msgs/msg/detail/speed_data__rosidl_typesupport_introspection_cpp.hpp
[37.125s] -- Up-to-date: /home/dron/ws_controller/install/custom_msgs/include/custom_msgs/custom_msgs/msg/detail/estimator_data__rosidl_typesupport_introspection_cpp.hpp
[37.125s] -- Up-to-date: /home/dron/ws_controller/install/custom_msgs/include/custom_msgs/custom_msgs/msg/detail/speed_data__type_support.cpp
[37.126s] -- Up-to-date: /home/dron/ws_controller/install/custom_msgs/include/custom_msgs/custom_msgs/msg/detail/accel_data__type_support.cpp
[37.126s] -- Up-to-date: /home/dron/ws_controller/install/custom_msgs/include/custom_msgs/custom_msgs/msg/detail/possition_data__type_support.cpp
[37.126s] -- Up-to-date: /home/dron/ws_controller/install/custom_msgs/include/custom_msgs/custom_msgs/msg/detail/data_xyz__rosidl_typesupport_introspection_cpp.hpp
[37.127s] -- Up-to-date: /home/dron/ws_controller/install/custom_msgs/include/custom_msgs/custom_msgs/msg/detail/geo_data__rosidl_typesupport_introspection_cpp.hpp
[37.127s] -- Installing: /home/dron/ws_controller/install/custom_msgs/lib/libcustom_msgs__rosidl_typesupport_introspection_cpp.so
[37.128s] -- Set runtime path of "/home/dron/ws_controller/install/custom_msgs/lib/libcustom_msgs__rosidl_typesupport_introspection_cpp.so" to ""
[37.129s] -- Installing: /home/dron/ws_controller/install/custom_msgs/lib/libcustom_msgs__rosidl_typesupport_cpp.so
[37.132s] -- Set runtime path of "/home/dron/ws_controller/install/custom_msgs/lib/libcustom_msgs__rosidl_typesupport_cpp.so" to ""
[37.133s] -- Up-to-date: /home/dron/ws_controller/install/custom_msgs/share/custom_msgs/environment/pythonpath.sh
[37.133s] -- Installing: /home/dron/ws_controller/install/custom_msgs/share/custom_msgs/environment/pythonpath.dsv
[37.134s] -- Up-to-date: /home/dron/ws_controller/install/custom_msgs/local/lib/python3.10/dist-packages/custom_msgs-0.0.0-py3.10.egg-info
[37.135s] -- Installing: /home/dron/ws_controller/install/custom_msgs/local/lib/python3.10/dist-packages/custom_msgs-0.0.0-py3.10.egg-info/PKG-INFO
[37.136s] -- Installing: /home/dron/ws_controller/install/custom_msgs/local/lib/python3.10/dist-packages/custom_msgs-0.0.0-py3.10.egg-info/top_level.txt
[37.137s] -- Installing: /home/dron/ws_controller/install/custom_msgs/local/lib/python3.10/dist-packages/custom_msgs-0.0.0-py3.10.egg-info/SOURCES.txt
[37.138s] -- Installing: /home/dron/ws_controller/install/custom_msgs/local/lib/python3.10/dist-packages/custom_msgs-0.0.0-py3.10.egg-info/dependency_links.txt
[37.140s] -- Up-to-date: /home/dron/ws_controller/install/custom_msgs/local/lib/python3.10/dist-packages/custom_msgs
[37.140s] -- Up-to-date: /home/dron/ws_controller/install/custom_msgs/local/lib/python3.10/dist-packages/custom_msgs/_custom_msgs_s.ep.rosidl_typesupport_introspection_c.c
[37.140s] -- Installing: /home/dron/ws_controller/install/custom_msgs/local/lib/python3.10/dist-packages/custom_msgs/__init__.py
[37.141s] -- Installing: /home/dron/ws_controller/install/custom_msgs/local/lib/python3.10/dist-packages/custom_msgs/custom_msgs_s__rosidl_typesupport_introspection_c.cpython-310-aarch64-linux-gnu.so
[37.143s] -- Up-to-date: /home/dron/ws_controller/install/custom_msgs/local/lib/python3.10/dist-packages/custom_msgs/_custom_msgs_s.ep.rosidl_typesupport_c.c
[37.145s] -- Installing: /home/dron/ws_controller/install/custom_msgs/local/lib/python3.10/dist-packages/custom_msgs/custom_msgs_s__rosidl_typesupport_c.cpython-310-aarch64-linux-gnu.so
[37.146s] -- Up-to-date: /home/dron/ws_controller/install/custom_msgs/local/lib/python3.10/dist-packages/custom_msgs/_custom_msgs_s.ep.rosidl_typesupport_fastrtps_c.c
[37.146s] -- Installing: /home/dron/ws_controller/install/custom_msgs/local/lib/python3.10/dist-packages/custom_msgs/libcustom_msgs__rosidl_generator_py.so
[37.148s] -- Up-to-date: /home/dron/ws_controller/install/custom_msgs/local/lib/python3.10/dist-packages/custom_msgs/msg
[37.149s] -- Up-to-date: /home/dron/ws_controller/install/custom_msgs/local/lib/python3.10/dist-packages/custom_msgs/msg/_speed_data.py
[37.149s] -- Up-to-date: /home/dron/ws_controller/install/custom_msgs/local/lib/python3.10/dist-packages/custom_msgs/msg/_drone_status_s.c
[37.149s] -- Up-to-date: /home/dron/ws_controller/install/custom_msgs/local/lib/python3.10/dist-packages/custom_msgs/msg/_geo_data.py
[37.150s] -- Up-to-date: /home/dron/ws_controller/install/custom_msgs/local/lib/python3.10/dist-packages/custom_msgs/msg/__init__.py
[37.150s] -- Up-to-date: /home/dron/ws_controller/install/custom_msgs/local/lib/python3.10/dist-packages/custom_msgs/msg/_data_xyz_s.c
[37.151s] -- Up-to-date: /home/dron/ws_controller/install/custom_msgs/local/lib/python3.10/dist-packages/custom_msgs/msg/_imu_data_s.c
[37.151s] -- Up-to-date: /home/dron/ws_controller/install/custom_msgs/local/lib/python3.10/dist-packages/custom_msgs/msg/_estimator_data_s.c
[37.151s] -- Up-to-date: /home/dron/ws_controller/install/custom_msgs/local/lib/python3.10/dist-packages/custom_msgs/msg/_accel_data_s.c
[37.152s] -- Up-to-date: /home/dron/ws_controller/install/custom_msgs/local/lib/python3.10/dist-packages/custom_msgs/msg/_geo_data_s.c
[37.152s] -- Up-to-date: /home/dron/ws_controller/install/custom_msgs/local/lib/python3.10/dist-packages/custom_msgs/msg/_drone_status.py
[37.153s] -- Up-to-date: /home/dron/ws_controller/install/custom_msgs/local/lib/python3.10/dist-packages/custom_msgs/msg/_imu_data.py
[37.153s] -- Up-to-date: /home/dron/ws_controller/install/custom_msgs/local/lib/python3.10/dist-packages/custom_msgs/msg/_data_xyz.py
[37.153s] -- Up-to-date: /home/dron/ws_controller/install/custom_msgs/local/lib/python3.10/dist-packages/custom_msgs/msg/_speed_data_s.c
[37.154s] -- Up-to-date: /home/dron/ws_controller/install/custom_msgs/local/lib/python3.10/dist-packages/custom_msgs/msg/_gyro_data.py
[37.154s] -- Up-to-date: /home/dron/ws_controller/install/custom_msgs/local/lib/python3.10/dist-packages/custom_msgs/msg/_possition_data_s.c
[37.155s] -- Up-to-date: /home/dron/ws_controller/install/custom_msgs/local/lib/python3.10/dist-packages/custom_msgs/msg/_gyro_data_s.c
[37.155s] -- Up-to-date: /home/dron/ws_controller/install/custom_msgs/local/lib/python3.10/dist-packages/custom_msgs/msg/_estimator_data.py
[37.155s] -- Up-to-date: /home/dron/ws_controller/install/custom_msgs/local/lib/python3.10/dist-packages/custom_msgs/msg/_possition_data.py
[37.156s] -- Up-to-date: /home/dron/ws_controller/install/custom_msgs/local/lib/python3.10/dist-packages/custom_msgs/msg/_accel_data.py
[37.156s] -- Installing: /home/dron/ws_controller/install/custom_msgs/local/lib/python3.10/dist-packages/custom_msgs/custom_msgs_s__rosidl_typesupport_fastrtps_c.cpython-310-aarch64-linux-gnu.so
[37.383s] Listing '/home/dron/ws_controller/install/custom_msgs/local/lib/python3.10/dist-packages/custom_msgs'...
[37.385s] Compiling '/home/dron/ws_controller/install/custom_msgs/local/lib/python3.10/dist-packages/custom_msgs/__init__.py'...
[37.386s] Listing '/home/dron/ws_controller/install/custom_msgs/local/lib/python3.10/dist-packages/custom_msgs/msg'...
[37.387s] Compiling '/home/dron/ws_controller/install/custom_msgs/local/lib/python3.10/dist-packages/custom_msgs/msg/__init__.py'...
[37.388s] Compiling '/home/dron/ws_controller/install/custom_msgs/local/lib/python3.10/dist-packages/custom_msgs/msg/_accel_data.py'...
[37.389s] Compiling '/home/dron/ws_controller/install/custom_msgs/local/lib/python3.10/dist-packages/custom_msgs/msg/_data_xyz.py'...
[37.390s] Compiling '/home/dron/ws_controller/install/custom_msgs/local/lib/python3.10/dist-packages/custom_msgs/msg/_drone_status.py'...
[37.392s] Compiling '/home/dron/ws_controller/install/custom_msgs/local/lib/python3.10/dist-packages/custom_msgs/msg/_estimator_data.py'...
[37.393s] Compiling '/home/dron/ws_controller/install/custom_msgs/local/lib/python3.10/dist-packages/custom_msgs/msg/_geo_data.py'...
[37.394s] Compiling '/home/dron/ws_controller/install/custom_msgs/local/lib/python3.10/dist-packages/custom_msgs/msg/_gyro_data.py'...
[37.395s] Compiling '/home/dron/ws_controller/install/custom_msgs/local/lib/python3.10/dist-packages/custom_msgs/msg/_imu_data.py'...
[37.396s] Compiling '/home/dron/ws_controller/install/custom_msgs/local/lib/python3.10/dist-packages/custom_msgs/msg/_possition_data.py'...
[37.397s] Compiling '/home/dron/ws_controller/install/custom_msgs/local/lib/python3.10/dist-packages/custom_msgs/msg/_speed_data.py'...
[37.412s] -- Installing: /home/dron/ws_controller/install/custom_msgs/local/lib/python3.10/dist-packages/custom_msgs/custom_msgs_s__rosidl_typesupport_fastrtps_c.cpython-310-aarch64-linux-gnu.so
[37.415s] -- Set runtime path of "/home/dron/ws_controller/install/custom_msgs/local/lib/python3.10/dist-packages/custom_msgs/custom_msgs_s__rosidl_typesupport_fastrtps_c.cpython-310-aarch64-linux-gnu.so" to ""
[37.416s] -- Installing: /home/dron/ws_controller/install/custom_msgs/local/lib/python3.10/dist-packages/custom_msgs/custom_msgs_s__rosidl_typesupport_introspection_c.cpython-310-aarch64-linux-gnu.so
[37.419s] -- Set runtime path of "/home/dron/ws_controller/install/custom_msgs/local/lib/python3.10/dist-packages/custom_msgs/custom_msgs_s__rosidl_typesupport_introspection_c.cpython-310-aarch64-linux-gnu.so" to ""
[37.421s] -- Installing: /home/dron/ws_controller/install/custom_msgs/local/lib/python3.10/dist-packages/custom_msgs/custom_msgs_s__rosidl_typesupport_c.cpython-310-aarch64-linux-gnu.so
[37.424s] -- Set runtime path of "/home/dron/ws_controller/install/custom_msgs/local/lib/python3.10/dist-packages/custom_msgs/custom_msgs_s__rosidl_typesupport_c.cpython-310-aarch64-linux-gnu.so" to ""
[37.425s] -- Installing: /home/dron/ws_controller/install/custom_msgs/lib/libcustom_msgs__rosidl_generator_py.so
[37.428s] -- Set runtime path of "/home/dron/ws_controller/install/custom_msgs/lib/libcustom_msgs__rosidl_generator_py.so" to ""
[37.428s] -- Up-to-date: /home/dron/ws_controller/install/custom_msgs/share/custom_msgs/msg/AccelData.idl
[37.429s] -- Up-to-date: /home/dron/ws_controller/install/custom_msgs/share/custom_msgs/msg/GyroData.idl
[37.429s] -- Up-to-date: /home/dron/ws_controller/install/custom_msgs/share/custom_msgs/msg/ImuData.idl
[37.430s] -- Up-to-date: /home/dron/ws_controller/install/custom_msgs/share/custom_msgs/msg/EstimatorData.idl
[37.430s] -- Up-to-date: /home/dron/ws_controller/install/custom_msgs/share/custom_msgs/msg/PossitionData.idl
[37.431s] -- Up-to-date: /home/dron/ws_controller/install/custom_msgs/share/custom_msgs/msg/SpeedData.idl
[37.431s] -- Up-to-date: /home/dron/ws_controller/install/custom_msgs/share/custom_msgs/msg/DataXYZ.idl
[37.432s] -- Up-to-date: /home/dron/ws_controller/install/custom_msgs/share/custom_msgs/msg/DroneStatus.idl
[37.432s] -- Up-to-date: /home/dron/ws_controller/install/custom_msgs/share/custom_msgs/msg/GeoData.idl
[37.433s] -- Up-to-date: /home/dron/ws_controller/install/custom_msgs/share/custom_msgs/msg/AccelData.msg
[37.433s] -- Up-to-date: /home/dron/ws_controller/install/custom_msgs/share/custom_msgs/msg/GyroData.msg
[37.433s] -- Up-to-date: /home/dron/ws_controller/install/custom_msgs/share/custom_msgs/msg/ImuData.msg
[37.434s] -- Up-to-date: /home/dron/ws_controller/install/custom_msgs/share/custom_msgs/msg/EstimatorData.msg
[37.434s] -- Up-to-date: /home/dron/ws_controller/install/custom_msgs/share/custom_msgs/msg/PossitionData.msg
[37.435s] -- Up-to-date: /home/dron/ws_controller/install/custom_msgs/share/custom_msgs/msg/SpeedData.msg
[37.435s] -- Up-to-date: /home/dron/ws_controller/install/custom_msgs/share/custom_msgs/msg/DataXYZ.msg
[37.436s] -- Up-to-date: /home/dron/ws_controller/install/custom_msgs/share/custom_msgs/msg/DroneStatus.msg
[37.436s] -- Up-to-date: /home/dron/ws_controller/install/custom_msgs/share/custom_msgs/msg/GeoData.msg
[37.436s] -- Up-to-date: /home/dron/ws_controller/install/custom_msgs/share/ament_index/resource_index/package_run_dependencies/custom_msgs
[37.436s] -- Installing: /home/dron/ws_controller/install/custom_msgs/share/ament_index/resource_index/parent_prefix_path/custom_msgs
[37.437s] -- Installing: /home/dron/ws_controller/install/custom_msgs/share/custom_msgs/environment/ament_prefix_path.sh
[37.438s] -- Installing: /home/dron/ws_controller/install/custom_msgs/share/custom_msgs/environment/ament_prefix_path.dsv
[37.440s] -- Installing: /home/dron/ws_controller/install/custom_msgs/share/custom_msgs/environment/path.sh
[37.441s] -- Installing: /home/dron/ws_controller/install/custom_msgs/share/custom_msgs/environment/path.dsv
[37.442s] -- Up-to-date: /home/dron/ws_controller/install/custom_msgs/share/custom_msgs/local_setup.bash
[37.443s] -- Up-to-date: /home/dron/ws_controller/install/custom_msgs/share/custom_msgs/local_setup.sh
[37.443s] -- Up-to-date: /home/dron/ws_controller/install/custom_msgs/share/custom_msgs/local_setup.zsh
[37.444s] -- Installing: /home/dron/ws_controller/install/custom_msgs/share/custom_msgs/local_setup.dsv
[37.445s] -- Installing: /home/dron/ws_controller/install/custom_msgs/share/custom_msgs/package.dsv
[37.446s] -- Up-to-date: /home/dron/ws_controller/install/custom_msgs/share/ament_index/resource_index/packages/custom_msgs
[37.447s] -- Up-to-date: /home/dron/ws_controller/install/custom_msgs/share/custom_msgs/cmake/export_custom_msgs__rosidl_generator_cExport.cmake
[37.447s] -- Up-to-date: /home/dron/ws_controller/install/custom_msgs/share/custom_msgs/cmake/export_custom_msgs__rosidl_generator_cExport-noconfig.cmake
[37.448s] -- Up-to-date: /home/dron/ws_controller/install/custom_msgs/share/custom_msgs/cmake/export_custom_msgs__rosidl_typesupport_fastrtps_cExport.cmake
[37.449s] -- Up-to-date: /home/dron/ws_controller/install/custom_msgs/share/custom_msgs/cmake/export_custom_msgs__rosidl_typesupport_fastrtps_cExport-noconfig.cmake
[37.449s] -- Up-to-date: /home/dron/ws_controller/install/custom_msgs/share/custom_msgs/cmake/custom_msgs__rosidl_typesupport_introspection_cExport.cmake
[37.450s] -- Up-to-date: /home/dron/ws_controller/install/custom_msgs/share/custom_msgs/cmake/custom_msgs__rosidl_typesupport_introspection_cExport-noconfig.cmake
[37.451s] -- Up-to-date: /home/dron/ws_controller/install/custom_msgs/share/custom_msgs/cmake/custom_msgs__rosidl_typesupport_cExport.cmake
[37.451s] -- Up-to-date: /home/dron/ws_controller/install/custom_msgs/share/custom_msgs/cmake/custom_msgs__rosidl_typesupport_cExport-noconfig.cmake
[37.452s] -- Up-to-date: /home/dron/ws_controller/install/custom_msgs/share/custom_msgs/cmake/export_custom_msgs__rosidl_generator_cppExport.cmake
[37.453s] -- Up-to-date: /home/dron/ws_controller/install/custom_msgs/share/custom_msgs/cmake/export_custom_msgs__rosidl_typesupport_fastrtps_cppExport.cmake
[37.453s] -- Up-to-date: /home/dron/ws_controller/install/custom_msgs/share/custom_msgs/cmake/export_custom_msgs__rosidl_typesupport_fastrtps_cppExport-noconfig.cmake
[37.455s] -- Up-to-date: /home/dron/ws_controller/install/custom_msgs/share/custom_msgs/cmake/custom_msgs__rosidl_typesupport_introspection_cppExport.cmake
[37.456s] -- Up-to-date: /home/dron/ws_controller/install/custom_msgs/share/custom_msgs/cmake/custom_msgs__rosidl_typesupport_introspection_cppExport-noconfig.cmake
[37.456s] -- Up-to-date: /home/dron/ws_controller/install/custom_msgs/share/custom_msgs/cmake/custom_msgs__rosidl_typesupport_cppExport.cmake
[37.457s] -- Up-to-date: /home/dron/ws_controller/install/custom_msgs/share/custom_msgs/cmake/custom_msgs__rosidl_typesupport_cppExport-noconfig.cmake
[37.457s] -- Up-to-date: /home/dron/ws_controller/install/custom_msgs/share/custom_msgs/cmake/export_custom_msgs__rosidl_generator_pyExport.cmake
[37.458s] -- Up-to-date: /home/dron/ws_controller/install/custom_msgs/share/custom_msgs/cmake/export_custom_msgs__rosidl_generator_pyExport-noconfig.cmake
[37.458s] -- Up-to-date: /home/dron/ws_controller/install/custom_msgs/share/custom_msgs/cmake/rosidl_cmake-extras.cmake
[37.459s] -- Up-to-date: /home/dron/ws_controller/install/custom_msgs/share/custom_msgs/cmake/ament_cmake_export_include_directories-extras.cmake
[37.459s] -- Up-to-date: /home/dron/ws_controller/install/custom_msgs/share/custom_msgs/cmake/ament_cmake_export_libraries-extras.cmake
[37.460s] -- Up-to-date: /home/dron/ws_controller/install/custom_msgs/share/custom_msgs/cmake/ament_cmake_export_targets-extras.cmake
[37.460s] -- Up-to-date: /home/dron/ws_controller/install/custom_msgs/share/custom_msgs/cmake/rosidl_cmake_export_typesupport_targets-extras.cmake
[37.460s] -- Up-to-date: /home/dron/ws_controller/install/custom_msgs/share/custom_msgs/cmake/ament_cmake_export_dependencies-extras.cmake
[37.461s] -- Up-to-date: /home/dron/ws_controller/install/custom_msgs/share/custom_msgs/cmake/rosidl_cmake_export_typesupport_libraries-extras.cmake
[37.461s] -- Up-to-date: /home/dron/ws_controller/install/custom_msgs/share/custom_msgs/cmake/custom_msgsConfig.cmake
[37.462s] -- Up-to-date: /home/dron/ws_controller/install/custom_msgs/share/custom_msgs/cmake/custom_msgsConfig-version.cmake
[37.463s] -- Up-to-date: /home/dron/ws_controller/install/custom_msgs/share/custom_msgs/package.xml
[37.471s] Invoked command in '/home/dron/ws_controller/build/custom_msgs' returned '0': CMAKE_PREFIX_PATH=${CMAKE_PREFIX_PATH}:/home/dron/Praca-magisterska/ros2_ws/install/um7_pkg:/home/dron/Praca-magisterska/ros2_ws/install/my_py_pkg:/home/dron/Praca-magisterska/ros2_ws/install/log_data_pkg:/home/dron/Praca-magisterska/ros2_ws/install/gs_pkg:/home/dron/Praca-magisterska/ros2_ws/install/flight_controller_pkg:/home/dron/Praca-magisterska/ros2_ws/install/flask_pkg:/home/dron/Praca-magisterska/ros2_ws/install/estimator_pkg:/opt/ros/humble VIRTUAL_ENV_PROMPT=(venv) /usr/bin/cmake --install /home/dron/ws_controller/build/custom_msgs
