[3.002s] Invoking command in '/home/dron/ws_controll/src/log_data_pkg': AMENT_PREFIX_PATH=/home/dron/ws_controll/install/custom_msgs:${AMENT_PREFIX_PATH} CMAKE_PREFIX_PATH=/home/dron/ws_controll/install/custom_msgs LD_LIBRARY_PATH=/home/dron/ws_controll/install/custom_msgs/lib:/usr/local/cuda-12.6/lib64:/opt/ros/humble/opt/rviz_ogre_vendor/lib:/opt/ros/humble/lib/aarch64-linux-gnu:/opt/ros/humble/lib:/usr/local/cuda-12.6/lib64 PYTHONPATH=/home/dron/ws_controll/build/log_data_pkg/prefix_override:/usr/lib/python3/dist-packages/colcon_core/task/python/colcon_distutils_commands:/home/dron/ws_controll/install/log_data_pkg/lib/python3.10/site-packages:/home/dron/ws_controll/install/custom_msgs/local/lib/python3.10/dist-packages:${PYTHONPATH} /usr/bin/python3 -W ignore:setup.py install is deprecated -W ignore:easy_install command is deprecated setup.py egg_info --egg-base ../../build/log_data_pkg build --build-base /home/dron/ws_controll/build/log_data_pkg/build install --record /home/dron/ws_controll/build/log_data_pkg/install.log --single-version-externally-managed install_data
[3.628s] running egg_info
[3.629s] creating ../../build/log_data_pkg/log_data_pkg.egg-info
[3.630s] writing ../../build/log_data_pkg/log_data_pkg.egg-info/PKG-INFO
[3.630s] writing dependency_links to ../../build/log_data_pkg/log_data_pkg.egg-info/dependency_links.txt
[3.631s] writing entry points to ../../build/log_data_pkg/log_data_pkg.egg-info/entry_points.txt
[3.631s] writing requirements to ../../build/log_data_pkg/log_data_pkg.egg-info/requires.txt
[3.632s] writing top-level names to ../../build/log_data_pkg/log_data_pkg.egg-info/top_level.txt
[3.632s] writing manifest file '../../build/log_data_pkg/log_data_pkg.egg-info/SOURCES.txt'
[3.635s] reading manifest file '../../build/log_data_pkg/log_data_pkg.egg-info/SOURCES.txt'
[3.637s] writing manifest file '../../build/log_data_pkg/log_data_pkg.egg-info/SOURCES.txt'
[3.637s] running build
[3.637s] running build_py
[3.638s] creating /home/dron/ws_controll/build/log_data_pkg/build
[3.638s] creating /home/dron/ws_controll/build/log_data_pkg/build/lib
[3.638s] creating /home/dron/ws_controll/build/log_data_pkg/build/lib/log_data_pkg
[3.638s] copying log_data_pkg/save_to_csv.py -> /home/dron/ws_controll/build/log_data_pkg/build/lib/log_data_pkg
[3.639s] copying log_data_pkg/__init__.py -> /home/dron/ws_controll/build/log_data_pkg/build/lib/log_data_pkg
[3.639s] running install
[3.640s] running install_lib
[3.642s] creating /home/dron/ws_controll/install/log_data_pkg/lib/python3.10/site-packages/log_data_pkg
[3.642s] copying /home/dron/ws_controll/build/log_data_pkg/build/lib/log_data_pkg/save_to_csv.py -> /home/dron/ws_controll/install/log_data_pkg/lib/python3.10/site-packages/log_data_pkg
[3.642s] copying /home/dron/ws_controll/build/log_data_pkg/build/lib/log_data_pkg/__init__.py -> /home/dron/ws_controll/install/log_data_pkg/lib/python3.10/site-packages/log_data_pkg
[3.643s] byte-compiling /home/dron/ws_controll/install/log_data_pkg/lib/python3.10/site-packages/log_data_pkg/save_to_csv.py to save_to_csv.cpython-310.pyc
[3.646s] byte-compiling /home/dron/ws_controll/install/log_data_pkg/lib/python3.10/site-packages/log_data_pkg/__init__.py to __init__.cpython-310.pyc
[3.646s] running install_data
[3.647s] creating /home/dron/ws_controll/install/log_data_pkg/share/ament_index
[3.647s] creating /home/dron/ws_controll/install/log_data_pkg/share/ament_index/resource_index
[3.647s] creating /home/dron/ws_controll/install/log_data_pkg/share/ament_index/resource_index/packages
[3.647s] copying resource/log_data_pkg -> /home/dron/ws_controll/install/log_data_pkg/share/ament_index/resource_index/packages
[3.647s] copying package.xml -> /home/dron/ws_controll/install/log_data_pkg/share/log_data_pkg
[3.650s] running install_egg_info
[3.653s] Copying ../../build/log_data_pkg/log_data_pkg.egg-info to /home/dron/ws_controll/install/log_data_pkg/lib/python3.10/site-packages/log_data_pkg-0.0.0-py3.10.egg-info
[3.654s] running install_scripts
[3.701s] Installing data_collector script to /home/dron/ws_controll/install/log_data_pkg/lib/log_data_pkg
[3.702s] writing list of installed files to '/home/dron/ws_controll/build/log_data_pkg/install.log'
[3.789s] Invoked command in '/home/dron/ws_controll/src/log_data_pkg' returned '0': AMENT_PREFIX_PATH=/home/dron/ws_controll/install/custom_msgs:${AMENT_PREFIX_PATH} CMAKE_PREFIX_PATH=/home/dron/ws_controll/install/custom_msgs LD_LIBRARY_PATH=/home/dron/ws_controll/install/custom_msgs/lib:/usr/local/cuda-12.6/lib64:/opt/ros/humble/opt/rviz_ogre_vendor/lib:/opt/ros/humble/lib/aarch64-linux-gnu:/opt/ros/humble/lib:/usr/local/cuda-12.6/lib64 PYTHONPATH=/home/dron/ws_controll/build/log_data_pkg/prefix_override:/usr/lib/python3/dist-packages/colcon_core/task/python/colcon_distutils_commands:/home/dron/ws_controll/install/log_data_pkg/lib/python3.10/site-packages:/home/dron/ws_controll/install/custom_msgs/local/lib/python3.10/dist-packages:${PYTHONPATH} /usr/bin/python3 -W ignore:setup.py install is deprecated -W ignore:easy_install command is deprecated setup.py egg_info --egg-base ../../build/log_data_pkg build --build-base /home/dron/ws_controll/build/log_data_pkg/build install --record /home/dron/ws_controll/build/log_data_pkg/install.log --single-version-externally-managed install_data
