[0.282s] DEBUG:colcon:Command line arguments: ['/usr/bin/colcon', 'build']
[0.283s] DEBUG:colcon:Parsed command line arguments: Namespace(log_base=None, log_level=None, verb_name='build', build_base='build', install_base='install', merge_install=False, symlink_install=False, test_result_base=None, continue_on_error=False, executor='parallel', parallel_workers=6, event_handlers=None, ignore_user_meta=False, metas=['./colcon.meta'], base_paths=['.'], packages_ignore=None, packages_ignore_regex=None, paths=None, packages_up_to=None, packages_up_to_regex=None, packages_above=None, packages_above_and_dependencies=None, packages_above_depth=None, packages_select_by_dep=None, packages_skip_by_dep=None, packages_skip_up_to=None, packages_select_build_failed=False, packages_skip_build_finished=False, packages_select_test_failures=False, packages_skip_test_passed=False, packages_select=None, packages_skip=None, packages_select_regex=None, packages_skip_regex=None, packages_start=None, packages_end=None, allow_overriding=[], cmake_args=None, cmake_target=None, cmake_target_skip_unavailable=False, cmake_clean_cache=False, cmake_clean_first=False, cmake_force_configure=False, ament_cmake_args=None, catkin_cmake_args=None, catkin_skip_building_tests=False, mixin_files=None, mixin=None, verb_parser=<colcon_mixin.mixin.mixin_argument.MixinArgumentDecorator object at 0xffffa5059e10>, verb_extension=<colcon_core.verb.build.BuildVerb object at 0xffffa52872b0>, main=<bound method BuildVerb.main of <colcon_core.verb.build.BuildVerb object at 0xffffa52872b0>>, mixin_verb=('build',))
[0.732s] Level 1:colcon.colcon_core.package_discovery:discover_packages(colcon_meta) check parameters
[0.732s] Level 1:colcon.colcon_core.package_discovery:discover_packages(recursive) check parameters
[0.732s] Level 1:colcon.colcon_core.package_discovery:discover_packages(ignore) check parameters
[0.732s] Level 1:colcon.colcon_core.package_discovery:discover_packages(path) check parameters
[0.732s] Level 1:colcon.colcon_core.package_discovery:discover_packages(colcon_meta) discover
[0.733s] Level 1:colcon.colcon_core.package_discovery:discover_packages(recursive) discover
[0.733s] INFO:colcon.colcon_core.package_discovery:Crawling recursively for packages in '/home/dron/ws_controll'
[0.733s] Level 1:colcon.colcon_core.package_identification:_identify(.) by extensions ['ignore', 'ignore_ament_install']
[0.733s] Level 1:colcon.colcon_core.package_identification:_identify(.) by extension 'ignore'
[0.733s] Level 1:colcon.colcon_core.package_identification:_identify(.) by extension 'ignore_ament_install'
[0.734s] Level 1:colcon.colcon_core.package_identification:_identify(.) by extensions ['colcon_pkg']
[0.734s] Level 1:colcon.colcon_core.package_identification:_identify(.) by extension 'colcon_pkg'
[0.734s] Level 1:colcon.colcon_core.package_identification:_identify(.) by extensions ['colcon_meta']
[0.734s] Level 1:colcon.colcon_core.package_identification:_identify(.) by extension 'colcon_meta'
[0.734s] Level 1:colcon.colcon_core.package_identification:_identify(.) by extensions ['ros']
[0.734s] Level 1:colcon.colcon_core.package_identification:_identify(.) by extension 'ros'
[0.788s] Level 1:colcon.colcon_core.package_identification:_identify(.) by extensions ['cmake', 'python']
[0.789s] Level 1:colcon.colcon_core.package_identification:_identify(.) by extension 'cmake'
[0.789s] Level 1:colcon.colcon_core.package_identification:_identify(.) by extension 'python'
[0.789s] Level 1:colcon.colcon_core.package_identification:_identify(.) by extensions ['python_setup_py']
[0.789s] Level 1:colcon.colcon_core.package_identification:_identify(.) by extension 'python_setup_py'
[0.790s] Level 1:colcon.colcon_core.package_identification:_identify(build) by extensions ['ignore', 'ignore_ament_install']
[0.790s] Level 1:colcon.colcon_core.package_identification:_identify(build) by extension 'ignore'
[0.790s] Level 1:colcon.colcon_core.package_identification:_identify(build) ignored
[0.790s] Level 1:colcon.colcon_core.package_identification:_identify(install) by extensions ['ignore', 'ignore_ament_install']
[0.791s] Level 1:colcon.colcon_core.package_identification:_identify(install) by extension 'ignore'
[0.791s] Level 1:colcon.colcon_core.package_identification:_identify(install) ignored
[0.791s] Level 1:colcon.colcon_core.package_identification:_identify(log) by extensions ['ignore', 'ignore_ament_install']
[0.791s] Level 1:colcon.colcon_core.package_identification:_identify(log) by extension 'ignore'
[0.791s] Level 1:colcon.colcon_core.package_identification:_identify(log) ignored
[0.792s] Level 1:colcon.colcon_core.package_identification:_identify(src) by extensions ['ignore', 'ignore_ament_install']
[0.792s] Level 1:colcon.colcon_core.package_identification:_identify(src) by extension 'ignore'
[0.792s] Level 1:colcon.colcon_core.package_identification:_identify(src) by extension 'ignore_ament_install'
[0.792s] Level 1:colcon.colcon_core.package_identification:_identify(src) by extensions ['colcon_pkg']
[0.792s] Level 1:colcon.colcon_core.package_identification:_identify(src) by extension 'colcon_pkg'
[0.792s] Level 1:colcon.colcon_core.package_identification:_identify(src) by extensions ['colcon_meta']
[0.792s] Level 1:colcon.colcon_core.package_identification:_identify(src) by extension 'colcon_meta'
[0.793s] Level 1:colcon.colcon_core.package_identification:_identify(src) by extensions ['ros']
[0.793s] Level 1:colcon.colcon_core.package_identification:_identify(src) by extension 'ros'
[0.793s] Level 1:colcon.colcon_core.package_identification:_identify(src) by extensions ['cmake', 'python']
[0.793s] Level 1:colcon.colcon_core.package_identification:_identify(src) by extension 'cmake'
[0.793s] Level 1:colcon.colcon_core.package_identification:_identify(src) by extension 'python'
[0.793s] Level 1:colcon.colcon_core.package_identification:_identify(src) by extensions ['python_setup_py']
[0.793s] Level 1:colcon.colcon_core.package_identification:_identify(src) by extension 'python_setup_py'
[0.794s] Level 1:colcon.colcon_core.package_identification:_identify(src/custom_msgs) by extensions ['ignore', 'ignore_ament_install']
[0.794s] Level 1:colcon.colcon_core.package_identification:_identify(src/custom_msgs) by extension 'ignore'
[0.794s] Level 1:colcon.colcon_core.package_identification:_identify(src/custom_msgs) by extension 'ignore_ament_install'
[0.794s] Level 1:colcon.colcon_core.package_identification:_identify(src/custom_msgs) by extensions ['colcon_pkg']
[0.794s] Level 1:colcon.colcon_core.package_identification:_identify(src/custom_msgs) by extension 'colcon_pkg'
[0.794s] Level 1:colcon.colcon_core.package_identification:_identify(src/custom_msgs) by extensions ['colcon_meta']
[0.794s] Level 1:colcon.colcon_core.package_identification:_identify(src/custom_msgs) by extension 'colcon_meta'
[0.794s] Level 1:colcon.colcon_core.package_identification:_identify(src/custom_msgs) by extensions ['ros']
[0.795s] Level 1:colcon.colcon_core.package_identification:_identify(src/custom_msgs) by extension 'ros'
[0.800s] DEBUG:colcon.colcon_core.package_identification:Package 'src/custom_msgs' with type 'ros.ament_cmake' and name 'custom_msgs'
[0.801s] Level 1:colcon.colcon_core.package_identification:_identify(src/flask_pkg) by extensions ['ignore', 'ignore_ament_install']
[0.801s] Level 1:colcon.colcon_core.package_identification:_identify(src/flask_pkg) by extension 'ignore'
[0.801s] Level 1:colcon.colcon_core.package_identification:_identify(src/flask_pkg) by extension 'ignore_ament_install'
[0.801s] Level 1:colcon.colcon_core.package_identification:_identify(src/flask_pkg) by extensions ['colcon_pkg']
[0.802s] Level 1:colcon.colcon_core.package_identification:_identify(src/flask_pkg) by extension 'colcon_pkg'
[0.802s] Level 1:colcon.colcon_core.package_identification:_identify(src/flask_pkg) by extensions ['colcon_meta']
[0.802s] Level 1:colcon.colcon_core.package_identification:_identify(src/flask_pkg) by extension 'colcon_meta'
[0.802s] Level 1:colcon.colcon_core.package_identification:_identify(src/flask_pkg) by extensions ['ros']
[0.802s] Level 1:colcon.colcon_core.package_identification:_identify(src/flask_pkg) by extension 'ros'
[0.804s] DEBUG:colcon.colcon_core.package_identification:Package 'src/flask_pkg' with type 'ros.ament_python' and name 'flask_pkg'
[0.805s] Level 1:colcon.colcon_core.package_identification:_identify(src/flight_controller_pkg) by extensions ['ignore', 'ignore_ament_install']
[0.805s] Level 1:colcon.colcon_core.package_identification:_identify(src/flight_controller_pkg) by extension 'ignore'
[0.805s] Level 1:colcon.colcon_core.package_identification:_identify(src/flight_controller_pkg) by extension 'ignore_ament_install'
[0.805s] Level 1:colcon.colcon_core.package_identification:_identify(src/flight_controller_pkg) by extensions ['colcon_pkg']
[0.805s] Level 1:colcon.colcon_core.package_identification:_identify(src/flight_controller_pkg) by extension 'colcon_pkg'
[0.805s] Level 1:colcon.colcon_core.package_identification:_identify(src/flight_controller_pkg) by extensions ['colcon_meta']
[0.805s] Level 1:colcon.colcon_core.package_identification:_identify(src/flight_controller_pkg) by extension 'colcon_meta'
[0.806s] Level 1:colcon.colcon_core.package_identification:_identify(src/flight_controller_pkg) by extensions ['ros']
[0.806s] Level 1:colcon.colcon_core.package_identification:_identify(src/flight_controller_pkg) by extension 'ros'
[0.807s] DEBUG:colcon.colcon_core.package_identification:Package 'src/flight_controller_pkg' with type 'ros.ament_python' and name 'flight_controller_pkg'
[0.808s] Level 1:colcon.colcon_core.package_identification:_identify(src/log_data_pkg) by extensions ['ignore', 'ignore_ament_install']
[0.808s] Level 1:colcon.colcon_core.package_identification:_identify(src/log_data_pkg) by extension 'ignore'
[0.808s] Level 1:colcon.colcon_core.package_identification:_identify(src/log_data_pkg) by extension 'ignore_ament_install'
[0.808s] Level 1:colcon.colcon_core.package_identification:_identify(src/log_data_pkg) by extensions ['colcon_pkg']
[0.808s] Level 1:colcon.colcon_core.package_identification:_identify(src/log_data_pkg) by extension 'colcon_pkg'
[0.808s] Level 1:colcon.colcon_core.package_identification:_identify(src/log_data_pkg) by extensions ['colcon_meta']
[0.808s] Level 1:colcon.colcon_core.package_identification:_identify(src/log_data_pkg) by extension 'colcon_meta'
[0.809s] Level 1:colcon.colcon_core.package_identification:_identify(src/log_data_pkg) by extensions ['ros']
[0.809s] Level 1:colcon.colcon_core.package_identification:_identify(src/log_data_pkg) by extension 'ros'
[0.811s] DEBUG:colcon.colcon_core.package_identification:Package 'src/log_data_pkg' with type 'ros.ament_python' and name 'log_data_pkg'
[0.811s] Level 1:colcon.colcon_core.package_discovery:discover_packages(recursive) using defaults
[0.811s] Level 1:colcon.colcon_core.package_discovery:discover_packages(ignore) discover
[0.811s] Level 1:colcon.colcon_core.package_discovery:discover_packages(ignore) using defaults
[0.811s] Level 1:colcon.colcon_core.package_discovery:discover_packages(path) discover
[0.811s] Level 1:colcon.colcon_core.package_discovery:discover_packages(path) using defaults
[0.859s] Level 1:colcon.colcon_core.package_discovery:discover_packages(prefix_path) check parameters
[0.859s] Level 1:colcon.colcon_core.package_discovery:discover_packages(prefix_path) discover
[0.864s] DEBUG:colcon.colcon_installed_package_information.package_discovery:Found 4 installed packages in /home/dron/ws_controll/install
[0.867s] DEBUG:colcon.colcon_installed_package_information.package_discovery:Found 276 installed packages in /opt/ros/humble
[0.871s] Level 1:colcon.colcon_core.package_discovery:discover_packages(prefix_path) using defaults
[0.957s] Level 5:colcon.colcon_core.verb:set package 'custom_msgs' build argument 'cmake_args' from command line to 'None'
[0.957s] Level 5:colcon.colcon_core.verb:set package 'custom_msgs' build argument 'cmake_target' from command line to 'None'
[0.957s] Level 5:colcon.colcon_core.verb:set package 'custom_msgs' build argument 'cmake_target_skip_unavailable' from command line to 'False'
[0.957s] Level 5:colcon.colcon_core.verb:set package 'custom_msgs' build argument 'cmake_clean_cache' from command line to 'False'
[0.957s] Level 5:colcon.colcon_core.verb:set package 'custom_msgs' build argument 'cmake_clean_first' from command line to 'False'
[0.957s] Level 5:colcon.colcon_core.verb:set package 'custom_msgs' build argument 'cmake_force_configure' from command line to 'False'
[0.957s] Level 5:colcon.colcon_core.verb:set package 'custom_msgs' build argument 'ament_cmake_args' from command line to 'None'
[0.957s] Level 5:colcon.colcon_core.verb:set package 'custom_msgs' build argument 'catkin_cmake_args' from command line to 'None'
[0.958s] Level 5:colcon.colcon_core.verb:set package 'custom_msgs' build argument 'catkin_skip_building_tests' from command line to 'False'
[0.958s] DEBUG:colcon.colcon_core.verb:Building package 'custom_msgs' with the following arguments: {'ament_cmake_args': None, 'build_base': '/home/dron/ws_controll/build/custom_msgs', 'catkin_cmake_args': None, 'catkin_skip_building_tests': False, 'cmake_args': None, 'cmake_clean_cache': False, 'cmake_clean_first': False, 'cmake_force_configure': False, 'cmake_target': None, 'cmake_target_skip_unavailable': False, 'install_base': '/home/dron/ws_controll/install/custom_msgs', 'merge_install': False, 'path': '/home/dron/ws_controll/src/custom_msgs', 'symlink_install': False, 'test_result_base': None}
[0.958s] Level 5:colcon.colcon_core.verb:set package 'flask_pkg' build argument 'cmake_args' from command line to 'None'
[0.959s] Level 5:colcon.colcon_core.verb:set package 'flask_pkg' build argument 'cmake_target' from command line to 'None'
[0.959s] Level 5:colcon.colcon_core.verb:set package 'flask_pkg' build argument 'cmake_target_skip_unavailable' from command line to 'False'
[0.959s] Level 5:colcon.colcon_core.verb:set package 'flask_pkg' build argument 'cmake_clean_cache' from command line to 'False'
[0.959s] Level 5:colcon.colcon_core.verb:set package 'flask_pkg' build argument 'cmake_clean_first' from command line to 'False'
[0.959s] Level 5:colcon.colcon_core.verb:set package 'flask_pkg' build argument 'cmake_force_configure' from command line to 'False'
[0.959s] Level 5:colcon.colcon_core.verb:set package 'flask_pkg' build argument 'ament_cmake_args' from command line to 'None'
[0.959s] Level 5:colcon.colcon_core.verb:set package 'flask_pkg' build argument 'catkin_cmake_args' from command line to 'None'
[0.959s] Level 5:colcon.colcon_core.verb:set package 'flask_pkg' build argument 'catkin_skip_building_tests' from command line to 'False'
[0.959s] DEBUG:colcon.colcon_core.verb:Building package 'flask_pkg' with the following arguments: {'ament_cmake_args': None, 'build_base': '/home/dron/ws_controll/build/flask_pkg', 'catkin_cmake_args': None, 'catkin_skip_building_tests': False, 'cmake_args': None, 'cmake_clean_cache': False, 'cmake_clean_first': False, 'cmake_force_configure': False, 'cmake_target': None, 'cmake_target_skip_unavailable': False, 'install_base': '/home/dron/ws_controll/install/flask_pkg', 'merge_install': False, 'path': '/home/dron/ws_controll/src/flask_pkg', 'symlink_install': False, 'test_result_base': None}
[0.960s] Level 5:colcon.colcon_core.verb:set package 'flight_controller_pkg' build argument 'cmake_args' from command line to 'None'
[0.960s] Level 5:colcon.colcon_core.verb:set package 'flight_controller_pkg' build argument 'cmake_target' from command line to 'None'
[0.960s] Level 5:colcon.colcon_core.verb:set package 'flight_controller_pkg' build argument 'cmake_target_skip_unavailable' from command line to 'False'
[0.960s] Level 5:colcon.colcon_core.verb:set package 'flight_controller_pkg' build argument 'cmake_clean_cache' from command line to 'False'
[0.960s] Level 5:colcon.colcon_core.verb:set package 'flight_controller_pkg' build argument 'cmake_clean_first' from command line to 'False'
[0.960s] Level 5:colcon.colcon_core.verb:set package 'flight_controller_pkg' build argument 'cmake_force_configure' from command line to 'False'
[0.960s] Level 5:colcon.colcon_core.verb:set package 'flight_controller_pkg' build argument 'ament_cmake_args' from command line to 'None'
[0.960s] Level 5:colcon.colcon_core.verb:set package 'flight_controller_pkg' build argument 'catkin_cmake_args' from command line to 'None'
[0.960s] Level 5:colcon.colcon_core.verb:set package 'flight_controller_pkg' build argument 'catkin_skip_building_tests' from command line to 'False'
[0.960s] DEBUG:colcon.colcon_core.verb:Building package 'flight_controller_pkg' with the following arguments: {'ament_cmake_args': None, 'build_base': '/home/dron/ws_controll/build/flight_controller_pkg', 'catkin_cmake_args': None, 'catkin_skip_building_tests': False, 'cmake_args': None, 'cmake_clean_cache': False, 'cmake_clean_first': False, 'cmake_force_configure': False, 'cmake_target': None, 'cmake_target_skip_unavailable': False, 'install_base': '/home/dron/ws_controll/install/flight_controller_pkg', 'merge_install': False, 'path': '/home/dron/ws_controll/src/flight_controller_pkg', 'symlink_install': False, 'test_result_base': None}
[0.961s] Level 5:colcon.colcon_core.verb:set package 'log_data_pkg' build argument 'cmake_args' from command line to 'None'
[0.961s] Level 5:colcon.colcon_core.verb:set package 'log_data_pkg' build argument 'cmake_target' from command line to 'None'
[0.961s] Level 5:colcon.colcon_core.verb:set package 'log_data_pkg' build argument 'cmake_target_skip_unavailable' from command line to 'False'
[0.961s] Level 5:colcon.colcon_core.verb:set package 'log_data_pkg' build argument 'cmake_clean_cache' from command line to 'False'
[0.961s] Level 5:colcon.colcon_core.verb:set package 'log_data_pkg' build argument 'cmake_clean_first' from command line to 'False'
[0.961s] Level 5:colcon.colcon_core.verb:set package 'log_data_pkg' build argument 'cmake_force_configure' from command line to 'False'
[0.962s] Level 5:colcon.colcon_core.verb:set package 'log_data_pkg' build argument 'ament_cmake_args' from command line to 'None'
[0.962s] Level 5:colcon.colcon_core.verb:set package 'log_data_pkg' build argument 'catkin_cmake_args' from command line to 'None'
[0.962s] Level 5:colcon.colcon_core.verb:set package 'log_data_pkg' build argument 'catkin_skip_building_tests' from command line to 'False'
[0.962s] DEBUG:colcon.colcon_core.verb:Building package 'log_data_pkg' with the following arguments: {'ament_cmake_args': None, 'build_base': '/home/dron/ws_controll/build/log_data_pkg', 'catkin_cmake_args': None, 'catkin_skip_building_tests': False, 'cmake_args': None, 'cmake_clean_cache': False, 'cmake_clean_first': False, 'cmake_force_configure': False, 'cmake_target': None, 'cmake_target_skip_unavailable': False, 'install_base': '/home/dron/ws_controll/install/log_data_pkg', 'merge_install': False, 'path': '/home/dron/ws_controll/src/log_data_pkg', 'symlink_install': False, 'test_result_base': None}
[0.962s] INFO:colcon.colcon_core.executor:Executing jobs using 'parallel' executor
[0.964s] DEBUG:colcon.colcon_parallel_executor.executor.parallel:run_until_complete
[0.965s] INFO:colcon.colcon_ros.task.ament_cmake.build:Building ROS package in '/home/dron/ws_controll/src/custom_msgs' with build type 'ament_cmake'
[0.966s] INFO:colcon.colcon_cmake.task.cmake.build:Building CMake package in '/home/dron/ws_controll/src/custom_msgs'
[0.974s] INFO:colcon.colcon_core.plugin_system:Skipping extension 'colcon_core.shell.bat': Not used on non-Windows systems
[0.975s] INFO:colcon.colcon_core.shell:Skip shell extension 'powershell' for command environment: Not usable outside of PowerShell
[0.975s] DEBUG:colcon.colcon_core.shell:Skip shell extension 'dsv' for command environment
[0.998s] DEBUG:colcon.colcon_core.event_handler.log_command:Invoking command in '/home/dron/ws_controll/build/custom_msgs': CMAKE_PREFIX_PATH=${CMAKE_PREFIX_PATH}:/home/dron/ws_controll/install/log_data_pkg:/home/dron/ws_controll/install/flight_controller_pkg:/home/dron/ws_controll/install/flask_pkg:/opt/ros/humble /usr/bin/cmake --build /home/dron/ws_controll/build/custom_msgs -- -j6 -l6
[1.952s] DEBUG:colcon.colcon_core.event_handler.log_command:Invoked command in '/home/dron/ws_controll/build/custom_msgs' returned '0': CMAKE_PREFIX_PATH=${CMAKE_PREFIX_PATH}:/home/dron/ws_controll/install/log_data_pkg:/home/dron/ws_controll/install/flight_controller_pkg:/home/dron/ws_controll/install/flask_pkg:/opt/ros/humble /usr/bin/cmake --build /home/dron/ws_controll/build/custom_msgs -- -j6 -l6
[1.981s] DEBUG:colcon.colcon_core.event_handler.log_command:Invoking command in '/home/dron/ws_controll/build/custom_msgs': CMAKE_PREFIX_PATH=${CMAKE_PREFIX_PATH}:/home/dron/ws_controll/install/log_data_pkg:/home/dron/ws_controll/install/flight_controller_pkg:/home/dron/ws_controll/install/flask_pkg:/opt/ros/humble /usr/bin/cmake --install /home/dron/ws_controll/build/custom_msgs
[2.207s] Level 1:colcon.colcon_core.environment:create_environment_scripts_only(custom_msgs)
[2.210s] DEBUG:colcon.colcon_core.event_handler.log_command:Invoked command in '/home/dron/ws_controll/build/custom_msgs' returned '0': CMAKE_PREFIX_PATH=${CMAKE_PREFIX_PATH}:/home/dron/ws_controll/install/log_data_pkg:/home/dron/ws_controll/install/flight_controller_pkg:/home/dron/ws_controll/install/flask_pkg:/opt/ros/humble /usr/bin/cmake --install /home/dron/ws_controll/build/custom_msgs
[2.215s] Level 1:colcon.colcon_core.environment:checking '/home/dron/ws_controll/install/custom_msgs' for CMake module files
[2.216s] Level 1:colcon.colcon_core.environment:checking '/home/dron/ws_controll/install/custom_msgs' for CMake config files
[2.217s] Level 1:colcon.colcon_core.shell:create_environment_hook('custom_msgs', 'cmake_prefix_path')
[2.217s] INFO:colcon.colcon_core.shell:Creating environment hook '/home/dron/ws_controll/install/custom_msgs/share/custom_msgs/hook/cmake_prefix_path.ps1'
[2.219s] INFO:colcon.colcon_core.shell:Creating environment descriptor '/home/dron/ws_controll/install/custom_msgs/share/custom_msgs/hook/cmake_prefix_path.dsv'
[2.220s] INFO:colcon.colcon_core.shell:Creating environment hook '/home/dron/ws_controll/install/custom_msgs/share/custom_msgs/hook/cmake_prefix_path.sh'
[2.222s] Level 1:colcon.colcon_core.environment:checking '/home/dron/ws_controll/install/custom_msgs/lib'
[2.222s] Level 1:colcon.colcon_core.shell:create_environment_hook('custom_msgs', 'ld_library_path_lib')
[2.222s] INFO:colcon.colcon_core.shell:Creating environment hook '/home/dron/ws_controll/install/custom_msgs/share/custom_msgs/hook/ld_library_path_lib.ps1'
[2.223s] INFO:colcon.colcon_core.shell:Creating environment descriptor '/home/dron/ws_controll/install/custom_msgs/share/custom_msgs/hook/ld_library_path_lib.dsv'
[2.224s] INFO:colcon.colcon_core.shell:Creating environment hook '/home/dron/ws_controll/install/custom_msgs/share/custom_msgs/hook/ld_library_path_lib.sh'
[2.225s] Level 1:colcon.colcon_core.environment:checking '/home/dron/ws_controll/install/custom_msgs/bin'
[2.225s] Level 1:colcon.colcon_core.environment:checking '/home/dron/ws_controll/install/custom_msgs/lib/pkgconfig/custom_msgs.pc'
[2.226s] Level 1:colcon.colcon_core.environment:checking '/home/dron/ws_controll/install/custom_msgs/lib/python3.10/site-packages'
[2.226s] Level 1:colcon.colcon_core.environment:checking '/home/dron/ws_controll/install/custom_msgs/bin'
[2.227s] INFO:colcon.colcon_core.shell:Creating package script '/home/dron/ws_controll/install/custom_msgs/share/custom_msgs/package.ps1'
[2.229s] INFO:colcon.colcon_core.shell:Creating package descriptor '/home/dron/ws_controll/install/custom_msgs/share/custom_msgs/package.dsv'
[2.230s] INFO:colcon.colcon_core.shell:Creating package script '/home/dron/ws_controll/install/custom_msgs/share/custom_msgs/package.sh'
[2.232s] INFO:colcon.colcon_core.shell:Creating package script '/home/dron/ws_controll/install/custom_msgs/share/custom_msgs/package.bash'
[2.234s] INFO:colcon.colcon_core.shell:Creating package script '/home/dron/ws_controll/install/custom_msgs/share/custom_msgs/package.zsh'
[2.236s] Level 1:colcon.colcon_core.environment:create_file_with_runtime_dependencies(/home/dron/ws_controll/install/custom_msgs/share/colcon-core/packages/custom_msgs)
[2.238s] Level 1:colcon.colcon_core.environment:create_environment_scripts_only(custom_msgs)
[2.238s] Level 1:colcon.colcon_core.environment:checking '/home/dron/ws_controll/install/custom_msgs' for CMake module files
[2.240s] Level 1:colcon.colcon_core.environment:checking '/home/dron/ws_controll/install/custom_msgs' for CMake config files
[2.240s] Level 1:colcon.colcon_core.shell:create_environment_hook('custom_msgs', 'cmake_prefix_path')
[2.241s] INFO:colcon.colcon_core.shell:Creating environment hook '/home/dron/ws_controll/install/custom_msgs/share/custom_msgs/hook/cmake_prefix_path.ps1'
[2.242s] INFO:colcon.colcon_core.shell:Creating environment descriptor '/home/dron/ws_controll/install/custom_msgs/share/custom_msgs/hook/cmake_prefix_path.dsv'
[2.242s] INFO:colcon.colcon_core.shell:Creating environment hook '/home/dron/ws_controll/install/custom_msgs/share/custom_msgs/hook/cmake_prefix_path.sh'
[2.244s] Level 1:colcon.colcon_core.environment:checking '/home/dron/ws_controll/install/custom_msgs/lib'
[2.244s] Level 1:colcon.colcon_core.shell:create_environment_hook('custom_msgs', 'ld_library_path_lib')
[2.244s] INFO:colcon.colcon_core.shell:Creating environment hook '/home/dron/ws_controll/install/custom_msgs/share/custom_msgs/hook/ld_library_path_lib.ps1'
[2.245s] INFO:colcon.colcon_core.shell:Creating environment descriptor '/home/dron/ws_controll/install/custom_msgs/share/custom_msgs/hook/ld_library_path_lib.dsv'
[2.246s] INFO:colcon.colcon_core.shell:Creating environment hook '/home/dron/ws_controll/install/custom_msgs/share/custom_msgs/hook/ld_library_path_lib.sh'
[2.247s] Level 1:colcon.colcon_core.environment:checking '/home/dron/ws_controll/install/custom_msgs/bin'
[2.247s] Level 1:colcon.colcon_core.environment:checking '/home/dron/ws_controll/install/custom_msgs/lib/pkgconfig/custom_msgs.pc'
[2.248s] Level 1:colcon.colcon_core.environment:checking '/home/dron/ws_controll/install/custom_msgs/lib/python3.10/site-packages'
[2.248s] Level 1:colcon.colcon_core.environment:checking '/home/dron/ws_controll/install/custom_msgs/bin'
[2.249s] INFO:colcon.colcon_core.shell:Creating package script '/home/dron/ws_controll/install/custom_msgs/share/custom_msgs/package.ps1'
[2.250s] INFO:colcon.colcon_core.shell:Creating package descriptor '/home/dron/ws_controll/install/custom_msgs/share/custom_msgs/package.dsv'
[2.251s] INFO:colcon.colcon_core.shell:Creating package script '/home/dron/ws_controll/install/custom_msgs/share/custom_msgs/package.sh'
[2.252s] INFO:colcon.colcon_core.shell:Creating package script '/home/dron/ws_controll/install/custom_msgs/share/custom_msgs/package.bash'
[2.253s] INFO:colcon.colcon_core.shell:Creating package script '/home/dron/ws_controll/install/custom_msgs/share/custom_msgs/package.zsh'
[2.254s] Level 1:colcon.colcon_core.environment:create_file_with_runtime_dependencies(/home/dron/ws_controll/install/custom_msgs/share/colcon-core/packages/custom_msgs)
[2.255s] INFO:colcon.colcon_ros.task.ament_python.build:Building ROS package in '/home/dron/ws_controll/src/flask_pkg' with build type 'ament_python'
[2.255s] Level 1:colcon.colcon_core.shell:create_environment_hook('flask_pkg', 'ament_prefix_path')
[2.256s] INFO:colcon.colcon_core.shell:Creating environment hook '/home/dron/ws_controll/install/flask_pkg/share/flask_pkg/hook/ament_prefix_path.ps1'
[2.258s] INFO:colcon.colcon_core.shell:Creating environment descriptor '/home/dron/ws_controll/install/flask_pkg/share/flask_pkg/hook/ament_prefix_path.dsv'
[2.259s] INFO:colcon.colcon_core.shell:Creating environment hook '/home/dron/ws_controll/install/flask_pkg/share/flask_pkg/hook/ament_prefix_path.sh'
[2.260s] INFO:colcon.colcon_core.shell:Skip shell extension 'powershell' for command environment: Not usable outside of PowerShell
[2.260s] DEBUG:colcon.colcon_core.shell:Skip shell extension 'dsv' for command environment
[2.268s] INFO:colcon.colcon_ros.task.ament_python.build:Building ROS package in '/home/dron/ws_controll/src/flight_controller_pkg' with build type 'ament_python'
[2.268s] Level 1:colcon.colcon_core.shell:create_environment_hook('flight_controller_pkg', 'ament_prefix_path')
[2.269s] INFO:colcon.colcon_core.shell:Creating environment hook '/home/dron/ws_controll/install/flight_controller_pkg/share/flight_controller_pkg/hook/ament_prefix_path.ps1'
[2.271s] INFO:colcon.colcon_core.shell:Creating environment descriptor '/home/dron/ws_controll/install/flight_controller_pkg/share/flight_controller_pkg/hook/ament_prefix_path.dsv'
[2.272s] INFO:colcon.colcon_core.shell:Creating environment hook '/home/dron/ws_controll/install/flight_controller_pkg/share/flight_controller_pkg/hook/ament_prefix_path.sh'
[2.273s] INFO:colcon.colcon_core.shell:Skip shell extension 'powershell' for command environment: Not usable outside of PowerShell
[2.273s] DEBUG:colcon.colcon_core.shell:Skip shell extension 'dsv' for command environment
[2.281s] INFO:colcon.colcon_ros.task.ament_python.build:Building ROS package in '/home/dron/ws_controll/src/log_data_pkg' with build type 'ament_python'
[2.281s] Level 1:colcon.colcon_core.shell:create_environment_hook('log_data_pkg', 'ament_prefix_path')
[2.282s] INFO:colcon.colcon_core.shell:Creating environment hook '/home/dron/ws_controll/install/log_data_pkg/share/log_data_pkg/hook/ament_prefix_path.ps1'
[2.283s] INFO:colcon.colcon_core.shell:Creating environment descriptor '/home/dron/ws_controll/install/log_data_pkg/share/log_data_pkg/hook/ament_prefix_path.dsv'
[2.284s] INFO:colcon.colcon_core.shell:Creating environment hook '/home/dron/ws_controll/install/log_data_pkg/share/log_data_pkg/hook/ament_prefix_path.sh'
[2.285s] INFO:colcon.colcon_core.shell:Skip shell extension 'powershell' for command environment: Not usable outside of PowerShell
[2.286s] DEBUG:colcon.colcon_core.shell:Skip shell extension 'dsv' for command environment
[2.949s] INFO:colcon.colcon_core.task.python.build:Building Python package in '/home/dron/ws_controll/src/flask_pkg'
[2.950s] INFO:colcon.colcon_core.shell:Skip shell extension 'powershell' for command environment: Not usable outside of PowerShell
[2.950s] DEBUG:colcon.colcon_core.shell:Skip shell extension 'dsv' for command environment
[3.681s] INFO:colcon.colcon_core.task.python.build:Building Python package in '/home/dron/ws_controll/src/flight_controller_pkg'
[3.682s] INFO:colcon.colcon_core.shell:Skip shell extension 'powershell' for command environment: Not usable outside of PowerShell
[3.682s] DEBUG:colcon.colcon_core.shell:Skip shell extension 'dsv' for command environment
[4.567s] INFO:colcon.colcon_core.task.python.build:Building Python package in '/home/dron/ws_controll/src/log_data_pkg'
[4.568s] INFO:colcon.colcon_core.shell:Skip shell extension 'powershell' for command environment: Not usable outside of PowerShell
[4.568s] DEBUG:colcon.colcon_core.shell:Skip shell extension 'dsv' for command environment
[5.725s] DEBUG:colcon.colcon_core.event_handler.log_command:Invoking command in '/home/dron/ws_controll/src/flight_controller_pkg': LD_LIBRARY_PATH=/home/dron/ws_controll/install/custom_msgs/lib:/usr/local/cuda-12.6/lib64:/opt/ros/humble/opt/rviz_ogre_vendor/lib:/opt/ros/humble/lib/aarch64-linux-gnu:/opt/ros/humble/lib:/usr/local/cuda-12.6/lib64 PYTHONPATH=/home/dron/ws_controll/build/flight_controller_pkg/prefix_override:/usr/lib/python3/dist-packages/colcon_core/task/python/colcon_distutils_commands:/home/dron/ws_controll/install/flight_controller_pkg/lib/python3.10/site-packages:${PYTHONPATH} /usr/bin/python3 -W ignore:setup.py install is deprecated -W ignore:easy_install command is deprecated setup.py egg_info --egg-base ../../build/flight_controller_pkg build --build-base /home/dron/ws_controll/build/flight_controller_pkg/build install --record /home/dron/ws_controll/build/flight_controller_pkg/install.log --single-version-externally-managed install_data
[5.922s] DEBUG:colcon.colcon_core.event_handler.log_command:Invoking command in '/home/dron/ws_controll/src/log_data_pkg': LD_LIBRARY_PATH=/home/dron/ws_controll/install/custom_msgs/lib:/usr/local/cuda-12.6/lib64:/opt/ros/humble/opt/rviz_ogre_vendor/lib:/opt/ros/humble/lib/aarch64-linux-gnu:/opt/ros/humble/lib:/usr/local/cuda-12.6/lib64 PYTHONPATH=/home/dron/ws_controll/build/log_data_pkg/prefix_override:/usr/lib/python3/dist-packages/colcon_core/task/python/colcon_distutils_commands:/home/dron/ws_controll/install/log_data_pkg/lib/python3.10/site-packages:${PYTHONPATH} /usr/bin/python3 -W ignore:setup.py install is deprecated -W ignore:easy_install command is deprecated setup.py egg_info --egg-base ../../build/log_data_pkg build --build-base /home/dron/ws_controll/build/log_data_pkg/build install --record /home/dron/ws_controll/build/log_data_pkg/install.log --single-version-externally-managed install_data
[6.029s] DEBUG:colcon.colcon_core.event_handler.log_command:Invoking command in '/home/dron/ws_controll/src/flask_pkg': LD_LIBRARY_PATH=/home/dron/ws_controll/install/custom_msgs/lib:/usr/local/cuda-12.6/lib64:/opt/ros/humble/opt/rviz_ogre_vendor/lib:/opt/ros/humble/lib/aarch64-linux-gnu:/opt/ros/humble/lib:/usr/local/cuda-12.6/lib64 PYTHONPATH=/home/dron/ws_controll/build/flask_pkg/prefix_override:/usr/lib/python3/dist-packages/colcon_core/task/python/colcon_distutils_commands:/home/dron/ws_controll/install/flask_pkg/lib/python3.10/site-packages:${PYTHONPATH} /usr/bin/python3 -W ignore:setup.py install is deprecated -W ignore:easy_install command is deprecated setup.py egg_info --egg-base ../../build/flask_pkg build --build-base /home/dron/ws_controll/build/flask_pkg/build install --record /home/dron/ws_controll/build/flask_pkg/install.log --single-version-externally-managed install_data
[6.578s] Level 1:colcon.colcon_core.environment:checking '/home/dron/ws_controll/install/flight_controller_pkg' for CMake module files
[6.580s] DEBUG:colcon.colcon_core.event_handler.log_command:Invoked command in '/home/dron/ws_controll/src/flight_controller_pkg' returned '0': LD_LIBRARY_PATH=/home/dron/ws_controll/install/custom_msgs/lib:/usr/local/cuda-12.6/lib64:/opt/ros/humble/opt/rviz_ogre_vendor/lib:/opt/ros/humble/lib/aarch64-linux-gnu:/opt/ros/humble/lib:/usr/local/cuda-12.6/lib64 PYTHONPATH=/home/dron/ws_controll/build/flight_controller_pkg/prefix_override:/usr/lib/python3/dist-packages/colcon_core/task/python/colcon_distutils_commands:/home/dron/ws_controll/install/flight_controller_pkg/lib/python3.10/site-packages:${PYTHONPATH} /usr/bin/python3 -W ignore:setup.py install is deprecated -W ignore:easy_install command is deprecated setup.py egg_info --egg-base ../../build/flight_controller_pkg build --build-base /home/dron/ws_controll/build/flight_controller_pkg/build install --record /home/dron/ws_controll/build/flight_controller_pkg/install.log --single-version-externally-managed install_data
[6.580s] Level 1:colcon.colcon_core.environment:checking '/home/dron/ws_controll/install/flight_controller_pkg' for CMake config files
[6.582s] Level 1:colcon.colcon_core.environment:checking '/home/dron/ws_controll/install/flight_controller_pkg/lib'
[6.582s] Level 1:colcon.colcon_core.environment:checking '/home/dron/ws_controll/install/flight_controller_pkg/bin'
[6.582s] Level 1:colcon.colcon_core.environment:checking '/home/dron/ws_controll/install/flight_controller_pkg/lib/pkgconfig/flight_controller_pkg.pc'
[6.583s] Level 1:colcon.colcon_core.environment:checking '/home/dron/ws_controll/install/flight_controller_pkg/lib/python3.10/site-packages'
[6.583s] Level 1:colcon.colcon_core.shell:create_environment_hook('flight_controller_pkg', 'pythonpath')
[6.583s] INFO:colcon.colcon_core.shell:Creating environment hook '/home/dron/ws_controll/install/flight_controller_pkg/share/flight_controller_pkg/hook/pythonpath.ps1'
[6.585s] INFO:colcon.colcon_core.shell:Creating environment descriptor '/home/dron/ws_controll/install/flight_controller_pkg/share/flight_controller_pkg/hook/pythonpath.dsv'
[6.586s] INFO:colcon.colcon_core.shell:Creating environment hook '/home/dron/ws_controll/install/flight_controller_pkg/share/flight_controller_pkg/hook/pythonpath.sh'
[6.587s] Level 1:colcon.colcon_core.environment:checking '/home/dron/ws_controll/install/flight_controller_pkg/bin'
[6.592s] Level 1:colcon.colcon_core.environment:create_environment_scripts_only(flight_controller_pkg)
[6.593s] INFO:colcon.colcon_core.shell:Creating package script '/home/dron/ws_controll/install/flight_controller_pkg/share/flight_controller_pkg/package.ps1'
[6.595s] INFO:colcon.colcon_core.shell:Creating package descriptor '/home/dron/ws_controll/install/flight_controller_pkg/share/flight_controller_pkg/package.dsv'
[6.597s] INFO:colcon.colcon_core.shell:Creating package script '/home/dron/ws_controll/install/flight_controller_pkg/share/flight_controller_pkg/package.sh'
[6.599s] INFO:colcon.colcon_core.shell:Creating package script '/home/dron/ws_controll/install/flight_controller_pkg/share/flight_controller_pkg/package.bash'
[6.600s] INFO:colcon.colcon_core.shell:Creating package script '/home/dron/ws_controll/install/flight_controller_pkg/share/flight_controller_pkg/package.zsh'
[6.602s] Level 1:colcon.colcon_core.environment:create_file_with_runtime_dependencies(/home/dron/ws_controll/install/flight_controller_pkg/share/colcon-core/packages/flight_controller_pkg)
[6.864s] Level 1:colcon.colcon_core.environment:checking '/home/dron/ws_controll/install/log_data_pkg' for CMake module files
[6.865s] DEBUG:colcon.colcon_core.event_handler.log_command:Invoked command in '/home/dron/ws_controll/src/log_data_pkg' returned '0': LD_LIBRARY_PATH=/home/dron/ws_controll/install/custom_msgs/lib:/usr/local/cuda-12.6/lib64:/opt/ros/humble/opt/rviz_ogre_vendor/lib:/opt/ros/humble/lib/aarch64-linux-gnu:/opt/ros/humble/lib:/usr/local/cuda-12.6/lib64 PYTHONPATH=/home/dron/ws_controll/build/log_data_pkg/prefix_override:/usr/lib/python3/dist-packages/colcon_core/task/python/colcon_distutils_commands:/home/dron/ws_controll/install/log_data_pkg/lib/python3.10/site-packages:${PYTHONPATH} /usr/bin/python3 -W ignore:setup.py install is deprecated -W ignore:easy_install command is deprecated setup.py egg_info --egg-base ../../build/log_data_pkg build --build-base /home/dron/ws_controll/build/log_data_pkg/build install --record /home/dron/ws_controll/build/log_data_pkg/install.log --single-version-externally-managed install_data
[6.866s] Level 1:colcon.colcon_core.environment:checking '/home/dron/ws_controll/install/log_data_pkg' for CMake config files
[6.869s] Level 1:colcon.colcon_core.environment:checking '/home/dron/ws_controll/install/log_data_pkg/lib'
[6.869s] Level 1:colcon.colcon_core.environment:checking '/home/dron/ws_controll/install/log_data_pkg/bin'
[6.870s] Level 1:colcon.colcon_core.environment:checking '/home/dron/ws_controll/install/log_data_pkg/lib/pkgconfig/log_data_pkg.pc'
[6.870s] Level 1:colcon.colcon_core.environment:checking '/home/dron/ws_controll/install/log_data_pkg/lib/python3.10/site-packages'
[6.870s] Level 1:colcon.colcon_core.shell:create_environment_hook('log_data_pkg', 'pythonpath')
[6.871s] INFO:colcon.colcon_core.shell:Creating environment hook '/home/dron/ws_controll/install/log_data_pkg/share/log_data_pkg/hook/pythonpath.ps1'
[6.874s] INFO:colcon.colcon_core.shell:Creating environment descriptor '/home/dron/ws_controll/install/log_data_pkg/share/log_data_pkg/hook/pythonpath.dsv'
[6.878s] INFO:colcon.colcon_core.shell:Creating environment hook '/home/dron/ws_controll/install/log_data_pkg/share/log_data_pkg/hook/pythonpath.sh'
[6.883s] Level 1:colcon.colcon_core.environment:checking '/home/dron/ws_controll/install/log_data_pkg/bin'
[6.883s] Level 1:colcon.colcon_core.environment:create_environment_scripts_only(log_data_pkg)
[6.884s] INFO:colcon.colcon_core.shell:Creating package script '/home/dron/ws_controll/install/log_data_pkg/share/log_data_pkg/package.ps1'
[6.886s] INFO:colcon.colcon_core.shell:Creating package descriptor '/home/dron/ws_controll/install/log_data_pkg/share/log_data_pkg/package.dsv'
[6.887s] INFO:colcon.colcon_core.shell:Creating package script '/home/dron/ws_controll/install/log_data_pkg/share/log_data_pkg/package.sh'
[6.889s] INFO:colcon.colcon_core.shell:Creating package script '/home/dron/ws_controll/install/log_data_pkg/share/log_data_pkg/package.bash'
[6.890s] INFO:colcon.colcon_core.shell:Creating package script '/home/dron/ws_controll/install/log_data_pkg/share/log_data_pkg/package.zsh'
[6.891s] Level 1:colcon.colcon_core.environment:create_file_with_runtime_dependencies(/home/dron/ws_controll/install/log_data_pkg/share/colcon-core/packages/log_data_pkg)
[6.960s] Level 1:colcon.colcon_core.environment:checking '/home/dron/ws_controll/install/flask_pkg' for CMake module files
[6.962s] DEBUG:colcon.colcon_core.event_handler.log_command:Invoked command in '/home/dron/ws_controll/src/flask_pkg' returned '0': LD_LIBRARY_PATH=/home/dron/ws_controll/install/custom_msgs/lib:/usr/local/cuda-12.6/lib64:/opt/ros/humble/opt/rviz_ogre_vendor/lib:/opt/ros/humble/lib/aarch64-linux-gnu:/opt/ros/humble/lib:/usr/local/cuda-12.6/lib64 PYTHONPATH=/home/dron/ws_controll/build/flask_pkg/prefix_override:/usr/lib/python3/dist-packages/colcon_core/task/python/colcon_distutils_commands:/home/dron/ws_controll/install/flask_pkg/lib/python3.10/site-packages:${PYTHONPATH} /usr/bin/python3 -W ignore:setup.py install is deprecated -W ignore:easy_install command is deprecated setup.py egg_info --egg-base ../../build/flask_pkg build --build-base /home/dron/ws_controll/build/flask_pkg/build install --record /home/dron/ws_controll/build/flask_pkg/install.log --single-version-externally-managed install_data
[6.962s] Level 1:colcon.colcon_core.environment:checking '/home/dron/ws_controll/install/flask_pkg' for CMake config files
[6.964s] Level 1:colcon.colcon_core.environment:checking '/home/dron/ws_controll/install/flask_pkg/lib'
[6.965s] Level 1:colcon.colcon_core.environment:checking '/home/dron/ws_controll/install/flask_pkg/bin'
[6.965s] Level 1:colcon.colcon_core.environment:checking '/home/dron/ws_controll/install/flask_pkg/lib/pkgconfig/flask_pkg.pc'
[6.965s] Level 1:colcon.colcon_core.environment:checking '/home/dron/ws_controll/install/flask_pkg/lib/python3.10/site-packages'
[6.966s] Level 1:colcon.colcon_core.shell:create_environment_hook('flask_pkg', 'pythonpath')
[6.966s] INFO:colcon.colcon_core.shell:Creating environment hook '/home/dron/ws_controll/install/flask_pkg/share/flask_pkg/hook/pythonpath.ps1'
[6.968s] INFO:colcon.colcon_core.shell:Creating environment descriptor '/home/dron/ws_controll/install/flask_pkg/share/flask_pkg/hook/pythonpath.dsv'
[6.969s] INFO:colcon.colcon_core.shell:Creating environment hook '/home/dron/ws_controll/install/flask_pkg/share/flask_pkg/hook/pythonpath.sh'
[6.971s] Level 1:colcon.colcon_core.environment:checking '/home/dron/ws_controll/install/flask_pkg/bin'
[6.971s] Level 1:colcon.colcon_core.environment:create_environment_scripts_only(flask_pkg)
[6.972s] INFO:colcon.colcon_core.shell:Creating package script '/home/dron/ws_controll/install/flask_pkg/share/flask_pkg/package.ps1'
[6.974s] INFO:colcon.colcon_core.shell:Creating package descriptor '/home/dron/ws_controll/install/flask_pkg/share/flask_pkg/package.dsv'
[6.975s] INFO:colcon.colcon_core.shell:Creating package script '/home/dron/ws_controll/install/flask_pkg/share/flask_pkg/package.sh'
[6.976s] INFO:colcon.colcon_core.shell:Creating package script '/home/dron/ws_controll/install/flask_pkg/share/flask_pkg/package.bash'
[6.977s] INFO:colcon.colcon_core.shell:Creating package script '/home/dron/ws_controll/install/flask_pkg/share/flask_pkg/package.zsh'
[6.978s] Level 1:colcon.colcon_core.environment:create_file_with_runtime_dependencies(/home/dron/ws_controll/install/flask_pkg/share/colcon-core/packages/flask_pkg)
[6.979s] DEBUG:colcon.colcon_parallel_executor.executor.parallel:closing loop
[6.981s] DEBUG:colcon.colcon_parallel_executor.executor.parallel:loop closed
[6.981s] DEBUG:colcon.colcon_parallel_executor.executor.parallel:run_until_complete finished with '0'
[6.982s] DEBUG:colcon.colcon_core.event_reactor:joining thread
[6.997s] INFO:colcon.colcon_core.plugin_system:Skipping extension 'colcon_notification.desktop_notification.terminal_notifier': Not used on non-Darwin systems
[6.997s] INFO:colcon.colcon_core.plugin_system:Skipping extension 'colcon_notification.desktop_notification.win32': Not used on non-Windows systems
[6.997s] INFO:colcon.colcon_notification.desktop_notification:Sending desktop notification using 'notify2'
[7.027s] DEBUG:colcon.colcon_notification.desktop_notification.notify2:Failed to initialize notify2: org.freedesktop.DBus.Error.Spawn.ChildExited: Process org.freedesktop.Notifications exited with status 1
[7.028s] DEBUG:colcon.colcon_core.event_reactor:joined thread
[7.030s] INFO:colcon.colcon_core.shell:Creating prefix script '/home/dron/ws_controll/install/local_setup.ps1'
[7.034s] INFO:colcon.colcon_core.shell:Creating prefix util module '/home/dron/ws_controll/install/_local_setup_util_ps1.py'
[7.039s] INFO:colcon.colcon_core.shell:Creating prefix chain script '/home/dron/ws_controll/install/setup.ps1'
[7.043s] INFO:colcon.colcon_core.shell:Creating prefix script '/home/dron/ws_controll/install/local_setup.sh'
[7.045s] INFO:colcon.colcon_core.shell:Creating prefix util module '/home/dron/ws_controll/install/_local_setup_util_sh.py'
[7.048s] INFO:colcon.colcon_core.shell:Creating prefix chain script '/home/dron/ws_controll/install/setup.sh'
[7.052s] INFO:colcon.colcon_core.shell:Creating prefix script '/home/dron/ws_controll/install/local_setup.bash'
[7.055s] INFO:colcon.colcon_core.shell:Creating prefix chain script '/home/dron/ws_controll/install/setup.bash'
[7.059s] INFO:colcon.colcon_core.shell:Creating prefix script '/home/dron/ws_controll/install/local_setup.zsh'
[7.062s] INFO:colcon.colcon_core.shell:Creating prefix chain script '/home/dron/ws_controll/install/setup.zsh'
