[2.883s] Invoking command in '/home/dron/ws_controller/src/flask_pkg': PYTHONPATH=/home/dron/ws_controller/build/flask_pkg/prefix_override:/usr/lib/python3/dist-packages/colcon_core/task/python/colcon_distutils_commands:/home/dron/ws_controller/install/flask_pkg/lib/python3.10/site-packages:${PYTHONPATH} VIRTUAL_ENV_PROMPT=(venv) /usr/bin/python3 -W ignore:setup.py install is deprecated -W ignore:easy_install command is deprecated setup.py egg_info --egg-base ../../build/flask_pkg build --build-base /home/dron/ws_controller/build/flask_pkg/build install --record /home/dron/ws_controller/build/flask_pkg/install.log --single-version-externally-managed install_data
[3.994s] running egg_info
[3.996s] writing ../../build/flask_pkg/flask_pkg.egg-info/PKG-INFO
[3.997s] writing dependency_links to ../../build/flask_pkg/flask_pkg.egg-info/dependency_links.txt
[3.998s] writing entry points to ../../build/flask_pkg/flask_pkg.egg-info/entry_points.txt
[3.999s] writing requirements to ../../build/flask_pkg/flask_pkg.egg-info/requires.txt
[4.000s] writing top-level names to ../../build/flask_pkg/flask_pkg.egg-info/top_level.txt
[4.008s] reading manifest file '../../build/flask_pkg/flask_pkg.egg-info/SOURCES.txt'
[4.012s] writing manifest file '../../build/flask_pkg/flask_pkg.egg-info/SOURCES.txt'
[4.014s] running build
[4.014s] running build_py
[4.015s] copying flask_pkg/flask_server.py -> /home/dron/ws_controller/build/flask_pkg/build/lib/flask_pkg
[4.016s] running install
[4.017s] running install_lib
[4.021s] copying /home/dron/ws_controller/build/flask_pkg/build/lib/flask_pkg/flask_server.py -> /home/dron/ws_controller/install/flask_pkg/lib/python3.10/site-packages/flask_pkg
[4.025s] byte-compiling /home/dron/ws_controller/install/flask_pkg/lib/python3.10/site-packages/flask_pkg/flask_server.py to flask_server.cpython-310.pyc
[4.032s] running install_data
[4.033s] running install_egg_info
[4.040s] removing '/home/dron/ws_controller/install/flask_pkg/lib/python3.10/site-packages/flask_pkg-0.0.0-py3.10.egg-info' (and everything under it)
[4.042s] Copying ../../build/flask_pkg/flask_pkg.egg-info to /home/dron/ws_controller/install/flask_pkg/lib/python3.10/site-packages/flask_pkg-0.0.0-py3.10.egg-info
[4.050s] running install_scripts
[4.135s] Installing flask_server script to /home/dron/ws_controller/install/flask_pkg/lib/flask_pkg
[4.137s] writing list of installed files to '/home/dron/ws_controller/build/flask_pkg/install.log'
[4.248s] Invoked command in '/home/dron/ws_controller/src/flask_pkg' returned '0': PYTHONPATH=/home/dron/ws_controller/build/flask_pkg/prefix_override:/usr/lib/python3/dist-packages/colcon_core/task/python/colcon_distutils_commands:/home/dron/ws_controller/install/flask_pkg/lib/python3.10/site-packages:${PYTHONPATH} VIRTUAL_ENV_PROMPT=(venv) /usr/bin/python3 -W ignore:setup.py install is deprecated -W ignore:easy_install command is deprecated setup.py egg_info --egg-base ../../build/flask_pkg build --build-base /home/dron/ws_controller/build/flask_pkg/build install --record /home/dron/ws_controller/build/flask_pkg/install.log --single-version-externally-managed install_data
