[0.485s] DEBUG:colcon:Command line arguments: ['/usr/bin/colcon', 'build', '--packages-select', 'flask_pkg']
[0.485s] DEBUG:colcon:Parsed command line arguments: Namespace(log_base=None, log_level=None, verb_name='build', build_base='build', install_base='install', merge_install=False, symlink_install=False, test_result_base=None, continue_on_error=False, executor='parallel', parallel_workers=4, event_handlers=None, ignore_user_meta=False, metas=['./colcon.meta'], base_paths=['.'], packages_ignore=None, packages_ignore_regex=None, paths=None, packages_up_to=None, packages_up_to_regex=None, packages_above=None, packages_above_and_dependencies=None, packages_above_depth=None, packages_select_by_dep=None, packages_skip_by_dep=None, packages_skip_up_to=None, packages_select_build_failed=False, packages_skip_build_finished=False, packages_select_test_failures=False, packages_skip_test_passed=False, packages_select=['flask_pkg'], packages_skip=None, packages_select_regex=None, packages_skip_regex=None, packages_start=None, packages_end=None, allow_overriding=[], cmake_args=None, cmake_target=None, cmake_target_skip_unavailable=False, cmake_clean_cache=False, cmake_clean_first=False, cmake_force_configure=False, ament_cmake_args=None, catkin_cmake_args=None, catkin_skip_building_tests=False, mixin_files=None, mixin=None, verb_parser=<colcon_mixin.mixin.mixin_argument.MixinArgumentDecorator object at 0xffffb318e440>, verb_extension=<colcon_core.verb.build.BuildVerb object at 0xffffb328b3d0>, main=<bound method BuildVerb.main of <colcon_core.verb.build.BuildVerb object at 0xffffb328b3d0>>, mixin_verb=('build',))
[1.235s] Level 1:colcon.colcon_core.package_discovery:discover_packages(colcon_meta) check parameters
[1.235s] Level 1:colcon.colcon_core.package_discovery:discover_packages(recursive) check parameters
[1.236s] Level 1:colcon.colcon_core.package_discovery:discover_packages(ignore) check parameters
[1.236s] Level 1:colcon.colcon_core.package_discovery:discover_packages(path) check parameters
[1.236s] Level 1:colcon.colcon_core.package_discovery:discover_packages(colcon_meta) discover
[1.236s] Level 1:colcon.colcon_core.package_discovery:discover_packages(recursive) discover
[1.236s] INFO:colcon.colcon_core.package_discovery:Crawling recursively for packages in '/home/dron/ws_controller'
[1.237s] Level 1:colcon.colcon_core.package_identification:_identify(.) by extensions ['ignore', 'ignore_ament_install']
[1.237s] Level 1:colcon.colcon_core.package_identification:_identify(.) by extension 'ignore'
[1.237s] Level 1:colcon.colcon_core.package_identification:_identify(.) by extension 'ignore_ament_install'
[1.238s] Level 1:colcon.colcon_core.package_identification:_identify(.) by extensions ['colcon_pkg']
[1.238s] Level 1:colcon.colcon_core.package_identification:_identify(.) by extension 'colcon_pkg'
[1.238s] Level 1:colcon.colcon_core.package_identification:_identify(.) by extensions ['colcon_meta']
[1.238s] Level 1:colcon.colcon_core.package_identification:_identify(.) by extension 'colcon_meta'
[1.238s] Level 1:colcon.colcon_core.package_identification:_identify(.) by extensions ['ros']
[1.238s] Level 1:colcon.colcon_core.package_identification:_identify(.) by extension 'ros'
[1.286s] Level 1:colcon.colcon_core.package_identification:_identify(.) by extensions ['cmake', 'python']
[1.287s] Level 1:colcon.colcon_core.package_identification:_identify(.) by extension 'cmake'
[1.287s] Level 1:colcon.colcon_core.package_identification:_identify(.) by extension 'python'
[1.287s] Level 1:colcon.colcon_core.package_identification:_identify(.) by extensions ['python_setup_py']
[1.287s] Level 1:colcon.colcon_core.package_identification:_identify(.) by extension 'python_setup_py'
[1.288s] Level 1:colcon.colcon_core.package_identification:_identify(build) by extensions ['ignore', 'ignore_ament_install']
[1.288s] Level 1:colcon.colcon_core.package_identification:_identify(build) by extension 'ignore'
[1.288s] Level 1:colcon.colcon_core.package_identification:_identify(build) ignored
[1.289s] Level 1:colcon.colcon_core.package_identification:_identify(install) by extensions ['ignore', 'ignore_ament_install']
[1.290s] Level 1:colcon.colcon_core.package_identification:_identify(install) by extension 'ignore'
[1.290s] Level 1:colcon.colcon_core.package_identification:_identify(install) ignored
[1.293s] Level 1:colcon.colcon_core.package_identification:_identify(log) by extensions ['ignore', 'ignore_ament_install']
[1.294s] Level 1:colcon.colcon_core.package_identification:_identify(log) by extension 'ignore'
[1.294s] Level 1:colcon.colcon_core.package_identification:_identify(log) ignored
[1.295s] Level 1:colcon.colcon_core.package_identification:_identify(src) by extensions ['ignore', 'ignore_ament_install']
[1.295s] Level 1:colcon.colcon_core.package_identification:_identify(src) by extension 'ignore'
[1.295s] Level 1:colcon.colcon_core.package_identification:_identify(src) by extension 'ignore_ament_install'
[1.295s] Level 1:colcon.colcon_core.package_identification:_identify(src) by extensions ['colcon_pkg']
[1.296s] Level 1:colcon.colcon_core.package_identification:_identify(src) by extension 'colcon_pkg'
[1.296s] Level 1:colcon.colcon_core.package_identification:_identify(src) by extensions ['colcon_meta']
[1.296s] Level 1:colcon.colcon_core.package_identification:_identify(src) by extension 'colcon_meta'
[1.296s] Level 1:colcon.colcon_core.package_identification:_identify(src) by extensions ['ros']
[1.296s] Level 1:colcon.colcon_core.package_identification:_identify(src) by extension 'ros'
[1.297s] Level 1:colcon.colcon_core.package_identification:_identify(src) by extensions ['cmake', 'python']
[1.297s] Level 1:colcon.colcon_core.package_identification:_identify(src) by extension 'cmake'
[1.297s] Level 1:colcon.colcon_core.package_identification:_identify(src) by extension 'python'
[1.297s] Level 1:colcon.colcon_core.package_identification:_identify(src) by extensions ['python_setup_py']
[1.297s] Level 1:colcon.colcon_core.package_identification:_identify(src) by extension 'python_setup_py'
[1.298s] Level 1:colcon.colcon_core.package_identification:_identify(src/custom_msgs) by extensions ['ignore', 'ignore_ament_install']
[1.298s] Level 1:colcon.colcon_core.package_identification:_identify(src/custom_msgs) by extension 'ignore'
[1.298s] Level 1:colcon.colcon_core.package_identification:_identify(src/custom_msgs) by extension 'ignore_ament_install'
[1.299s] Level 1:colcon.colcon_core.package_identification:_identify(src/custom_msgs) by extensions ['colcon_pkg']
[1.299s] Level 1:colcon.colcon_core.package_identification:_identify(src/custom_msgs) by extension 'colcon_pkg'
[1.299s] Level 1:colcon.colcon_core.package_identification:_identify(src/custom_msgs) by extensions ['colcon_meta']
[1.299s] Level 1:colcon.colcon_core.package_identification:_identify(src/custom_msgs) by extension 'colcon_meta'
[1.299s] Level 1:colcon.colcon_core.package_identification:_identify(src/custom_msgs) by extensions ['ros']
[1.299s] Level 1:colcon.colcon_core.package_identification:_identify(src/custom_msgs) by extension 'ros'
[1.307s] DEBUG:colcon.colcon_core.package_identification:Package 'src/custom_msgs' with type 'ros.ament_cmake' and name 'custom_msgs'
[1.308s] Level 1:colcon.colcon_core.package_identification:_identify(src/flask_pkg) by extensions ['ignore', 'ignore_ament_install']
[1.309s] Level 1:colcon.colcon_core.package_identification:_identify(src/flask_pkg) by extension 'ignore'
[1.309s] Level 1:colcon.colcon_core.package_identification:_identify(src/flask_pkg) by extension 'ignore_ament_install'
[1.309s] Level 1:colcon.colcon_core.package_identification:_identify(src/flask_pkg) by extensions ['colcon_pkg']
[1.309s] Level 1:colcon.colcon_core.package_identification:_identify(src/flask_pkg) by extension 'colcon_pkg'
[1.309s] Level 1:colcon.colcon_core.package_identification:_identify(src/flask_pkg) by extensions ['colcon_meta']
[1.310s] Level 1:colcon.colcon_core.package_identification:_identify(src/flask_pkg) by extension 'colcon_meta'
[1.310s] Level 1:colcon.colcon_core.package_identification:_identify(src/flask_pkg) by extensions ['ros']
[1.310s] Level 1:colcon.colcon_core.package_identification:_identify(src/flask_pkg) by extension 'ros'
[1.314s] DEBUG:colcon.colcon_core.package_identification:Package 'src/flask_pkg' with type 'ros.ament_python' and name 'flask_pkg'
[1.315s] Level 1:colcon.colcon_core.package_identification:_identify(src/flight_controller_pkg) by extensions ['ignore', 'ignore_ament_install']
[1.315s] Level 1:colcon.colcon_core.package_identification:_identify(src/flight_controller_pkg) by extension 'ignore'
[1.315s] Level 1:colcon.colcon_core.package_identification:_identify(src/flight_controller_pkg) by extension 'ignore_ament_install'
[1.316s] Level 1:colcon.colcon_core.package_identification:_identify(src/flight_controller_pkg) by extensions ['colcon_pkg']
[1.316s] Level 1:colcon.colcon_core.package_identification:_identify(src/flight_controller_pkg) by extension 'colcon_pkg'
[1.316s] Level 1:colcon.colcon_core.package_identification:_identify(src/flight_controller_pkg) by extensions ['colcon_meta']
[1.316s] Level 1:colcon.colcon_core.package_identification:_identify(src/flight_controller_pkg) by extension 'colcon_meta'
[1.316s] Level 1:colcon.colcon_core.package_identification:_identify(src/flight_controller_pkg) by extensions ['ros']
[1.317s] Level 1:colcon.colcon_core.package_identification:_identify(src/flight_controller_pkg) by extension 'ros'
[1.321s] DEBUG:colcon.colcon_core.package_identification:Package 'src/flight_controller_pkg' with type 'ros.ament_python' and name 'flight_controller_pkg'
[1.322s] Level 1:colcon.colcon_core.package_identification:_identify(src/log_data_pkg) by extensions ['ignore', 'ignore_ament_install']
[1.322s] Level 1:colcon.colcon_core.package_identification:_identify(src/log_data_pkg) by extension 'ignore'
[1.323s] Level 1:colcon.colcon_core.package_identification:_identify(src/log_data_pkg) by extension 'ignore_ament_install'
[1.323s] Level 1:colcon.colcon_core.package_identification:_identify(src/log_data_pkg) by extensions ['colcon_pkg']
[1.323s] Level 1:colcon.colcon_core.package_identification:_identify(src/log_data_pkg) by extension 'colcon_pkg'
[1.324s] Level 1:colcon.colcon_core.package_identification:_identify(src/log_data_pkg) by extensions ['colcon_meta']
[1.324s] Level 1:colcon.colcon_core.package_identification:_identify(src/log_data_pkg) by extension 'colcon_meta'
[1.325s] Level 1:colcon.colcon_core.package_identification:_identify(src/log_data_pkg) by extensions ['ros']
[1.325s] Level 1:colcon.colcon_core.package_identification:_identify(src/log_data_pkg) by extension 'ros'
[1.329s] DEBUG:colcon.colcon_core.package_identification:Package 'src/log_data_pkg' with type 'ros.ament_python' and name 'log_data_pkg'
[1.329s] Level 1:colcon.colcon_core.package_discovery:discover_packages(recursive) using defaults
[1.330s] Level 1:colcon.colcon_core.package_discovery:discover_packages(ignore) discover
[1.330s] Level 1:colcon.colcon_core.package_discovery:discover_packages(ignore) using defaults
[1.330s] Level 1:colcon.colcon_core.package_discovery:discover_packages(path) discover
[1.330s] Level 1:colcon.colcon_core.package_discovery:discover_packages(path) using defaults
[1.422s] INFO:colcon.colcon_core.package_selection:Skipping not selected package 'custom_msgs' in 'src/custom_msgs'
[1.423s] INFO:colcon.colcon_core.package_selection:Skipping not selected package 'flight_controller_pkg' in 'src/flight_controller_pkg'
[1.423s] INFO:colcon.colcon_core.package_selection:Skipping not selected package 'log_data_pkg' in 'src/log_data_pkg'
[1.425s] Level 1:colcon.colcon_core.package_discovery:discover_packages(prefix_path) check parameters
[1.425s] Level 1:colcon.colcon_core.package_discovery:discover_packages(prefix_path) discover
[1.436s] DEBUG:colcon.colcon_installed_package_information.package_discovery:Found 9 installed packages in /home/dron/Praca-magisterska/ros2_ws/install
[1.442s] DEBUG:colcon.colcon_installed_package_information.package_discovery:Found 183 installed packages in /opt/ros/humble
[1.451s] Level 1:colcon.colcon_core.package_discovery:discover_packages(prefix_path) using defaults
[1.603s] Level 5:colcon.colcon_core.verb:set package 'flask_pkg' build argument 'cmake_args' from command line to 'None'
[1.603s] Level 5:colcon.colcon_core.verb:set package 'flask_pkg' build argument 'cmake_target' from command line to 'None'
[1.603s] Level 5:colcon.colcon_core.verb:set package 'flask_pkg' build argument 'cmake_target_skip_unavailable' from command line to 'False'
[1.603s] Level 5:colcon.colcon_core.verb:set package 'flask_pkg' build argument 'cmake_clean_cache' from command line to 'False'
[1.603s] Level 5:colcon.colcon_core.verb:set package 'flask_pkg' build argument 'cmake_clean_first' from command line to 'False'
[1.603s] Level 5:colcon.colcon_core.verb:set package 'flask_pkg' build argument 'cmake_force_configure' from command line to 'False'
[1.604s] Level 5:colcon.colcon_core.verb:set package 'flask_pkg' build argument 'ament_cmake_args' from command line to 'None'
[1.604s] Level 5:colcon.colcon_core.verb:set package 'flask_pkg' build argument 'catkin_cmake_args' from command line to 'None'
[1.604s] Level 5:colcon.colcon_core.verb:set package 'flask_pkg' build argument 'catkin_skip_building_tests' from command line to 'False'
[1.604s] DEBUG:colcon.colcon_core.verb:Building package 'flask_pkg' with the following arguments: {'ament_cmake_args': None, 'build_base': '/home/dron/ws_controller/build/flask_pkg', 'catkin_cmake_args': None, 'catkin_skip_building_tests': False, 'cmake_args': None, 'cmake_clean_cache': False, 'cmake_clean_first': False, 'cmake_force_configure': False, 'cmake_target': None, 'cmake_target_skip_unavailable': False, 'install_base': '/home/dron/ws_controller/install/flask_pkg', 'merge_install': False, 'path': '/home/dron/ws_controller/src/flask_pkg', 'symlink_install': False, 'test_result_base': None}
[1.604s] INFO:colcon.colcon_core.executor:Executing jobs using 'parallel' executor
[1.608s] DEBUG:colcon.colcon_parallel_executor.executor.parallel:run_until_complete
[1.609s] INFO:colcon.colcon_ros.task.ament_python.build:Building ROS package in '/home/dron/ws_controller/src/flask_pkg' with build type 'ament_python'
[1.609s] Level 1:colcon.colcon_core.shell:create_environment_hook('flask_pkg', 'ament_prefix_path')
[1.620s] INFO:colcon.colcon_core.plugin_system:Skipping extension 'colcon_core.shell.bat': Not used on non-Windows systems
[1.621s] INFO:colcon.colcon_core.shell:Creating environment hook '/home/dron/ws_controller/install/flask_pkg/share/flask_pkg/hook/ament_prefix_path.ps1'
[1.624s] INFO:colcon.colcon_core.shell:Creating environment descriptor '/home/dron/ws_controller/install/flask_pkg/share/flask_pkg/hook/ament_prefix_path.dsv'
[1.626s] INFO:colcon.colcon_core.shell:Creating environment hook '/home/dron/ws_controller/install/flask_pkg/share/flask_pkg/hook/ament_prefix_path.sh'
[1.630s] INFO:colcon.colcon_core.shell:Skip shell extension 'powershell' for command environment: Not usable outside of PowerShell
[1.630s] DEBUG:colcon.colcon_core.shell:Skip shell extension 'dsv' for command environment
[2.820s] INFO:colcon.colcon_core.task.python.build:Building Python package in '/home/dron/ws_controller/src/flask_pkg'
[2.821s] INFO:colcon.colcon_core.shell:Skip shell extension 'powershell' for command environment: Not usable outside of PowerShell
[2.821s] DEBUG:colcon.colcon_core.shell:Skip shell extension 'dsv' for command environment
[4.514s] DEBUG:colcon.colcon_core.event_handler.log_command:Invoking command in '/home/dron/ws_controller/src/flask_pkg': AMENT_PREFIX_PATH=/home/dron/ws_controller/install/custom_msgs:${AMENT_PREFIX_PATH} CMAKE_PREFIX_PATH=/home/dron/ws_controller/install/custom_msgs:${CMAKE_PREFIX_PATH} LD_LIBRARY_PATH=/home/dron/ws_controller/install/custom_msgs/lib:${LD_LIBRARY_PATH} PYTHONPATH=/home/dron/ws_controller/build/flask_pkg/prefix_override:/usr/lib/python3/dist-packages/colcon_core/task/python/colcon_distutils_commands:/home/dron/ws_controller/install/flask_pkg/lib/python3.10/site-packages:/home/dron/ws_controller/install/custom_msgs/local/lib/python3.10/dist-packages:${PYTHONPATH} VIRTUAL_ENV_PROMPT=(venv) /usr/bin/python3 -W ignore:setup.py install is deprecated -W ignore:easy_install command is deprecated setup.py egg_info --egg-base ../../build/flask_pkg build --build-base /home/dron/ws_controller/build/flask_pkg/build install --record /home/dron/ws_controller/build/flask_pkg/install.log --single-version-externally-managed install_data
[5.861s] DEBUG:colcon.colcon_core.event_handler.log_command:Invoked command in '/home/dron/ws_controller/src/flask_pkg' returned '0': AMENT_PREFIX_PATH=/home/dron/ws_controller/install/custom_msgs:${AMENT_PREFIX_PATH} CMAKE_PREFIX_PATH=/home/dron/ws_controller/install/custom_msgs:${CMAKE_PREFIX_PATH} LD_LIBRARY_PATH=/home/dron/ws_controller/install/custom_msgs/lib:${LD_LIBRARY_PATH} PYTHONPATH=/home/dron/ws_controller/build/flask_pkg/prefix_override:/usr/lib/python3/dist-packages/colcon_core/task/python/colcon_distutils_commands:/home/dron/ws_controller/install/flask_pkg/lib/python3.10/site-packages:/home/dron/ws_controller/install/custom_msgs/local/lib/python3.10/dist-packages:${PYTHONPATH} VIRTUAL_ENV_PROMPT=(venv) /usr/bin/python3 -W ignore:setup.py install is deprecated -W ignore:easy_install command is deprecated setup.py egg_info --egg-base ../../build/flask_pkg build --build-base /home/dron/ws_controller/build/flask_pkg/build install --record /home/dron/ws_controller/build/flask_pkg/install.log --single-version-externally-managed install_data
[5.871s] Level 1:colcon.colcon_core.environment:checking '/home/dron/ws_controller/install/flask_pkg' for CMake module files
[5.874s] Level 1:colcon.colcon_core.environment:checking '/home/dron/ws_controller/install/flask_pkg' for CMake config files
[5.878s] Level 1:colcon.colcon_core.environment:checking '/home/dron/ws_controller/install/flask_pkg/lib'
[5.879s] Level 1:colcon.colcon_core.environment:checking '/home/dron/ws_controller/install/flask_pkg/bin'
[5.879s] Level 1:colcon.colcon_core.environment:checking '/home/dron/ws_controller/install/flask_pkg/lib/pkgconfig/flask_pkg.pc'
[5.881s] Level 1:colcon.colcon_core.environment:checking '/home/dron/ws_controller/install/flask_pkg/lib/python3.10/site-packages'
[5.881s] Level 1:colcon.colcon_core.shell:create_environment_hook('flask_pkg', 'pythonpath')
[5.882s] INFO:colcon.colcon_core.shell:Creating environment hook '/home/dron/ws_controller/install/flask_pkg/share/flask_pkg/hook/pythonpath.ps1'
[5.884s] INFO:colcon.colcon_core.shell:Creating environment descriptor '/home/dron/ws_controller/install/flask_pkg/share/flask_pkg/hook/pythonpath.dsv'
[5.886s] INFO:colcon.colcon_core.shell:Creating environment hook '/home/dron/ws_controller/install/flask_pkg/share/flask_pkg/hook/pythonpath.sh'
[5.889s] Level 1:colcon.colcon_core.environment:checking '/home/dron/ws_controller/install/flask_pkg/bin'
[5.889s] Level 1:colcon.colcon_core.environment:create_environment_scripts_only(flask_pkg)
[5.891s] INFO:colcon.colcon_core.shell:Creating package script '/home/dron/ws_controller/install/flask_pkg/share/flask_pkg/package.ps1'
[5.894s] INFO:colcon.colcon_core.shell:Creating package descriptor '/home/dron/ws_controller/install/flask_pkg/share/flask_pkg/package.dsv'
[5.897s] INFO:colcon.colcon_core.shell:Creating package script '/home/dron/ws_controller/install/flask_pkg/share/flask_pkg/package.sh'
[5.900s] INFO:colcon.colcon_core.shell:Creating package script '/home/dron/ws_controller/install/flask_pkg/share/flask_pkg/package.bash'
[5.904s] INFO:colcon.colcon_core.shell:Creating package script '/home/dron/ws_controller/install/flask_pkg/share/flask_pkg/package.zsh'
[5.907s] Level 1:colcon.colcon_core.environment:create_file_with_runtime_dependencies(/home/dron/ws_controller/install/flask_pkg/share/colcon-core/packages/flask_pkg)
[5.909s] DEBUG:colcon.colcon_parallel_executor.executor.parallel:closing loop
[5.910s] DEBUG:colcon.colcon_parallel_executor.executor.parallel:loop closed
[5.910s] DEBUG:colcon.colcon_parallel_executor.executor.parallel:run_until_complete finished with '0'
[5.910s] DEBUG:colcon.colcon_core.event_reactor:joining thread
[5.932s] INFO:colcon.colcon_core.plugin_system:Skipping extension 'colcon_notification.desktop_notification.notify_send': Could not find 'notify-send'
[5.932s] INFO:colcon.colcon_core.plugin_system:Skipping extension 'colcon_notification.desktop_notification.terminal_notifier': Not used on non-Darwin systems
[5.932s] INFO:colcon.colcon_core.plugin_system:Skipping extension 'colcon_notification.desktop_notification.win32': Not used on non-Windows systems
[5.933s] INFO:colcon.colcon_notification.desktop_notification:Sending desktop notification using 'notify2'
[5.936s] DEBUG:colcon.colcon_notification.desktop_notification.notify2:Failed to initialize notify2: org.freedesktop.DBus.Error.ServiceUnknown: The name org.freedesktop.Notifications was not provided by any .service files
[5.936s] DEBUG:colcon.colcon_core.event_reactor:joined thread
[5.937s] INFO:colcon.colcon_core.shell:Creating prefix script '/home/dron/ws_controller/install/local_setup.ps1'
[5.941s] INFO:colcon.colcon_core.shell:Creating prefix util module '/home/dron/ws_controller/install/_local_setup_util_ps1.py'
[5.946s] INFO:colcon.colcon_core.shell:Creating prefix chain script '/home/dron/ws_controller/install/setup.ps1'
[5.954s] INFO:colcon.colcon_core.shell:Creating prefix script '/home/dron/ws_controller/install/local_setup.sh'
[5.956s] INFO:colcon.colcon_core.shell:Creating prefix util module '/home/dron/ws_controller/install/_local_setup_util_sh.py'
[5.959s] INFO:colcon.colcon_core.shell:Creating prefix chain script '/home/dron/ws_controller/install/setup.sh'
[5.968s] INFO:colcon.colcon_core.shell:Creating prefix script '/home/dron/ws_controller/install/local_setup.bash'
[5.970s] INFO:colcon.colcon_core.shell:Creating prefix chain script '/home/dron/ws_controller/install/setup.bash'
[5.978s] INFO:colcon.colcon_core.shell:Creating prefix script '/home/dron/ws_controller/install/local_setup.zsh'
[5.981s] INFO:colcon.colcon_core.shell:Creating prefix chain script '/home/dron/ws_controller/install/setup.zsh'
