[3.667s] Invoking command in '/home/dron/ws_controll/src/flask_pkg': LD_LIBRARY_PATH=/home/dron/ws_controll/install/custom_msgs/lib:/usr/local/cuda-12.6/lib64:/opt/ros/humble/opt/rviz_ogre_vendor/lib:/opt/ros/humble/lib/aarch64-linux-gnu:/opt/ros/humble/lib:/usr/local/cuda-12.6/lib64 PYTHONPATH=/home/dron/ws_controll/build/flask_pkg/prefix_override:/usr/lib/python3/dist-packages/colcon_core/task/python/colcon_distutils_commands:/home/dron/ws_controll/install/flask_pkg/lib/python3.10/site-packages:${PYTHONPATH} /usr/bin/python3 -W ignore:setup.py install is deprecated -W ignore:easy_install command is deprecated setup.py egg_info --egg-base ../../build/flask_pkg build --build-base /home/dron/ws_controll/build/flask_pkg/build install --record /home/dron/ws_controll/build/flask_pkg/install.log --single-version-externally-managed install_data
[4.561s] running egg_info
[4.568s] writing ../../build/flask_pkg/flask_pkg.egg-info/PKG-INFO
[4.570s] writing dependency_links to ../../build/flask_pkg/flask_pkg.egg-info/dependency_links.txt
[4.571s] writing entry points to ../../build/flask_pkg/flask_pkg.egg-info/entry_points.txt
[4.572s] writing requirements to ../../build/flask_pkg/flask_pkg.egg-info/requires.txt
[4.574s] writing top-level names to ../../build/flask_pkg/flask_pkg.egg-info/top_level.txt
[4.583s] reading manifest file '../../build/flask_pkg/flask_pkg.egg-info/SOURCES.txt'
[4.586s] writing manifest file '../../build/flask_pkg/flask_pkg.egg-info/SOURCES.txt'
[4.587s] running build
[4.588s] running build_py
[4.588s] copying flask_pkg/flask_server.py -> /home/dron/ws_controll/build/flask_pkg/build/lib/flask_pkg
[4.590s] running install
[4.592s] running install_lib
[4.594s] copying /home/dron/ws_controll/build/flask_pkg/build/lib/flask_pkg/flask_server.py -> /home/dron/ws_controll/install/flask_pkg/lib/python3.10/site-packages/flask_pkg
[4.598s] byte-compiling /home/dron/ws_controll/install/flask_pkg/lib/python3.10/site-packages/flask_pkg/flask_server.py to flask_server.cpython-310.pyc
[4.602s] running install_data
[4.603s] running install_egg_info
[4.608s] removing '/home/dron/ws_controll/install/flask_pkg/lib/python3.10/site-packages/flask_pkg-0.0.0-py3.10.egg-info' (and everything under it)
[4.620s] Copying ../../build/flask_pkg/flask_pkg.egg-info to /home/dron/ws_controll/install/flask_pkg/lib/python3.10/site-packages/flask_pkg-0.0.0-py3.10.egg-info
[4.623s] running install_scripts
[4.677s] Installing flask_server script to /home/dron/ws_controll/install/flask_pkg/lib/flask_pkg
[4.679s] writing list of installed files to '/home/dron/ws_controll/build/flask_pkg/install.log'
[4.769s] Invoked command in '/home/dron/ws_controll/src/flask_pkg' returned '0': LD_LIBRARY_PATH=/home/dron/ws_controll/install/custom_msgs/lib:/usr/local/cuda-12.6/lib64:/opt/ros/humble/opt/rviz_ogre_vendor/lib:/opt/ros/humble/lib/aarch64-linux-gnu:/opt/ros/humble/lib:/usr/local/cuda-12.6/lib64 PYTHONPATH=/home/dron/ws_controll/build/flask_pkg/prefix_override:/usr/lib/python3/dist-packages/colcon_core/task/python/colcon_distutils_commands:/home/dron/ws_controll/install/flask_pkg/lib/python3.10/site-packages:${PYTHONPATH} /usr/bin/python3 -W ignore:setup.py install is deprecated -W ignore:easy_install command is deprecated setup.py egg_info --egg-base ../../build/flask_pkg build --build-base /home/dron/ws_controll/build/flask_pkg/build install --record /home/dron/ws_controll/build/flask_pkg/install.log --single-version-externally-managed install_data
