[35m[1mConsolidate compiler generated dependencies of target custom_msgs__rosidl_generator_c[0m
[  0%] Built target custom_msgs__cpp
[ 12%] Built target custom_msgs__rosidl_generator_c
[ 12%] Built target ament_cmake_python_copy_custom_msgs
[35m[1mConsolidate compiler generated dependencies of target custom_msgs__rosidl_typesupport_cpp[0m
[35m[1mConsolidate compiler generated dependencies of target custom_msgs__rosidl_typesupport_introspection_cpp[0m
[35m[1mConsolidate compiler generated dependencies of target custom_msgs__rosidl_typesupport_fastrtps_cpp[0m
[35m[1mConsolidate compiler generated dependencies of target custom_msgs__rosidl_typesupport_introspection_c[0m
[35m[1mConsolidate compiler generated dependencies of target custom_msgs__rosidl_typesupport_fastrtps_c[0m
[35m[1mConsolidate compiler generated dependencies of target custom_msgs__rosidl_typesupport_c[0m
[ 24%] Built target custom_msgs__rosidl_typesupport_cpp
[ 36%] Built target custom_msgs__rosidl_typesupport_introspection_c
[ 50%] Built target custom_msgs__rosidl_typesupport_introspection_cpp
[ 59%] Built target custom_msgs__rosidl_typesupport_fastrtps_cpp
[ 70%] Built target custom_msgs__rosidl_typesupport_c
[ 82%] Built target custom_msgs__rosidl_typesupport_fastrtps_c
[ 82%] Built target custom_msgs
[ 83%] Built target custom_msgs__py
[35m[1mConsolidate compiler generated dependencies of target custom_msgs__rosidl_generator_py[0m
[ 94%] Built target custom_msgs__rosidl_generator_py
[35m[1mConsolidate compiler generated dependencies of target custom_msgs__rosidl_typesupport_introspection_c__pyext[0m
[35m[1mConsolidate compiler generated dependencies of target custom_msgs__rosidl_typesupport_fastrtps_c__pyext[0m
[35m[1mConsolidate compiler generated dependencies of target custom_msgs__rosidl_typesupport_c__pyext[0m
[100%] Built target custom_msgs__rosidl_typesupport_c__pyext
[100%] Built target custom_msgs__rosidl_typesupport_introspection_c__pyext
[100%] Built target custom_msgs__rosidl_typesupport_fastrtps_c__pyext
running egg_info
writing custom_msgs.egg-info/PKG-INFO
writing dependency_links to custom_msgs.egg-info/dependency_links.txt
writing top-level names to custom_msgs.egg-info/top_level.txt
reading manifest file 'custom_msgs.egg-info/SOURCES.txt'
writing manifest file 'custom_msgs.egg-info/SOURCES.txt'
[100%] Built target ament_cmake_python_build_custom_msgs_egg
