[0.030s] Invoking command in '/home/dron/ws_controller/build/custom_msgs': CMAKE_PREFIX_PATH=/opt/ros/humble /usr/bin/cmake --build /home/dron/ws_controller/build/custom_msgs -- -j6 -l6
[0.138s] [35m[1mConsolidate compiler generated dependencies of target custom_msgs__rosidl_generator_c[0m
[0.155s] [  0%] Built target custom_msgs__cpp
[0.171s] [ 12%] Built target custom_msgs__rosidl_generator_c
[0.180s] [ 12%] Built target ament_cmake_python_copy_custom_msgs
[0.189s] [35m[1mConsolidate compiler generated dependencies of target custom_msgs__rosidl_typesupport_cpp[0m
[0.195s] [35m[1mConsolidate compiler generated dependencies of target custom_msgs__rosidl_typesupport_introspection_cpp[0m
[0.199s] [35m[1mConsolidate compiler generated dependencies of target custom_msgs__rosidl_typesupport_fastrtps_cpp[0m
[0.208s] [35m[1mConsolidate compiler generated dependencies of target custom_msgs__rosidl_typesupport_introspection_c[0m
[0.219s] [35m[1mConsolidate compiler generated dependencies of target custom_msgs__rosidl_typesupport_fastrtps_c[0m
[0.223s] [35m[1mConsolidate compiler generated dependencies of target custom_msgs__rosidl_typesupport_c[0m
[0.231s] [ 24%] Built target custom_msgs__rosidl_typesupport_cpp
[0.245s] [ 36%] Built target custom_msgs__rosidl_typesupport_introspection_c
[0.249s] [ 50%] Built target custom_msgs__rosidl_typesupport_introspection_cpp
[0.249s] [ 59%] Built target custom_msgs__rosidl_typesupport_fastrtps_cpp
[0.251s] [ 70%] Built target custom_msgs__rosidl_typesupport_c
[0.266s] [ 82%] Built target custom_msgs__rosidl_typesupport_fastrtps_c
[0.306s] [ 82%] Built target custom_msgs
[0.349s] [ 83%] Built target custom_msgs__py
[0.381s] [35m[1mConsolidate compiler generated dependencies of target custom_msgs__rosidl_generator_py[0m
[0.422s] [ 94%] Built target custom_msgs__rosidl_generator_py
[0.446s] [35m[1mConsolidate compiler generated dependencies of target custom_msgs__rosidl_typesupport_introspection_c__pyext[0m
[0.447s] [35m[1mConsolidate compiler generated dependencies of target custom_msgs__rosidl_typesupport_fastrtps_c__pyext[0m
[0.447s] [35m[1mConsolidate compiler generated dependencies of target custom_msgs__rosidl_typesupport_c__pyext[0m
[0.474s] [100%] Built target custom_msgs__rosidl_typesupport_c__pyext
[0.474s] [100%] Built target custom_msgs__rosidl_typesupport_introspection_c__pyext
[0.475s] [100%] Built target custom_msgs__rosidl_typesupport_fastrtps_c__pyext
[0.861s] running egg_info
[0.862s] writing custom_msgs.egg-info/PKG-INFO
[0.862s] writing dependency_links to custom_msgs.egg-info/dependency_links.txt
[0.863s] writing top-level names to custom_msgs.egg-info/top_level.txt
[0.868s] reading manifest file 'custom_msgs.egg-info/SOURCES.txt'
[0.871s] writing manifest file 'custom_msgs.egg-info/SOURCES.txt'
[0.939s] [100%] Built target ament_cmake_python_build_custom_msgs_egg
