[0.024s] Invoking command in '/home/dron/ws_controll/build/custom_msgs': CMAKE_PREFIX_PATH=${CMAKE_PREFIX_PATH}:/home/dron/ws_controll/install/log_data_pkg:/home/dron/ws_controll/install/flight_controller_pkg:/home/dron/ws_controll/install/flask_pkg:/opt/ros/humble /usr/bin/cmake --build /home/dron/ws_controll/build/custom_msgs -- -j6 -l6
[0.076s] -- Found ament_cmake: 1.3.11 (/opt/ros/humble/share/ament_cmake/cmake)
[0.380s] -- Found rosidl_default_generators: 1.2.0 (/opt/ros/humble/share/rosidl_default_generators/cmake)
[0.386s] -- Using all available rosidl_typesupport_c: rosidl_typesupport_fastrtps_c;rosidl_typesupport_introspection_c
[0.396s] -- Found rosidl_adapter: 3.1.6 (/opt/ros/humble/share/rosidl_adapter/cmake)
[0.470s] -- Using all available rosidl_typesupport_cpp: rosidl_typesupport_fastrtps_cpp;rosidl_typesupport_introspection_cpp
[1.166s] -- Found ament_cmake_ros: 0.10.0 (/opt/ros/humble/share/ament_cmake_ros/cmake)
[1.611s] -- Using all available rosidl_typesupport_c: rosidl_typesupport_fastrtps_c;rosidl_typesupport_introspection_c
[2.190s] -- Using all available rosidl_typesupport_cpp: rosidl_typesupport_fastrtps_cpp;rosidl_typesupport_introspection_cpp
[2.249s] -- Found python_cmake_module: 0.10.0 (/opt/ros/humble/share/python_cmake_module/cmake)
[2.306s] -- Using PYTHON_EXECUTABLE: /usr/bin/python3
[2.306s] -- Using PYTHON_INCLUDE_DIRS: /usr/include/python3.10
[2.307s] -- Using PYTHON_LIBRARIES: /usr/lib/aarch64-linux-gnu/libpython3.10.so
[2.346s] -- Found ament_lint_auto: 0.12.11 (/opt/ros/humble/share/ament_lint_auto/cmake)
[2.371s] -- Added test 'lint_cmake' to check CMake code style
[2.373s] -- Added test 'xmllint' to check XML markup files
[2.377s] -- Configuring done
[2.466s] -- Generating done
[2.491s] -- Build files have been written to: /home/dron/ws_controll/build/custom_msgs
[2.551s] [  1%] [34m[1mGenerating C code for ROS interfaces[0m
[2.576s] [  2%] [34m[1mGenerating C++ code for ROS interfaces[0m
[2.599s] [  2%] Built target ament_cmake_python_copy_custom_msgs
[3.231s] running egg_info
[3.232s] writing custom_msgs.egg-info/PKG-INFO
[3.232s] writing dependency_links to custom_msgs.egg-info/dependency_links.txt
[3.233s] writing top-level names to custom_msgs.egg-info/top_level.txt
[3.238s] reading manifest file 'custom_msgs.egg-info/SOURCES.txt'
[3.240s] writing manifest file 'custom_msgs.egg-info/SOURCES.txt'
[3.318s] [  2%] Built target ament_cmake_python_build_custom_msgs_egg
[4.000s] [  2%] Built target custom_msgs__cpp
[4.027s] [  4%] [34m[1mGenerating C++ type support dispatch for ROS interfaces[0m
[4.027s] [  4%] [34m[1mGenerating C++ type support for eProsima Fast-RTPS[0m
[4.043s] [  5%] [34m[1mGenerating C++ introspection for ROS interfaces[0m
[4.105s] [35m[1mConsolidate compiler generated dependencies of target custom_msgs__rosidl_generator_c[0m
[4.149s] [  8%] [32mBuilding C object CMakeFiles/custom_msgs__rosidl_generator_c.dir/rosidl_generator_c/custom_msgs/msg/detail/imu_data__functions.c.o[0m
[4.149s] [  9%] [32mBuilding C object CMakeFiles/custom_msgs__rosidl_generator_c.dir/rosidl_generator_c/custom_msgs/msg/detail/gyro_data__functions.c.o[0m
[4.150s] [  9%] [32mBuilding C object CMakeFiles/custom_msgs__rosidl_generator_c.dir/rosidl_generator_c/custom_msgs/msg/detail/accel_data__functions.c.o[0m
[4.276s] [ 10%] [32mBuilding C object CMakeFiles/custom_msgs__rosidl_generator_c.dir/rosidl_generator_c/custom_msgs/msg/detail/estimator_data__functions.c.o[0m
[4.276s] [ 11%] [32mBuilding C object CMakeFiles/custom_msgs__rosidl_generator_c.dir/rosidl_generator_c/custom_msgs/msg/detail/possition_data__functions.c.o[0m
[4.298s] [ 12%] [32mBuilding C object CMakeFiles/custom_msgs__rosidl_generator_c.dir/rosidl_generator_c/custom_msgs/msg/detail/speed_data__functions.c.o[0m
[4.404s] [ 14%] [32mBuilding C object CMakeFiles/custom_msgs__rosidl_generator_c.dir/rosidl_generator_c/custom_msgs/msg/detail/data_xyz__functions.c.o[0m
[4.404s] [ 14%] [32mBuilding C object CMakeFiles/custom_msgs__rosidl_generator_c.dir/rosidl_generator_c/custom_msgs/msg/detail/drone_status__functions.c.o[0m
[4.507s] [ 16%] [32m[1mLinking C shared library libcustom_msgs__rosidl_generator_c.so[0m
[4.579s] [ 16%] Built target custom_msgs__rosidl_generator_c
[4.601s] [ 18%] [34m[1mGenerating C type support for eProsima Fast-RTPS[0m
[4.601s] [ 18%] [34m[1mGenerating C introspection for ROS interfaces[0m
[4.615s] [ 19%] [34m[1mGenerating C type support dispatch for ROS interfaces[0m
[5.016s] [35m[1mConsolidate compiler generated dependencies of target custom_msgs__rosidl_typesupport_cpp[0m
[5.078s] [ 20%] [32mBuilding CXX object CMakeFiles/custom_msgs__rosidl_typesupport_cpp.dir/rosidl_typesupport_cpp/custom_msgs/msg/accel_data__type_support.cpp.o[0m
[5.363s] [35m[1mConsolidate compiler generated dependencies of target custom_msgs__rosidl_typesupport_introspection_cpp[0m
[5.459s] [ 21%] [32mBuilding CXX object CMakeFiles/custom_msgs__rosidl_typesupport_introspection_cpp.dir/rosidl_typesupport_introspection_cpp/custom_msgs/msg/detail/accel_data__type_support.cpp.o[0m
[5.549s] [35m[1mConsolidate compiler generated dependencies of target custom_msgs__rosidl_typesupport_fastrtps_cpp[0m
[5.582s] [35m[1mConsolidate compiler generated dependencies of target custom_msgs__rosidl_typesupport_c[0m
[5.630s] [ 22%] [32mBuilding CXX object CMakeFiles/custom_msgs__rosidl_typesupport_c.dir/rosidl_typesupport_c/custom_msgs/msg/accel_data__type_support.cpp.o[0m
[5.655s] [ 24%] [32mBuilding CXX object CMakeFiles/custom_msgs__rosidl_typesupport_fastrtps_cpp.dir/rosidl_typesupport_fastrtps_cpp/custom_msgs/msg/detail/dds_fastrtps/accel_data__type_support.cpp.o[0m
[5.694s] [ 25%] [32mBuilding CXX object CMakeFiles/custom_msgs__rosidl_typesupport_c.dir/rosidl_typesupport_c/custom_msgs/msg/gyro_data__type_support.cpp.o[0m
[5.714s] [ 26%] [32mBuilding CXX object CMakeFiles/custom_msgs__rosidl_typesupport_cpp.dir/rosidl_typesupport_cpp/custom_msgs/msg/gyro_data__type_support.cpp.o[0m
[5.779s] [ 27%] [32mBuilding CXX object CMakeFiles/custom_msgs__rosidl_typesupport_c.dir/rosidl_typesupport_c/custom_msgs/msg/imu_data__type_support.cpp.o[0m
[5.844s] [ 28%] [32mBuilding CXX object CMakeFiles/custom_msgs__rosidl_typesupport_c.dir/rosidl_typesupport_c/custom_msgs/msg/estimator_data__type_support.cpp.o[0m
[5.911s] [ 29%] [32mBuilding CXX object CMakeFiles/custom_msgs__rosidl_typesupport_c.dir/rosidl_typesupport_c/custom_msgs/msg/possition_data__type_support.cpp.o[0m
[5.978s] [ 31%] [32mBuilding CXX object CMakeFiles/custom_msgs__rosidl_typesupport_c.dir/rosidl_typesupport_c/custom_msgs/msg/speed_data__type_support.cpp.o[0m
[6.002s] [35m[1mConsolidate compiler generated dependencies of target custom_msgs__rosidl_typesupport_introspection_c[0m
[6.041s] [ 32%] [32mBuilding C object CMakeFiles/custom_msgs__rosidl_typesupport_introspection_c.dir/rosidl_typesupport_introspection_c/custom_msgs/msg/detail/accel_data__type_support.c.o[0m
[6.071s] [ 33%] [32mBuilding CXX object CMakeFiles/custom_msgs__rosidl_typesupport_c.dir/rosidl_typesupport_c/custom_msgs/msg/data_xyz__type_support.cpp.o[0m
[6.148s] [35m[1mConsolidate compiler generated dependencies of target custom_msgs__rosidl_typesupport_fastrtps_c[0m
[6.163s] [ 34%] [32mBuilding CXX object CMakeFiles/custom_msgs__rosidl_typesupport_c.dir/rosidl_typesupport_c/custom_msgs/msg/drone_status__type_support.cpp.o[0m
[6.163s] [ 35%] [32mBuilding C object CMakeFiles/custom_msgs__rosidl_typesupport_introspection_c.dir/rosidl_typesupport_introspection_c/custom_msgs/msg/detail/gyro_data__type_support.c.o[0m
[6.249s] [ 36%] [32mBuilding CXX object CMakeFiles/custom_msgs__rosidl_typesupport_fastrtps_c.dir/rosidl_typesupport_fastrtps_c/custom_msgs/msg/detail/accel_data__type_support_c.cpp.o[0m
[6.250s] [ 37%] [32m[1mLinking CXX shared library libcustom_msgs__rosidl_typesupport_c.so[0m
[6.277s] [ 39%] [32mBuilding C object CMakeFiles/custom_msgs__rosidl_typesupport_introspection_c.dir/rosidl_typesupport_introspection_c/custom_msgs/msg/detail/imu_data__type_support.c.o[0m
[6.361s] [ 40%] [32mBuilding CXX object CMakeFiles/custom_msgs__rosidl_typesupport_cpp.dir/rosidl_typesupport_cpp/custom_msgs/msg/imu_data__type_support.cpp.o[0m
[6.374s] [ 41%] [32mBuilding C object CMakeFiles/custom_msgs__rosidl_typesupport_introspection_c.dir/rosidl_typesupport_introspection_c/custom_msgs/msg/detail/estimator_data__type_support.c.o[0m
[6.387s] [ 41%] Built target custom_msgs__rosidl_typesupport_c
[6.415s] [ 42%] [32mBuilding C object CMakeFiles/custom_msgs__rosidl_typesupport_introspection_c.dir/rosidl_typesupport_introspection_c/custom_msgs/msg/detail/possition_data__type_support.c.o[0m
[6.467s] [ 43%] [32mBuilding CXX object CMakeFiles/custom_msgs__rosidl_typesupport_cpp.dir/rosidl_typesupport_cpp/custom_msgs/msg/estimator_data__type_support.cpp.o[0m
[6.481s] [ 44%] [32mBuilding CXX object CMakeFiles/custom_msgs__rosidl_typesupport_introspection_cpp.dir/rosidl_typesupport_introspection_cpp/custom_msgs/msg/detail/gyro_data__type_support.cpp.o[0m
[6.523s] [ 45%] [32mBuilding C object CMakeFiles/custom_msgs__rosidl_typesupport_introspection_c.dir/rosidl_typesupport_introspection_c/custom_msgs/msg/detail/speed_data__type_support.c.o[0m
[6.647s] [ 47%] [32mBuilding C object CMakeFiles/custom_msgs__rosidl_typesupport_introspection_c.dir/rosidl_typesupport_introspection_c/custom_msgs/msg/detail/data_xyz__type_support.c.o[0m
[6.714s] [ 48%] [32mBuilding CXX object CMakeFiles/custom_msgs__rosidl_typesupport_fastrtps_cpp.dir/rosidl_typesupport_fastrtps_cpp/custom_msgs/msg/detail/dds_fastrtps/gyro_data__type_support.cpp.o[0m
[6.744s] [ 49%] [32mBuilding C object CMakeFiles/custom_msgs__rosidl_typesupport_introspection_c.dir/rosidl_typesupport_introspection_c/custom_msgs/msg/detail/drone_status__type_support.c.o[0m
[6.825s] [ 50%] [32m[1mLinking C shared library libcustom_msgs__rosidl_typesupport_introspection_c.so[0m
[6.935s] [ 50%] Built target custom_msgs__rosidl_typesupport_introspection_c
[6.959s] [ 51%] [32mBuilding CXX object CMakeFiles/custom_msgs__rosidl_typesupport_fastrtps_cpp.dir/rosidl_typesupport_fastrtps_cpp/custom_msgs/msg/detail/dds_fastrtps/imu_data__type_support.cpp.o[0m
[7.034s] [ 52%] [32mBuilding CXX object CMakeFiles/custom_msgs__rosidl_typesupport_fastrtps_cpp.dir/rosidl_typesupport_fastrtps_cpp/custom_msgs/msg/detail/dds_fastrtps/estimator_data__type_support.cpp.o[0m
[7.094s] [ 54%] [32mBuilding CXX object CMakeFiles/custom_msgs__rosidl_typesupport_cpp.dir/rosidl_typesupport_cpp/custom_msgs/msg/possition_data__type_support.cpp.o[0m
[7.169s] [ 55%] [32mBuilding CXX object CMakeFiles/custom_msgs__rosidl_typesupport_fastrtps_c.dir/rosidl_typesupport_fastrtps_c/custom_msgs/msg/detail/gyro_data__type_support_c.cpp.o[0m
[7.528s] [ 56%] [32mBuilding CXX object CMakeFiles/custom_msgs__rosidl_typesupport_introspection_cpp.dir/rosidl_typesupport_introspection_cpp/custom_msgs/msg/detail/imu_data__type_support.cpp.o[0m
[7.744s] [ 57%] [32mBuilding CXX object CMakeFiles/custom_msgs__rosidl_typesupport_cpp.dir/rosidl_typesupport_cpp/custom_msgs/msg/speed_data__type_support.cpp.o[0m
[7.875s] [ 58%] [32mBuilding CXX object CMakeFiles/custom_msgs__rosidl_typesupport_fastrtps_cpp.dir/rosidl_typesupport_fastrtps_cpp/custom_msgs/msg/detail/dds_fastrtps/possition_data__type_support.cpp.o[0m
[8.004s] [ 59%] [32mBuilding CXX object CMakeFiles/custom_msgs__rosidl_typesupport_introspection_cpp.dir/rosidl_typesupport_introspection_cpp/custom_msgs/msg/detail/estimator_data__type_support.cpp.o[0m
[8.023s] [ 60%] [32mBuilding CXX object CMakeFiles/custom_msgs__rosidl_typesupport_fastrtps_cpp.dir/rosidl_typesupport_fastrtps_cpp/custom_msgs/msg/detail/dds_fastrtps/speed_data__type_support.cpp.o[0m
[8.100s] [ 62%] [32mBuilding CXX object CMakeFiles/custom_msgs__rosidl_typesupport_fastrtps_c.dir/rosidl_typesupport_fastrtps_c/custom_msgs/msg/detail/imu_data__type_support_c.cpp.o[0m
[8.394s] [ 63%] [32mBuilding CXX object CMakeFiles/custom_msgs__rosidl_typesupport_cpp.dir/rosidl_typesupport_cpp/custom_msgs/msg/data_xyz__type_support.cpp.o[0m
[8.683s] [ 64%] [32mBuilding CXX object CMakeFiles/custom_msgs__rosidl_typesupport_cpp.dir/rosidl_typesupport_cpp/custom_msgs/msg/drone_status__type_support.cpp.o[0m
[8.927s] [ 65%] [32mBuilding CXX object CMakeFiles/custom_msgs__rosidl_typesupport_fastrtps_cpp.dir/rosidl_typesupport_fastrtps_cpp/custom_msgs/msg/detail/dds_fastrtps/data_xyz__type_support.cpp.o[0m
[8.938s] [ 66%] [32mBuilding CXX object CMakeFiles/custom_msgs__rosidl_typesupport_introspection_cpp.dir/rosidl_typesupport_introspection_cpp/custom_msgs/msg/detail/possition_data__type_support.cpp.o[0m
[9.015s] [ 67%] [32mBuilding CXX object CMakeFiles/custom_msgs__rosidl_typesupport_fastrtps_c.dir/rosidl_typesupport_fastrtps_c/custom_msgs/msg/detail/estimator_data__type_support_c.cpp.o[0m
[9.035s] [ 68%] [32mBuilding CXX object CMakeFiles/custom_msgs__rosidl_typesupport_fastrtps_c.dir/rosidl_typesupport_fastrtps_c/custom_msgs/msg/detail/possition_data__type_support_c.cpp.o[0m
[9.056s] [ 70%] [32mBuilding CXX object CMakeFiles/custom_msgs__rosidl_typesupport_fastrtps_cpp.dir/rosidl_typesupport_fastrtps_cpp/custom_msgs/msg/detail/dds_fastrtps/drone_status__type_support.cpp.o[0m
[9.498s] [ 71%] [32m[1mLinking CXX shared library libcustom_msgs__rosidl_typesupport_cpp.so[0m
[9.657s] [ 71%] Built target custom_msgs__rosidl_typesupport_cpp
[9.682s] [ 72%] [32mBuilding CXX object CMakeFiles/custom_msgs__rosidl_typesupport_fastrtps_c.dir/rosidl_typesupport_fastrtps_c/custom_msgs/msg/detail/speed_data__type_support_c.cpp.o[0m
[9.833s] [ 73%] [32mBuilding CXX object CMakeFiles/custom_msgs__rosidl_typesupport_fastrtps_c.dir/rosidl_typesupport_fastrtps_c/custom_msgs/msg/detail/data_xyz__type_support_c.cpp.o[0m
[9.863s] [ 74%] [32mBuilding CXX object CMakeFiles/custom_msgs__rosidl_typesupport_introspection_cpp.dir/rosidl_typesupport_introspection_cpp/custom_msgs/msg/detail/speed_data__type_support.cpp.o[0m
[9.894s] [ 75%] [32mBuilding CXX object CMakeFiles/custom_msgs__rosidl_typesupport_fastrtps_c.dir/rosidl_typesupport_fastrtps_c/custom_msgs/msg/detail/drone_status__type_support_c.cpp.o[0m
[9.959s] [ 77%] [32mBuilding CXX object CMakeFiles/custom_msgs__rosidl_typesupport_introspection_cpp.dir/rosidl_typesupport_introspection_cpp/custom_msgs/msg/detail/data_xyz__type_support.cpp.o[0m
[10.147s] [ 78%] [32m[1mLinking CXX shared library libcustom_msgs__rosidl_typesupport_fastrtps_cpp.so[0m
[10.388s] [ 78%] Built target custom_msgs__rosidl_typesupport_fastrtps_cpp
[10.416s] [ 79%] [32mBuilding CXX object CMakeFiles/custom_msgs__rosidl_typesupport_introspection_cpp.dir/rosidl_typesupport_introspection_cpp/custom_msgs/msg/detail/drone_status__type_support.cpp.o[0m
[10.686s] [ 80%] [32m[1mLinking CXX shared library libcustom_msgs__rosidl_typesupport_fastrtps_c.so[0m
[10.857s] [ 80%] Built target custom_msgs__rosidl_typesupport_fastrtps_c
[11.308s] [ 81%] [32m[1mLinking CXX shared library libcustom_msgs__rosidl_typesupport_introspection_cpp.so[0m
[11.437s] [ 81%] Built target custom_msgs__rosidl_typesupport_introspection_cpp
[11.480s] [ 81%] Built target custom_msgs
[11.523s] [ 82%] [34m[1mGenerating Python code for ROS interfaces[0m
[13.479s] [ 82%] Built target custom_msgs__py
[13.503s] [35m[1mConsolidate compiler generated dependencies of target custom_msgs__rosidl_generator_py[0m
[13.545s] [ 86%] [32mBuilding C object CMakeFiles/custom_msgs__rosidl_generator_py.dir/rosidl_generator_py/custom_msgs/msg/_estimator_data_s.c.o[0m
[13.545s] [ 86%] [32mBuilding C object CMakeFiles/custom_msgs__rosidl_generator_py.dir/rosidl_generator_py/custom_msgs/msg/_accel_data_s.c.o[0m
[13.547s] [ 86%] [32mBuilding C object CMakeFiles/custom_msgs__rosidl_generator_py.dir/rosidl_generator_py/custom_msgs/msg/_gyro_data_s.c.o[0m
[13.547s] [ 87%] [32mBuilding C object CMakeFiles/custom_msgs__rosidl_generator_py.dir/rosidl_generator_py/custom_msgs/msg/_speed_data_s.c.o[0m
[13.547s] [ 88%] [32mBuilding C object CMakeFiles/custom_msgs__rosidl_generator_py.dir/rosidl_generator_py/custom_msgs/msg/_possition_data_s.c.o[0m
[13.548s] [ 89%] [32mBuilding C object CMakeFiles/custom_msgs__rosidl_generator_py.dir/rosidl_generator_py/custom_msgs/msg/_imu_data_s.c.o[0m
[13.783s] [ 90%] [32mBuilding C object CMakeFiles/custom_msgs__rosidl_generator_py.dir/rosidl_generator_py/custom_msgs/msg/_data_xyz_s.c.o[0m
[13.799s] [ 91%] [32mBuilding C object CMakeFiles/custom_msgs__rosidl_generator_py.dir/rosidl_generator_py/custom_msgs/msg/_drone_status_s.c.o[0m
[14.021s] [ 93%] [32m[1mLinking C shared library rosidl_generator_py/custom_msgs/libcustom_msgs__rosidl_generator_py.so[0m
[14.101s] [ 93%] Built target custom_msgs__rosidl_generator_py
[14.123s] [35m[1mConsolidate compiler generated dependencies of target custom_msgs__rosidl_typesupport_c__pyext[0m
[14.127s] [35m[1mConsolidate compiler generated dependencies of target custom_msgs__rosidl_typesupport_introspection_c__pyext[0m
[14.127s] [35m[1mConsolidate compiler generated dependencies of target custom_msgs__rosidl_typesupport_fastrtps_c__pyext[0m
[14.155s] [ 95%] [32mBuilding C object CMakeFiles/custom_msgs__rosidl_typesupport_fastrtps_c__pyext.dir/rosidl_generator_py/custom_msgs/_custom_msgs_s.ep.rosidl_typesupport_fastrtps_c.c.o[0m
[14.155s] [ 95%] [32mBuilding C object CMakeFiles/custom_msgs__rosidl_typesupport_c__pyext.dir/rosidl_generator_py/custom_msgs/_custom_msgs_s.ep.rosidl_typesupport_c.c.o[0m
[14.156s] [ 96%] [32mBuilding C object CMakeFiles/custom_msgs__rosidl_typesupport_introspection_c__pyext.dir/rosidl_generator_py/custom_msgs/_custom_msgs_s.ep.rosidl_typesupport_introspection_c.c.o[0m
[14.437s] [ 97%] [32m[1mLinking C shared library rosidl_generator_py/custom_msgs/custom_msgs_s__rosidl_typesupport_c.cpython-310-aarch64-linux-gnu.so[0m
[14.451s] [ 98%] [32m[1mLinking C shared library rosidl_generator_py/custom_msgs/custom_msgs_s__rosidl_typesupport_fastrtps_c.cpython-310-aarch64-linux-gnu.so[0m
[14.510s] [100%] [32m[1mLinking C shared library rosidl_generator_py/custom_msgs/custom_msgs_s__rosidl_typesupport_introspection_c.cpython-310-aarch64-linux-gnu.so[0m
[14.521s] [100%] Built target custom_msgs__rosidl_typesupport_fastrtps_c__pyext
[14.522s] [100%] Built target custom_msgs__rosidl_typesupport_c__pyext
[14.579s] [100%] Built target custom_msgs__rosidl_typesupport_introspection_c__pyext
[14.609s] Invoked command in '/home/dron/ws_controll/build/custom_msgs' returned '0': CMAKE_PREFIX_PATH=${CMAKE_PREFIX_PATH}:/home/dron/ws_controll/install/log_data_pkg:/home/dron/ws_controll/install/flight_controller_pkg:/home/dron/ws_controll/install/flask_pkg:/opt/ros/humble /usr/bin/cmake --build /home/dron/ws_controll/build/custom_msgs -- -j6 -l6
[14.631s] Invoking command in '/home/dron/ws_controll/build/custom_msgs': CMAKE_PREFIX_PATH=${CMAKE_PREFIX_PATH}:/home/dron/ws_controll/install/log_data_pkg:/home/dron/ws_controll/install/flight_controller_pkg:/home/dron/ws_controll/install/flask_pkg:/opt/ros/humble /usr/bin/cmake --install /home/dron/ws_controll/build/custom_msgs
[14.648s] -- Install configuration: ""
[14.649s] -- Up-to-date: /home/dron/ws_controll/install/custom_msgs/share/ament_index/resource_index/rosidl_interfaces/custom_msgs
[14.649s] -- Up-to-date: /home/dron/ws_controll/install/custom_msgs/include/custom_msgs/custom_msgs
[14.649s] -- Up-to-date: /home/dron/ws_controll/install/custom_msgs/include/custom_msgs/custom_msgs/msg
[14.649s] -- Installing: /home/dron/ws_controll/install/custom_msgs/include/custom_msgs/custom_msgs/msg/drone_status.h
[14.649s] -- Up-to-date: /home/dron/ws_controll/install/custom_msgs/include/custom_msgs/custom_msgs/msg/rosidl_generator_c__visibility_control.h
[14.650s] -- Installing: /home/dron/ws_controll/install/custom_msgs/include/custom_msgs/custom_msgs/msg/gyro_data.h
[14.650s] -- Installing: /home/dron/ws_controll/install/custom_msgs/include/custom_msgs/custom_msgs/msg/imu_data.h
[14.650s] -- Installing: /home/dron/ws_controll/install/custom_msgs/include/custom_msgs/custom_msgs/msg/speed_data.h
[14.650s] -- Installing: /home/dron/ws_controll/install/custom_msgs/include/custom_msgs/custom_msgs/msg/data_xyz.h
[14.650s] -- Installing: /home/dron/ws_controll/install/custom_msgs/include/custom_msgs/custom_msgs/msg/estimator_data.h
[14.651s] -- Up-to-date: /home/dron/ws_controll/install/custom_msgs/include/custom_msgs/custom_msgs/msg/detail
[14.651s] -- Installing: /home/dron/ws_controll/install/custom_msgs/include/custom_msgs/custom_msgs/msg/detail/accel_data__struct.h
[14.651s] -- Installing: /home/dron/ws_controll/install/custom_msgs/include/custom_msgs/custom_msgs/msg/detail/estimator_data__functions.h
[14.651s] -- Installing: /home/dron/ws_controll/install/custom_msgs/include/custom_msgs/custom_msgs/msg/detail/imu_data__struct.h
[14.652s] -- Installing: /home/dron/ws_controll/install/custom_msgs/include/custom_msgs/custom_msgs/msg/detail/data_xyz__functions.h
[14.652s] -- Installing: /home/dron/ws_controll/install/custom_msgs/include/custom_msgs/custom_msgs/msg/detail/speed_data__type_support.h
[14.652s] -- Installing: /home/dron/ws_controll/install/custom_msgs/include/custom_msgs/custom_msgs/msg/detail/data_xyz__struct.h
[14.653s] -- Installing: /home/dron/ws_controll/install/custom_msgs/include/custom_msgs/custom_msgs/msg/detail/data_xyz__type_support.h
[14.653s] -- Installing: /home/dron/ws_controll/install/custom_msgs/include/custom_msgs/custom_msgs/msg/detail/drone_status__struct.h
[14.653s] -- Installing: /home/dron/ws_controll/install/custom_msgs/include/custom_msgs/custom_msgs/msg/detail/speed_data__functions.c
[14.653s] -- Installing: /home/dron/ws_controll/install/custom_msgs/include/custom_msgs/custom_msgs/msg/detail/imu_data__type_support.h
[14.654s] -- Installing: /home/dron/ws_controll/install/custom_msgs/include/custom_msgs/custom_msgs/msg/detail/estimator_data__type_support.h
[14.654s] -- Installing: /home/dron/ws_controll/install/custom_msgs/include/custom_msgs/custom_msgs/msg/detail/imu_data__functions.c
[14.655s] -- Installing: /home/dron/ws_controll/install/custom_msgs/include/custom_msgs/custom_msgs/msg/detail/gyro_data__struct.h
[14.655s] -- Installing: /home/dron/ws_controll/install/custom_msgs/include/custom_msgs/custom_msgs/msg/detail/gyro_data__functions.h
[14.656s] -- Installing: /home/dron/ws_controll/install/custom_msgs/include/custom_msgs/custom_msgs/msg/detail/gyro_data__functions.c
[14.656s] -- Installing: /home/dron/ws_controll/install/custom_msgs/include/custom_msgs/custom_msgs/msg/detail/gyro_data__type_support.h
[14.656s] -- Installing: /home/dron/ws_controll/install/custom_msgs/include/custom_msgs/custom_msgs/msg/detail/possition_data__functions.c
[14.657s] -- Installing: /home/dron/ws_controll/install/custom_msgs/include/custom_msgs/custom_msgs/msg/detail/accel_data__type_support.h
[14.657s] -- Installing: /home/dron/ws_controll/install/custom_msgs/include/custom_msgs/custom_msgs/msg/detail/accel_data__functions.c
[14.657s] -- Installing: /home/dron/ws_controll/install/custom_msgs/include/custom_msgs/custom_msgs/msg/detail/accel_data__functions.h
[14.657s] -- Installing: /home/dron/ws_controll/install/custom_msgs/include/custom_msgs/custom_msgs/msg/detail/imu_data__functions.h
[14.658s] -- Installing: /home/dron/ws_controll/install/custom_msgs/include/custom_msgs/custom_msgs/msg/detail/estimator_data__functions.c
[14.658s] -- Installing: /home/dron/ws_controll/install/custom_msgs/include/custom_msgs/custom_msgs/msg/detail/speed_data__functions.h
[14.658s] -- Installing: /home/dron/ws_controll/install/custom_msgs/include/custom_msgs/custom_msgs/msg/detail/possition_data__functions.h
[14.659s] -- Installing: /home/dron/ws_controll/install/custom_msgs/include/custom_msgs/custom_msgs/msg/detail/drone_status__functions.c
[14.659s] -- Installing: /home/dron/ws_controll/install/custom_msgs/include/custom_msgs/custom_msgs/msg/detail/drone_status__functions.h
[14.659s] -- Installing: /home/dron/ws_controll/install/custom_msgs/include/custom_msgs/custom_msgs/msg/detail/possition_data__struct.h
[14.660s] -- Installing: /home/dron/ws_controll/install/custom_msgs/include/custom_msgs/custom_msgs/msg/detail/data_xyz__functions.c
[14.660s] -- Installing: /home/dron/ws_controll/install/custom_msgs/include/custom_msgs/custom_msgs/msg/detail/possition_data__type_support.h
[14.660s] -- Installing: /home/dron/ws_controll/install/custom_msgs/include/custom_msgs/custom_msgs/msg/detail/drone_status__type_support.h
[14.660s] -- Installing: /home/dron/ws_controll/install/custom_msgs/include/custom_msgs/custom_msgs/msg/detail/speed_data__struct.h
[14.661s] -- Installing: /home/dron/ws_controll/install/custom_msgs/include/custom_msgs/custom_msgs/msg/detail/estimator_data__struct.h
[14.661s] -- Installing: /home/dron/ws_controll/install/custom_msgs/include/custom_msgs/custom_msgs/msg/accel_data.h
[14.661s] -- Installing: /home/dron/ws_controll/install/custom_msgs/include/custom_msgs/custom_msgs/msg/possition_data.h
[14.662s] -- Up-to-date: /home/dron/ws_controll/install/custom_msgs/share/custom_msgs/environment/library_path.sh
[14.662s] -- Installing: /home/dron/ws_controll/install/custom_msgs/share/custom_msgs/environment/library_path.dsv
[14.662s] -- Installing: /home/dron/ws_controll/install/custom_msgs/lib/libcustom_msgs__rosidl_generator_c.so
[14.663s] -- Set runtime path of "/home/dron/ws_controll/install/custom_msgs/lib/libcustom_msgs__rosidl_generator_c.so" to ""
[14.664s] -- Up-to-date: /home/dron/ws_controll/install/custom_msgs/include/custom_msgs/custom_msgs
[14.664s] -- Up-to-date: /home/dron/ws_controll/install/custom_msgs/include/custom_msgs/custom_msgs/msg
[14.664s] -- Up-to-date: /home/dron/ws_controll/install/custom_msgs/include/custom_msgs/custom_msgs/msg/rosidl_typesupport_fastrtps_c__visibility_control.h
[14.664s] -- Up-to-date: /home/dron/ws_controll/install/custom_msgs/include/custom_msgs/custom_msgs/msg/detail
[14.664s] -- Installing: /home/dron/ws_controll/install/custom_msgs/include/custom_msgs/custom_msgs/msg/detail/accel_data__rosidl_typesupport_fastrtps_c.h
[14.664s] -- Installing: /home/dron/ws_controll/install/custom_msgs/include/custom_msgs/custom_msgs/msg/detail/data_xyz__rosidl_typesupport_fastrtps_c.h
[14.665s] -- Installing: /home/dron/ws_controll/install/custom_msgs/include/custom_msgs/custom_msgs/msg/detail/possition_data__rosidl_typesupport_fastrtps_c.h
[14.665s] -- Installing: /home/dron/ws_controll/install/custom_msgs/include/custom_msgs/custom_msgs/msg/detail/estimator_data__rosidl_typesupport_fastrtps_c.h
[14.665s] -- Installing: /home/dron/ws_controll/install/custom_msgs/include/custom_msgs/custom_msgs/msg/detail/speed_data__rosidl_typesupport_fastrtps_c.h
[14.665s] -- Installing: /home/dron/ws_controll/install/custom_msgs/include/custom_msgs/custom_msgs/msg/detail/imu_data__rosidl_typesupport_fastrtps_c.h
[14.666s] -- Installing: /home/dron/ws_controll/install/custom_msgs/include/custom_msgs/custom_msgs/msg/detail/drone_status__rosidl_typesupport_fastrtps_c.h
[14.666s] -- Installing: /home/dron/ws_controll/install/custom_msgs/include/custom_msgs/custom_msgs/msg/detail/gyro_data__rosidl_typesupport_fastrtps_c.h
[14.666s] -- Installing: /home/dron/ws_controll/install/custom_msgs/lib/libcustom_msgs__rosidl_typesupport_fastrtps_c.so
[14.667s] -- Set runtime path of "/home/dron/ws_controll/install/custom_msgs/lib/libcustom_msgs__rosidl_typesupport_fastrtps_c.so" to ""
[14.667s] -- Up-to-date: /home/dron/ws_controll/install/custom_msgs/include/custom_msgs/custom_msgs
[14.668s] -- Up-to-date: /home/dron/ws_controll/install/custom_msgs/include/custom_msgs/custom_msgs/msg
[14.668s] -- Up-to-date: /home/dron/ws_controll/install/custom_msgs/include/custom_msgs/custom_msgs/msg/rosidl_typesupport_introspection_c__visibility_control.h
[14.668s] -- Up-to-date: /home/dron/ws_controll/install/custom_msgs/include/custom_msgs/custom_msgs/msg/detail
[14.668s] -- Installing: /home/dron/ws_controll/install/custom_msgs/include/custom_msgs/custom_msgs/msg/detail/data_xyz__type_support.c
[14.668s] -- Installing: /home/dron/ws_controll/install/custom_msgs/include/custom_msgs/custom_msgs/msg/detail/imu_data__type_support.c
[14.669s] -- Installing: /home/dron/ws_controll/install/custom_msgs/include/custom_msgs/custom_msgs/msg/detail/accel_data__type_support.c
[14.669s] -- Installing: /home/dron/ws_controll/install/custom_msgs/include/custom_msgs/custom_msgs/msg/detail/data_xyz__rosidl_typesupport_introspection_c.h
[14.669s] -- Installing: /home/dron/ws_controll/install/custom_msgs/include/custom_msgs/custom_msgs/msg/detail/speed_data__rosidl_typesupport_introspection_c.h
[14.669s] -- Installing: /home/dron/ws_controll/install/custom_msgs/include/custom_msgs/custom_msgs/msg/detail/estimator_data__type_support.c
[14.670s] -- Installing: /home/dron/ws_controll/install/custom_msgs/include/custom_msgs/custom_msgs/msg/detail/drone_status__rosidl_typesupport_introspection_c.h
[14.670s] -- Installing: /home/dron/ws_controll/install/custom_msgs/include/custom_msgs/custom_msgs/msg/detail/gyro_data__type_support.c
[14.670s] -- Installing: /home/dron/ws_controll/install/custom_msgs/include/custom_msgs/custom_msgs/msg/detail/drone_status__type_support.c
[14.670s] -- Installing: /home/dron/ws_controll/install/custom_msgs/include/custom_msgs/custom_msgs/msg/detail/possition_data__rosidl_typesupport_introspection_c.h
[14.671s] -- Installing: /home/dron/ws_controll/install/custom_msgs/include/custom_msgs/custom_msgs/msg/detail/possition_data__type_support.c
[14.671s] -- Installing: /home/dron/ws_controll/install/custom_msgs/include/custom_msgs/custom_msgs/msg/detail/imu_data__rosidl_typesupport_introspection_c.h
[14.671s] -- Installing: /home/dron/ws_controll/install/custom_msgs/include/custom_msgs/custom_msgs/msg/detail/speed_data__type_support.c
[14.672s] -- Installing: /home/dron/ws_controll/install/custom_msgs/include/custom_msgs/custom_msgs/msg/detail/accel_data__rosidl_typesupport_introspection_c.h
[14.672s] -- Installing: /home/dron/ws_controll/install/custom_msgs/include/custom_msgs/custom_msgs/msg/detail/estimator_data__rosidl_typesupport_introspection_c.h
[14.672s] -- Installing: /home/dron/ws_controll/install/custom_msgs/include/custom_msgs/custom_msgs/msg/detail/gyro_data__rosidl_typesupport_introspection_c.h
[14.673s] -- Installing: /home/dron/ws_controll/install/custom_msgs/lib/libcustom_msgs__rosidl_typesupport_introspection_c.so
[14.673s] -- Set runtime path of "/home/dron/ws_controll/install/custom_msgs/lib/libcustom_msgs__rosidl_typesupport_introspection_c.so" to ""
[14.674s] -- Installing: /home/dron/ws_controll/install/custom_msgs/lib/libcustom_msgs__rosidl_typesupport_c.so
[14.674s] -- Set runtime path of "/home/dron/ws_controll/install/custom_msgs/lib/libcustom_msgs__rosidl_typesupport_c.so" to ""
[14.675s] -- Up-to-date: /home/dron/ws_controll/install/custom_msgs/include/custom_msgs/custom_msgs
[14.675s] -- Up-to-date: /home/dron/ws_controll/install/custom_msgs/include/custom_msgs/custom_msgs/msg
[14.675s] -- Installing: /home/dron/ws_controll/install/custom_msgs/include/custom_msgs/custom_msgs/msg/drone_status.hpp
[14.675s] -- Installing: /home/dron/ws_controll/install/custom_msgs/include/custom_msgs/custom_msgs/msg/gyro_data.hpp
[14.675s] -- Up-to-date: /home/dron/ws_controll/install/custom_msgs/include/custom_msgs/custom_msgs/msg/rosidl_generator_cpp__visibility_control.hpp
[14.676s] -- Installing: /home/dron/ws_controll/install/custom_msgs/include/custom_msgs/custom_msgs/msg/imu_data.hpp
[14.676s] -- Installing: /home/dron/ws_controll/install/custom_msgs/include/custom_msgs/custom_msgs/msg/data_xyz.hpp
[14.676s] -- Installing: /home/dron/ws_controll/install/custom_msgs/include/custom_msgs/custom_msgs/msg/estimator_data.hpp
[14.677s] -- Installing: /home/dron/ws_controll/install/custom_msgs/include/custom_msgs/custom_msgs/msg/possition_data.hpp
[14.677s] -- Installing: /home/dron/ws_controll/install/custom_msgs/include/custom_msgs/custom_msgs/msg/speed_data.hpp
[14.678s] -- Installing: /home/dron/ws_controll/install/custom_msgs/include/custom_msgs/custom_msgs/msg/accel_data.hpp
[14.678s] -- Up-to-date: /home/dron/ws_controll/install/custom_msgs/include/custom_msgs/custom_msgs/msg/detail
[14.678s] -- Installing: /home/dron/ws_controll/install/custom_msgs/include/custom_msgs/custom_msgs/msg/detail/possition_data__traits.hpp
[14.678s] -- Installing: /home/dron/ws_controll/install/custom_msgs/include/custom_msgs/custom_msgs/msg/detail/possition_data__type_support.hpp
[14.679s] -- Installing: /home/dron/ws_controll/install/custom_msgs/include/custom_msgs/custom_msgs/msg/detail/accel_data__struct.hpp
[14.679s] -- Installing: /home/dron/ws_controll/install/custom_msgs/include/custom_msgs/custom_msgs/msg/detail/drone_status__traits.hpp
[14.679s] -- Installing: /home/dron/ws_controll/install/custom_msgs/include/custom_msgs/custom_msgs/msg/detail/possition_data__struct.hpp
[14.680s] -- Installing: /home/dron/ws_controll/install/custom_msgs/include/custom_msgs/custom_msgs/msg/detail/gyro_data__traits.hpp
[14.680s] -- Installing: /home/dron/ws_controll/install/custom_msgs/include/custom_msgs/custom_msgs/msg/detail/gyro_data__builder.hpp
[14.680s] -- Installing: /home/dron/ws_controll/install/custom_msgs/include/custom_msgs/custom_msgs/msg/detail/speed_data__builder.hpp
[14.680s] -- Installing: /home/dron/ws_controll/install/custom_msgs/include/custom_msgs/custom_msgs/msg/detail/gyro_data__type_support.hpp
[14.681s] -- Installing: /home/dron/ws_controll/install/custom_msgs/include/custom_msgs/custom_msgs/msg/detail/possition_data__builder.hpp
[14.681s] -- Installing: /home/dron/ws_controll/install/custom_msgs/include/custom_msgs/custom_msgs/msg/detail/drone_status__builder.hpp
[14.681s] -- Installing: /home/dron/ws_controll/install/custom_msgs/include/custom_msgs/custom_msgs/msg/detail/speed_data__traits.hpp
[14.691s] -- Installing: /home/dron/ws_controll/install/custom_msgs/include/custom_msgs/custom_msgs/msg/detail/drone_status__struct.hpp
[14.692s] -- Installing: /home/dron/ws_controll/install/custom_msgs/include/custom_msgs/custom_msgs/msg/detail/data_xyz__builder.hpp
[14.692s] -- Installing: /home/dron/ws_controll/install/custom_msgs/include/custom_msgs/custom_msgs/msg/detail/imu_data__type_support.hpp
[14.693s] -- Installing: /home/dron/ws_controll/install/custom_msgs/include/custom_msgs/custom_msgs/msg/detail/imu_data__traits.hpp
[14.693s] -- Installing: /home/dron/ws_controll/install/custom_msgs/include/custom_msgs/custom_msgs/msg/detail/estimator_data__type_support.hpp
[14.693s] -- Installing: /home/dron/ws_controll/install/custom_msgs/include/custom_msgs/custom_msgs/msg/detail/speed_data__type_support.hpp
[14.694s] -- Installing: /home/dron/ws_controll/install/custom_msgs/include/custom_msgs/custom_msgs/msg/detail/imu_data__builder.hpp
[14.694s] -- Installing: /home/dron/ws_controll/install/custom_msgs/include/custom_msgs/custom_msgs/msg/detail/data_xyz__struct.hpp
[14.694s] -- Installing: /home/dron/ws_controll/install/custom_msgs/include/custom_msgs/custom_msgs/msg/detail/accel_data__type_support.hpp
[14.694s] -- Installing: /home/dron/ws_controll/install/custom_msgs/include/custom_msgs/custom_msgs/msg/detail/drone_status__type_support.hpp
[14.694s] -- Installing: /home/dron/ws_controll/install/custom_msgs/include/custom_msgs/custom_msgs/msg/detail/estimator_data__traits.hpp
[14.695s] -- Installing: /home/dron/ws_controll/install/custom_msgs/include/custom_msgs/custom_msgs/msg/detail/accel_data__builder.hpp
[14.695s] -- Installing: /home/dron/ws_controll/install/custom_msgs/include/custom_msgs/custom_msgs/msg/detail/accel_data__traits.hpp
[14.695s] -- Installing: /home/dron/ws_controll/install/custom_msgs/include/custom_msgs/custom_msgs/msg/detail/imu_data__struct.hpp
[14.695s] -- Installing: /home/dron/ws_controll/install/custom_msgs/include/custom_msgs/custom_msgs/msg/detail/estimator_data__builder.hpp
[14.696s] -- Installing: /home/dron/ws_controll/install/custom_msgs/include/custom_msgs/custom_msgs/msg/detail/speed_data__struct.hpp
[14.696s] -- Installing: /home/dron/ws_controll/install/custom_msgs/include/custom_msgs/custom_msgs/msg/detail/estimator_data__struct.hpp
[14.696s] -- Installing: /home/dron/ws_controll/install/custom_msgs/include/custom_msgs/custom_msgs/msg/detail/gyro_data__struct.hpp
[14.697s] -- Installing: /home/dron/ws_controll/install/custom_msgs/include/custom_msgs/custom_msgs/msg/detail/data_xyz__type_support.hpp
[14.697s] -- Installing: /home/dron/ws_controll/install/custom_msgs/include/custom_msgs/custom_msgs/msg/detail/data_xyz__traits.hpp
[14.698s] -- Up-to-date: /home/dron/ws_controll/install/custom_msgs/include/custom_msgs/custom_msgs
[14.698s] -- Up-to-date: /home/dron/ws_controll/install/custom_msgs/include/custom_msgs/custom_msgs/msg
[14.699s] -- Up-to-date: /home/dron/ws_controll/install/custom_msgs/include/custom_msgs/custom_msgs/msg/rosidl_typesupport_fastrtps_cpp__visibility_control.h
[14.700s] -- Up-to-date: /home/dron/ws_controll/install/custom_msgs/include/custom_msgs/custom_msgs/msg/detail
[14.700s] -- Installing: /home/dron/ws_controll/install/custom_msgs/include/custom_msgs/custom_msgs/msg/detail/gyro_data__rosidl_typesupport_fastrtps_cpp.hpp
[14.700s] -- Installing: /home/dron/ws_controll/install/custom_msgs/include/custom_msgs/custom_msgs/msg/detail/data_xyz__rosidl_typesupport_fastrtps_cpp.hpp
[14.700s] -- Up-to-date: /home/dron/ws_controll/install/custom_msgs/include/custom_msgs/custom_msgs/msg/detail/dds_fastrtps
[14.700s] -- Installing: /home/dron/ws_controll/install/custom_msgs/include/custom_msgs/custom_msgs/msg/detail/speed_data__rosidl_typesupport_fastrtps_cpp.hpp
[14.701s] -- Installing: /home/dron/ws_controll/install/custom_msgs/include/custom_msgs/custom_msgs/msg/detail/imu_data__rosidl_typesupport_fastrtps_cpp.hpp
[14.701s] -- Installing: /home/dron/ws_controll/install/custom_msgs/include/custom_msgs/custom_msgs/msg/detail/drone_status__rosidl_typesupport_fastrtps_cpp.hpp
[14.701s] -- Installing: /home/dron/ws_controll/install/custom_msgs/include/custom_msgs/custom_msgs/msg/detail/accel_data__rosidl_typesupport_fastrtps_cpp.hpp
[14.701s] -- Installing: /home/dron/ws_controll/install/custom_msgs/include/custom_msgs/custom_msgs/msg/detail/estimator_data__rosidl_typesupport_fastrtps_cpp.hpp
[14.701s] -- Installing: /home/dron/ws_controll/install/custom_msgs/include/custom_msgs/custom_msgs/msg/detail/possition_data__rosidl_typesupport_fastrtps_cpp.hpp
[14.702s] -- Installing: /home/dron/ws_controll/install/custom_msgs/lib/libcustom_msgs__rosidl_typesupport_fastrtps_cpp.so
[14.702s] -- Set runtime path of "/home/dron/ws_controll/install/custom_msgs/lib/libcustom_msgs__rosidl_typesupport_fastrtps_cpp.so" to ""
[14.702s] -- Up-to-date: /home/dron/ws_controll/install/custom_msgs/include/custom_msgs/custom_msgs
[14.702s] -- Up-to-date: /home/dron/ws_controll/install/custom_msgs/include/custom_msgs/custom_msgs/msg
[14.703s] -- Up-to-date: /home/dron/ws_controll/install/custom_msgs/include/custom_msgs/custom_msgs/msg/detail
[14.703s] -- Installing: /home/dron/ws_controll/install/custom_msgs/include/custom_msgs/custom_msgs/msg/detail/estimator_data__type_support.cpp
[14.703s] -- Installing: /home/dron/ws_controll/install/custom_msgs/include/custom_msgs/custom_msgs/msg/detail/speed_data__type_support.cpp
[14.703s] -- Installing: /home/dron/ws_controll/install/custom_msgs/include/custom_msgs/custom_msgs/msg/detail/data_xyz__rosidl_typesupport_introspection_cpp.hpp
[14.703s] -- Installing: /home/dron/ws_controll/install/custom_msgs/include/custom_msgs/custom_msgs/msg/detail/accel_data__type_support.cpp
[14.704s] -- Installing: /home/dron/ws_controll/install/custom_msgs/include/custom_msgs/custom_msgs/msg/detail/accel_data__rosidl_typesupport_introspection_cpp.hpp
[14.704s] -- Installing: /home/dron/ws_controll/install/custom_msgs/include/custom_msgs/custom_msgs/msg/detail/gyro_data__type_support.cpp
[14.704s] -- Installing: /home/dron/ws_controll/install/custom_msgs/include/custom_msgs/custom_msgs/msg/detail/data_xyz__type_support.cpp
[14.704s] -- Installing: /home/dron/ws_controll/install/custom_msgs/include/custom_msgs/custom_msgs/msg/detail/drone_status__rosidl_typesupport_introspection_cpp.hpp
[14.704s] -- Installing: /home/dron/ws_controll/install/custom_msgs/include/custom_msgs/custom_msgs/msg/detail/speed_data__rosidl_typesupport_introspection_cpp.hpp
[14.704s] -- Installing: /home/dron/ws_controll/install/custom_msgs/include/custom_msgs/custom_msgs/msg/detail/possition_data__rosidl_typesupport_introspection_cpp.hpp
[14.705s] -- Installing: /home/dron/ws_controll/install/custom_msgs/include/custom_msgs/custom_msgs/msg/detail/drone_status__type_support.cpp
[14.705s] -- Installing: /home/dron/ws_controll/install/custom_msgs/include/custom_msgs/custom_msgs/msg/detail/estimator_data__rosidl_typesupport_introspection_cpp.hpp
[14.705s] -- Installing: /home/dron/ws_controll/install/custom_msgs/include/custom_msgs/custom_msgs/msg/detail/imu_data__type_support.cpp
[14.705s] -- Installing: /home/dron/ws_controll/install/custom_msgs/include/custom_msgs/custom_msgs/msg/detail/imu_data__rosidl_typesupport_introspection_cpp.hpp
[14.705s] -- Installing: /home/dron/ws_controll/install/custom_msgs/include/custom_msgs/custom_msgs/msg/detail/gyro_data__rosidl_typesupport_introspection_cpp.hpp
[14.706s] -- Installing: /home/dron/ws_controll/install/custom_msgs/include/custom_msgs/custom_msgs/msg/detail/possition_data__type_support.cpp
[14.706s] -- Installing: /home/dron/ws_controll/install/custom_msgs/lib/libcustom_msgs__rosidl_typesupport_introspection_cpp.so
[14.706s] -- Set runtime path of "/home/dron/ws_controll/install/custom_msgs/lib/libcustom_msgs__rosidl_typesupport_introspection_cpp.so" to ""
[14.706s] -- Installing: /home/dron/ws_controll/install/custom_msgs/lib/libcustom_msgs__rosidl_typesupport_cpp.so
[14.706s] -- Set runtime path of "/home/dron/ws_controll/install/custom_msgs/lib/libcustom_msgs__rosidl_typesupport_cpp.so" to ""
[14.707s] -- Up-to-date: /home/dron/ws_controll/install/custom_msgs/share/custom_msgs/environment/pythonpath.sh
[14.707s] -- Installing: /home/dron/ws_controll/install/custom_msgs/share/custom_msgs/environment/pythonpath.dsv
[14.707s] -- Up-to-date: /home/dron/ws_controll/install/custom_msgs/local/lib/python3.10/dist-packages/custom_msgs-0.0.0-py3.10.egg-info
[14.707s] -- Installing: /home/dron/ws_controll/install/custom_msgs/local/lib/python3.10/dist-packages/custom_msgs-0.0.0-py3.10.egg-info/SOURCES.txt
[14.707s] -- Installing: /home/dron/ws_controll/install/custom_msgs/local/lib/python3.10/dist-packages/custom_msgs-0.0.0-py3.10.egg-info/dependency_links.txt
[14.708s] -- Installing: /home/dron/ws_controll/install/custom_msgs/local/lib/python3.10/dist-packages/custom_msgs-0.0.0-py3.10.egg-info/top_level.txt
[14.708s] -- Installing: /home/dron/ws_controll/install/custom_msgs/local/lib/python3.10/dist-packages/custom_msgs-0.0.0-py3.10.egg-info/PKG-INFO
[14.708s] -- Up-to-date: /home/dron/ws_controll/install/custom_msgs/local/lib/python3.10/dist-packages/custom_msgs
[14.708s] -- Installing: /home/dron/ws_controll/install/custom_msgs/local/lib/python3.10/dist-packages/custom_msgs/custom_msgs_s__rosidl_typesupport_fastrtps_c.cpython-310-aarch64-linux-gnu.so
[14.708s] -- Installing: /home/dron/ws_controll/install/custom_msgs/local/lib/python3.10/dist-packages/custom_msgs/custom_msgs_s__rosidl_typesupport_introspection_c.cpython-310-aarch64-linux-gnu.so
[14.708s] -- Installing: /home/dron/ws_controll/install/custom_msgs/local/lib/python3.10/dist-packages/custom_msgs/_custom_msgs_s.ep.rosidl_typesupport_introspection_c.c
[14.709s] -- Up-to-date: /home/dron/ws_controll/install/custom_msgs/local/lib/python3.10/dist-packages/custom_msgs/msg
[14.709s] -- Installing: /home/dron/ws_controll/install/custom_msgs/local/lib/python3.10/dist-packages/custom_msgs/msg/_data_xyz.py
[14.709s] -- Installing: /home/dron/ws_controll/install/custom_msgs/local/lib/python3.10/dist-packages/custom_msgs/msg/_drone_status_s.c
[14.709s] -- Installing: /home/dron/ws_controll/install/custom_msgs/local/lib/python3.10/dist-packages/custom_msgs/msg/_drone_status.py
[14.709s] -- Installing: /home/dron/ws_controll/install/custom_msgs/local/lib/python3.10/dist-packages/custom_msgs/msg/_gyro_data_s.c
[14.709s] -- Installing: /home/dron/ws_controll/install/custom_msgs/local/lib/python3.10/dist-packages/custom_msgs/msg/_possition_data_s.c
[14.710s] -- Installing: /home/dron/ws_controll/install/custom_msgs/local/lib/python3.10/dist-packages/custom_msgs/msg/_estimator_data.py
[14.710s] -- Installing: /home/dron/ws_controll/install/custom_msgs/local/lib/python3.10/dist-packages/custom_msgs/msg/_gyro_data.py
[14.710s] -- Installing: /home/dron/ws_controll/install/custom_msgs/local/lib/python3.10/dist-packages/custom_msgs/msg/_data_xyz_s.c
[14.710s] -- Installing: /home/dron/ws_controll/install/custom_msgs/local/lib/python3.10/dist-packages/custom_msgs/msg/_speed_data.py
[14.710s] -- Installing: /home/dron/ws_controll/install/custom_msgs/local/lib/python3.10/dist-packages/custom_msgs/msg/_estimator_data_s.c
[14.710s] -- Installing: /home/dron/ws_controll/install/custom_msgs/local/lib/python3.10/dist-packages/custom_msgs/msg/_accel_data.py
[14.711s] -- Installing: /home/dron/ws_controll/install/custom_msgs/local/lib/python3.10/dist-packages/custom_msgs/msg/_accel_data_s.c
[14.711s] -- Installing: /home/dron/ws_controll/install/custom_msgs/local/lib/python3.10/dist-packages/custom_msgs/msg/_speed_data_s.c
[14.711s] -- Installing: /home/dron/ws_controll/install/custom_msgs/local/lib/python3.10/dist-packages/custom_msgs/msg/_imu_data_s.c
[14.711s] -- Installing: /home/dron/ws_controll/install/custom_msgs/local/lib/python3.10/dist-packages/custom_msgs/msg/_imu_data.py
[14.711s] -- Installing: /home/dron/ws_controll/install/custom_msgs/local/lib/python3.10/dist-packages/custom_msgs/msg/_possition_data.py
[14.711s] -- Installing: /home/dron/ws_controll/install/custom_msgs/local/lib/python3.10/dist-packages/custom_msgs/msg/__init__.py
[14.712s] -- Installing: /home/dron/ws_controll/install/custom_msgs/local/lib/python3.10/dist-packages/custom_msgs/_custom_msgs_s.ep.rosidl_typesupport_fastrtps_c.c
[14.712s] -- Installing: /home/dron/ws_controll/install/custom_msgs/local/lib/python3.10/dist-packages/custom_msgs/libcustom_msgs__rosidl_generator_py.so
[14.712s] -- Installing: /home/dron/ws_controll/install/custom_msgs/local/lib/python3.10/dist-packages/custom_msgs/custom_msgs_s__rosidl_typesupport_c.cpython-310-aarch64-linux-gnu.so
[14.712s] -- Installing: /home/dron/ws_controll/install/custom_msgs/local/lib/python3.10/dist-packages/custom_msgs/_custom_msgs_s.ep.rosidl_typesupport_c.c
[14.712s] -- Installing: /home/dron/ws_controll/install/custom_msgs/local/lib/python3.10/dist-packages/custom_msgs/__init__.py
[14.805s] Listing '/home/dron/ws_controll/install/custom_msgs/local/lib/python3.10/dist-packages/custom_msgs'...
[14.805s] Compiling '/home/dron/ws_controll/install/custom_msgs/local/lib/python3.10/dist-packages/custom_msgs/__init__.py'...
[14.805s] Listing '/home/dron/ws_controll/install/custom_msgs/local/lib/python3.10/dist-packages/custom_msgs/msg'...
[14.806s] Compiling '/home/dron/ws_controll/install/custom_msgs/local/lib/python3.10/dist-packages/custom_msgs/msg/__init__.py'...
[14.806s] Compiling '/home/dron/ws_controll/install/custom_msgs/local/lib/python3.10/dist-packages/custom_msgs/msg/_accel_data.py'...
[14.806s] Compiling '/home/dron/ws_controll/install/custom_msgs/local/lib/python3.10/dist-packages/custom_msgs/msg/_data_xyz.py'...
[14.806s] Compiling '/home/dron/ws_controll/install/custom_msgs/local/lib/python3.10/dist-packages/custom_msgs/msg/_drone_status.py'...
[14.806s] Compiling '/home/dron/ws_controll/install/custom_msgs/local/lib/python3.10/dist-packages/custom_msgs/msg/_estimator_data.py'...
[14.806s] Compiling '/home/dron/ws_controll/install/custom_msgs/local/lib/python3.10/dist-packages/custom_msgs/msg/_gyro_data.py'...
[14.806s] Compiling '/home/dron/ws_controll/install/custom_msgs/local/lib/python3.10/dist-packages/custom_msgs/msg/_imu_data.py'...
[14.807s] Compiling '/home/dron/ws_controll/install/custom_msgs/local/lib/python3.10/dist-packages/custom_msgs/msg/_possition_data.py'...
[14.807s] Compiling '/home/dron/ws_controll/install/custom_msgs/local/lib/python3.10/dist-packages/custom_msgs/msg/_speed_data.py'...
[14.819s] -- Installing: /home/dron/ws_controll/install/custom_msgs/local/lib/python3.10/dist-packages/custom_msgs/custom_msgs_s__rosidl_typesupport_fastrtps_c.cpython-310-aarch64-linux-gnu.so
[14.819s] -- Set runtime path of "/home/dron/ws_controll/install/custom_msgs/local/lib/python3.10/dist-packages/custom_msgs/custom_msgs_s__rosidl_typesupport_fastrtps_c.cpython-310-aarch64-linux-gnu.so" to ""
[14.820s] -- Installing: /home/dron/ws_controll/install/custom_msgs/local/lib/python3.10/dist-packages/custom_msgs/custom_msgs_s__rosidl_typesupport_introspection_c.cpython-310-aarch64-linux-gnu.so
[14.820s] -- Set runtime path of "/home/dron/ws_controll/install/custom_msgs/local/lib/python3.10/dist-packages/custom_msgs/custom_msgs_s__rosidl_typesupport_introspection_c.cpython-310-aarch64-linux-gnu.so" to ""
[14.821s] -- Installing: /home/dron/ws_controll/install/custom_msgs/local/lib/python3.10/dist-packages/custom_msgs/custom_msgs_s__rosidl_typesupport_c.cpython-310-aarch64-linux-gnu.so
[14.821s] -- Set runtime path of "/home/dron/ws_controll/install/custom_msgs/local/lib/python3.10/dist-packages/custom_msgs/custom_msgs_s__rosidl_typesupport_c.cpython-310-aarch64-linux-gnu.so" to ""
[14.822s] -- Installing: /home/dron/ws_controll/install/custom_msgs/lib/libcustom_msgs__rosidl_generator_py.so
[14.823s] -- Set runtime path of "/home/dron/ws_controll/install/custom_msgs/lib/libcustom_msgs__rosidl_generator_py.so" to ""
[14.823s] -- Up-to-date: /home/dron/ws_controll/install/custom_msgs/share/custom_msgs/msg/AccelData.idl
[14.823s] -- Up-to-date: /home/dron/ws_controll/install/custom_msgs/share/custom_msgs/msg/GyroData.idl
[14.823s] -- Up-to-date: /home/dron/ws_controll/install/custom_msgs/share/custom_msgs/msg/ImuData.idl
[14.823s] -- Up-to-date: /home/dron/ws_controll/install/custom_msgs/share/custom_msgs/msg/EstimatorData.idl
[14.824s] -- Up-to-date: /home/dron/ws_controll/install/custom_msgs/share/custom_msgs/msg/PossitionData.idl
[14.824s] -- Up-to-date: /home/dron/ws_controll/install/custom_msgs/share/custom_msgs/msg/SpeedData.idl
[14.824s] -- Up-to-date: /home/dron/ws_controll/install/custom_msgs/share/custom_msgs/msg/DataXYZ.idl
[14.824s] -- Installing: /home/dron/ws_controll/install/custom_msgs/share/custom_msgs/msg/DroneStatus.idl
[14.824s] -- Up-to-date: /home/dron/ws_controll/install/custom_msgs/share/custom_msgs/msg/AccelData.msg
[14.825s] -- Up-to-date: /home/dron/ws_controll/install/custom_msgs/share/custom_msgs/msg/GyroData.msg
[14.825s] -- Up-to-date: /home/dron/ws_controll/install/custom_msgs/share/custom_msgs/msg/ImuData.msg
[14.825s] -- Up-to-date: /home/dron/ws_controll/install/custom_msgs/share/custom_msgs/msg/EstimatorData.msg
[14.825s] -- Up-to-date: /home/dron/ws_controll/install/custom_msgs/share/custom_msgs/msg/PossitionData.msg
[14.825s] -- Up-to-date: /home/dron/ws_controll/install/custom_msgs/share/custom_msgs/msg/SpeedData.msg
[14.825s] -- Up-to-date: /home/dron/ws_controll/install/custom_msgs/share/custom_msgs/msg/DataXYZ.msg
[14.826s] -- Installing: /home/dron/ws_controll/install/custom_msgs/share/custom_msgs/msg/DroneStatus.msg
[14.826s] -- Up-to-date: /home/dron/ws_controll/install/custom_msgs/share/ament_index/resource_index/package_run_dependencies/custom_msgs
[14.826s] -- Up-to-date: /home/dron/ws_controll/install/custom_msgs/share/ament_index/resource_index/parent_prefix_path/custom_msgs
[14.826s] -- Up-to-date: /home/dron/ws_controll/install/custom_msgs/share/custom_msgs/environment/ament_prefix_path.sh
[14.826s] -- Installing: /home/dron/ws_controll/install/custom_msgs/share/custom_msgs/environment/ament_prefix_path.dsv
[14.826s] -- Up-to-date: /home/dron/ws_controll/install/custom_msgs/share/custom_msgs/environment/path.sh
[14.827s] -- Installing: /home/dron/ws_controll/install/custom_msgs/share/custom_msgs/environment/path.dsv
[14.827s] -- Up-to-date: /home/dron/ws_controll/install/custom_msgs/share/custom_msgs/local_setup.bash
[14.827s] -- Up-to-date: /home/dron/ws_controll/install/custom_msgs/share/custom_msgs/local_setup.sh
[14.827s] -- Up-to-date: /home/dron/ws_controll/install/custom_msgs/share/custom_msgs/local_setup.zsh
[14.827s] -- Installing: /home/dron/ws_controll/install/custom_msgs/share/custom_msgs/local_setup.dsv
[14.828s] -- Installing: /home/dron/ws_controll/install/custom_msgs/share/custom_msgs/package.dsv
[14.828s] -- Up-to-date: /home/dron/ws_controll/install/custom_msgs/share/ament_index/resource_index/packages/custom_msgs
[14.828s] -- Up-to-date: /home/dron/ws_controll/install/custom_msgs/share/custom_msgs/cmake/export_custom_msgs__rosidl_generator_cExport.cmake
[14.828s] -- Up-to-date: /home/dron/ws_controll/install/custom_msgs/share/custom_msgs/cmake/export_custom_msgs__rosidl_generator_cExport-noconfig.cmake
[14.828s] -- Up-to-date: /home/dron/ws_controll/install/custom_msgs/share/custom_msgs/cmake/export_custom_msgs__rosidl_typesupport_fastrtps_cExport.cmake
[14.828s] -- Up-to-date: /home/dron/ws_controll/install/custom_msgs/share/custom_msgs/cmake/export_custom_msgs__rosidl_typesupport_fastrtps_cExport-noconfig.cmake
[14.829s] -- Up-to-date: /home/dron/ws_controll/install/custom_msgs/share/custom_msgs/cmake/custom_msgs__rosidl_typesupport_introspection_cExport.cmake
[14.829s] -- Up-to-date: /home/dron/ws_controll/install/custom_msgs/share/custom_msgs/cmake/custom_msgs__rosidl_typesupport_introspection_cExport-noconfig.cmake
[14.829s] -- Up-to-date: /home/dron/ws_controll/install/custom_msgs/share/custom_msgs/cmake/custom_msgs__rosidl_typesupport_cExport.cmake
[14.829s] -- Up-to-date: /home/dron/ws_controll/install/custom_msgs/share/custom_msgs/cmake/custom_msgs__rosidl_typesupport_cExport-noconfig.cmake
[14.829s] -- Up-to-date: /home/dron/ws_controll/install/custom_msgs/share/custom_msgs/cmake/export_custom_msgs__rosidl_generator_cppExport.cmake
[14.829s] -- Up-to-date: /home/dron/ws_controll/install/custom_msgs/share/custom_msgs/cmake/export_custom_msgs__rosidl_typesupport_fastrtps_cppExport.cmake
[14.830s] -- Up-to-date: /home/dron/ws_controll/install/custom_msgs/share/custom_msgs/cmake/export_custom_msgs__rosidl_typesupport_fastrtps_cppExport-noconfig.cmake
[14.830s] -- Up-to-date: /home/dron/ws_controll/install/custom_msgs/share/custom_msgs/cmake/custom_msgs__rosidl_typesupport_introspection_cppExport.cmake
[14.830s] -- Up-to-date: /home/dron/ws_controll/install/custom_msgs/share/custom_msgs/cmake/custom_msgs__rosidl_typesupport_introspection_cppExport-noconfig.cmake
[14.830s] -- Up-to-date: /home/dron/ws_controll/install/custom_msgs/share/custom_msgs/cmake/custom_msgs__rosidl_typesupport_cppExport.cmake
[14.830s] -- Up-to-date: /home/dron/ws_controll/install/custom_msgs/share/custom_msgs/cmake/custom_msgs__rosidl_typesupport_cppExport-noconfig.cmake
[14.831s] -- Up-to-date: /home/dron/ws_controll/install/custom_msgs/share/custom_msgs/cmake/export_custom_msgs__rosidl_generator_pyExport.cmake
[14.831s] -- Up-to-date: /home/dron/ws_controll/install/custom_msgs/share/custom_msgs/cmake/export_custom_msgs__rosidl_generator_pyExport-noconfig.cmake
[14.831s] -- Up-to-date: /home/dron/ws_controll/install/custom_msgs/share/custom_msgs/cmake/rosidl_cmake-extras.cmake
[14.831s] -- Up-to-date: /home/dron/ws_controll/install/custom_msgs/share/custom_msgs/cmake/ament_cmake_export_include_directories-extras.cmake
[14.831s] -- Up-to-date: /home/dron/ws_controll/install/custom_msgs/share/custom_msgs/cmake/ament_cmake_export_libraries-extras.cmake
[14.831s] -- Up-to-date: /home/dron/ws_controll/install/custom_msgs/share/custom_msgs/cmake/ament_cmake_export_targets-extras.cmake
[14.832s] -- Up-to-date: /home/dron/ws_controll/install/custom_msgs/share/custom_msgs/cmake/rosidl_cmake_export_typesupport_targets-extras.cmake
[14.832s] -- Up-to-date: /home/dron/ws_controll/install/custom_msgs/share/custom_msgs/cmake/ament_cmake_export_dependencies-extras.cmake
[14.832s] -- Up-to-date: /home/dron/ws_controll/install/custom_msgs/share/custom_msgs/cmake/rosidl_cmake_export_typesupport_libraries-extras.cmake
[14.832s] -- Up-to-date: /home/dron/ws_controll/install/custom_msgs/share/custom_msgs/cmake/custom_msgsConfig.cmake
[14.832s] -- Up-to-date: /home/dron/ws_controll/install/custom_msgs/share/custom_msgs/cmake/custom_msgsConfig-version.cmake
[14.832s] -- Up-to-date: /home/dron/ws_controll/install/custom_msgs/share/custom_msgs/package.xml
[14.836s] Invoked command in '/home/dron/ws_controll/build/custom_msgs' returned '0': CMAKE_PREFIX_PATH=${CMAKE_PREFIX_PATH}:/home/dron/ws_controll/install/log_data_pkg:/home/dron/ws_controll/install/flight_controller_pkg:/home/dron/ws_controll/install/flask_pkg:/opt/ros/humble /usr/bin/cmake --install /home/dron/ws_controll/build/custom_msgs
