[3.115s] Invoking command in '/home/dron/ws_controller/src/flask_pkg': AMENT_PREFIX_PATH=/home/dron/ws_controller/install/custom_msgs:${AMENT_PREFIX_PATH} CMAKE_PREFIX_PATH=/home/dron/ws_controller/install/custom_msgs LD_LIBRARY_PATH=/home/dron/ws_controller/install/custom_msgs/lib:/usr/local/cuda-12.6/lib64:/opt/ros/humble/opt/rviz_ogre_vendor/lib:/opt/ros/humble/lib/aarch64-linux-gnu:/opt/ros/humble/lib:/usr/local/cuda-12.6/lib64 PYTHONPATH=/home/dron/ws_controller/build/flask_pkg/prefix_override:/usr/lib/python3/dist-packages/colcon_core/task/python/colcon_distutils_commands:/home/dron/ws_controller/install/flask_pkg/lib/python3.10/site-packages:/home/dron/ws_controller/install/custom_msgs/local/lib/python3.10/dist-packages:${PYTHONPATH} /usr/bin/python3 -W ignore:setup.py install is deprecated -W ignore:easy_install command is deprecated setup.py egg_info --egg-base ../../build/flask_pkg build --build-base /home/dron/ws_controller/build/flask_pkg/build install --record /home/dron/ws_controller/build/flask_pkg/install.log --single-version-externally-managed install_data
[3.759s] running egg_info
[3.760s] creating ../../build/flask_pkg/flask_pkg.egg-info
[3.760s] writing ../../build/flask_pkg/flask_pkg.egg-info/PKG-INFO
[3.761s] writing dependency_links to ../../build/flask_pkg/flask_pkg.egg-info/dependency_links.txt
[3.762s] writing entry points to ../../build/flask_pkg/flask_pkg.egg-info/entry_points.txt
[3.762s] writing requirements to ../../build/flask_pkg/flask_pkg.egg-info/requires.txt
[3.762s] writing top-level names to ../../build/flask_pkg/flask_pkg.egg-info/top_level.txt
[3.763s] writing manifest file '../../build/flask_pkg/flask_pkg.egg-info/SOURCES.txt'
[3.767s] reading manifest file '../../build/flask_pkg/flask_pkg.egg-info/SOURCES.txt'
[3.769s] writing manifest file '../../build/flask_pkg/flask_pkg.egg-info/SOURCES.txt'
[3.769s] running build
[3.770s] running build_py
[3.770s] creating /home/dron/ws_controller/build/flask_pkg/build
[3.771s] creating /home/dron/ws_controller/build/flask_pkg/build/lib
[3.771s] creating /home/dron/ws_controller/build/flask_pkg/build/lib/flask_pkg
[3.771s] copying flask_pkg/flask_server.py -> /home/dron/ws_controller/build/flask_pkg/build/lib/flask_pkg
[3.772s] copying flask_pkg/wzorcowy.py -> /home/dron/ws_controller/build/flask_pkg/build/lib/flask_pkg
[3.772s] copying flask_pkg/__init__.py -> /home/dron/ws_controller/build/flask_pkg/build/lib/flask_pkg
[3.772s] running install
[3.772s] running install_lib
[3.774s] creating /home/dron/ws_controller/install/flask_pkg/lib/python3.10/site-packages/flask_pkg
[3.774s] copying /home/dron/ws_controller/build/flask_pkg/build/lib/flask_pkg/flask_server.py -> /home/dron/ws_controller/install/flask_pkg/lib/python3.10/site-packages/flask_pkg
[3.774s] copying /home/dron/ws_controller/build/flask_pkg/build/lib/flask_pkg/wzorcowy.py -> /home/dron/ws_controller/install/flask_pkg/lib/python3.10/site-packages/flask_pkg
[3.775s] copying /home/dron/ws_controller/build/flask_pkg/build/lib/flask_pkg/__init__.py -> /home/dron/ws_controller/install/flask_pkg/lib/python3.10/site-packages/flask_pkg
[3.776s] byte-compiling /home/dron/ws_controller/install/flask_pkg/lib/python3.10/site-packages/flask_pkg/flask_server.py to flask_server.cpython-310.pyc
[3.779s] byte-compiling /home/dron/ws_controller/install/flask_pkg/lib/python3.10/site-packages/flask_pkg/wzorcowy.py to wzorcowy.cpython-310.pyc
[3.782s] byte-compiling /home/dron/ws_controller/install/flask_pkg/lib/python3.10/site-packages/flask_pkg/__init__.py to __init__.cpython-310.pyc
[3.793s] running install_data
[3.794s] creating /home/dron/ws_controller/install/flask_pkg/share/ament_index
[3.794s] creating /home/dron/ws_controller/install/flask_pkg/share/ament_index/resource_index
[3.794s] creating /home/dron/ws_controller/install/flask_pkg/share/ament_index/resource_index/packages
[3.794s] copying resource/flask_pkg -> /home/dron/ws_controller/install/flask_pkg/share/ament_index/resource_index/packages
[3.794s] copying package.xml -> /home/dron/ws_controller/install/flask_pkg/share/flask_pkg
[3.794s] running install_egg_info
[3.795s] Copying ../../build/flask_pkg/flask_pkg.egg-info to /home/dron/ws_controller/install/flask_pkg/lib/python3.10/site-packages/flask_pkg-0.0.0-py3.10.egg-info
[3.795s] running install_scripts
[3.844s] Installing flask_server script to /home/dron/ws_controller/install/flask_pkg/lib/flask_pkg
[3.846s] writing list of installed files to '/home/dron/ws_controller/build/flask_pkg/install.log'
[3.961s] Invoked command in '/home/dron/ws_controller/src/flask_pkg' returned '0': AMENT_PREFIX_PATH=/home/dron/ws_controller/install/custom_msgs:${AMENT_PREFIX_PATH} CMAKE_PREFIX_PATH=/home/dron/ws_controller/install/custom_msgs LD_LIBRARY_PATH=/home/dron/ws_controller/install/custom_msgs/lib:/usr/local/cuda-12.6/lib64:/opt/ros/humble/opt/rviz_ogre_vendor/lib:/opt/ros/humble/lib/aarch64-linux-gnu:/opt/ros/humble/lib:/usr/local/cuda-12.6/lib64 PYTHONPATH=/home/dron/ws_controller/build/flask_pkg/prefix_override:/usr/lib/python3/dist-packages/colcon_core/task/python/colcon_distutils_commands:/home/dron/ws_controller/install/flask_pkg/lib/python3.10/site-packages:/home/dron/ws_controller/install/custom_msgs/local/lib/python3.10/dist-packages:${PYTHONPATH} /usr/bin/python3 -W ignore:setup.py install is deprecated -W ignore:easy_install command is deprecated setup.py egg_info --egg-base ../../build/flask_pkg build --build-base /home/dron/ws_controller/build/flask_pkg/build install --record /home/dron/ws_controller/build/flask_pkg/install.log --single-version-externally-managed install_data
