[0.021s] Invoking command in '/home/dron/ws_controll/build/custom_msgs': CMAKE_PREFIX_PATH=${CMAKE_PREFIX_PATH}:/home/dron/ws_controll/install/log_data_pkg:/home/dron/ws_controll/install/flight_controller_pkg:/home/dron/ws_controll/install/flask_pkg:/opt/ros/humble /usr/bin/cmake --build /home/dron/ws_controll/build/custom_msgs -- -j6 -l6
[0.129s] [  3%] Built target custom_msgs__cpp
[0.129s] [ 12%] Built target custom_msgs__rosidl_generator_c
[0.157s] [ 12%] Built target ament_cmake_python_copy_custom_msgs
[0.182s] [ 27%] Built target custom_msgs__rosidl_typesupport_introspection_cpp
[0.188s] [ 47%] Built target custom_msgs__rosidl_typesupport_fastrtps_cpp
[0.189s] [ 47%] Built target custom_msgs__rosidl_typesupport_cpp
[0.207s] [ 58%] Built target custom_msgs__rosidl_typesupport_c
[0.207s] [ 70%] Built target custom_msgs__rosidl_typesupport_introspection_c
[0.223s] [ 82%] Built target custom_msgs__rosidl_typesupport_fastrtps_c
[0.265s] [ 82%] Built target custom_msgs
[0.308s] [ 83%] Built target custom_msgs__py
[0.362s] [ 93%] Built target custom_msgs__rosidl_generator_py
[0.410s] [ 98%] Built target custom_msgs__rosidl_typesupport_introspection_c__pyext
[0.410s] [100%] Built target custom_msgs__rosidl_typesupport_c__pyext
[0.410s] [100%] Built target custom_msgs__rosidl_typesupport_fastrtps_c__pyext
[0.800s] running egg_info
[0.801s] writing custom_msgs.egg-info/PKG-INFO
[0.801s] writing dependency_links to custom_msgs.egg-info/dependency_links.txt
[0.802s] writing top-level names to custom_msgs.egg-info/top_level.txt
[0.807s] reading manifest file 'custom_msgs.egg-info/SOURCES.txt'
[0.809s] writing manifest file 'custom_msgs.egg-info/SOURCES.txt'
[0.878s] [100%] Built target ament_cmake_python_build_custom_msgs_egg
[0.905s] Invoked command in '/home/dron/ws_controll/build/custom_msgs' returned '0': CMAKE_PREFIX_PATH=${CMAKE_PREFIX_PATH}:/home/dron/ws_controll/install/log_data_pkg:/home/dron/ws_controll/install/flight_controller_pkg:/home/dron/ws_controll/install/flask_pkg:/opt/ros/humble /usr/bin/cmake --build /home/dron/ws_controll/build/custom_msgs -- -j6 -l6
[0.931s] Invoking command in '/home/dron/ws_controll/build/custom_msgs': CMAKE_PREFIX_PATH=${CMAKE_PREFIX_PATH}:/home/dron/ws_controll/install/log_data_pkg:/home/dron/ws_controll/install/flight_controller_pkg:/home/dron/ws_controll/install/flask_pkg:/opt/ros/humble /usr/bin/cmake --install /home/dron/ws_controll/build/custom_msgs
[0.948s] -- Install configuration: ""
[0.950s] -- Up-to-date: /home/dron/ws_controll/install/custom_msgs/share/ament_index/resource_index/rosidl_interfaces/custom_msgs
[0.950s] -- Up-to-date: /home/dron/ws_controll/install/custom_msgs/include/custom_msgs/custom_msgs
[0.950s] -- Up-to-date: /home/dron/ws_controll/install/custom_msgs/include/custom_msgs/custom_msgs/msg
[0.950s] -- Up-to-date: /home/dron/ws_controll/install/custom_msgs/include/custom_msgs/custom_msgs/msg/drone_status.h
[0.951s] -- Up-to-date: /home/dron/ws_controll/install/custom_msgs/include/custom_msgs/custom_msgs/msg/rosidl_generator_c__visibility_control.h
[0.951s] -- Up-to-date: /home/dron/ws_controll/install/custom_msgs/include/custom_msgs/custom_msgs/msg/gyro_data.h
[0.951s] -- Up-to-date: /home/dron/ws_controll/install/custom_msgs/include/custom_msgs/custom_msgs/msg/geo_data.h
[0.951s] -- Up-to-date: /home/dron/ws_controll/install/custom_msgs/include/custom_msgs/custom_msgs/msg/imu_data.h
[0.951s] -- Up-to-date: /home/dron/ws_controll/install/custom_msgs/include/custom_msgs/custom_msgs/msg/speed_data.h
[0.954s] -- Up-to-date: /home/dron/ws_controll/install/custom_msgs/include/custom_msgs/custom_msgs/msg/data_xyz.h
[0.955s] -- Up-to-date: /home/dron/ws_controll/install/custom_msgs/include/custom_msgs/custom_msgs/msg/estimator_data.h
[0.955s] -- Up-to-date: /home/dron/ws_controll/install/custom_msgs/include/custom_msgs/custom_msgs/msg/detail
[0.955s] -- Up-to-date: /home/dron/ws_controll/install/custom_msgs/include/custom_msgs/custom_msgs/msg/detail/accel_data__struct.h
[0.955s] -- Up-to-date: /home/dron/ws_controll/install/custom_msgs/include/custom_msgs/custom_msgs/msg/detail/estimator_data__functions.h
[0.956s] -- Up-to-date: /home/dron/ws_controll/install/custom_msgs/include/custom_msgs/custom_msgs/msg/detail/imu_data__struct.h
[0.956s] -- Up-to-date: /home/dron/ws_controll/install/custom_msgs/include/custom_msgs/custom_msgs/msg/detail/data_xyz__functions.h
[0.957s] -- Up-to-date: /home/dron/ws_controll/install/custom_msgs/include/custom_msgs/custom_msgs/msg/detail/speed_data__type_support.h
[0.958s] -- Up-to-date: /home/dron/ws_controll/install/custom_msgs/include/custom_msgs/custom_msgs/msg/detail/data_xyz__struct.h
[0.958s] -- Up-to-date: /home/dron/ws_controll/install/custom_msgs/include/custom_msgs/custom_msgs/msg/detail/data_xyz__type_support.h
[0.959s] -- Up-to-date: /home/dron/ws_controll/install/custom_msgs/include/custom_msgs/custom_msgs/msg/detail/drone_status__struct.h
[0.959s] -- Up-to-date: /home/dron/ws_controll/install/custom_msgs/include/custom_msgs/custom_msgs/msg/detail/speed_data__functions.c
[0.959s] -- Up-to-date: /home/dron/ws_controll/install/custom_msgs/include/custom_msgs/custom_msgs/msg/detail/imu_data__type_support.h
[0.960s] -- Up-to-date: /home/dron/ws_controll/install/custom_msgs/include/custom_msgs/custom_msgs/msg/detail/estimator_data__type_support.h
[0.961s] -- Up-to-date: /home/dron/ws_controll/install/custom_msgs/include/custom_msgs/custom_msgs/msg/detail/geo_data__struct.h
[0.969s] -- Up-to-date: /home/dron/ws_controll/install/custom_msgs/include/custom_msgs/custom_msgs/msg/detail/imu_data__functions.c
[0.969s] -- Up-to-date: /home/dron/ws_controll/install/custom_msgs/include/custom_msgs/custom_msgs/msg/detail/geo_data__functions.h
[0.970s] -- Up-to-date: /home/dron/ws_controll/install/custom_msgs/include/custom_msgs/custom_msgs/msg/detail/gyro_data__struct.h
[0.970s] -- Up-to-date: /home/dron/ws_controll/install/custom_msgs/include/custom_msgs/custom_msgs/msg/detail/gyro_data__functions.h
[0.970s] -- Up-to-date: /home/dron/ws_controll/install/custom_msgs/include/custom_msgs/custom_msgs/msg/detail/gyro_data__functions.c
[0.970s] -- Up-to-date: /home/dron/ws_controll/install/custom_msgs/include/custom_msgs/custom_msgs/msg/detail/gyro_data__type_support.h
[0.970s] -- Up-to-date: /home/dron/ws_controll/install/custom_msgs/include/custom_msgs/custom_msgs/msg/detail/possition_data__functions.c
[0.970s] -- Up-to-date: /home/dron/ws_controll/install/custom_msgs/include/custom_msgs/custom_msgs/msg/detail/accel_data__type_support.h
[0.971s] -- Up-to-date: /home/dron/ws_controll/install/custom_msgs/include/custom_msgs/custom_msgs/msg/detail/accel_data__functions.c
[0.971s] -- Up-to-date: /home/dron/ws_controll/install/custom_msgs/include/custom_msgs/custom_msgs/msg/detail/accel_data__functions.h
[0.971s] -- Up-to-date: /home/dron/ws_controll/install/custom_msgs/include/custom_msgs/custom_msgs/msg/detail/imu_data__functions.h
[0.971s] -- Up-to-date: /home/dron/ws_controll/install/custom_msgs/include/custom_msgs/custom_msgs/msg/detail/estimator_data__functions.c
[0.971s] -- Up-to-date: /home/dron/ws_controll/install/custom_msgs/include/custom_msgs/custom_msgs/msg/detail/speed_data__functions.h
[0.971s] -- Up-to-date: /home/dron/ws_controll/install/custom_msgs/include/custom_msgs/custom_msgs/msg/detail/possition_data__functions.h
[0.972s] -- Up-to-date: /home/dron/ws_controll/install/custom_msgs/include/custom_msgs/custom_msgs/msg/detail/drone_status__functions.c
[0.972s] -- Up-to-date: /home/dron/ws_controll/install/custom_msgs/include/custom_msgs/custom_msgs/msg/detail/geo_data__type_support.h
[0.972s] -- Up-to-date: /home/dron/ws_controll/install/custom_msgs/include/custom_msgs/custom_msgs/msg/detail/drone_status__functions.h
[0.972s] -- Up-to-date: /home/dron/ws_controll/install/custom_msgs/include/custom_msgs/custom_msgs/msg/detail/possition_data__struct.h
[0.972s] -- Up-to-date: /home/dron/ws_controll/install/custom_msgs/include/custom_msgs/custom_msgs/msg/detail/data_xyz__functions.c
[0.972s] -- Up-to-date: /home/dron/ws_controll/install/custom_msgs/include/custom_msgs/custom_msgs/msg/detail/possition_data__type_support.h
[0.972s] -- Up-to-date: /home/dron/ws_controll/install/custom_msgs/include/custom_msgs/custom_msgs/msg/detail/geo_data__functions.c
[0.973s] -- Up-to-date: /home/dron/ws_controll/install/custom_msgs/include/custom_msgs/custom_msgs/msg/detail/drone_status__type_support.h
[0.973s] -- Up-to-date: /home/dron/ws_controll/install/custom_msgs/include/custom_msgs/custom_msgs/msg/detail/speed_data__struct.h
[0.973s] -- Up-to-date: /home/dron/ws_controll/install/custom_msgs/include/custom_msgs/custom_msgs/msg/detail/estimator_data__struct.h
[0.973s] -- Up-to-date: /home/dron/ws_controll/install/custom_msgs/include/custom_msgs/custom_msgs/msg/accel_data.h
[0.973s] -- Up-to-date: /home/dron/ws_controll/install/custom_msgs/include/custom_msgs/custom_msgs/msg/possition_data.h
[0.973s] -- Up-to-date: /home/dron/ws_controll/install/custom_msgs/share/custom_msgs/environment/library_path.sh
[0.973s] -- Up-to-date: /home/dron/ws_controll/install/custom_msgs/share/custom_msgs/environment/library_path.dsv
[0.974s] -- Up-to-date: /home/dron/ws_controll/install/custom_msgs/lib/libcustom_msgs__rosidl_generator_c.so
[0.974s] -- Up-to-date: /home/dron/ws_controll/install/custom_msgs/include/custom_msgs/custom_msgs
[0.974s] -- Up-to-date: /home/dron/ws_controll/install/custom_msgs/include/custom_msgs/custom_msgs/msg
[0.974s] -- Up-to-date: /home/dron/ws_controll/install/custom_msgs/include/custom_msgs/custom_msgs/msg/rosidl_typesupport_fastrtps_c__visibility_control.h
[0.974s] -- Up-to-date: /home/dron/ws_controll/install/custom_msgs/include/custom_msgs/custom_msgs/msg/detail
[0.974s] -- Up-to-date: /home/dron/ws_controll/install/custom_msgs/include/custom_msgs/custom_msgs/msg/detail/accel_data__rosidl_typesupport_fastrtps_c.h
[0.975s] -- Up-to-date: /home/dron/ws_controll/install/custom_msgs/include/custom_msgs/custom_msgs/msg/detail/data_xyz__rosidl_typesupport_fastrtps_c.h
[0.975s] -- Up-to-date: /home/dron/ws_controll/install/custom_msgs/include/custom_msgs/custom_msgs/msg/detail/possition_data__rosidl_typesupport_fastrtps_c.h
[0.975s] -- Up-to-date: /home/dron/ws_controll/install/custom_msgs/include/custom_msgs/custom_msgs/msg/detail/estimator_data__rosidl_typesupport_fastrtps_c.h
[0.975s] -- Up-to-date: /home/dron/ws_controll/install/custom_msgs/include/custom_msgs/custom_msgs/msg/detail/speed_data__rosidl_typesupport_fastrtps_c.h
[0.975s] -- Up-to-date: /home/dron/ws_controll/install/custom_msgs/include/custom_msgs/custom_msgs/msg/detail/geo_data__rosidl_typesupport_fastrtps_c.h
[0.975s] -- Up-to-date: /home/dron/ws_controll/install/custom_msgs/include/custom_msgs/custom_msgs/msg/detail/imu_data__rosidl_typesupport_fastrtps_c.h
[0.975s] -- Up-to-date: /home/dron/ws_controll/install/custom_msgs/include/custom_msgs/custom_msgs/msg/detail/drone_status__rosidl_typesupport_fastrtps_c.h
[0.976s] -- Up-to-date: /home/dron/ws_controll/install/custom_msgs/include/custom_msgs/custom_msgs/msg/detail/gyro_data__rosidl_typesupport_fastrtps_c.h
[0.976s] -- Up-to-date: /home/dron/ws_controll/install/custom_msgs/lib/libcustom_msgs__rosidl_typesupport_fastrtps_c.so
[0.976s] -- Up-to-date: /home/dron/ws_controll/install/custom_msgs/include/custom_msgs/custom_msgs
[0.976s] -- Up-to-date: /home/dron/ws_controll/install/custom_msgs/include/custom_msgs/custom_msgs/msg
[0.976s] -- Up-to-date: /home/dron/ws_controll/install/custom_msgs/include/custom_msgs/custom_msgs/msg/rosidl_typesupport_introspection_c__visibility_control.h
[0.976s] -- Up-to-date: /home/dron/ws_controll/install/custom_msgs/include/custom_msgs/custom_msgs/msg/detail
[0.977s] -- Up-to-date: /home/dron/ws_controll/install/custom_msgs/include/custom_msgs/custom_msgs/msg/detail/geo_data__rosidl_typesupport_introspection_c.h
[0.977s] -- Up-to-date: /home/dron/ws_controll/install/custom_msgs/include/custom_msgs/custom_msgs/msg/detail/data_xyz__type_support.c
[0.977s] -- Up-to-date: /home/dron/ws_controll/install/custom_msgs/include/custom_msgs/custom_msgs/msg/detail/imu_data__type_support.c
[0.977s] -- Up-to-date: /home/dron/ws_controll/install/custom_msgs/include/custom_msgs/custom_msgs/msg/detail/accel_data__type_support.c
[0.977s] -- Up-to-date: /home/dron/ws_controll/install/custom_msgs/include/custom_msgs/custom_msgs/msg/detail/data_xyz__rosidl_typesupport_introspection_c.h
[0.977s] -- Up-to-date: /home/dron/ws_controll/install/custom_msgs/include/custom_msgs/custom_msgs/msg/detail/speed_data__rosidl_typesupport_introspection_c.h
[0.977s] -- Up-to-date: /home/dron/ws_controll/install/custom_msgs/include/custom_msgs/custom_msgs/msg/detail/estimator_data__type_support.c
[0.978s] -- Up-to-date: /home/dron/ws_controll/install/custom_msgs/include/custom_msgs/custom_msgs/msg/detail/drone_status__rosidl_typesupport_introspection_c.h
[0.978s] -- Up-to-date: /home/dron/ws_controll/install/custom_msgs/include/custom_msgs/custom_msgs/msg/detail/gyro_data__type_support.c
[0.978s] -- Up-to-date: /home/dron/ws_controll/install/custom_msgs/include/custom_msgs/custom_msgs/msg/detail/drone_status__type_support.c
[0.978s] -- Up-to-date: /home/dron/ws_controll/install/custom_msgs/include/custom_msgs/custom_msgs/msg/detail/possition_data__rosidl_typesupport_introspection_c.h
[0.978s] -- Up-to-date: /home/dron/ws_controll/install/custom_msgs/include/custom_msgs/custom_msgs/msg/detail/possition_data__type_support.c
[0.978s] -- Up-to-date: /home/dron/ws_controll/install/custom_msgs/include/custom_msgs/custom_msgs/msg/detail/imu_data__rosidl_typesupport_introspection_c.h
[0.978s] -- Up-to-date: /home/dron/ws_controll/install/custom_msgs/include/custom_msgs/custom_msgs/msg/detail/speed_data__type_support.c
[0.979s] -- Up-to-date: /home/dron/ws_controll/install/custom_msgs/include/custom_msgs/custom_msgs/msg/detail/accel_data__rosidl_typesupport_introspection_c.h
[0.979s] -- Up-to-date: /home/dron/ws_controll/install/custom_msgs/include/custom_msgs/custom_msgs/msg/detail/estimator_data__rosidl_typesupport_introspection_c.h
[0.979s] -- Up-to-date: /home/dron/ws_controll/install/custom_msgs/include/custom_msgs/custom_msgs/msg/detail/gyro_data__rosidl_typesupport_introspection_c.h
[0.979s] -- Up-to-date: /home/dron/ws_controll/install/custom_msgs/include/custom_msgs/custom_msgs/msg/detail/geo_data__type_support.c
[0.979s] -- Up-to-date: /home/dron/ws_controll/install/custom_msgs/lib/libcustom_msgs__rosidl_typesupport_introspection_c.so
[0.979s] -- Up-to-date: /home/dron/ws_controll/install/custom_msgs/lib/libcustom_msgs__rosidl_typesupport_c.so
[0.980s] -- Up-to-date: /home/dron/ws_controll/install/custom_msgs/include/custom_msgs/custom_msgs
[0.980s] -- Up-to-date: /home/dron/ws_controll/install/custom_msgs/include/custom_msgs/custom_msgs/msg
[0.980s] -- Up-to-date: /home/dron/ws_controll/install/custom_msgs/include/custom_msgs/custom_msgs/msg/drone_status.hpp
[0.980s] -- Up-to-date: /home/dron/ws_controll/install/custom_msgs/include/custom_msgs/custom_msgs/msg/gyro_data.hpp
[0.980s] -- Up-to-date: /home/dron/ws_controll/install/custom_msgs/include/custom_msgs/custom_msgs/msg/rosidl_generator_cpp__visibility_control.hpp
[0.980s] -- Up-to-date: /home/dron/ws_controll/install/custom_msgs/include/custom_msgs/custom_msgs/msg/imu_data.hpp
[0.980s] -- Up-to-date: /home/dron/ws_controll/install/custom_msgs/include/custom_msgs/custom_msgs/msg/data_xyz.hpp
[0.981s] -- Up-to-date: /home/dron/ws_controll/install/custom_msgs/include/custom_msgs/custom_msgs/msg/estimator_data.hpp
[0.981s] -- Up-to-date: /home/dron/ws_controll/install/custom_msgs/include/custom_msgs/custom_msgs/msg/possition_data.hpp
[0.981s] -- Up-to-date: /home/dron/ws_controll/install/custom_msgs/include/custom_msgs/custom_msgs/msg/speed_data.hpp
[0.981s] -- Up-to-date: /home/dron/ws_controll/install/custom_msgs/include/custom_msgs/custom_msgs/msg/accel_data.hpp
[0.981s] -- Up-to-date: /home/dron/ws_controll/install/custom_msgs/include/custom_msgs/custom_msgs/msg/detail
[0.981s] -- Up-to-date: /home/dron/ws_controll/install/custom_msgs/include/custom_msgs/custom_msgs/msg/detail/possition_data__traits.hpp
[0.982s] -- Up-to-date: /home/dron/ws_controll/install/custom_msgs/include/custom_msgs/custom_msgs/msg/detail/possition_data__type_support.hpp
[0.982s] -- Up-to-date: /home/dron/ws_controll/install/custom_msgs/include/custom_msgs/custom_msgs/msg/detail/accel_data__struct.hpp
[0.983s] -- Up-to-date: /home/dron/ws_controll/install/custom_msgs/include/custom_msgs/custom_msgs/msg/detail/drone_status__traits.hpp
[0.984s] -- Up-to-date: /home/dron/ws_controll/install/custom_msgs/include/custom_msgs/custom_msgs/msg/detail/possition_data__struct.hpp
[0.984s] -- Up-to-date: /home/dron/ws_controll/install/custom_msgs/include/custom_msgs/custom_msgs/msg/detail/gyro_data__traits.hpp
[0.984s] -- Up-to-date: /home/dron/ws_controll/install/custom_msgs/include/custom_msgs/custom_msgs/msg/detail/gyro_data__builder.hpp
[0.984s] -- Up-to-date: /home/dron/ws_controll/install/custom_msgs/include/custom_msgs/custom_msgs/msg/detail/speed_data__builder.hpp
[0.984s] -- Up-to-date: /home/dron/ws_controll/install/custom_msgs/include/custom_msgs/custom_msgs/msg/detail/gyro_data__type_support.hpp
[0.984s] -- Up-to-date: /home/dron/ws_controll/install/custom_msgs/include/custom_msgs/custom_msgs/msg/detail/possition_data__builder.hpp
[0.985s] -- Up-to-date: /home/dron/ws_controll/install/custom_msgs/include/custom_msgs/custom_msgs/msg/detail/drone_status__builder.hpp
[0.985s] -- Up-to-date: /home/dron/ws_controll/install/custom_msgs/include/custom_msgs/custom_msgs/msg/detail/speed_data__traits.hpp
[0.985s] -- Up-to-date: /home/dron/ws_controll/install/custom_msgs/include/custom_msgs/custom_msgs/msg/detail/geo_data__type_support.hpp
[0.985s] -- Up-to-date: /home/dron/ws_controll/install/custom_msgs/include/custom_msgs/custom_msgs/msg/detail/drone_status__struct.hpp
[0.985s] -- Up-to-date: /home/dron/ws_controll/install/custom_msgs/include/custom_msgs/custom_msgs/msg/detail/data_xyz__builder.hpp
[0.985s] -- Up-to-date: /home/dron/ws_controll/install/custom_msgs/include/custom_msgs/custom_msgs/msg/detail/imu_data__type_support.hpp
[0.986s] -- Up-to-date: /home/dron/ws_controll/install/custom_msgs/include/custom_msgs/custom_msgs/msg/detail/geo_data__builder.hpp
[0.986s] -- Up-to-date: /home/dron/ws_controll/install/custom_msgs/include/custom_msgs/custom_msgs/msg/detail/geo_data__struct.hpp
[0.986s] -- Up-to-date: /home/dron/ws_controll/install/custom_msgs/include/custom_msgs/custom_msgs/msg/detail/imu_data__traits.hpp
[0.986s] -- Up-to-date: /home/dron/ws_controll/install/custom_msgs/include/custom_msgs/custom_msgs/msg/detail/estimator_data__type_support.hpp
[0.986s] -- Up-to-date: /home/dron/ws_controll/install/custom_msgs/include/custom_msgs/custom_msgs/msg/detail/speed_data__type_support.hpp
[0.986s] -- Up-to-date: /home/dron/ws_controll/install/custom_msgs/include/custom_msgs/custom_msgs/msg/detail/imu_data__builder.hpp
[0.987s] -- Up-to-date: /home/dron/ws_controll/install/custom_msgs/include/custom_msgs/custom_msgs/msg/detail/data_xyz__struct.hpp
[0.987s] -- Up-to-date: /home/dron/ws_controll/install/custom_msgs/include/custom_msgs/custom_msgs/msg/detail/accel_data__type_support.hpp
[0.987s] -- Up-to-date: /home/dron/ws_controll/install/custom_msgs/include/custom_msgs/custom_msgs/msg/detail/drone_status__type_support.hpp
[0.987s] -- Up-to-date: /home/dron/ws_controll/install/custom_msgs/include/custom_msgs/custom_msgs/msg/detail/estimator_data__traits.hpp
[0.987s] -- Up-to-date: /home/dron/ws_controll/install/custom_msgs/include/custom_msgs/custom_msgs/msg/detail/accel_data__builder.hpp
[0.987s] -- Up-to-date: /home/dron/ws_controll/install/custom_msgs/include/custom_msgs/custom_msgs/msg/detail/geo_data__traits.hpp
[0.987s] -- Up-to-date: /home/dron/ws_controll/install/custom_msgs/include/custom_msgs/custom_msgs/msg/detail/accel_data__traits.hpp
[0.988s] -- Up-to-date: /home/dron/ws_controll/install/custom_msgs/include/custom_msgs/custom_msgs/msg/detail/imu_data__struct.hpp
[0.988s] -- Up-to-date: /home/dron/ws_controll/install/custom_msgs/include/custom_msgs/custom_msgs/msg/detail/estimator_data__builder.hpp
[0.988s] -- Up-to-date: /home/dron/ws_controll/install/custom_msgs/include/custom_msgs/custom_msgs/msg/detail/speed_data__struct.hpp
[0.988s] -- Up-to-date: /home/dron/ws_controll/install/custom_msgs/include/custom_msgs/custom_msgs/msg/detail/estimator_data__struct.hpp
[0.988s] -- Up-to-date: /home/dron/ws_controll/install/custom_msgs/include/custom_msgs/custom_msgs/msg/detail/gyro_data__struct.hpp
[0.988s] -- Up-to-date: /home/dron/ws_controll/install/custom_msgs/include/custom_msgs/custom_msgs/msg/detail/data_xyz__type_support.hpp
[0.988s] -- Up-to-date: /home/dron/ws_controll/install/custom_msgs/include/custom_msgs/custom_msgs/msg/detail/data_xyz__traits.hpp
[0.989s] -- Up-to-date: /home/dron/ws_controll/install/custom_msgs/include/custom_msgs/custom_msgs/msg/geo_data.hpp
[0.989s] -- Up-to-date: /home/dron/ws_controll/install/custom_msgs/include/custom_msgs/custom_msgs
[0.989s] -- Up-to-date: /home/dron/ws_controll/install/custom_msgs/include/custom_msgs/custom_msgs/msg
[0.989s] -- Up-to-date: /home/dron/ws_controll/install/custom_msgs/include/custom_msgs/custom_msgs/msg/rosidl_typesupport_fastrtps_cpp__visibility_control.h
[0.989s] -- Up-to-date: /home/dron/ws_controll/install/custom_msgs/include/custom_msgs/custom_msgs/msg/detail
[0.989s] -- Up-to-date: /home/dron/ws_controll/install/custom_msgs/include/custom_msgs/custom_msgs/msg/detail/gyro_data__rosidl_typesupport_fastrtps_cpp.hpp
[0.989s] -- Up-to-date: /home/dron/ws_controll/install/custom_msgs/include/custom_msgs/custom_msgs/msg/detail/data_xyz__rosidl_typesupport_fastrtps_cpp.hpp
[0.990s] -- Up-to-date: /home/dron/ws_controll/install/custom_msgs/include/custom_msgs/custom_msgs/msg/detail/dds_fastrtps
[0.990s] -- Up-to-date: /home/dron/ws_controll/install/custom_msgs/include/custom_msgs/custom_msgs/msg/detail/speed_data__rosidl_typesupport_fastrtps_cpp.hpp
[0.990s] -- Up-to-date: /home/dron/ws_controll/install/custom_msgs/include/custom_msgs/custom_msgs/msg/detail/imu_data__rosidl_typesupport_fastrtps_cpp.hpp
[0.990s] -- Up-to-date: /home/dron/ws_controll/install/custom_msgs/include/custom_msgs/custom_msgs/msg/detail/geo_data__rosidl_typesupport_fastrtps_cpp.hpp
[0.990s] -- Up-to-date: /home/dron/ws_controll/install/custom_msgs/include/custom_msgs/custom_msgs/msg/detail/drone_status__rosidl_typesupport_fastrtps_cpp.hpp
[0.990s] -- Up-to-date: /home/dron/ws_controll/install/custom_msgs/include/custom_msgs/custom_msgs/msg/detail/accel_data__rosidl_typesupport_fastrtps_cpp.hpp
[0.990s] -- Up-to-date: /home/dron/ws_controll/install/custom_msgs/include/custom_msgs/custom_msgs/msg/detail/estimator_data__rosidl_typesupport_fastrtps_cpp.hpp
[0.991s] -- Up-to-date: /home/dron/ws_controll/install/custom_msgs/include/custom_msgs/custom_msgs/msg/detail/possition_data__rosidl_typesupport_fastrtps_cpp.hpp
[0.991s] -- Up-to-date: /home/dron/ws_controll/install/custom_msgs/lib/libcustom_msgs__rosidl_typesupport_fastrtps_cpp.so
[0.991s] -- Up-to-date: /home/dron/ws_controll/install/custom_msgs/include/custom_msgs/custom_msgs
[0.991s] -- Up-to-date: /home/dron/ws_controll/install/custom_msgs/include/custom_msgs/custom_msgs/msg
[0.991s] -- Up-to-date: /home/dron/ws_controll/install/custom_msgs/include/custom_msgs/custom_msgs/msg/detail
[0.991s] -- Up-to-date: /home/dron/ws_controll/install/custom_msgs/include/custom_msgs/custom_msgs/msg/detail/estimator_data__type_support.cpp
[0.992s] -- Up-to-date: /home/dron/ws_controll/install/custom_msgs/include/custom_msgs/custom_msgs/msg/detail/speed_data__type_support.cpp
[0.992s] -- Up-to-date: /home/dron/ws_controll/install/custom_msgs/include/custom_msgs/custom_msgs/msg/detail/data_xyz__rosidl_typesupport_introspection_cpp.hpp
[0.992s] -- Up-to-date: /home/dron/ws_controll/install/custom_msgs/include/custom_msgs/custom_msgs/msg/detail/accel_data__type_support.cpp
[0.992s] -- Up-to-date: /home/dron/ws_controll/install/custom_msgs/include/custom_msgs/custom_msgs/msg/detail/accel_data__rosidl_typesupport_introspection_cpp.hpp
[0.992s] -- Up-to-date: /home/dron/ws_controll/install/custom_msgs/include/custom_msgs/custom_msgs/msg/detail/gyro_data__type_support.cpp
[0.992s] -- Up-to-date: /home/dron/ws_controll/install/custom_msgs/include/custom_msgs/custom_msgs/msg/detail/data_xyz__type_support.cpp
[0.992s] -- Up-to-date: /home/dron/ws_controll/install/custom_msgs/include/custom_msgs/custom_msgs/msg/detail/geo_data__type_support.cpp
[0.993s] -- Up-to-date: /home/dron/ws_controll/install/custom_msgs/include/custom_msgs/custom_msgs/msg/detail/drone_status__rosidl_typesupport_introspection_cpp.hpp
[0.993s] -- Up-to-date: /home/dron/ws_controll/install/custom_msgs/include/custom_msgs/custom_msgs/msg/detail/speed_data__rosidl_typesupport_introspection_cpp.hpp
[0.993s] -- Up-to-date: /home/dron/ws_controll/install/custom_msgs/include/custom_msgs/custom_msgs/msg/detail/possition_data__rosidl_typesupport_introspection_cpp.hpp
[0.993s] -- Up-to-date: /home/dron/ws_controll/install/custom_msgs/include/custom_msgs/custom_msgs/msg/detail/drone_status__type_support.cpp
[0.993s] -- Up-to-date: /home/dron/ws_controll/install/custom_msgs/include/custom_msgs/custom_msgs/msg/detail/estimator_data__rosidl_typesupport_introspection_cpp.hpp
[0.993s] -- Up-to-date: /home/dron/ws_controll/install/custom_msgs/include/custom_msgs/custom_msgs/msg/detail/geo_data__rosidl_typesupport_introspection_cpp.hpp
[0.994s] -- Up-to-date: /home/dron/ws_controll/install/custom_msgs/include/custom_msgs/custom_msgs/msg/detail/imu_data__type_support.cpp
[0.994s] -- Up-to-date: /home/dron/ws_controll/install/custom_msgs/include/custom_msgs/custom_msgs/msg/detail/imu_data__rosidl_typesupport_introspection_cpp.hpp
[0.994s] -- Up-to-date: /home/dron/ws_controll/install/custom_msgs/include/custom_msgs/custom_msgs/msg/detail/gyro_data__rosidl_typesupport_introspection_cpp.hpp
[0.994s] -- Up-to-date: /home/dron/ws_controll/install/custom_msgs/include/custom_msgs/custom_msgs/msg/detail/possition_data__type_support.cpp
[0.994s] -- Up-to-date: /home/dron/ws_controll/install/custom_msgs/lib/libcustom_msgs__rosidl_typesupport_introspection_cpp.so
[0.994s] -- Up-to-date: /home/dron/ws_controll/install/custom_msgs/lib/libcustom_msgs__rosidl_typesupport_cpp.so
[0.994s] -- Up-to-date: /home/dron/ws_controll/install/custom_msgs/share/custom_msgs/environment/pythonpath.sh
[0.995s] -- Up-to-date: /home/dron/ws_controll/install/custom_msgs/share/custom_msgs/environment/pythonpath.dsv
[0.995s] -- Up-to-date: /home/dron/ws_controll/install/custom_msgs/local/lib/python3.10/dist-packages/custom_msgs-0.0.0-py3.10.egg-info
[0.995s] -- Installing: /home/dron/ws_controll/install/custom_msgs/local/lib/python3.10/dist-packages/custom_msgs-0.0.0-py3.10.egg-info/SOURCES.txt
[0.995s] -- Installing: /home/dron/ws_controll/install/custom_msgs/local/lib/python3.10/dist-packages/custom_msgs-0.0.0-py3.10.egg-info/dependency_links.txt
[0.995s] -- Installing: /home/dron/ws_controll/install/custom_msgs/local/lib/python3.10/dist-packages/custom_msgs-0.0.0-py3.10.egg-info/top_level.txt
[0.995s] -- Installing: /home/dron/ws_controll/install/custom_msgs/local/lib/python3.10/dist-packages/custom_msgs-0.0.0-py3.10.egg-info/PKG-INFO
[0.995s] -- Up-to-date: /home/dron/ws_controll/install/custom_msgs/local/lib/python3.10/dist-packages/custom_msgs
[0.996s] -- Up-to-date: /home/dron/ws_controll/install/custom_msgs/local/lib/python3.10/dist-packages/custom_msgs/custom_msgs_s__rosidl_typesupport_fastrtps_c.cpython-310-aarch64-linux-gnu.so
[0.996s] -- Up-to-date: /home/dron/ws_controll/install/custom_msgs/local/lib/python3.10/dist-packages/custom_msgs/custom_msgs_s__rosidl_typesupport_introspection_c.cpython-310-aarch64-linux-gnu.so
[0.996s] -- Up-to-date: /home/dron/ws_controll/install/custom_msgs/local/lib/python3.10/dist-packages/custom_msgs/_custom_msgs_s.ep.rosidl_typesupport_introspection_c.c
[0.996s] -- Up-to-date: /home/dron/ws_controll/install/custom_msgs/local/lib/python3.10/dist-packages/custom_msgs/msg
[0.996s] -- Up-to-date: /home/dron/ws_controll/install/custom_msgs/local/lib/python3.10/dist-packages/custom_msgs/msg/_data_xyz.py
[0.996s] -- Up-to-date: /home/dron/ws_controll/install/custom_msgs/local/lib/python3.10/dist-packages/custom_msgs/msg/_drone_status_s.c
[0.997s] -- Up-to-date: /home/dron/ws_controll/install/custom_msgs/local/lib/python3.10/dist-packages/custom_msgs/msg/_drone_status.py
[0.997s] -- Up-to-date: /home/dron/ws_controll/install/custom_msgs/local/lib/python3.10/dist-packages/custom_msgs/msg/_gyro_data_s.c
[0.997s] -- Up-to-date: /home/dron/ws_controll/install/custom_msgs/local/lib/python3.10/dist-packages/custom_msgs/msg/_possition_data_s.c
[0.997s] -- Up-to-date: /home/dron/ws_controll/install/custom_msgs/local/lib/python3.10/dist-packages/custom_msgs/msg/_estimator_data.py
[0.997s] -- Up-to-date: /home/dron/ws_controll/install/custom_msgs/local/lib/python3.10/dist-packages/custom_msgs/msg/_gyro_data.py
[0.997s] -- Up-to-date: /home/dron/ws_controll/install/custom_msgs/local/lib/python3.10/dist-packages/custom_msgs/msg/_geo_data_s.c
[0.997s] -- Up-to-date: /home/dron/ws_controll/install/custom_msgs/local/lib/python3.10/dist-packages/custom_msgs/msg/_data_xyz_s.c
[0.998s] -- Up-to-date: /home/dron/ws_controll/install/custom_msgs/local/lib/python3.10/dist-packages/custom_msgs/msg/_speed_data.py
[0.998s] -- Up-to-date: /home/dron/ws_controll/install/custom_msgs/local/lib/python3.10/dist-packages/custom_msgs/msg/_estimator_data_s.c
[0.998s] -- Up-to-date: /home/dron/ws_controll/install/custom_msgs/local/lib/python3.10/dist-packages/custom_msgs/msg/_accel_data.py
[0.998s] -- Up-to-date: /home/dron/ws_controll/install/custom_msgs/local/lib/python3.10/dist-packages/custom_msgs/msg/_accel_data_s.c
[0.998s] -- Up-to-date: /home/dron/ws_controll/install/custom_msgs/local/lib/python3.10/dist-packages/custom_msgs/msg/_speed_data_s.c
[0.998s] -- Up-to-date: /home/dron/ws_controll/install/custom_msgs/local/lib/python3.10/dist-packages/custom_msgs/msg/_imu_data_s.c
[0.998s] -- Up-to-date: /home/dron/ws_controll/install/custom_msgs/local/lib/python3.10/dist-packages/custom_msgs/msg/_geo_data.py
[0.999s] -- Up-to-date: /home/dron/ws_controll/install/custom_msgs/local/lib/python3.10/dist-packages/custom_msgs/msg/_imu_data.py
[0.999s] -- Up-to-date: /home/dron/ws_controll/install/custom_msgs/local/lib/python3.10/dist-packages/custom_msgs/msg/_possition_data.py
[0.999s] -- Up-to-date: /home/dron/ws_controll/install/custom_msgs/local/lib/python3.10/dist-packages/custom_msgs/msg/__init__.py
[0.999s] -- Up-to-date: /home/dron/ws_controll/install/custom_msgs/local/lib/python3.10/dist-packages/custom_msgs/_custom_msgs_s.ep.rosidl_typesupport_fastrtps_c.c
[0.999s] -- Up-to-date: /home/dron/ws_controll/install/custom_msgs/local/lib/python3.10/dist-packages/custom_msgs/libcustom_msgs__rosidl_generator_py.so
[0.999s] -- Up-to-date: /home/dron/ws_controll/install/custom_msgs/local/lib/python3.10/dist-packages/custom_msgs/custom_msgs_s__rosidl_typesupport_c.cpython-310-aarch64-linux-gnu.so
[1.000s] -- Up-to-date: /home/dron/ws_controll/install/custom_msgs/local/lib/python3.10/dist-packages/custom_msgs/_custom_msgs_s.ep.rosidl_typesupport_c.c
[1.000s] -- Up-to-date: /home/dron/ws_controll/install/custom_msgs/local/lib/python3.10/dist-packages/custom_msgs/__init__.py
[1.047s] Listing '/home/dron/ws_controll/install/custom_msgs/local/lib/python3.10/dist-packages/custom_msgs'...
[1.047s] Listing '/home/dron/ws_controll/install/custom_msgs/local/lib/python3.10/dist-packages/custom_msgs/msg'...
[1.063s] -- Up-to-date: /home/dron/ws_controll/install/custom_msgs/local/lib/python3.10/dist-packages/custom_msgs/custom_msgs_s__rosidl_typesupport_fastrtps_c.cpython-310-aarch64-linux-gnu.so
[1.063s] -- Up-to-date: /home/dron/ws_controll/install/custom_msgs/local/lib/python3.10/dist-packages/custom_msgs/custom_msgs_s__rosidl_typesupport_introspection_c.cpython-310-aarch64-linux-gnu.so
[1.063s] -- Up-to-date: /home/dron/ws_controll/install/custom_msgs/local/lib/python3.10/dist-packages/custom_msgs/custom_msgs_s__rosidl_typesupport_c.cpython-310-aarch64-linux-gnu.so
[1.066s] -- Up-to-date: /home/dron/ws_controll/install/custom_msgs/lib/libcustom_msgs__rosidl_generator_py.so
[1.073s] -- Up-to-date: /home/dron/ws_controll/install/custom_msgs/share/custom_msgs/msg/AccelData.idl
[1.074s] -- Up-to-date: /home/dron/ws_controll/install/custom_msgs/share/custom_msgs/msg/GyroData.idl
[1.074s] -- Up-to-date: /home/dron/ws_controll/install/custom_msgs/share/custom_msgs/msg/ImuData.idl
[1.074s] -- Up-to-date: /home/dron/ws_controll/install/custom_msgs/share/custom_msgs/msg/EstimatorData.idl
[1.074s] -- Up-to-date: /home/dron/ws_controll/install/custom_msgs/share/custom_msgs/msg/PossitionData.idl
[1.075s] -- Up-to-date: /home/dron/ws_controll/install/custom_msgs/share/custom_msgs/msg/SpeedData.idl
[1.075s] -- Up-to-date: /home/dron/ws_controll/install/custom_msgs/share/custom_msgs/msg/DataXYZ.idl
[1.076s] -- Up-to-date: /home/dron/ws_controll/install/custom_msgs/share/custom_msgs/msg/DroneStatus.idl
[1.080s] -- Up-to-date: /home/dron/ws_controll/install/custom_msgs/share/custom_msgs/msg/GeoData.idl
[1.082s] -- Up-to-date: /home/dron/ws_controll/install/custom_msgs/share/custom_msgs/msg/AccelData.msg
[1.082s] -- Up-to-date: /home/dron/ws_controll/install/custom_msgs/share/custom_msgs/msg/GyroData.msg
[1.082s] -- Up-to-date: /home/dron/ws_controll/install/custom_msgs/share/custom_msgs/msg/ImuData.msg
[1.082s] -- Up-to-date: /home/dron/ws_controll/install/custom_msgs/share/custom_msgs/msg/EstimatorData.msg
[1.082s] -- Up-to-date: /home/dron/ws_controll/install/custom_msgs/share/custom_msgs/msg/PossitionData.msg
[1.082s] -- Up-to-date: /home/dron/ws_controll/install/custom_msgs/share/custom_msgs/msg/SpeedData.msg
[1.083s] -- Up-to-date: /home/dron/ws_controll/install/custom_msgs/share/custom_msgs/msg/DataXYZ.msg
[1.083s] -- Up-to-date: /home/dron/ws_controll/install/custom_msgs/share/custom_msgs/msg/DroneStatus.msg
[1.083s] -- Up-to-date: /home/dron/ws_controll/install/custom_msgs/share/custom_msgs/msg/GeoData.msg
[1.083s] -- Up-to-date: /home/dron/ws_controll/install/custom_msgs/share/ament_index/resource_index/package_run_dependencies/custom_msgs
[1.083s] -- Up-to-date: /home/dron/ws_controll/install/custom_msgs/share/ament_index/resource_index/parent_prefix_path/custom_msgs
[1.083s] -- Up-to-date: /home/dron/ws_controll/install/custom_msgs/share/custom_msgs/environment/ament_prefix_path.sh
[1.084s] -- Up-to-date: /home/dron/ws_controll/install/custom_msgs/share/custom_msgs/environment/ament_prefix_path.dsv
[1.084s] -- Up-to-date: /home/dron/ws_controll/install/custom_msgs/share/custom_msgs/environment/path.sh
[1.084s] -- Up-to-date: /home/dron/ws_controll/install/custom_msgs/share/custom_msgs/environment/path.dsv
[1.084s] -- Up-to-date: /home/dron/ws_controll/install/custom_msgs/share/custom_msgs/local_setup.bash
[1.084s] -- Up-to-date: /home/dron/ws_controll/install/custom_msgs/share/custom_msgs/local_setup.sh
[1.084s] -- Up-to-date: /home/dron/ws_controll/install/custom_msgs/share/custom_msgs/local_setup.zsh
[1.084s] -- Up-to-date: /home/dron/ws_controll/install/custom_msgs/share/custom_msgs/local_setup.dsv
[1.104s] -- Installing: /home/dron/ws_controll/install/custom_msgs/share/custom_msgs/package.dsv
[1.105s] -- Up-to-date: /home/dron/ws_controll/install/custom_msgs/share/ament_index/resource_index/packages/custom_msgs
[1.105s] -- Up-to-date: /home/dron/ws_controll/install/custom_msgs/share/custom_msgs/cmake/export_custom_msgs__rosidl_generator_cExport.cmake
[1.106s] -- Up-to-date: /home/dron/ws_controll/install/custom_msgs/share/custom_msgs/cmake/export_custom_msgs__rosidl_generator_cExport-noconfig.cmake
[1.108s] -- Up-to-date: /home/dron/ws_controll/install/custom_msgs/share/custom_msgs/cmake/export_custom_msgs__rosidl_typesupport_fastrtps_cExport.cmake
[1.108s] -- Up-to-date: /home/dron/ws_controll/install/custom_msgs/share/custom_msgs/cmake/export_custom_msgs__rosidl_typesupport_fastrtps_cExport-noconfig.cmake
[1.108s] -- Up-to-date: /home/dron/ws_controll/install/custom_msgs/share/custom_msgs/cmake/custom_msgs__rosidl_typesupport_introspection_cExport.cmake
[1.108s] -- Up-to-date: /home/dron/ws_controll/install/custom_msgs/share/custom_msgs/cmake/custom_msgs__rosidl_typesupport_introspection_cExport-noconfig.cmake
[1.109s] -- Up-to-date: /home/dron/ws_controll/install/custom_msgs/share/custom_msgs/cmake/custom_msgs__rosidl_typesupport_cExport.cmake
[1.109s] -- Up-to-date: /home/dron/ws_controll/install/custom_msgs/share/custom_msgs/cmake/custom_msgs__rosidl_typesupport_cExport-noconfig.cmake
[1.109s] -- Up-to-date: /home/dron/ws_controll/install/custom_msgs/share/custom_msgs/cmake/export_custom_msgs__rosidl_generator_cppExport.cmake
[1.109s] -- Up-to-date: /home/dron/ws_controll/install/custom_msgs/share/custom_msgs/cmake/export_custom_msgs__rosidl_typesupport_fastrtps_cppExport.cmake
[1.110s] -- Up-to-date: /home/dron/ws_controll/install/custom_msgs/share/custom_msgs/cmake/export_custom_msgs__rosidl_typesupport_fastrtps_cppExport-noconfig.cmake
[1.110s] -- Up-to-date: /home/dron/ws_controll/install/custom_msgs/share/custom_msgs/cmake/custom_msgs__rosidl_typesupport_introspection_cppExport.cmake
[1.111s] -- Up-to-date: /home/dron/ws_controll/install/custom_msgs/share/custom_msgs/cmake/custom_msgs__rosidl_typesupport_introspection_cppExport-noconfig.cmake
[1.111s] -- Up-to-date: /home/dron/ws_controll/install/custom_msgs/share/custom_msgs/cmake/custom_msgs__rosidl_typesupport_cppExport.cmake
[1.111s] -- Up-to-date: /home/dron/ws_controll/install/custom_msgs/share/custom_msgs/cmake/custom_msgs__rosidl_typesupport_cppExport-noconfig.cmake
[1.111s] -- Up-to-date: /home/dron/ws_controll/install/custom_msgs/share/custom_msgs/cmake/export_custom_msgs__rosidl_generator_pyExport.cmake
[1.113s] -- Up-to-date: /home/dron/ws_controll/install/custom_msgs/share/custom_msgs/cmake/export_custom_msgs__rosidl_generator_pyExport-noconfig.cmake
[1.113s] -- Up-to-date: /home/dron/ws_controll/install/custom_msgs/share/custom_msgs/cmake/rosidl_cmake-extras.cmake
[1.113s] -- Up-to-date: /home/dron/ws_controll/install/custom_msgs/share/custom_msgs/cmake/ament_cmake_export_include_directories-extras.cmake
[1.114s] -- Up-to-date: /home/dron/ws_controll/install/custom_msgs/share/custom_msgs/cmake/ament_cmake_export_libraries-extras.cmake
[1.115s] -- Up-to-date: /home/dron/ws_controll/install/custom_msgs/share/custom_msgs/cmake/ament_cmake_export_targets-extras.cmake
[1.115s] -- Up-to-date: /home/dron/ws_controll/install/custom_msgs/share/custom_msgs/cmake/rosidl_cmake_export_typesupport_targets-extras.cmake
[1.116s] -- Up-to-date: /home/dron/ws_controll/install/custom_msgs/share/custom_msgs/cmake/ament_cmake_export_dependencies-extras.cmake
[1.116s] -- Up-to-date: /home/dron/ws_controll/install/custom_msgs/share/custom_msgs/cmake/rosidl_cmake_export_typesupport_libraries-extras.cmake
[1.116s] -- Up-to-date: /home/dron/ws_controll/install/custom_msgs/share/custom_msgs/cmake/custom_msgsConfig.cmake
[1.116s] -- Up-to-date: /home/dron/ws_controll/install/custom_msgs/share/custom_msgs/cmake/custom_msgsConfig-version.cmake
[1.116s] -- Up-to-date: /home/dron/ws_controll/install/custom_msgs/share/custom_msgs/package.xml
[1.117s] Invoked command in '/home/dron/ws_controll/build/custom_msgs' returned '0': CMAKE_PREFIX_PATH=${CMAKE_PREFIX_PATH}:/home/dron/ws_controll/install/log_data_pkg:/home/dron/ws_controll/install/flight_controller_pkg:/home/dron/ws_controll/install/flask_pkg:/opt/ros/humble /usr/bin/cmake --install /home/dron/ws_controll/build/custom_msgs
