[3.056s] Invoking command in '/home/dron/ws_controll/src/flask_pkg': AMENT_PREFIX_PATH=/home/dron/ws_controll/install/custom_msgs:${AMENT_PREFIX_PATH} CMAKE_PREFIX_PATH=/home/dron/ws_controll/install/custom_msgs LD_LIBRARY_PATH=/home/dron/ws_controll/install/custom_msgs/lib:/usr/local/cuda-12.6/lib64:/opt/ros/humble/opt/rviz_ogre_vendor/lib:/opt/ros/humble/lib/aarch64-linux-gnu:/opt/ros/humble/lib:/usr/local/cuda-12.6/lib64 PYTHONPATH=/home/dron/ws_controll/build/flask_pkg/prefix_override:/usr/lib/python3/dist-packages/colcon_core/task/python/colcon_distutils_commands:/home/dron/ws_controll/install/flask_pkg/lib/python3.10/site-packages:/home/dron/ws_controll/install/custom_msgs/local/lib/python3.10/dist-packages:${PYTHONPATH} /usr/bin/python3 -W ignore:setup.py install is deprecated -W ignore:easy_install command is deprecated setup.py egg_info --egg-base ../../build/flask_pkg build --build-base /home/dron/ws_controll/build/flask_pkg/build install --record /home/dron/ws_controll/build/flask_pkg/install.log --single-version-externally-managed install_data
[3.682s] running egg_info
[3.684s] creating ../../build/flask_pkg/flask_pkg.egg-info
[3.684s] writing ../../build/flask_pkg/flask_pkg.egg-info/PKG-INFO
[3.685s] writing dependency_links to ../../build/flask_pkg/flask_pkg.egg-info/dependency_links.txt
[3.685s] writing entry points to ../../build/flask_pkg/flask_pkg.egg-info/entry_points.txt
[3.686s] writing requirements to ../../build/flask_pkg/flask_pkg.egg-info/requires.txt
[3.686s] writing top-level names to ../../build/flask_pkg/flask_pkg.egg-info/top_level.txt
[3.687s] writing manifest file '../../build/flask_pkg/flask_pkg.egg-info/SOURCES.txt'
[3.691s] reading manifest file '../../build/flask_pkg/flask_pkg.egg-info/SOURCES.txt'
[3.692s] writing manifest file '../../build/flask_pkg/flask_pkg.egg-info/SOURCES.txt'
[3.693s] running build
[3.693s] running build_py
[3.694s] creating /home/dron/ws_controll/build/flask_pkg/build
[3.695s] creating /home/dron/ws_controll/build/flask_pkg/build/lib
[3.695s] creating /home/dron/ws_controll/build/flask_pkg/build/lib/flask_pkg
[3.695s] copying flask_pkg/flask_server.py -> /home/dron/ws_controll/build/flask_pkg/build/lib/flask_pkg
[3.696s] copying flask_pkg/__init__.py -> /home/dron/ws_controll/build/flask_pkg/build/lib/flask_pkg
[3.696s] running install
[3.696s] running install_lib
[3.697s] creating /home/dron/ws_controll/install/flask_pkg/lib/python3.10/site-packages/flask_pkg
[3.699s] copying /home/dron/ws_controll/build/flask_pkg/build/lib/flask_pkg/flask_server.py -> /home/dron/ws_controll/install/flask_pkg/lib/python3.10/site-packages/flask_pkg
[3.699s] copying /home/dron/ws_controll/build/flask_pkg/build/lib/flask_pkg/__init__.py -> /home/dron/ws_controll/install/flask_pkg/lib/python3.10/site-packages/flask_pkg
[3.700s] byte-compiling /home/dron/ws_controll/install/flask_pkg/lib/python3.10/site-packages/flask_pkg/flask_server.py to flask_server.cpython-310.pyc
[3.703s] byte-compiling /home/dron/ws_controll/install/flask_pkg/lib/python3.10/site-packages/flask_pkg/__init__.py to __init__.cpython-310.pyc
[3.704s] running install_data
[3.705s] creating /home/dron/ws_controll/install/flask_pkg/share/ament_index
[3.705s] creating /home/dron/ws_controll/install/flask_pkg/share/ament_index/resource_index
[3.705s] creating /home/dron/ws_controll/install/flask_pkg/share/ament_index/resource_index/packages
[3.706s] copying resource/flask_pkg -> /home/dron/ws_controll/install/flask_pkg/share/ament_index/resource_index/packages
[3.706s] copying package.xml -> /home/dron/ws_controll/install/flask_pkg/share/flask_pkg
[3.706s] running install_egg_info
[3.709s] Copying ../../build/flask_pkg/flask_pkg.egg-info to /home/dron/ws_controll/install/flask_pkg/lib/python3.10/site-packages/flask_pkg-0.0.0-py3.10.egg-info
[3.712s] running install_scripts
[3.763s] Installing flask_server script to /home/dron/ws_controll/install/flask_pkg/lib/flask_pkg
[3.764s] writing list of installed files to '/home/dron/ws_controll/build/flask_pkg/install.log'
[3.870s] Invoked command in '/home/dron/ws_controll/src/flask_pkg' returned '0': AMENT_PREFIX_PATH=/home/dron/ws_controll/install/custom_msgs:${AMENT_PREFIX_PATH} CMAKE_PREFIX_PATH=/home/dron/ws_controll/install/custom_msgs LD_LIBRARY_PATH=/home/dron/ws_controll/install/custom_msgs/lib:/usr/local/cuda-12.6/lib64:/opt/ros/humble/opt/rviz_ogre_vendor/lib:/opt/ros/humble/lib/aarch64-linux-gnu:/opt/ros/humble/lib:/usr/local/cuda-12.6/lib64 PYTHONPATH=/home/dron/ws_controll/build/flask_pkg/prefix_override:/usr/lib/python3/dist-packages/colcon_core/task/python/colcon_distutils_commands:/home/dron/ws_controll/install/flask_pkg/lib/python3.10/site-packages:/home/dron/ws_controll/install/custom_msgs/local/lib/python3.10/dist-packages:${PYTHONPATH} /usr/bin/python3 -W ignore:setup.py install is deprecated -W ignore:easy_install command is deprecated setup.py egg_info --egg-base ../../build/flask_pkg build --build-base /home/dron/ws_controll/build/flask_pkg/build install --record /home/dron/ws_controll/build/flask_pkg/install.log --single-version-externally-managed install_data
