[0.055s] Invoking command in '/home/dron/ws_controller/build/custom_msgs': CMAKE_PREFIX_PATH=${CMAKE_PREFIX_PATH}:/home/dron/ws_controller/install/log_data_pkg:/home/dron/ws_controller/install/flight_controller_pkg:/home/dron/ws_controller/install/flask_pkg:/home/dron/Praca-magisterska/ros2_ws/install/um7_pkg:/home/dron/Praca-magisterska/ros2_ws/install/my_py_pkg:/home/dron/Praca-magisterska/ros2_ws/install/log_data_pkg:/home/dron/Praca-magisterska/ros2_ws/install/gs_pkg:/home/dron/Praca-magisterska/ros2_ws/install/flight_controller_pkg:/home/dron/Praca-magisterska/ros2_ws/install/flask_pkg:/home/dron/Praca-magisterska/ros2_ws/install/estimator_pkg:/opt/ros/humble VIRTUAL_ENV_PROMPT=(venv) /usr/bin/cmake --build /home/dron/ws_controller/build/custom_msgs -- -j4 -l4
[0.303s] [  1%] Built target custom_msgs__cpp
[0.317s] [ 12%] Built target custom_msgs__rosidl_generator_c
[0.382s] [ 12%] Built target ament_cmake_python_copy_custom_msgs
[0.430s] [ 24%] Built target custom_msgs__rosidl_typesupport_cpp
[0.461s] [ 35%] Built target custom_msgs__rosidl_typesupport_introspection_cpp
[0.484s] [ 47%] Built target custom_msgs__rosidl_typesupport_fastrtps_cpp
[0.516s] [ 58%] Built target custom_msgs__rosidl_typesupport_fastrtps_c
[0.549s] [ 70%] Built target custom_msgs__rosidl_typesupport_introspection_c
[0.569s] [ 82%] Built target custom_msgs__rosidl_typesupport_c
[0.664s] [ 82%] Built target custom_msgs
[0.762s] [ 83%] Built target custom_msgs__py
[0.879s] [ 93%] Built target custom_msgs__rosidl_generator_py
[1.002s] [ 95%] Built target custom_msgs__rosidl_typesupport_introspection_c__pyext
[1.007s] [ 97%] Built target custom_msgs__rosidl_typesupport_fastrtps_c__pyext
[1.018s] [100%] Built target custom_msgs__rosidl_typesupport_c__pyext
[1.715s] running egg_info
[1.718s] writing custom_msgs.egg-info/PKG-INFO
[1.719s] writing dependency_links to custom_msgs.egg-info/dependency_links.txt
[1.721s] writing top-level names to custom_msgs.egg-info/top_level.txt
[1.731s] reading manifest file 'custom_msgs.egg-info/SOURCES.txt'
[1.734s] writing manifest file 'custom_msgs.egg-info/SOURCES.txt'
[1.873s] [100%] Built target ament_cmake_python_build_custom_msgs_egg
[1.924s] Invoked command in '/home/dron/ws_controller/build/custom_msgs' returned '0': CMAKE_PREFIX_PATH=${CMAKE_PREFIX_PATH}:/home/dron/ws_controller/install/log_data_pkg:/home/dron/ws_controller/install/flight_controller_pkg:/home/dron/ws_controller/install/flask_pkg:/home/dron/Praca-magisterska/ros2_ws/install/um7_pkg:/home/dron/Praca-magisterska/ros2_ws/install/my_py_pkg:/home/dron/Praca-magisterska/ros2_ws/install/log_data_pkg:/home/dron/Praca-magisterska/ros2_ws/install/gs_pkg:/home/dron/Praca-magisterska/ros2_ws/install/flight_controller_pkg:/home/dron/Praca-magisterska/ros2_ws/install/flask_pkg:/home/dron/Praca-magisterska/ros2_ws/install/estimator_pkg:/opt/ros/humble VIRTUAL_ENV_PROMPT=(venv) /usr/bin/cmake --build /home/dron/ws_controller/build/custom_msgs -- -j4 -l4
[1.966s] Invoking command in '/home/dron/ws_controller/build/custom_msgs': CMAKE_PREFIX_PATH=${CMAKE_PREFIX_PATH}:/home/dron/ws_controller/install/log_data_pkg:/home/dron/ws_controller/install/flight_controller_pkg:/home/dron/ws_controller/install/flask_pkg:/home/dron/Praca-magisterska/ros2_ws/install/um7_pkg:/home/dron/Praca-magisterska/ros2_ws/install/my_py_pkg:/home/dron/Praca-magisterska/ros2_ws/install/log_data_pkg:/home/dron/Praca-magisterska/ros2_ws/install/gs_pkg:/home/dron/Praca-magisterska/ros2_ws/install/flight_controller_pkg:/home/dron/Praca-magisterska/ros2_ws/install/flask_pkg:/home/dron/Praca-magisterska/ros2_ws/install/estimator_pkg:/opt/ros/humble VIRTUAL_ENV_PROMPT=(venv) /usr/bin/cmake --install /home/dron/ws_controller/build/custom_msgs
[1.995s] -- Install configuration: ""
[1.995s] -- Up-to-date: /home/dron/ws_controller/install/custom_msgs/share/ament_index/resource_index/rosidl_interfaces/custom_msgs
[1.996s] -- Up-to-date: /home/dron/ws_controller/install/custom_msgs/include/custom_msgs/custom_msgs
[1.996s] -- Up-to-date: /home/dron/ws_controller/install/custom_msgs/include/custom_msgs/custom_msgs/msg
[1.996s] -- Up-to-date: /home/dron/ws_controller/install/custom_msgs/include/custom_msgs/custom_msgs/msg/imu_data.h
[1.997s] -- Up-to-date: /home/dron/ws_controller/install/custom_msgs/include/custom_msgs/custom_msgs/msg/data_xyz.h
[1.997s] -- Up-to-date: /home/dron/ws_controller/install/custom_msgs/include/custom_msgs/custom_msgs/msg/gyro_data.h
[1.998s] -- Up-to-date: /home/dron/ws_controller/install/custom_msgs/include/custom_msgs/custom_msgs/msg/estimator_data.h
[1.998s] -- Up-to-date: /home/dron/ws_controller/install/custom_msgs/include/custom_msgs/custom_msgs/msg/accel_data.h
[1.998s] -- Up-to-date: /home/dron/ws_controller/install/custom_msgs/include/custom_msgs/custom_msgs/msg/possition_data.h
[1.999s] -- Up-to-date: /home/dron/ws_controller/install/custom_msgs/include/custom_msgs/custom_msgs/msg/rosidl_generator_c__visibility_control.h
[1.999s] -- Up-to-date: /home/dron/ws_controller/install/custom_msgs/include/custom_msgs/custom_msgs/msg/geo_data.h
[2.000s] -- Up-to-date: /home/dron/ws_controller/install/custom_msgs/include/custom_msgs/custom_msgs/msg/detail
[2.000s] -- Up-to-date: /home/dron/ws_controller/install/custom_msgs/include/custom_msgs/custom_msgs/msg/detail/accel_data__type_support.h
[2.001s] -- Up-to-date: /home/dron/ws_controller/install/custom_msgs/include/custom_msgs/custom_msgs/msg/detail/data_xyz__functions.h
[2.001s] -- Up-to-date: /home/dron/ws_controller/install/custom_msgs/include/custom_msgs/custom_msgs/msg/detail/possition_data__struct.h
[2.001s] -- Up-to-date: /home/dron/ws_controller/install/custom_msgs/include/custom_msgs/custom_msgs/msg/detail/estimator_data__functions.c
[2.002s] -- Up-to-date: /home/dron/ws_controller/install/custom_msgs/include/custom_msgs/custom_msgs/msg/detail/speed_data__type_support.h
[2.002s] -- Up-to-date: /home/dron/ws_controller/install/custom_msgs/include/custom_msgs/custom_msgs/msg/detail/imu_data__functions.h
[2.003s] -- Up-to-date: /home/dron/ws_controller/install/custom_msgs/include/custom_msgs/custom_msgs/msg/detail/geo_data__functions.c
[2.003s] -- Up-to-date: /home/dron/ws_controller/install/custom_msgs/include/custom_msgs/custom_msgs/msg/detail/imu_data__type_support.h
[2.003s] -- Up-to-date: /home/dron/ws_controller/install/custom_msgs/include/custom_msgs/custom_msgs/msg/detail/accel_data__functions.c
[2.004s] -- Up-to-date: /home/dron/ws_controller/install/custom_msgs/include/custom_msgs/custom_msgs/msg/detail/possition_data__type_support.h
[2.004s] -- Up-to-date: /home/dron/ws_controller/install/custom_msgs/include/custom_msgs/custom_msgs/msg/detail/gyro_data__functions.c
[2.005s] -- Up-to-date: /home/dron/ws_controller/install/custom_msgs/include/custom_msgs/custom_msgs/msg/detail/estimator_data__struct.h
[2.006s] -- Up-to-date: /home/dron/ws_controller/install/custom_msgs/include/custom_msgs/custom_msgs/msg/detail/estimator_data__type_support.h
[2.009s] -- Up-to-date: /home/dron/ws_controller/install/custom_msgs/include/custom_msgs/custom_msgs/msg/detail/possition_data__functions.h
[2.009s] -- Up-to-date: /home/dron/ws_controller/install/custom_msgs/include/custom_msgs/custom_msgs/msg/detail/gyro_data__struct.h
[2.010s] -- Up-to-date: /home/dron/ws_controller/install/custom_msgs/include/custom_msgs/custom_msgs/msg/detail/drone_status__struct.h
[2.010s] -- Up-to-date: /home/dron/ws_controller/install/custom_msgs/include/custom_msgs/custom_msgs/msg/detail/geo_data__functions.h
[2.010s] -- Up-to-date: /home/dron/ws_controller/install/custom_msgs/include/custom_msgs/custom_msgs/msg/detail/data_xyz__functions.c
[2.011s] -- Up-to-date: /home/dron/ws_controller/install/custom_msgs/include/custom_msgs/custom_msgs/msg/detail/speed_data__functions.c
[2.011s] -- Up-to-date: /home/dron/ws_controller/install/custom_msgs/include/custom_msgs/custom_msgs/msg/detail/geo_data__type_support.h
[2.011s] -- Up-to-date: /home/dron/ws_controller/install/custom_msgs/include/custom_msgs/custom_msgs/msg/detail/geo_data__struct.h
[2.012s] -- Up-to-date: /home/dron/ws_controller/install/custom_msgs/include/custom_msgs/custom_msgs/msg/detail/speed_data__functions.h
[2.012s] -- Up-to-date: /home/dron/ws_controller/install/custom_msgs/include/custom_msgs/custom_msgs/msg/detail/drone_status__functions.h
[2.013s] -- Up-to-date: /home/dron/ws_controller/install/custom_msgs/include/custom_msgs/custom_msgs/msg/detail/data_xyz__type_support.h
[2.013s] -- Up-to-date: /home/dron/ws_controller/install/custom_msgs/include/custom_msgs/custom_msgs/msg/detail/imu_data__functions.c
[2.014s] -- Up-to-date: /home/dron/ws_controller/install/custom_msgs/include/custom_msgs/custom_msgs/msg/detail/accel_data__functions.h
[2.014s] -- Up-to-date: /home/dron/ws_controller/install/custom_msgs/include/custom_msgs/custom_msgs/msg/detail/drone_status__type_support.h
[2.015s] -- Up-to-date: /home/dron/ws_controller/install/custom_msgs/include/custom_msgs/custom_msgs/msg/detail/imu_data__struct.h
[2.015s] -- Up-to-date: /home/dron/ws_controller/install/custom_msgs/include/custom_msgs/custom_msgs/msg/detail/drone_status__functions.c
[2.016s] -- Up-to-date: /home/dron/ws_controller/install/custom_msgs/include/custom_msgs/custom_msgs/msg/detail/speed_data__struct.h
[2.017s] -- Up-to-date: /home/dron/ws_controller/install/custom_msgs/include/custom_msgs/custom_msgs/msg/detail/gyro_data__type_support.h
[2.017s] -- Up-to-date: /home/dron/ws_controller/install/custom_msgs/include/custom_msgs/custom_msgs/msg/detail/possition_data__functions.c
[2.017s] -- Up-to-date: /home/dron/ws_controller/install/custom_msgs/include/custom_msgs/custom_msgs/msg/detail/estimator_data__functions.h
[2.020s] -- Up-to-date: /home/dron/ws_controller/install/custom_msgs/include/custom_msgs/custom_msgs/msg/detail/accel_data__struct.h
[2.020s] -- Up-to-date: /home/dron/ws_controller/install/custom_msgs/include/custom_msgs/custom_msgs/msg/detail/gyro_data__functions.h
[2.021s] -- Up-to-date: /home/dron/ws_controller/install/custom_msgs/include/custom_msgs/custom_msgs/msg/detail/data_xyz__struct.h
[2.021s] -- Up-to-date: /home/dron/ws_controller/install/custom_msgs/include/custom_msgs/custom_msgs/msg/speed_data.h
[2.022s] -- Up-to-date: /home/dron/ws_controller/install/custom_msgs/include/custom_msgs/custom_msgs/msg/drone_status.h
[2.022s] -- Up-to-date: /home/dron/ws_controller/install/custom_msgs/share/custom_msgs/environment/library_path.sh
[2.023s] -- Up-to-date: /home/dron/ws_controller/install/custom_msgs/share/custom_msgs/environment/library_path.dsv
[2.023s] -- Up-to-date: /home/dron/ws_controller/install/custom_msgs/lib/libcustom_msgs__rosidl_generator_c.so
[2.024s] -- Up-to-date: /home/dron/ws_controller/install/custom_msgs/include/custom_msgs/custom_msgs
[2.024s] -- Up-to-date: /home/dron/ws_controller/install/custom_msgs/include/custom_msgs/custom_msgs/msg
[2.024s] -- Up-to-date: /home/dron/ws_controller/install/custom_msgs/include/custom_msgs/custom_msgs/msg/rosidl_typesupport_fastrtps_c__visibility_control.h
[2.025s] -- Up-to-date: /home/dron/ws_controller/install/custom_msgs/include/custom_msgs/custom_msgs/msg/detail
[2.025s] -- Up-to-date: /home/dron/ws_controller/install/custom_msgs/include/custom_msgs/custom_msgs/msg/detail/speed_data__rosidl_typesupport_fastrtps_c.h
[2.026s] -- Up-to-date: /home/dron/ws_controller/install/custom_msgs/include/custom_msgs/custom_msgs/msg/detail/geo_data__rosidl_typesupport_fastrtps_c.h
[2.026s] -- Up-to-date: /home/dron/ws_controller/install/custom_msgs/include/custom_msgs/custom_msgs/msg/detail/imu_data__rosidl_typesupport_fastrtps_c.h
[2.027s] -- Up-to-date: /home/dron/ws_controller/install/custom_msgs/include/custom_msgs/custom_msgs/msg/detail/gyro_data__rosidl_typesupport_fastrtps_c.h
[2.027s] -- Up-to-date: /home/dron/ws_controller/install/custom_msgs/include/custom_msgs/custom_msgs/msg/detail/accel_data__rosidl_typesupport_fastrtps_c.h
[2.027s] -- Up-to-date: /home/dron/ws_controller/install/custom_msgs/include/custom_msgs/custom_msgs/msg/detail/data_xyz__rosidl_typesupport_fastrtps_c.h
[2.028s] -- Up-to-date: /home/dron/ws_controller/install/custom_msgs/include/custom_msgs/custom_msgs/msg/detail/drone_status__rosidl_typesupport_fastrtps_c.h
[2.028s] -- Up-to-date: /home/dron/ws_controller/install/custom_msgs/include/custom_msgs/custom_msgs/msg/detail/possition_data__rosidl_typesupport_fastrtps_c.h
[2.028s] -- Up-to-date: /home/dron/ws_controller/install/custom_msgs/include/custom_msgs/custom_msgs/msg/detail/estimator_data__rosidl_typesupport_fastrtps_c.h
[2.029s] -- Up-to-date: /home/dron/ws_controller/install/custom_msgs/lib/libcustom_msgs__rosidl_typesupport_fastrtps_c.so
[2.029s] -- Up-to-date: /home/dron/ws_controller/install/custom_msgs/include/custom_msgs/custom_msgs
[2.029s] -- Up-to-date: /home/dron/ws_controller/install/custom_msgs/include/custom_msgs/custom_msgs/msg
[2.030s] -- Up-to-date: /home/dron/ws_controller/install/custom_msgs/include/custom_msgs/custom_msgs/msg/detail
[2.030s] -- Up-to-date: /home/dron/ws_controller/install/custom_msgs/include/custom_msgs/custom_msgs/msg/detail/estimator_data__rosidl_typesupport_introspection_c.h
[2.030s] -- Up-to-date: /home/dron/ws_controller/install/custom_msgs/include/custom_msgs/custom_msgs/msg/detail/speed_data__type_support.c
[2.031s] -- Up-to-date: /home/dron/ws_controller/install/custom_msgs/include/custom_msgs/custom_msgs/msg/detail/geo_data__rosidl_typesupport_introspection_c.h
[2.031s] -- Up-to-date: /home/dron/ws_controller/install/custom_msgs/include/custom_msgs/custom_msgs/msg/detail/possition_data__rosidl_typesupport_introspection_c.h
[2.032s] -- Up-to-date: /home/dron/ws_controller/install/custom_msgs/include/custom_msgs/custom_msgs/msg/detail/data_xyz__type_support.c
[2.032s] -- Up-to-date: /home/dron/ws_controller/install/custom_msgs/include/custom_msgs/custom_msgs/msg/detail/drone_status__rosidl_typesupport_introspection_c.h
[2.032s] -- Up-to-date: /home/dron/ws_controller/install/custom_msgs/include/custom_msgs/custom_msgs/msg/detail/drone_status__type_support.c
[2.033s] -- Up-to-date: /home/dron/ws_controller/install/custom_msgs/include/custom_msgs/custom_msgs/msg/detail/data_xyz__rosidl_typesupport_introspection_c.h
[2.033s] -- Up-to-date: /home/dron/ws_controller/install/custom_msgs/include/custom_msgs/custom_msgs/msg/detail/imu_data__rosidl_typesupport_introspection_c.h
[2.033s] -- Up-to-date: /home/dron/ws_controller/install/custom_msgs/include/custom_msgs/custom_msgs/msg/detail/geo_data__type_support.c
[2.034s] -- Up-to-date: /home/dron/ws_controller/install/custom_msgs/include/custom_msgs/custom_msgs/msg/detail/possition_data__type_support.c
[2.034s] -- Up-to-date: /home/dron/ws_controller/install/custom_msgs/include/custom_msgs/custom_msgs/msg/detail/imu_data__type_support.c
[2.035s] -- Up-to-date: /home/dron/ws_controller/install/custom_msgs/include/custom_msgs/custom_msgs/msg/detail/accel_data__rosidl_typesupport_introspection_c.h
[2.035s] -- Up-to-date: /home/dron/ws_controller/install/custom_msgs/include/custom_msgs/custom_msgs/msg/detail/gyro_data__rosidl_typesupport_introspection_c.h
[2.036s] -- Up-to-date: /home/dron/ws_controller/install/custom_msgs/include/custom_msgs/custom_msgs/msg/detail/estimator_data__type_support.c
[2.036s] -- Up-to-date: /home/dron/ws_controller/install/custom_msgs/include/custom_msgs/custom_msgs/msg/detail/accel_data__type_support.c
[2.036s] -- Up-to-date: /home/dron/ws_controller/install/custom_msgs/include/custom_msgs/custom_msgs/msg/detail/gyro_data__type_support.c
[2.037s] -- Up-to-date: /home/dron/ws_controller/install/custom_msgs/include/custom_msgs/custom_msgs/msg/detail/speed_data__rosidl_typesupport_introspection_c.h
[2.037s] -- Up-to-date: /home/dron/ws_controller/install/custom_msgs/include/custom_msgs/custom_msgs/msg/rosidl_typesupport_introspection_c__visibility_control.h
[2.038s] -- Up-to-date: /home/dron/ws_controller/install/custom_msgs/lib/libcustom_msgs__rosidl_typesupport_introspection_c.so
[2.038s] -- Up-to-date: /home/dron/ws_controller/install/custom_msgs/lib/libcustom_msgs__rosidl_typesupport_c.so
[2.039s] -- Up-to-date: /home/dron/ws_controller/install/custom_msgs/include/custom_msgs/custom_msgs
[2.039s] -- Up-to-date: /home/dron/ws_controller/install/custom_msgs/include/custom_msgs/custom_msgs/msg
[2.039s] -- Up-to-date: /home/dron/ws_controller/install/custom_msgs/include/custom_msgs/custom_msgs/msg/accel_data.hpp
[2.040s] -- Up-to-date: /home/dron/ws_controller/install/custom_msgs/include/custom_msgs/custom_msgs/msg/data_xyz.hpp
[2.040s] -- Up-to-date: /home/dron/ws_controller/install/custom_msgs/include/custom_msgs/custom_msgs/msg/possition_data.hpp
[2.041s] -- Up-to-date: /home/dron/ws_controller/install/custom_msgs/include/custom_msgs/custom_msgs/msg/gyro_data.hpp
[2.041s] -- Up-to-date: /home/dron/ws_controller/install/custom_msgs/include/custom_msgs/custom_msgs/msg/estimator_data.hpp
[2.041s] -- Up-to-date: /home/dron/ws_controller/install/custom_msgs/include/custom_msgs/custom_msgs/msg/drone_status.hpp
[2.042s] -- Up-to-date: /home/dron/ws_controller/install/custom_msgs/include/custom_msgs/custom_msgs/msg/detail
[2.042s] -- Up-to-date: /home/dron/ws_controller/install/custom_msgs/include/custom_msgs/custom_msgs/msg/detail/possition_data__traits.hpp
[2.043s] -- Up-to-date: /home/dron/ws_controller/install/custom_msgs/include/custom_msgs/custom_msgs/msg/detail/speed_data__struct.hpp
[2.043s] -- Up-to-date: /home/dron/ws_controller/install/custom_msgs/include/custom_msgs/custom_msgs/msg/detail/gyro_data__struct.hpp
[2.044s] -- Up-to-date: /home/dron/ws_controller/install/custom_msgs/include/custom_msgs/custom_msgs/msg/detail/data_xyz__builder.hpp
[2.044s] -- Up-to-date: /home/dron/ws_controller/install/custom_msgs/include/custom_msgs/custom_msgs/msg/detail/drone_status__traits.hpp
[2.044s] -- Up-to-date: /home/dron/ws_controller/install/custom_msgs/include/custom_msgs/custom_msgs/msg/detail/gyro_data__traits.hpp
[2.045s] -- Up-to-date: /home/dron/ws_controller/install/custom_msgs/include/custom_msgs/custom_msgs/msg/detail/geo_data__traits.hpp
[2.045s] -- Up-to-date: /home/dron/ws_controller/install/custom_msgs/include/custom_msgs/custom_msgs/msg/detail/speed_data__type_support.hpp
[2.046s] -- Up-to-date: /home/dron/ws_controller/install/custom_msgs/include/custom_msgs/custom_msgs/msg/detail/data_xyz__type_support.hpp
[2.046s] -- Up-to-date: /home/dron/ws_controller/install/custom_msgs/include/custom_msgs/custom_msgs/msg/detail/possition_data__builder.hpp
[2.046s] -- Up-to-date: /home/dron/ws_controller/install/custom_msgs/include/custom_msgs/custom_msgs/msg/detail/gyro_data__builder.hpp
[2.047s] -- Up-to-date: /home/dron/ws_controller/install/custom_msgs/include/custom_msgs/custom_msgs/msg/detail/estimator_data__traits.hpp
[2.047s] -- Up-to-date: /home/dron/ws_controller/install/custom_msgs/include/custom_msgs/custom_msgs/msg/detail/speed_data__builder.hpp
[2.048s] -- Up-to-date: /home/dron/ws_controller/install/custom_msgs/include/custom_msgs/custom_msgs/msg/detail/estimator_data__type_support.hpp
[2.048s] -- Up-to-date: /home/dron/ws_controller/install/custom_msgs/include/custom_msgs/custom_msgs/msg/detail/possition_data__type_support.hpp
[2.048s] -- Up-to-date: /home/dron/ws_controller/install/custom_msgs/include/custom_msgs/custom_msgs/msg/detail/accel_data__struct.hpp
[2.049s] -- Up-to-date: /home/dron/ws_controller/install/custom_msgs/include/custom_msgs/custom_msgs/msg/detail/imu_data__struct.hpp
[2.049s] -- Up-to-date: /home/dron/ws_controller/install/custom_msgs/include/custom_msgs/custom_msgs/msg/detail/estimator_data__struct.hpp
[2.050s] -- Up-to-date: /home/dron/ws_controller/install/custom_msgs/include/custom_msgs/custom_msgs/msg/detail/speed_data__traits.hpp
[2.050s] -- Up-to-date: /home/dron/ws_controller/install/custom_msgs/include/custom_msgs/custom_msgs/msg/detail/imu_data__type_support.hpp
[2.050s] -- Up-to-date: /home/dron/ws_controller/install/custom_msgs/include/custom_msgs/custom_msgs/msg/detail/possition_data__struct.hpp
[2.051s] -- Up-to-date: /home/dron/ws_controller/install/custom_msgs/include/custom_msgs/custom_msgs/msg/detail/geo_data__type_support.hpp
[2.051s] -- Up-to-date: /home/dron/ws_controller/install/custom_msgs/include/custom_msgs/custom_msgs/msg/detail/data_xyz__traits.hpp
[2.051s] -- Up-to-date: /home/dron/ws_controller/install/custom_msgs/include/custom_msgs/custom_msgs/msg/detail/geo_data__builder.hpp
[2.052s] -- Up-to-date: /home/dron/ws_controller/install/custom_msgs/include/custom_msgs/custom_msgs/msg/detail/accel_data__traits.hpp
[2.052s] -- Up-to-date: /home/dron/ws_controller/install/custom_msgs/include/custom_msgs/custom_msgs/msg/detail/data_xyz__struct.hpp
[2.053s] -- Up-to-date: /home/dron/ws_controller/install/custom_msgs/include/custom_msgs/custom_msgs/msg/detail/gyro_data__type_support.hpp
[2.053s] -- Up-to-date: /home/dron/ws_controller/install/custom_msgs/include/custom_msgs/custom_msgs/msg/detail/geo_data__struct.hpp
[2.054s] -- Up-to-date: /home/dron/ws_controller/install/custom_msgs/include/custom_msgs/custom_msgs/msg/detail/estimator_data__builder.hpp
[2.054s] -- Up-to-date: /home/dron/ws_controller/install/custom_msgs/include/custom_msgs/custom_msgs/msg/detail/imu_data__traits.hpp
[2.054s] -- Up-to-date: /home/dron/ws_controller/install/custom_msgs/include/custom_msgs/custom_msgs/msg/detail/drone_status__type_support.hpp
[2.055s] -- Up-to-date: /home/dron/ws_controller/install/custom_msgs/include/custom_msgs/custom_msgs/msg/detail/drone_status__builder.hpp
[2.055s] -- Up-to-date: /home/dron/ws_controller/install/custom_msgs/include/custom_msgs/custom_msgs/msg/detail/accel_data__builder.hpp
[2.056s] -- Up-to-date: /home/dron/ws_controller/install/custom_msgs/include/custom_msgs/custom_msgs/msg/detail/accel_data__type_support.hpp
[2.056s] -- Up-to-date: /home/dron/ws_controller/install/custom_msgs/include/custom_msgs/custom_msgs/msg/detail/drone_status__struct.hpp
[2.056s] -- Up-to-date: /home/dron/ws_controller/install/custom_msgs/include/custom_msgs/custom_msgs/msg/detail/imu_data__builder.hpp
[2.057s] -- Up-to-date: /home/dron/ws_controller/install/custom_msgs/include/custom_msgs/custom_msgs/msg/speed_data.hpp
[2.057s] -- Up-to-date: /home/dron/ws_controller/install/custom_msgs/include/custom_msgs/custom_msgs/msg/imu_data.hpp
[2.058s] -- Up-to-date: /home/dron/ws_controller/install/custom_msgs/include/custom_msgs/custom_msgs/msg/geo_data.hpp
[2.058s] -- Up-to-date: /home/dron/ws_controller/install/custom_msgs/include/custom_msgs/custom_msgs/msg/rosidl_generator_cpp__visibility_control.hpp
[2.058s] -- Up-to-date: /home/dron/ws_controller/install/custom_msgs/include/custom_msgs/custom_msgs
[2.059s] -- Up-to-date: /home/dron/ws_controller/install/custom_msgs/include/custom_msgs/custom_msgs/msg
[2.059s] -- Up-to-date: /home/dron/ws_controller/install/custom_msgs/include/custom_msgs/custom_msgs/msg/rosidl_typesupport_fastrtps_cpp__visibility_control.h
[2.059s] -- Up-to-date: /home/dron/ws_controller/install/custom_msgs/include/custom_msgs/custom_msgs/msg/detail
[2.060s] -- Up-to-date: /home/dron/ws_controller/install/custom_msgs/include/custom_msgs/custom_msgs/msg/detail/estimator_data__rosidl_typesupport_fastrtps_cpp.hpp
[2.060s] -- Up-to-date: /home/dron/ws_controller/install/custom_msgs/include/custom_msgs/custom_msgs/msg/detail/dds_fastrtps
[2.061s] -- Up-to-date: /home/dron/ws_controller/install/custom_msgs/include/custom_msgs/custom_msgs/msg/detail/speed_data__rosidl_typesupport_fastrtps_cpp.hpp
[2.061s] -- Up-to-date: /home/dron/ws_controller/install/custom_msgs/include/custom_msgs/custom_msgs/msg/detail/gyro_data__rosidl_typesupport_fastrtps_cpp.hpp
[2.061s] -- Up-to-date: /home/dron/ws_controller/install/custom_msgs/include/custom_msgs/custom_msgs/msg/detail/geo_data__rosidl_typesupport_fastrtps_cpp.hpp
[2.062s] -- Up-to-date: /home/dron/ws_controller/install/custom_msgs/include/custom_msgs/custom_msgs/msg/detail/imu_data__rosidl_typesupport_fastrtps_cpp.hpp
[2.062s] -- Up-to-date: /home/dron/ws_controller/install/custom_msgs/include/custom_msgs/custom_msgs/msg/detail/accel_data__rosidl_typesupport_fastrtps_cpp.hpp
[2.062s] -- Up-to-date: /home/dron/ws_controller/install/custom_msgs/include/custom_msgs/custom_msgs/msg/detail/drone_status__rosidl_typesupport_fastrtps_cpp.hpp
[2.063s] -- Up-to-date: /home/dron/ws_controller/install/custom_msgs/include/custom_msgs/custom_msgs/msg/detail/data_xyz__rosidl_typesupport_fastrtps_cpp.hpp
[2.063s] -- Up-to-date: /home/dron/ws_controller/install/custom_msgs/include/custom_msgs/custom_msgs/msg/detail/possition_data__rosidl_typesupport_fastrtps_cpp.hpp
[2.064s] -- Up-to-date: /home/dron/ws_controller/install/custom_msgs/lib/libcustom_msgs__rosidl_typesupport_fastrtps_cpp.so
[2.064s] -- Up-to-date: /home/dron/ws_controller/install/custom_msgs/include/custom_msgs/custom_msgs
[2.064s] -- Up-to-date: /home/dron/ws_controller/install/custom_msgs/include/custom_msgs/custom_msgs/msg
[2.065s] -- Up-to-date: /home/dron/ws_controller/install/custom_msgs/include/custom_msgs/custom_msgs/msg/detail
[2.065s] -- Up-to-date: /home/dron/ws_controller/install/custom_msgs/include/custom_msgs/custom_msgs/msg/detail/imu_data__rosidl_typesupport_introspection_cpp.hpp
[2.066s] -- Up-to-date: /home/dron/ws_controller/install/custom_msgs/include/custom_msgs/custom_msgs/msg/detail/drone_status__type_support.cpp
[2.066s] -- Up-to-date: /home/dron/ws_controller/install/custom_msgs/include/custom_msgs/custom_msgs/msg/detail/possition_data__rosidl_typesupport_introspection_cpp.hpp
[2.066s] -- Up-to-date: /home/dron/ws_controller/install/custom_msgs/include/custom_msgs/custom_msgs/msg/detail/data_xyz__type_support.cpp
[2.067s] -- Up-to-date: /home/dron/ws_controller/install/custom_msgs/include/custom_msgs/custom_msgs/msg/detail/accel_data__rosidl_typesupport_introspection_cpp.hpp
[2.067s] -- Up-to-date: /home/dron/ws_controller/install/custom_msgs/include/custom_msgs/custom_msgs/msg/detail/estimator_data__type_support.cpp
[2.067s] -- Up-to-date: /home/dron/ws_controller/install/custom_msgs/include/custom_msgs/custom_msgs/msg/detail/geo_data__type_support.cpp
[2.068s] -- Up-to-date: /home/dron/ws_controller/install/custom_msgs/include/custom_msgs/custom_msgs/msg/detail/gyro_data__rosidl_typesupport_introspection_cpp.hpp
[2.068s] -- Up-to-date: /home/dron/ws_controller/install/custom_msgs/include/custom_msgs/custom_msgs/msg/detail/drone_status__rosidl_typesupport_introspection_cpp.hpp
[2.068s] -- Up-to-date: /home/dron/ws_controller/install/custom_msgs/include/custom_msgs/custom_msgs/msg/detail/imu_data__type_support.cpp
[2.069s] -- Up-to-date: /home/dron/ws_controller/install/custom_msgs/include/custom_msgs/custom_msgs/msg/detail/gyro_data__type_support.cpp
[2.069s] -- Up-to-date: /home/dron/ws_controller/install/custom_msgs/include/custom_msgs/custom_msgs/msg/detail/speed_data__rosidl_typesupport_introspection_cpp.hpp
[2.069s] -- Up-to-date: /home/dron/ws_controller/install/custom_msgs/include/custom_msgs/custom_msgs/msg/detail/estimator_data__rosidl_typesupport_introspection_cpp.hpp
[2.070s] -- Up-to-date: /home/dron/ws_controller/install/custom_msgs/include/custom_msgs/custom_msgs/msg/detail/speed_data__type_support.cpp
[2.070s] -- Up-to-date: /home/dron/ws_controller/install/custom_msgs/include/custom_msgs/custom_msgs/msg/detail/accel_data__type_support.cpp
[2.070s] -- Up-to-date: /home/dron/ws_controller/install/custom_msgs/include/custom_msgs/custom_msgs/msg/detail/possition_data__type_support.cpp
[2.071s] -- Up-to-date: /home/dron/ws_controller/install/custom_msgs/include/custom_msgs/custom_msgs/msg/detail/data_xyz__rosidl_typesupport_introspection_cpp.hpp
[2.071s] -- Up-to-date: /home/dron/ws_controller/install/custom_msgs/include/custom_msgs/custom_msgs/msg/detail/geo_data__rosidl_typesupport_introspection_cpp.hpp
[2.072s] -- Up-to-date: /home/dron/ws_controller/install/custom_msgs/lib/libcustom_msgs__rosidl_typesupport_introspection_cpp.so
[2.072s] -- Up-to-date: /home/dron/ws_controller/install/custom_msgs/lib/libcustom_msgs__rosidl_typesupport_cpp.so
[2.073s] -- Up-to-date: /home/dron/ws_controller/install/custom_msgs/share/custom_msgs/environment/pythonpath.sh
[2.073s] -- Up-to-date: /home/dron/ws_controller/install/custom_msgs/share/custom_msgs/environment/pythonpath.dsv
[2.073s] -- Up-to-date: /home/dron/ws_controller/install/custom_msgs/local/lib/python3.10/dist-packages/custom_msgs-0.0.0-py3.10.egg-info
[2.074s] -- Installing: /home/dron/ws_controller/install/custom_msgs/local/lib/python3.10/dist-packages/custom_msgs-0.0.0-py3.10.egg-info/PKG-INFO
[2.074s] -- Installing: /home/dron/ws_controller/install/custom_msgs/local/lib/python3.10/dist-packages/custom_msgs-0.0.0-py3.10.egg-info/top_level.txt
[2.075s] -- Installing: /home/dron/ws_controller/install/custom_msgs/local/lib/python3.10/dist-packages/custom_msgs-0.0.0-py3.10.egg-info/SOURCES.txt
[2.075s] -- Installing: /home/dron/ws_controller/install/custom_msgs/local/lib/python3.10/dist-packages/custom_msgs-0.0.0-py3.10.egg-info/dependency_links.txt
[2.076s] -- Up-to-date: /home/dron/ws_controller/install/custom_msgs/local/lib/python3.10/dist-packages/custom_msgs
[2.076s] -- Up-to-date: /home/dron/ws_controller/install/custom_msgs/local/lib/python3.10/dist-packages/custom_msgs/_custom_msgs_s.ep.rosidl_typesupport_introspection_c.c
[2.076s] -- Up-to-date: /home/dron/ws_controller/install/custom_msgs/local/lib/python3.10/dist-packages/custom_msgs/__init__.py
[2.077s] -- Up-to-date: /home/dron/ws_controller/install/custom_msgs/local/lib/python3.10/dist-packages/custom_msgs/custom_msgs_s__rosidl_typesupport_introspection_c.cpython-310-aarch64-linux-gnu.so
[2.077s] -- Up-to-date: /home/dron/ws_controller/install/custom_msgs/local/lib/python3.10/dist-packages/custom_msgs/_custom_msgs_s.ep.rosidl_typesupport_c.c
[2.077s] -- Up-to-date: /home/dron/ws_controller/install/custom_msgs/local/lib/python3.10/dist-packages/custom_msgs/custom_msgs_s__rosidl_typesupport_c.cpython-310-aarch64-linux-gnu.so
[2.078s] -- Up-to-date: /home/dron/ws_controller/install/custom_msgs/local/lib/python3.10/dist-packages/custom_msgs/_custom_msgs_s.ep.rosidl_typesupport_fastrtps_c.c
[2.078s] -- Up-to-date: /home/dron/ws_controller/install/custom_msgs/local/lib/python3.10/dist-packages/custom_msgs/libcustom_msgs__rosidl_generator_py.so
[2.079s] -- Up-to-date: /home/dron/ws_controller/install/custom_msgs/local/lib/python3.10/dist-packages/custom_msgs/msg
[2.079s] -- Up-to-date: /home/dron/ws_controller/install/custom_msgs/local/lib/python3.10/dist-packages/custom_msgs/msg/_speed_data.py
[2.080s] -- Up-to-date: /home/dron/ws_controller/install/custom_msgs/local/lib/python3.10/dist-packages/custom_msgs/msg/_drone_status_s.c
[2.080s] -- Up-to-date: /home/dron/ws_controller/install/custom_msgs/local/lib/python3.10/dist-packages/custom_msgs/msg/_geo_data.py
[2.080s] -- Up-to-date: /home/dron/ws_controller/install/custom_msgs/local/lib/python3.10/dist-packages/custom_msgs/msg/__init__.py
[2.081s] -- Up-to-date: /home/dron/ws_controller/install/custom_msgs/local/lib/python3.10/dist-packages/custom_msgs/msg/_data_xyz_s.c
[2.081s] -- Up-to-date: /home/dron/ws_controller/install/custom_msgs/local/lib/python3.10/dist-packages/custom_msgs/msg/_imu_data_s.c
[2.081s] -- Up-to-date: /home/dron/ws_controller/install/custom_msgs/local/lib/python3.10/dist-packages/custom_msgs/msg/_estimator_data_s.c
[2.081s] -- Up-to-date: /home/dron/ws_controller/install/custom_msgs/local/lib/python3.10/dist-packages/custom_msgs/msg/_accel_data_s.c
[2.082s] -- Up-to-date: /home/dron/ws_controller/install/custom_msgs/local/lib/python3.10/dist-packages/custom_msgs/msg/_geo_data_s.c
[2.082s] -- Up-to-date: /home/dron/ws_controller/install/custom_msgs/local/lib/python3.10/dist-packages/custom_msgs/msg/_drone_status.py
[2.082s] -- Up-to-date: /home/dron/ws_controller/install/custom_msgs/local/lib/python3.10/dist-packages/custom_msgs/msg/_imu_data.py
[2.083s] -- Up-to-date: /home/dron/ws_controller/install/custom_msgs/local/lib/python3.10/dist-packages/custom_msgs/msg/_data_xyz.py
[2.083s] -- Up-to-date: /home/dron/ws_controller/install/custom_msgs/local/lib/python3.10/dist-packages/custom_msgs/msg/_speed_data_s.c
[2.083s] -- Up-to-date: /home/dron/ws_controller/install/custom_msgs/local/lib/python3.10/dist-packages/custom_msgs/msg/_gyro_data.py
[2.084s] -- Up-to-date: /home/dron/ws_controller/install/custom_msgs/local/lib/python3.10/dist-packages/custom_msgs/msg/_possition_data_s.c
[2.084s] -- Up-to-date: /home/dron/ws_controller/install/custom_msgs/local/lib/python3.10/dist-packages/custom_msgs/msg/_gyro_data_s.c
[2.085s] -- Up-to-date: /home/dron/ws_controller/install/custom_msgs/local/lib/python3.10/dist-packages/custom_msgs/msg/_estimator_data.py
[2.085s] -- Up-to-date: /home/dron/ws_controller/install/custom_msgs/local/lib/python3.10/dist-packages/custom_msgs/msg/_possition_data.py
[2.085s] -- Up-to-date: /home/dron/ws_controller/install/custom_msgs/local/lib/python3.10/dist-packages/custom_msgs/msg/_accel_data.py
[2.086s] -- Up-to-date: /home/dron/ws_controller/install/custom_msgs/local/lib/python3.10/dist-packages/custom_msgs/custom_msgs_s__rosidl_typesupport_fastrtps_c.cpython-310-aarch64-linux-gnu.so
[2.270s] Listing '/home/dron/ws_controller/install/custom_msgs/local/lib/python3.10/dist-packages/custom_msgs'...
[2.271s] Listing '/home/dron/ws_controller/install/custom_msgs/local/lib/python3.10/dist-packages/custom_msgs/msg'...
[2.295s] -- Up-to-date: /home/dron/ws_controller/install/custom_msgs/local/lib/python3.10/dist-packages/custom_msgs/custom_msgs_s__rosidl_typesupport_fastrtps_c.cpython-310-aarch64-linux-gnu.so
[2.298s] -- Up-to-date: /home/dron/ws_controller/install/custom_msgs/local/lib/python3.10/dist-packages/custom_msgs/custom_msgs_s__rosidl_typesupport_introspection_c.cpython-310-aarch64-linux-gnu.so
[2.300s] -- Up-to-date: /home/dron/ws_controller/install/custom_msgs/local/lib/python3.10/dist-packages/custom_msgs/custom_msgs_s__rosidl_typesupport_c.cpython-310-aarch64-linux-gnu.so
[2.302s] -- Up-to-date: /home/dron/ws_controller/install/custom_msgs/lib/libcustom_msgs__rosidl_generator_py.so
[2.304s] -- Up-to-date: /home/dron/ws_controller/install/custom_msgs/share/custom_msgs/msg/AccelData.idl
[2.305s] -- Up-to-date: /home/dron/ws_controller/install/custom_msgs/share/custom_msgs/msg/GyroData.idl
[2.305s] -- Up-to-date: /home/dron/ws_controller/install/custom_msgs/share/custom_msgs/msg/ImuData.idl
[2.306s] -- Up-to-date: /home/dron/ws_controller/install/custom_msgs/share/custom_msgs/msg/EstimatorData.idl
[2.306s] -- Up-to-date: /home/dron/ws_controller/install/custom_msgs/share/custom_msgs/msg/PossitionData.idl
[2.307s] -- Up-to-date: /home/dron/ws_controller/install/custom_msgs/share/custom_msgs/msg/SpeedData.idl
[2.308s] -- Up-to-date: /home/dron/ws_controller/install/custom_msgs/share/custom_msgs/msg/DataXYZ.idl
[2.309s] -- Up-to-date: /home/dron/ws_controller/install/custom_msgs/share/custom_msgs/msg/DroneStatus.idl
[2.310s] -- Up-to-date: /home/dron/ws_controller/install/custom_msgs/share/custom_msgs/msg/GeoData.idl
[2.310s] -- Up-to-date: /home/dron/ws_controller/install/custom_msgs/share/custom_msgs/msg/AccelData.msg
[2.311s] -- Up-to-date: /home/dron/ws_controller/install/custom_msgs/share/custom_msgs/msg/GyroData.msg
[2.312s] -- Up-to-date: /home/dron/ws_controller/install/custom_msgs/share/custom_msgs/msg/ImuData.msg
[2.312s] -- Up-to-date: /home/dron/ws_controller/install/custom_msgs/share/custom_msgs/msg/EstimatorData.msg
[2.313s] -- Up-to-date: /home/dron/ws_controller/install/custom_msgs/share/custom_msgs/msg/PossitionData.msg
[2.313s] -- Up-to-date: /home/dron/ws_controller/install/custom_msgs/share/custom_msgs/msg/SpeedData.msg
[2.314s] -- Up-to-date: /home/dron/ws_controller/install/custom_msgs/share/custom_msgs/msg/DataXYZ.msg
[2.314s] -- Up-to-date: /home/dron/ws_controller/install/custom_msgs/share/custom_msgs/msg/DroneStatus.msg
[2.315s] -- Up-to-date: /home/dron/ws_controller/install/custom_msgs/share/custom_msgs/msg/GeoData.msg
[2.315s] -- Up-to-date: /home/dron/ws_controller/install/custom_msgs/share/ament_index/resource_index/package_run_dependencies/custom_msgs
[2.316s] -- Up-to-date: /home/dron/ws_controller/install/custom_msgs/share/ament_index/resource_index/parent_prefix_path/custom_msgs
[2.317s] -- Up-to-date: /home/dron/ws_controller/install/custom_msgs/share/custom_msgs/environment/ament_prefix_path.sh
[2.317s] -- Up-to-date: /home/dron/ws_controller/install/custom_msgs/share/custom_msgs/environment/ament_prefix_path.dsv
[2.318s] -- Up-to-date: /home/dron/ws_controller/install/custom_msgs/share/custom_msgs/environment/path.sh
[2.318s] -- Up-to-date: /home/dron/ws_controller/install/custom_msgs/share/custom_msgs/environment/path.dsv
[2.319s] -- Up-to-date: /home/dron/ws_controller/install/custom_msgs/share/custom_msgs/local_setup.bash
[2.319s] -- Up-to-date: /home/dron/ws_controller/install/custom_msgs/share/custom_msgs/local_setup.sh
[2.319s] -- Up-to-date: /home/dron/ws_controller/install/custom_msgs/share/custom_msgs/local_setup.zsh
[2.320s] -- Up-to-date: /home/dron/ws_controller/install/custom_msgs/share/custom_msgs/local_setup.dsv
[2.320s] -- Installing: /home/dron/ws_controller/install/custom_msgs/share/custom_msgs/package.dsv
[2.321s] -- Up-to-date: /home/dron/ws_controller/install/custom_msgs/share/ament_index/resource_index/packages/custom_msgs
[2.321s] -- Up-to-date: /home/dron/ws_controller/install/custom_msgs/share/custom_msgs/cmake/export_custom_msgs__rosidl_generator_cExport.cmake
[2.322s] -- Up-to-date: /home/dron/ws_controller/install/custom_msgs/share/custom_msgs/cmake/export_custom_msgs__rosidl_generator_cExport-noconfig.cmake
[2.322s] -- Up-to-date: /home/dron/ws_controller/install/custom_msgs/share/custom_msgs/cmake/export_custom_msgs__rosidl_typesupport_fastrtps_cExport.cmake
[2.323s] -- Up-to-date: /home/dron/ws_controller/install/custom_msgs/share/custom_msgs/cmake/export_custom_msgs__rosidl_typesupport_fastrtps_cExport-noconfig.cmake
[2.324s] -- Up-to-date: /home/dron/ws_controller/install/custom_msgs/share/custom_msgs/cmake/custom_msgs__rosidl_typesupport_introspection_cExport.cmake
[2.324s] -- Up-to-date: /home/dron/ws_controller/install/custom_msgs/share/custom_msgs/cmake/custom_msgs__rosidl_typesupport_introspection_cExport-noconfig.cmake
[2.325s] -- Up-to-date: /home/dron/ws_controller/install/custom_msgs/share/custom_msgs/cmake/custom_msgs__rosidl_typesupport_cExport.cmake
[2.326s] -- Up-to-date: /home/dron/ws_controller/install/custom_msgs/share/custom_msgs/cmake/custom_msgs__rosidl_typesupport_cExport-noconfig.cmake
[2.326s] -- Up-to-date: /home/dron/ws_controller/install/custom_msgs/share/custom_msgs/cmake/export_custom_msgs__rosidl_generator_cppExport.cmake
[2.327s] -- Up-to-date: /home/dron/ws_controller/install/custom_msgs/share/custom_msgs/cmake/export_custom_msgs__rosidl_typesupport_fastrtps_cppExport.cmake
[2.328s] -- Up-to-date: /home/dron/ws_controller/install/custom_msgs/share/custom_msgs/cmake/export_custom_msgs__rosidl_typesupport_fastrtps_cppExport-noconfig.cmake
[2.329s] -- Up-to-date: /home/dron/ws_controller/install/custom_msgs/share/custom_msgs/cmake/custom_msgs__rosidl_typesupport_introspection_cppExport.cmake
[2.329s] -- Up-to-date: /home/dron/ws_controller/install/custom_msgs/share/custom_msgs/cmake/custom_msgs__rosidl_typesupport_introspection_cppExport-noconfig.cmake
[2.330s] -- Up-to-date: /home/dron/ws_controller/install/custom_msgs/share/custom_msgs/cmake/custom_msgs__rosidl_typesupport_cppExport.cmake
[2.331s] -- Up-to-date: /home/dron/ws_controller/install/custom_msgs/share/custom_msgs/cmake/custom_msgs__rosidl_typesupport_cppExport-noconfig.cmake
[2.332s] -- Up-to-date: /home/dron/ws_controller/install/custom_msgs/share/custom_msgs/cmake/export_custom_msgs__rosidl_generator_pyExport.cmake
[2.332s] -- Up-to-date: /home/dron/ws_controller/install/custom_msgs/share/custom_msgs/cmake/export_custom_msgs__rosidl_generator_pyExport-noconfig.cmake
[2.333s] -- Up-to-date: /home/dron/ws_controller/install/custom_msgs/share/custom_msgs/cmake/rosidl_cmake-extras.cmake
[2.333s] -- Up-to-date: /home/dron/ws_controller/install/custom_msgs/share/custom_msgs/cmake/ament_cmake_export_include_directories-extras.cmake
[2.334s] -- Up-to-date: /home/dron/ws_controller/install/custom_msgs/share/custom_msgs/cmake/ament_cmake_export_libraries-extras.cmake
[2.334s] -- Up-to-date: /home/dron/ws_controller/install/custom_msgs/share/custom_msgs/cmake/ament_cmake_export_targets-extras.cmake
[2.335s] -- Up-to-date: /home/dron/ws_controller/install/custom_msgs/share/custom_msgs/cmake/rosidl_cmake_export_typesupport_targets-extras.cmake
[2.335s] -- Up-to-date: /home/dron/ws_controller/install/custom_msgs/share/custom_msgs/cmake/ament_cmake_export_dependencies-extras.cmake
[2.338s] -- Up-to-date: /home/dron/ws_controller/install/custom_msgs/share/custom_msgs/cmake/rosidl_cmake_export_typesupport_libraries-extras.cmake
[2.339s] -- Up-to-date: /home/dron/ws_controller/install/custom_msgs/share/custom_msgs/cmake/custom_msgsConfig.cmake
[2.340s] -- Up-to-date: /home/dron/ws_controller/install/custom_msgs/share/custom_msgs/cmake/custom_msgsConfig-version.cmake
[2.340s] -- Up-to-date: /home/dron/ws_controller/install/custom_msgs/share/custom_msgs/package.xml
[2.346s] Invoked command in '/home/dron/ws_controller/build/custom_msgs' returned '0': CMAKE_PREFIX_PATH=${CMAKE_PREFIX_PATH}:/home/dron/ws_controller/install/log_data_pkg:/home/dron/ws_controller/install/flight_controller_pkg:/home/dron/ws_controller/install/flask_pkg:/home/dron/Praca-magisterska/ros2_ws/install/um7_pkg:/home/dron/Praca-magisterska/ros2_ws/install/my_py_pkg:/home/dron/Praca-magisterska/ros2_ws/install/log_data_pkg:/home/dron/Praca-magisterska/ros2_ws/install/gs_pkg:/home/dron/Praca-magisterska/ros2_ws/install/flight_controller_pkg:/home/dron/Praca-magisterska/ros2_ws/install/flask_pkg:/home/dron/Praca-magisterska/ros2_ws/install/estimator_pkg:/opt/ros/humble VIRTUAL_ENV_PROMPT=(venv) /usr/bin/cmake --install /home/dron/ws_controller/build/custom_msgs
