[2.845s] Invoking command in '/home/dron/ws_controller/src/flask_pkg': PYTHONPATH=/home/dron/ws_controller/build/flask_pkg/prefix_override:/usr/lib/python3/dist-packages/colcon_core/task/python/colcon_distutils_commands:/home/dron/ws_controller/install/flask_pkg/lib/python3.10/site-packages:${PYTHONPATH} VIRTUAL_ENV_PROMPT=(venv) /usr/bin/python3 -W ignore:setup.py install is deprecated -W ignore:easy_install command is deprecated setup.py egg_info --egg-base ../../build/flask_pkg build --build-base /home/dron/ws_controller/build/flask_pkg/build install --record /home/dron/ws_controller/build/flask_pkg/install.log --single-version-externally-managed install_data
[3.930s] running egg_info
[3.932s] writing ../../build/flask_pkg/flask_pkg.egg-info/PKG-INFO
[3.933s] writing dependency_links to ../../build/flask_pkg/flask_pkg.egg-info/dependency_links.txt
[3.934s] writing entry points to ../../build/flask_pkg/flask_pkg.egg-info/entry_points.txt
[3.935s] writing requirements to ../../build/flask_pkg/flask_pkg.egg-info/requires.txt
[3.936s] writing top-level names to ../../build/flask_pkg/flask_pkg.egg-info/top_level.txt
[3.943s] reading manifest file '../../build/flask_pkg/flask_pkg.egg-info/SOURCES.txt'
[3.947s] writing manifest file '../../build/flask_pkg/flask_pkg.egg-info/SOURCES.txt'
[3.948s] running build
[3.948s] running build_py
[3.949s] copying flask_pkg/flask_server.py -> /home/dron/ws_controller/build/flask_pkg/build/lib/flask_pkg
[3.951s] running install
[3.952s] running install_lib
[3.956s] copying /home/dron/ws_controller/build/flask_pkg/build/lib/flask_pkg/flask_server.py -> /home/dron/ws_controller/install/flask_pkg/lib/python3.10/site-packages/flask_pkg
[3.960s] byte-compiling /home/dron/ws_controller/install/flask_pkg/lib/python3.10/site-packages/flask_pkg/flask_server.py to flask_server.cpython-310.pyc
[3.967s] running install_data
[3.967s] running install_egg_info
[3.975s] removing '/home/dron/ws_controller/install/flask_pkg/lib/python3.10/site-packages/flask_pkg-0.0.0-py3.10.egg-info' (and everything under it)
[3.976s] Copying ../../build/flask_pkg/flask_pkg.egg-info to /home/dron/ws_controller/install/flask_pkg/lib/python3.10/site-packages/flask_pkg-0.0.0-py3.10.egg-info
[3.984s] running install_scripts
[4.069s] Installing flask_server script to /home/dron/ws_controller/install/flask_pkg/lib/flask_pkg
[4.071s] writing list of installed files to '/home/dron/ws_controller/build/flask_pkg/install.log'
[4.187s] Invoked command in '/home/dron/ws_controller/src/flask_pkg' returned '0': PYTHONPATH=/home/dron/ws_controller/build/flask_pkg/prefix_override:/usr/lib/python3/dist-packages/colcon_core/task/python/colcon_distutils_commands:/home/dron/ws_controller/install/flask_pkg/lib/python3.10/site-packages:${PYTHONPATH} VIRTUAL_ENV_PROMPT=(venv) /usr/bin/python3 -W ignore:setup.py install is deprecated -W ignore:easy_install command is deprecated setup.py egg_info --egg-base ../../build/flask_pkg build --build-base /home/dron/ws_controller/build/flask_pkg/build install --record /home/dron/ws_controller/build/flask_pkg/install.log --single-version-externally-managed install_data
