[3.335s] Invoking command in '/home/dron/ws_controll/src/flask_pkg': LD_LIBRARY_PATH=/home/dron/ws_controll/install/custom_msgs/lib:/usr/local/cuda-12.6/lib64:/opt/ros/humble/opt/rviz_ogre_vendor/lib:/opt/ros/humble/lib/aarch64-linux-gnu:/opt/ros/humble/lib:/usr/local/cuda-12.6/lib64 PYTHONPATH=/home/dron/ws_controll/build/flask_pkg/prefix_override:/usr/lib/python3/dist-packages/colcon_core/task/python/colcon_distutils_commands:/home/dron/ws_controll/install/flask_pkg/lib/python3.10/site-packages:${PYTHONPATH} /usr/bin/python3 -W ignore:setup.py install is deprecated -W ignore:easy_install command is deprecated setup.py egg_info --egg-base ../../build/flask_pkg build --build-base /home/dron/ws_controll/build/flask_pkg/build install --record /home/dron/ws_controll/build/flask_pkg/install.log --single-version-externally-managed install_data
[3.977s] running egg_info
[3.979s] writing ../../build/flask_pkg/flask_pkg.egg-info/PKG-INFO
[3.980s] writing dependency_links to ../../build/flask_pkg/flask_pkg.egg-info/dependency_links.txt
[3.981s] writing entry points to ../../build/flask_pkg/flask_pkg.egg-info/entry_points.txt
[3.982s] writing requirements to ../../build/flask_pkg/flask_pkg.egg-info/requires.txt
[3.983s] writing top-level names to ../../build/flask_pkg/flask_pkg.egg-info/top_level.txt
[3.989s] reading manifest file '../../build/flask_pkg/flask_pkg.egg-info/SOURCES.txt'
[3.991s] writing manifest file '../../build/flask_pkg/flask_pkg.egg-info/SOURCES.txt'
[3.992s] running build
[3.992s] running build_py
[3.993s] copying flask_pkg/flask_server.py -> /home/dron/ws_controll/build/flask_pkg/build/lib/flask_pkg
[3.995s] running install
[3.997s] running install_lib
[3.999s] copying /home/dron/ws_controll/build/flask_pkg/build/lib/flask_pkg/flask_server.py -> /home/dron/ws_controll/install/flask_pkg/lib/python3.10/site-packages/flask_pkg
[4.002s] byte-compiling /home/dron/ws_controll/install/flask_pkg/lib/python3.10/site-packages/flask_pkg/flask_server.py to flask_server.cpython-310.pyc
[4.005s] running install_data
[4.006s] running install_egg_info
[4.011s] removing '/home/dron/ws_controll/install/flask_pkg/lib/python3.10/site-packages/flask_pkg-0.0.0-py3.10.egg-info' (and everything under it)
[4.028s] Copying ../../build/flask_pkg/flask_pkg.egg-info to /home/dron/ws_controll/install/flask_pkg/lib/python3.10/site-packages/flask_pkg-0.0.0-py3.10.egg-info
[4.030s] running install_scripts
[4.080s] Installing flask_server script to /home/dron/ws_controll/install/flask_pkg/lib/flask_pkg
[4.081s] writing list of installed files to '/home/dron/ws_controll/build/flask_pkg/install.log'
[4.175s] Invoked command in '/home/dron/ws_controll/src/flask_pkg' returned '0': LD_LIBRARY_PATH=/home/dron/ws_controll/install/custom_msgs/lib:/usr/local/cuda-12.6/lib64:/opt/ros/humble/opt/rviz_ogre_vendor/lib:/opt/ros/humble/lib/aarch64-linux-gnu:/opt/ros/humble/lib:/usr/local/cuda-12.6/lib64 PYTHONPATH=/home/dron/ws_controll/build/flask_pkg/prefix_override:/usr/lib/python3/dist-packages/colcon_core/task/python/colcon_distutils_commands:/home/dron/ws_controll/install/flask_pkg/lib/python3.10/site-packages:${PYTHONPATH} /usr/bin/python3 -W ignore:setup.py install is deprecated -W ignore:easy_install command is deprecated setup.py egg_info --egg-base ../../build/flask_pkg build --build-base /home/dron/ws_controll/build/flask_pkg/build install --record /home/dron/ws_controll/build/flask_pkg/install.log --single-version-externally-managed install_data
