[1.668s] Invoking command in '/home/dron/ws_controll/src/flask_pkg': LD_LIBRARY_PATH=/home/dron/ws_controll/install/custom_msgs/lib:/usr/local/cuda-12.6/lib64:/opt/ros/humble/opt/rviz_ogre_vendor/lib:/opt/ros/humble/lib/aarch64-linux-gnu:/opt/ros/humble/lib:/usr/local/cuda-12.6/lib64 PYTHONPATH=/home/dron/ws_controll/build/flask_pkg/prefix_override:/usr/lib/python3/dist-packages/colcon_core/task/python/colcon_distutils_commands:/home/dron/ws_controll/install/flask_pkg/lib/python3.10/site-packages:${PYTHONPATH} /usr/bin/python3 -W ignore:setup.py install is deprecated -W ignore:easy_install command is deprecated setup.py egg_info --egg-base ../../build/flask_pkg build --build-base /home/dron/ws_controll/build/flask_pkg/build install --record /home/dron/ws_controll/build/flask_pkg/install.log --single-version-externally-managed install_data
[2.279s] running egg_info
[2.280s] writing ../../build/flask_pkg/flask_pkg.egg-info/PKG-INFO
[2.280s] writing dependency_links to ../../build/flask_pkg/flask_pkg.egg-info/dependency_links.txt
[2.280s] writing entry points to ../../build/flask_pkg/flask_pkg.egg-info/entry_points.txt
[2.281s] writing requirements to ../../build/flask_pkg/flask_pkg.egg-info/requires.txt
[2.281s] writing top-level names to ../../build/flask_pkg/flask_pkg.egg-info/top_level.txt
[2.285s] reading manifest file '../../build/flask_pkg/flask_pkg.egg-info/SOURCES.txt'
[2.287s] writing manifest file '../../build/flask_pkg/flask_pkg.egg-info/SOURCES.txt'
[2.287s] running build
[2.287s] running build_py
[2.287s] copying flask_pkg/flask_server.py -> /home/dron/ws_controll/build/flask_pkg/build/lib/flask_pkg
[2.288s] running install
[2.289s] running install_lib
[2.291s] copying /home/dron/ws_controll/build/flask_pkg/build/lib/flask_pkg/flask_server.py -> /home/dron/ws_controll/install/flask_pkg/lib/python3.10/site-packages/flask_pkg
[2.292s] byte-compiling /home/dron/ws_controll/install/flask_pkg/lib/python3.10/site-packages/flask_pkg/flask_server.py to flask_server.cpython-310.pyc
[2.295s] running install_data
[2.295s] running install_egg_info
[2.299s] removing '/home/dron/ws_controll/install/flask_pkg/lib/python3.10/site-packages/flask_pkg-0.0.0-py3.10.egg-info' (and everything under it)
[2.300s] Copying ../../build/flask_pkg/flask_pkg.egg-info to /home/dron/ws_controll/install/flask_pkg/lib/python3.10/site-packages/flask_pkg-0.0.0-py3.10.egg-info
[2.302s] running install_scripts
[2.348s] Installing flask_server script to /home/dron/ws_controll/install/flask_pkg/lib/flask_pkg
[2.349s] writing list of installed files to '/home/dron/ws_controll/build/flask_pkg/install.log'
[2.425s] Invoked command in '/home/dron/ws_controll/src/flask_pkg' returned '0': LD_LIBRARY_PATH=/home/dron/ws_controll/install/custom_msgs/lib:/usr/local/cuda-12.6/lib64:/opt/ros/humble/opt/rviz_ogre_vendor/lib:/opt/ros/humble/lib/aarch64-linux-gnu:/opt/ros/humble/lib:/usr/local/cuda-12.6/lib64 PYTHONPATH=/home/dron/ws_controll/build/flask_pkg/prefix_override:/usr/lib/python3/dist-packages/colcon_core/task/python/colcon_distutils_commands:/home/dron/ws_controll/install/flask_pkg/lib/python3.10/site-packages:${PYTHONPATH} /usr/bin/python3 -W ignore:setup.py install is deprecated -W ignore:easy_install command is deprecated setup.py egg_info --egg-base ../../build/flask_pkg build --build-base /home/dron/ws_controll/build/flask_pkg/build install --record /home/dron/ws_controll/build/flask_pkg/install.log --single-version-externally-managed install_data
