[3.503s] Invoking command in '/home/dron/ws_controller/src/camera_pkg': PYTHONPATH=/home/dron/ws_controller/build/camera_pkg/prefix_override:/usr/lib/python3/dist-packages/colcon_core/task/python/colcon_distutils_commands:/home/dron/ws_controller/install/camera_pkg/lib/python3.10/site-packages:${PYTHONPATH} /usr/bin/python3 -W ignore:setup.py install is deprecated -W ignore:easy_install command is deprecated setup.py egg_info --egg-base ../../build/camera_pkg build --build-base /home/dron/ws_controller/build/camera_pkg/build install --record /home/dron/ws_controller/build/camera_pkg/install.log --single-version-externally-managed install_data
[4.181s] running egg_info
[4.183s] writing ../../build/camera_pkg/camera_pkg.egg-info/PKG-INFO
[4.184s] writing dependency_links to ../../build/camera_pkg/camera_pkg.egg-info/dependency_links.txt
[4.184s] writing entry points to ../../build/camera_pkg/camera_pkg.egg-info/entry_points.txt
[4.185s] writing requirements to ../../build/camera_pkg/camera_pkg.egg-info/requires.txt
[4.185s] writing top-level names to ../../build/camera_pkg/camera_pkg.egg-info/top_level.txt
[4.190s] reading manifest file '../../build/camera_pkg/camera_pkg.egg-info/SOURCES.txt'
[4.193s] writing manifest file '../../build/camera_pkg/camera_pkg.egg-info/SOURCES.txt'
[4.194s] running build
[4.194s] running build_py
[4.195s] running install
[4.195s] running install_lib
[4.201s] running install_data
[4.201s] running install_egg_info
[4.204s] removing '/home/dron/ws_controller/install/camera_pkg/lib/python3.10/site-packages/camera_pkg-0.0.0-py3.10.egg-info' (and everything under it)
[4.205s] Copying ../../build/camera_pkg/camera_pkg.egg-info to /home/dron/ws_controller/install/camera_pkg/lib/python3.10/site-packages/camera_pkg-0.0.0-py3.10.egg-info
[4.208s] running install_scripts
[4.259s] Installing aruco_detector script to /home/dron/ws_controller/install/camera_pkg/lib/camera_pkg
[4.260s] Installing camera_publisher script to /home/dron/ws_controller/install/camera_pkg/lib/camera_pkg
[4.260s] writing list of installed files to '/home/dron/ws_controller/build/camera_pkg/install.log'
[4.371s] Invoked command in '/home/dron/ws_controller/src/camera_pkg' returned '0': PYTHONPATH=/home/dron/ws_controller/build/camera_pkg/prefix_override:/usr/lib/python3/dist-packages/colcon_core/task/python/colcon_distutils_commands:/home/dron/ws_controller/install/camera_pkg/lib/python3.10/site-packages:${PYTHONPATH} /usr/bin/python3 -W ignore:setup.py install is deprecated -W ignore:easy_install command is deprecated setup.py egg_info --egg-base ../../build/camera_pkg build --build-base /home/dron/ws_controller/build/camera_pkg/build install --record /home/dron/ws_controller/build/camera_pkg/install.log --single-version-externally-managed install_data
