[0.024s] Invoking command in '/home/dron/ws_controll/build/custom_msgs': CMAKE_PREFIX_PATH=${CMAKE_PREFIX_PATH}:/home/dron/ws_controll/install/log_data_pkg:/home/dron/ws_controll/install/flight_controller_pkg:/home/dron/ws_controll/install/flask_pkg:/opt/ros/humble /usr/bin/cmake --build /home/dron/ws_controll/build/custom_msgs -- -j6 -l6
[0.133s] [  1%] Built target custom_msgs__cpp
[0.139s] [ 12%] Built target custom_msgs__rosidl_generator_c
[0.158s] [ 12%] Built target ament_cmake_python_copy_custom_msgs
[0.185s] [ 24%] Built target custom_msgs__rosidl_typesupport_cpp
[0.196s] [ 35%] Built target custom_msgs__rosidl_typesupport_fastrtps_cpp
[0.209s] [ 48%] Built target custom_msgs__rosidl_typesupport_introspection_cpp
[0.214s] [ 60%] Built target custom_msgs__rosidl_typesupport_introspection_c
[0.216s] [ 70%] Built target custom_msgs__rosidl_typesupport_c
[0.218s] [ 82%] Built target custom_msgs__rosidl_typesupport_fastrtps_c
[0.260s] [ 82%] Built target custom_msgs
[0.304s] [ 83%] Built target custom_msgs__py
[0.361s] [ 93%] Built target custom_msgs__rosidl_generator_py
[0.410s] [100%] Built target custom_msgs__rosidl_typesupport_fastrtps_c__pyext
[0.410s] [100%] Built target custom_msgs__rosidl_typesupport_c__pyext
[0.411s] [ 98%] Built target custom_msgs__rosidl_typesupport_introspection_c__pyext
[0.814s] running egg_info
[0.815s] writing custom_msgs.egg-info/PKG-INFO
[0.816s] writing dependency_links to custom_msgs.egg-info/dependency_links.txt
[0.816s] writing top-level names to custom_msgs.egg-info/top_level.txt
[0.822s] reading manifest file 'custom_msgs.egg-info/SOURCES.txt'
[0.824s] writing manifest file 'custom_msgs.egg-info/SOURCES.txt'
[0.895s] [100%] Built target ament_cmake_python_build_custom_msgs_egg
[0.924s] Invoked command in '/home/dron/ws_controll/build/custom_msgs' returned '0': CMAKE_PREFIX_PATH=${CMAKE_PREFIX_PATH}:/home/dron/ws_controll/install/log_data_pkg:/home/dron/ws_controll/install/flight_controller_pkg:/home/dron/ws_controll/install/flask_pkg:/opt/ros/humble /usr/bin/cmake --build /home/dron/ws_controll/build/custom_msgs -- -j6 -l6
[0.949s] Invoking command in '/home/dron/ws_controll/build/custom_msgs': CMAKE_PREFIX_PATH=${CMAKE_PREFIX_PATH}:/home/dron/ws_controll/install/log_data_pkg:/home/dron/ws_controll/install/flight_controller_pkg:/home/dron/ws_controll/install/flask_pkg:/opt/ros/humble /usr/bin/cmake --install /home/dron/ws_controll/build/custom_msgs
[0.969s] -- Install configuration: ""
[0.971s] -- Up-to-date: /home/dron/ws_controll/install/custom_msgs/share/ament_index/resource_index/rosidl_interfaces/custom_msgs
[0.972s] -- Up-to-date: /home/dron/ws_controll/install/custom_msgs/include/custom_msgs/custom_msgs
[0.972s] -- Up-to-date: /home/dron/ws_controll/install/custom_msgs/include/custom_msgs/custom_msgs/msg
[0.973s] -- Up-to-date: /home/dron/ws_controll/install/custom_msgs/include/custom_msgs/custom_msgs/msg/drone_status.h
[0.973s] -- Up-to-date: /home/dron/ws_controll/install/custom_msgs/include/custom_msgs/custom_msgs/msg/rosidl_generator_c__visibility_control.h
[0.974s] -- Up-to-date: /home/dron/ws_controll/install/custom_msgs/include/custom_msgs/custom_msgs/msg/gyro_data.h
[0.974s] -- Up-to-date: /home/dron/ws_controll/install/custom_msgs/include/custom_msgs/custom_msgs/msg/geo_data.h
[0.975s] -- Up-to-date: /home/dron/ws_controll/install/custom_msgs/include/custom_msgs/custom_msgs/msg/imu_data.h
[0.975s] -- Up-to-date: /home/dron/ws_controll/install/custom_msgs/include/custom_msgs/custom_msgs/msg/speed_data.h
[0.976s] -- Up-to-date: /home/dron/ws_controll/install/custom_msgs/include/custom_msgs/custom_msgs/msg/data_xyz.h
[0.976s] -- Up-to-date: /home/dron/ws_controll/install/custom_msgs/include/custom_msgs/custom_msgs/msg/estimator_data.h
[0.981s] -- Up-to-date: /home/dron/ws_controll/install/custom_msgs/include/custom_msgs/custom_msgs/msg/detail
[0.981s] -- Up-to-date: /home/dron/ws_controll/install/custom_msgs/include/custom_msgs/custom_msgs/msg/detail/accel_data__struct.h
[0.982s] -- Up-to-date: /home/dron/ws_controll/install/custom_msgs/include/custom_msgs/custom_msgs/msg/detail/estimator_data__functions.h
[0.982s] -- Up-to-date: /home/dron/ws_controll/install/custom_msgs/include/custom_msgs/custom_msgs/msg/detail/imu_data__struct.h
[0.983s] -- Up-to-date: /home/dron/ws_controll/install/custom_msgs/include/custom_msgs/custom_msgs/msg/detail/data_xyz__functions.h
[0.983s] -- Up-to-date: /home/dron/ws_controll/install/custom_msgs/include/custom_msgs/custom_msgs/msg/detail/speed_data__type_support.h
[0.983s] -- Up-to-date: /home/dron/ws_controll/install/custom_msgs/include/custom_msgs/custom_msgs/msg/detail/data_xyz__struct.h
[0.984s] -- Up-to-date: /home/dron/ws_controll/install/custom_msgs/include/custom_msgs/custom_msgs/msg/detail/data_xyz__type_support.h
[0.984s] -- Up-to-date: /home/dron/ws_controll/install/custom_msgs/include/custom_msgs/custom_msgs/msg/detail/drone_status__struct.h
[0.985s] -- Up-to-date: /home/dron/ws_controll/install/custom_msgs/include/custom_msgs/custom_msgs/msg/detail/speed_data__functions.c
[0.985s] -- Up-to-date: /home/dron/ws_controll/install/custom_msgs/include/custom_msgs/custom_msgs/msg/detail/imu_data__type_support.h
[0.987s] -- Up-to-date: /home/dron/ws_controll/install/custom_msgs/include/custom_msgs/custom_msgs/msg/detail/estimator_data__type_support.h
[0.987s] -- Up-to-date: /home/dron/ws_controll/install/custom_msgs/include/custom_msgs/custom_msgs/msg/detail/geo_data__struct.h
[0.987s] -- Up-to-date: /home/dron/ws_controll/install/custom_msgs/include/custom_msgs/custom_msgs/msg/detail/imu_data__functions.c
[0.988s] -- Up-to-date: /home/dron/ws_controll/install/custom_msgs/include/custom_msgs/custom_msgs/msg/detail/geo_data__functions.h
[0.988s] -- Up-to-date: /home/dron/ws_controll/install/custom_msgs/include/custom_msgs/custom_msgs/msg/detail/gyro_data__struct.h
[0.988s] -- Up-to-date: /home/dron/ws_controll/install/custom_msgs/include/custom_msgs/custom_msgs/msg/detail/gyro_data__functions.h
[0.988s] -- Up-to-date: /home/dron/ws_controll/install/custom_msgs/include/custom_msgs/custom_msgs/msg/detail/gyro_data__functions.c
[0.989s] -- Up-to-date: /home/dron/ws_controll/install/custom_msgs/include/custom_msgs/custom_msgs/msg/detail/gyro_data__type_support.h
[0.989s] -- Up-to-date: /home/dron/ws_controll/install/custom_msgs/include/custom_msgs/custom_msgs/msg/detail/possition_data__functions.c
[0.989s] -- Up-to-date: /home/dron/ws_controll/install/custom_msgs/include/custom_msgs/custom_msgs/msg/detail/accel_data__type_support.h
[0.989s] -- Up-to-date: /home/dron/ws_controll/install/custom_msgs/include/custom_msgs/custom_msgs/msg/detail/accel_data__functions.c
[0.990s] -- Up-to-date: /home/dron/ws_controll/install/custom_msgs/include/custom_msgs/custom_msgs/msg/detail/accel_data__functions.h
[0.990s] -- Up-to-date: /home/dron/ws_controll/install/custom_msgs/include/custom_msgs/custom_msgs/msg/detail/imu_data__functions.h
[0.990s] -- Up-to-date: /home/dron/ws_controll/install/custom_msgs/include/custom_msgs/custom_msgs/msg/detail/estimator_data__functions.c
[0.990s] -- Up-to-date: /home/dron/ws_controll/install/custom_msgs/include/custom_msgs/custom_msgs/msg/detail/speed_data__functions.h
[0.991s] -- Up-to-date: /home/dron/ws_controll/install/custom_msgs/include/custom_msgs/custom_msgs/msg/detail/possition_data__functions.h
[0.991s] -- Up-to-date: /home/dron/ws_controll/install/custom_msgs/include/custom_msgs/custom_msgs/msg/detail/drone_status__functions.c
[0.991s] -- Up-to-date: /home/dron/ws_controll/install/custom_msgs/include/custom_msgs/custom_msgs/msg/detail/geo_data__type_support.h
[0.991s] -- Up-to-date: /home/dron/ws_controll/install/custom_msgs/include/custom_msgs/custom_msgs/msg/detail/drone_status__functions.h
[0.991s] -- Up-to-date: /home/dron/ws_controll/install/custom_msgs/include/custom_msgs/custom_msgs/msg/detail/possition_data__struct.h
[0.992s] -- Up-to-date: /home/dron/ws_controll/install/custom_msgs/include/custom_msgs/custom_msgs/msg/detail/data_xyz__functions.c
[0.992s] -- Up-to-date: /home/dron/ws_controll/install/custom_msgs/include/custom_msgs/custom_msgs/msg/detail/possition_data__type_support.h
[0.992s] -- Up-to-date: /home/dron/ws_controll/install/custom_msgs/include/custom_msgs/custom_msgs/msg/detail/geo_data__functions.c
[0.992s] -- Up-to-date: /home/dron/ws_controll/install/custom_msgs/include/custom_msgs/custom_msgs/msg/detail/drone_status__type_support.h
[0.993s] -- Up-to-date: /home/dron/ws_controll/install/custom_msgs/include/custom_msgs/custom_msgs/msg/detail/speed_data__struct.h
[0.993s] -- Up-to-date: /home/dron/ws_controll/install/custom_msgs/include/custom_msgs/custom_msgs/msg/detail/estimator_data__struct.h
[0.993s] -- Up-to-date: /home/dron/ws_controll/install/custom_msgs/include/custom_msgs/custom_msgs/msg/accel_data.h
[0.993s] -- Up-to-date: /home/dron/ws_controll/install/custom_msgs/include/custom_msgs/custom_msgs/msg/possition_data.h
[0.993s] -- Up-to-date: /home/dron/ws_controll/install/custom_msgs/share/custom_msgs/environment/library_path.sh
[0.994s] -- Up-to-date: /home/dron/ws_controll/install/custom_msgs/share/custom_msgs/environment/library_path.dsv
[0.994s] -- Up-to-date: /home/dron/ws_controll/install/custom_msgs/lib/libcustom_msgs__rosidl_generator_c.so
[0.994s] -- Up-to-date: /home/dron/ws_controll/install/custom_msgs/include/custom_msgs/custom_msgs
[0.994s] -- Up-to-date: /home/dron/ws_controll/install/custom_msgs/include/custom_msgs/custom_msgs/msg
[0.995s] -- Up-to-date: /home/dron/ws_controll/install/custom_msgs/include/custom_msgs/custom_msgs/msg/rosidl_typesupport_fastrtps_c__visibility_control.h
[0.995s] -- Up-to-date: /home/dron/ws_controll/install/custom_msgs/include/custom_msgs/custom_msgs/msg/detail
[0.995s] -- Up-to-date: /home/dron/ws_controll/install/custom_msgs/include/custom_msgs/custom_msgs/msg/detail/accel_data__rosidl_typesupport_fastrtps_c.h
[0.995s] -- Up-to-date: /home/dron/ws_controll/install/custom_msgs/include/custom_msgs/custom_msgs/msg/detail/data_xyz__rosidl_typesupport_fastrtps_c.h
[0.996s] -- Up-to-date: /home/dron/ws_controll/install/custom_msgs/include/custom_msgs/custom_msgs/msg/detail/possition_data__rosidl_typesupport_fastrtps_c.h
[0.996s] -- Up-to-date: /home/dron/ws_controll/install/custom_msgs/include/custom_msgs/custom_msgs/msg/detail/estimator_data__rosidl_typesupport_fastrtps_c.h
[0.996s] -- Up-to-date: /home/dron/ws_controll/install/custom_msgs/include/custom_msgs/custom_msgs/msg/detail/speed_data__rosidl_typesupport_fastrtps_c.h
[0.996s] -- Up-to-date: /home/dron/ws_controll/install/custom_msgs/include/custom_msgs/custom_msgs/msg/detail/geo_data__rosidl_typesupport_fastrtps_c.h
[0.996s] -- Up-to-date: /home/dron/ws_controll/install/custom_msgs/include/custom_msgs/custom_msgs/msg/detail/imu_data__rosidl_typesupport_fastrtps_c.h
[0.997s] -- Up-to-date: /home/dron/ws_controll/install/custom_msgs/include/custom_msgs/custom_msgs/msg/detail/drone_status__rosidl_typesupport_fastrtps_c.h
[0.997s] -- Up-to-date: /home/dron/ws_controll/install/custom_msgs/include/custom_msgs/custom_msgs/msg/detail/gyro_data__rosidl_typesupport_fastrtps_c.h
[0.997s] -- Up-to-date: /home/dron/ws_controll/install/custom_msgs/lib/libcustom_msgs__rosidl_typesupport_fastrtps_c.so
[0.997s] -- Up-to-date: /home/dron/ws_controll/install/custom_msgs/include/custom_msgs/custom_msgs
[0.998s] -- Up-to-date: /home/dron/ws_controll/install/custom_msgs/include/custom_msgs/custom_msgs/msg
[0.998s] -- Up-to-date: /home/dron/ws_controll/install/custom_msgs/include/custom_msgs/custom_msgs/msg/rosidl_typesupport_introspection_c__visibility_control.h
[0.998s] -- Up-to-date: /home/dron/ws_controll/install/custom_msgs/include/custom_msgs/custom_msgs/msg/detail
[0.998s] -- Up-to-date: /home/dron/ws_controll/install/custom_msgs/include/custom_msgs/custom_msgs/msg/detail/geo_data__rosidl_typesupport_introspection_c.h
[0.998s] -- Up-to-date: /home/dron/ws_controll/install/custom_msgs/include/custom_msgs/custom_msgs/msg/detail/data_xyz__type_support.c
[0.999s] -- Up-to-date: /home/dron/ws_controll/install/custom_msgs/include/custom_msgs/custom_msgs/msg/detail/imu_data__type_support.c
[0.999s] -- Up-to-date: /home/dron/ws_controll/install/custom_msgs/include/custom_msgs/custom_msgs/msg/detail/accel_data__type_support.c
[0.999s] -- Up-to-date: /home/dron/ws_controll/install/custom_msgs/include/custom_msgs/custom_msgs/msg/detail/data_xyz__rosidl_typesupport_introspection_c.h
[0.999s] -- Up-to-date: /home/dron/ws_controll/install/custom_msgs/include/custom_msgs/custom_msgs/msg/detail/speed_data__rosidl_typesupport_introspection_c.h
[1.000s] -- Up-to-date: /home/dron/ws_controll/install/custom_msgs/include/custom_msgs/custom_msgs/msg/detail/estimator_data__type_support.c
[1.000s] -- Up-to-date: /home/dron/ws_controll/install/custom_msgs/include/custom_msgs/custom_msgs/msg/detail/drone_status__rosidl_typesupport_introspection_c.h
[1.000s] -- Up-to-date: /home/dron/ws_controll/install/custom_msgs/include/custom_msgs/custom_msgs/msg/detail/gyro_data__type_support.c
[1.000s] -- Up-to-date: /home/dron/ws_controll/install/custom_msgs/include/custom_msgs/custom_msgs/msg/detail/drone_status__type_support.c
[1.001s] -- Up-to-date: /home/dron/ws_controll/install/custom_msgs/include/custom_msgs/custom_msgs/msg/detail/possition_data__rosidl_typesupport_introspection_c.h
[1.001s] -- Up-to-date: /home/dron/ws_controll/install/custom_msgs/include/custom_msgs/custom_msgs/msg/detail/possition_data__type_support.c
[1.002s] -- Up-to-date: /home/dron/ws_controll/install/custom_msgs/include/custom_msgs/custom_msgs/msg/detail/imu_data__rosidl_typesupport_introspection_c.h
[1.002s] -- Up-to-date: /home/dron/ws_controll/install/custom_msgs/include/custom_msgs/custom_msgs/msg/detail/speed_data__type_support.c
[1.002s] -- Up-to-date: /home/dron/ws_controll/install/custom_msgs/include/custom_msgs/custom_msgs/msg/detail/accel_data__rosidl_typesupport_introspection_c.h
[1.002s] -- Up-to-date: /home/dron/ws_controll/install/custom_msgs/include/custom_msgs/custom_msgs/msg/detail/estimator_data__rosidl_typesupport_introspection_c.h
[1.002s] -- Up-to-date: /home/dron/ws_controll/install/custom_msgs/include/custom_msgs/custom_msgs/msg/detail/gyro_data__rosidl_typesupport_introspection_c.h
[1.003s] -- Up-to-date: /home/dron/ws_controll/install/custom_msgs/include/custom_msgs/custom_msgs/msg/detail/geo_data__type_support.c
[1.003s] -- Up-to-date: /home/dron/ws_controll/install/custom_msgs/lib/libcustom_msgs__rosidl_typesupport_introspection_c.so
[1.003s] -- Up-to-date: /home/dron/ws_controll/install/custom_msgs/lib/libcustom_msgs__rosidl_typesupport_c.so
[1.003s] -- Up-to-date: /home/dron/ws_controll/install/custom_msgs/include/custom_msgs/custom_msgs
[1.003s] -- Up-to-date: /home/dron/ws_controll/install/custom_msgs/include/custom_msgs/custom_msgs/msg
[1.004s] -- Up-to-date: /home/dron/ws_controll/install/custom_msgs/include/custom_msgs/custom_msgs/msg/drone_status.hpp
[1.004s] -- Up-to-date: /home/dron/ws_controll/install/custom_msgs/include/custom_msgs/custom_msgs/msg/gyro_data.hpp
[1.004s] -- Up-to-date: /home/dron/ws_controll/install/custom_msgs/include/custom_msgs/custom_msgs/msg/rosidl_generator_cpp__visibility_control.hpp
[1.005s] -- Up-to-date: /home/dron/ws_controll/install/custom_msgs/include/custom_msgs/custom_msgs/msg/imu_data.hpp
[1.005s] -- Up-to-date: /home/dron/ws_controll/install/custom_msgs/include/custom_msgs/custom_msgs/msg/data_xyz.hpp
[1.005s] -- Up-to-date: /home/dron/ws_controll/install/custom_msgs/include/custom_msgs/custom_msgs/msg/estimator_data.hpp
[1.005s] -- Up-to-date: /home/dron/ws_controll/install/custom_msgs/include/custom_msgs/custom_msgs/msg/possition_data.hpp
[1.005s] -- Up-to-date: /home/dron/ws_controll/install/custom_msgs/include/custom_msgs/custom_msgs/msg/speed_data.hpp
[1.006s] -- Up-to-date: /home/dron/ws_controll/install/custom_msgs/include/custom_msgs/custom_msgs/msg/accel_data.hpp
[1.006s] -- Up-to-date: /home/dron/ws_controll/install/custom_msgs/include/custom_msgs/custom_msgs/msg/detail
[1.006s] -- Up-to-date: /home/dron/ws_controll/install/custom_msgs/include/custom_msgs/custom_msgs/msg/detail/possition_data__traits.hpp
[1.006s] -- Up-to-date: /home/dron/ws_controll/install/custom_msgs/include/custom_msgs/custom_msgs/msg/detail/possition_data__type_support.hpp
[1.006s] -- Up-to-date: /home/dron/ws_controll/install/custom_msgs/include/custom_msgs/custom_msgs/msg/detail/accel_data__struct.hpp
[1.007s] -- Up-to-date: /home/dron/ws_controll/install/custom_msgs/include/custom_msgs/custom_msgs/msg/detail/drone_status__traits.hpp
[1.007s] -- Up-to-date: /home/dron/ws_controll/install/custom_msgs/include/custom_msgs/custom_msgs/msg/detail/possition_data__struct.hpp
[1.007s] -- Up-to-date: /home/dron/ws_controll/install/custom_msgs/include/custom_msgs/custom_msgs/msg/detail/gyro_data__traits.hpp
[1.007s] -- Up-to-date: /home/dron/ws_controll/install/custom_msgs/include/custom_msgs/custom_msgs/msg/detail/gyro_data__builder.hpp
[1.007s] -- Up-to-date: /home/dron/ws_controll/install/custom_msgs/include/custom_msgs/custom_msgs/msg/detail/speed_data__builder.hpp
[1.007s] -- Up-to-date: /home/dron/ws_controll/install/custom_msgs/include/custom_msgs/custom_msgs/msg/detail/gyro_data__type_support.hpp
[1.008s] -- Up-to-date: /home/dron/ws_controll/install/custom_msgs/include/custom_msgs/custom_msgs/msg/detail/possition_data__builder.hpp
[1.008s] -- Up-to-date: /home/dron/ws_controll/install/custom_msgs/include/custom_msgs/custom_msgs/msg/detail/drone_status__builder.hpp
[1.008s] -- Up-to-date: /home/dron/ws_controll/install/custom_msgs/include/custom_msgs/custom_msgs/msg/detail/speed_data__traits.hpp
[1.008s] -- Up-to-date: /home/dron/ws_controll/install/custom_msgs/include/custom_msgs/custom_msgs/msg/detail/geo_data__type_support.hpp
[1.009s] -- Up-to-date: /home/dron/ws_controll/install/custom_msgs/include/custom_msgs/custom_msgs/msg/detail/drone_status__struct.hpp
[1.009s] -- Up-to-date: /home/dron/ws_controll/install/custom_msgs/include/custom_msgs/custom_msgs/msg/detail/data_xyz__builder.hpp
[1.009s] -- Up-to-date: /home/dron/ws_controll/install/custom_msgs/include/custom_msgs/custom_msgs/msg/detail/imu_data__type_support.hpp
[1.009s] -- Up-to-date: /home/dron/ws_controll/install/custom_msgs/include/custom_msgs/custom_msgs/msg/detail/geo_data__builder.hpp
[1.009s] -- Up-to-date: /home/dron/ws_controll/install/custom_msgs/include/custom_msgs/custom_msgs/msg/detail/geo_data__struct.hpp
[1.010s] -- Up-to-date: /home/dron/ws_controll/install/custom_msgs/include/custom_msgs/custom_msgs/msg/detail/imu_data__traits.hpp
[1.010s] -- Up-to-date: /home/dron/ws_controll/install/custom_msgs/include/custom_msgs/custom_msgs/msg/detail/estimator_data__type_support.hpp
[1.010s] -- Up-to-date: /home/dron/ws_controll/install/custom_msgs/include/custom_msgs/custom_msgs/msg/detail/speed_data__type_support.hpp
[1.010s] -- Up-to-date: /home/dron/ws_controll/install/custom_msgs/include/custom_msgs/custom_msgs/msg/detail/imu_data__builder.hpp
[1.010s] -- Up-to-date: /home/dron/ws_controll/install/custom_msgs/include/custom_msgs/custom_msgs/msg/detail/data_xyz__struct.hpp
[1.010s] -- Up-to-date: /home/dron/ws_controll/install/custom_msgs/include/custom_msgs/custom_msgs/msg/detail/accel_data__type_support.hpp
[1.011s] -- Up-to-date: /home/dron/ws_controll/install/custom_msgs/include/custom_msgs/custom_msgs/msg/detail/drone_status__type_support.hpp
[1.011s] -- Up-to-date: /home/dron/ws_controll/install/custom_msgs/include/custom_msgs/custom_msgs/msg/detail/estimator_data__traits.hpp
[1.011s] -- Up-to-date: /home/dron/ws_controll/install/custom_msgs/include/custom_msgs/custom_msgs/msg/detail/accel_data__builder.hpp
[1.011s] -- Up-to-date: /home/dron/ws_controll/install/custom_msgs/include/custom_msgs/custom_msgs/msg/detail/geo_data__traits.hpp
[1.011s] -- Up-to-date: /home/dron/ws_controll/install/custom_msgs/include/custom_msgs/custom_msgs/msg/detail/accel_data__traits.hpp
[1.012s] -- Up-to-date: /home/dron/ws_controll/install/custom_msgs/include/custom_msgs/custom_msgs/msg/detail/imu_data__struct.hpp
[1.012s] -- Up-to-date: /home/dron/ws_controll/install/custom_msgs/include/custom_msgs/custom_msgs/msg/detail/estimator_data__builder.hpp
[1.012s] -- Up-to-date: /home/dron/ws_controll/install/custom_msgs/include/custom_msgs/custom_msgs/msg/detail/speed_data__struct.hpp
[1.012s] -- Up-to-date: /home/dron/ws_controll/install/custom_msgs/include/custom_msgs/custom_msgs/msg/detail/estimator_data__struct.hpp
[1.012s] -- Up-to-date: /home/dron/ws_controll/install/custom_msgs/include/custom_msgs/custom_msgs/msg/detail/gyro_data__struct.hpp
[1.012s] -- Up-to-date: /home/dron/ws_controll/install/custom_msgs/include/custom_msgs/custom_msgs/msg/detail/data_xyz__type_support.hpp
[1.013s] -- Up-to-date: /home/dron/ws_controll/install/custom_msgs/include/custom_msgs/custom_msgs/msg/detail/data_xyz__traits.hpp
[1.013s] -- Up-to-date: /home/dron/ws_controll/install/custom_msgs/include/custom_msgs/custom_msgs/msg/geo_data.hpp
[1.013s] -- Up-to-date: /home/dron/ws_controll/install/custom_msgs/include/custom_msgs/custom_msgs
[1.013s] -- Up-to-date: /home/dron/ws_controll/install/custom_msgs/include/custom_msgs/custom_msgs/msg
[1.015s] -- Up-to-date: /home/dron/ws_controll/install/custom_msgs/include/custom_msgs/custom_msgs/msg/rosidl_typesupport_fastrtps_cpp__visibility_control.h
[1.015s] -- Up-to-date: /home/dron/ws_controll/install/custom_msgs/include/custom_msgs/custom_msgs/msg/detail
[1.016s] -- Up-to-date: /home/dron/ws_controll/install/custom_msgs/include/custom_msgs/custom_msgs/msg/detail/gyro_data__rosidl_typesupport_fastrtps_cpp.hpp
[1.016s] -- Up-to-date: /home/dron/ws_controll/install/custom_msgs/include/custom_msgs/custom_msgs/msg/detail/data_xyz__rosidl_typesupport_fastrtps_cpp.hpp
[1.016s] -- Up-to-date: /home/dron/ws_controll/install/custom_msgs/include/custom_msgs/custom_msgs/msg/detail/dds_fastrtps
[1.016s] -- Up-to-date: /home/dron/ws_controll/install/custom_msgs/include/custom_msgs/custom_msgs/msg/detail/speed_data__rosidl_typesupport_fastrtps_cpp.hpp
[1.017s] -- Up-to-date: /home/dron/ws_controll/install/custom_msgs/include/custom_msgs/custom_msgs/msg/detail/imu_data__rosidl_typesupport_fastrtps_cpp.hpp
[1.017s] -- Up-to-date: /home/dron/ws_controll/install/custom_msgs/include/custom_msgs/custom_msgs/msg/detail/geo_data__rosidl_typesupport_fastrtps_cpp.hpp
[1.017s] -- Up-to-date: /home/dron/ws_controll/install/custom_msgs/include/custom_msgs/custom_msgs/msg/detail/drone_status__rosidl_typesupport_fastrtps_cpp.hpp
[1.017s] -- Up-to-date: /home/dron/ws_controll/install/custom_msgs/include/custom_msgs/custom_msgs/msg/detail/accel_data__rosidl_typesupport_fastrtps_cpp.hpp
[1.017s] -- Up-to-date: /home/dron/ws_controll/install/custom_msgs/include/custom_msgs/custom_msgs/msg/detail/estimator_data__rosidl_typesupport_fastrtps_cpp.hpp
[1.018s] -- Up-to-date: /home/dron/ws_controll/install/custom_msgs/include/custom_msgs/custom_msgs/msg/detail/possition_data__rosidl_typesupport_fastrtps_cpp.hpp
[1.018s] -- Up-to-date: /home/dron/ws_controll/install/custom_msgs/lib/libcustom_msgs__rosidl_typesupport_fastrtps_cpp.so
[1.018s] -- Up-to-date: /home/dron/ws_controll/install/custom_msgs/include/custom_msgs/custom_msgs
[1.018s] -- Up-to-date: /home/dron/ws_controll/install/custom_msgs/include/custom_msgs/custom_msgs/msg
[1.018s] -- Up-to-date: /home/dron/ws_controll/install/custom_msgs/include/custom_msgs/custom_msgs/msg/detail
[1.019s] -- Up-to-date: /home/dron/ws_controll/install/custom_msgs/include/custom_msgs/custom_msgs/msg/detail/estimator_data__type_support.cpp
[1.019s] -- Up-to-date: /home/dron/ws_controll/install/custom_msgs/include/custom_msgs/custom_msgs/msg/detail/speed_data__type_support.cpp
[1.019s] -- Up-to-date: /home/dron/ws_controll/install/custom_msgs/include/custom_msgs/custom_msgs/msg/detail/data_xyz__rosidl_typesupport_introspection_cpp.hpp
[1.019s] -- Up-to-date: /home/dron/ws_controll/install/custom_msgs/include/custom_msgs/custom_msgs/msg/detail/accel_data__type_support.cpp
[1.019s] -- Up-to-date: /home/dron/ws_controll/install/custom_msgs/include/custom_msgs/custom_msgs/msg/detail/accel_data__rosidl_typesupport_introspection_cpp.hpp
[1.020s] -- Up-to-date: /home/dron/ws_controll/install/custom_msgs/include/custom_msgs/custom_msgs/msg/detail/gyro_data__type_support.cpp
[1.020s] -- Up-to-date: /home/dron/ws_controll/install/custom_msgs/include/custom_msgs/custom_msgs/msg/detail/data_xyz__type_support.cpp
[1.020s] -- Up-to-date: /home/dron/ws_controll/install/custom_msgs/include/custom_msgs/custom_msgs/msg/detail/geo_data__type_support.cpp
[1.020s] -- Up-to-date: /home/dron/ws_controll/install/custom_msgs/include/custom_msgs/custom_msgs/msg/detail/drone_status__rosidl_typesupport_introspection_cpp.hpp
[1.021s] -- Up-to-date: /home/dron/ws_controll/install/custom_msgs/include/custom_msgs/custom_msgs/msg/detail/speed_data__rosidl_typesupport_introspection_cpp.hpp
[1.021s] -- Up-to-date: /home/dron/ws_controll/install/custom_msgs/include/custom_msgs/custom_msgs/msg/detail/possition_data__rosidl_typesupport_introspection_cpp.hpp
[1.021s] -- Up-to-date: /home/dron/ws_controll/install/custom_msgs/include/custom_msgs/custom_msgs/msg/detail/drone_status__type_support.cpp
[1.021s] -- Up-to-date: /home/dron/ws_controll/install/custom_msgs/include/custom_msgs/custom_msgs/msg/detail/estimator_data__rosidl_typesupport_introspection_cpp.hpp
[1.021s] -- Up-to-date: /home/dron/ws_controll/install/custom_msgs/include/custom_msgs/custom_msgs/msg/detail/geo_data__rosidl_typesupport_introspection_cpp.hpp
[1.022s] -- Up-to-date: /home/dron/ws_controll/install/custom_msgs/include/custom_msgs/custom_msgs/msg/detail/imu_data__type_support.cpp
[1.022s] -- Up-to-date: /home/dron/ws_controll/install/custom_msgs/include/custom_msgs/custom_msgs/msg/detail/imu_data__rosidl_typesupport_introspection_cpp.hpp
[1.022s] -- Up-to-date: /home/dron/ws_controll/install/custom_msgs/include/custom_msgs/custom_msgs/msg/detail/gyro_data__rosidl_typesupport_introspection_cpp.hpp
[1.022s] -- Up-to-date: /home/dron/ws_controll/install/custom_msgs/include/custom_msgs/custom_msgs/msg/detail/possition_data__type_support.cpp
[1.022s] -- Up-to-date: /home/dron/ws_controll/install/custom_msgs/lib/libcustom_msgs__rosidl_typesupport_introspection_cpp.so
[1.022s] -- Up-to-date: /home/dron/ws_controll/install/custom_msgs/lib/libcustom_msgs__rosidl_typesupport_cpp.so
[1.023s] -- Up-to-date: /home/dron/ws_controll/install/custom_msgs/share/custom_msgs/environment/pythonpath.sh
[1.023s] -- Up-to-date: /home/dron/ws_controll/install/custom_msgs/share/custom_msgs/environment/pythonpath.dsv
[1.023s] -- Up-to-date: /home/dron/ws_controll/install/custom_msgs/local/lib/python3.10/dist-packages/custom_msgs-0.0.0-py3.10.egg-info
[1.023s] -- Installing: /home/dron/ws_controll/install/custom_msgs/local/lib/python3.10/dist-packages/custom_msgs-0.0.0-py3.10.egg-info/SOURCES.txt
[1.023s] -- Installing: /home/dron/ws_controll/install/custom_msgs/local/lib/python3.10/dist-packages/custom_msgs-0.0.0-py3.10.egg-info/dependency_links.txt
[1.023s] -- Installing: /home/dron/ws_controll/install/custom_msgs/local/lib/python3.10/dist-packages/custom_msgs-0.0.0-py3.10.egg-info/top_level.txt
[1.024s] -- Installing: /home/dron/ws_controll/install/custom_msgs/local/lib/python3.10/dist-packages/custom_msgs-0.0.0-py3.10.egg-info/PKG-INFO
[1.024s] -- Up-to-date: /home/dron/ws_controll/install/custom_msgs/local/lib/python3.10/dist-packages/custom_msgs
[1.024s] -- Up-to-date: /home/dron/ws_controll/install/custom_msgs/local/lib/python3.10/dist-packages/custom_msgs/custom_msgs_s__rosidl_typesupport_fastrtps_c.cpython-310-aarch64-linux-gnu.so
[1.024s] -- Up-to-date: /home/dron/ws_controll/install/custom_msgs/local/lib/python3.10/dist-packages/custom_msgs/custom_msgs_s__rosidl_typesupport_introspection_c.cpython-310-aarch64-linux-gnu.so
[1.024s] -- Up-to-date: /home/dron/ws_controll/install/custom_msgs/local/lib/python3.10/dist-packages/custom_msgs/_custom_msgs_s.ep.rosidl_typesupport_introspection_c.c
[1.025s] -- Up-to-date: /home/dron/ws_controll/install/custom_msgs/local/lib/python3.10/dist-packages/custom_msgs/msg
[1.025s] -- Up-to-date: /home/dron/ws_controll/install/custom_msgs/local/lib/python3.10/dist-packages/custom_msgs/msg/_data_xyz.py
[1.025s] -- Up-to-date: /home/dron/ws_controll/install/custom_msgs/local/lib/python3.10/dist-packages/custom_msgs/msg/_drone_status_s.c
[1.025s] -- Up-to-date: /home/dron/ws_controll/install/custom_msgs/local/lib/python3.10/dist-packages/custom_msgs/msg/_drone_status.py
[1.025s] -- Up-to-date: /home/dron/ws_controll/install/custom_msgs/local/lib/python3.10/dist-packages/custom_msgs/msg/_gyro_data_s.c
[1.025s] -- Up-to-date: /home/dron/ws_controll/install/custom_msgs/local/lib/python3.10/dist-packages/custom_msgs/msg/_possition_data_s.c
[1.026s] -- Up-to-date: /home/dron/ws_controll/install/custom_msgs/local/lib/python3.10/dist-packages/custom_msgs/msg/_estimator_data.py
[1.026s] -- Up-to-date: /home/dron/ws_controll/install/custom_msgs/local/lib/python3.10/dist-packages/custom_msgs/msg/_gyro_data.py
[1.026s] -- Up-to-date: /home/dron/ws_controll/install/custom_msgs/local/lib/python3.10/dist-packages/custom_msgs/msg/_geo_data_s.c
[1.026s] -- Up-to-date: /home/dron/ws_controll/install/custom_msgs/local/lib/python3.10/dist-packages/custom_msgs/msg/_data_xyz_s.c
[1.026s] -- Up-to-date: /home/dron/ws_controll/install/custom_msgs/local/lib/python3.10/dist-packages/custom_msgs/msg/_speed_data.py
[1.027s] -- Up-to-date: /home/dron/ws_controll/install/custom_msgs/local/lib/python3.10/dist-packages/custom_msgs/msg/_estimator_data_s.c
[1.027s] -- Up-to-date: /home/dron/ws_controll/install/custom_msgs/local/lib/python3.10/dist-packages/custom_msgs/msg/_accel_data.py
[1.029s] -- Up-to-date: /home/dron/ws_controll/install/custom_msgs/local/lib/python3.10/dist-packages/custom_msgs/msg/_accel_data_s.c
[1.029s] -- Up-to-date: /home/dron/ws_controll/install/custom_msgs/local/lib/python3.10/dist-packages/custom_msgs/msg/_speed_data_s.c
[1.029s] -- Up-to-date: /home/dron/ws_controll/install/custom_msgs/local/lib/python3.10/dist-packages/custom_msgs/msg/_imu_data_s.c
[1.029s] -- Up-to-date: /home/dron/ws_controll/install/custom_msgs/local/lib/python3.10/dist-packages/custom_msgs/msg/_geo_data.py
[1.030s] -- Up-to-date: /home/dron/ws_controll/install/custom_msgs/local/lib/python3.10/dist-packages/custom_msgs/msg/_imu_data.py
[1.030s] -- Up-to-date: /home/dron/ws_controll/install/custom_msgs/local/lib/python3.10/dist-packages/custom_msgs/msg/_possition_data.py
[1.030s] -- Up-to-date: /home/dron/ws_controll/install/custom_msgs/local/lib/python3.10/dist-packages/custom_msgs/msg/__init__.py
[1.030s] -- Up-to-date: /home/dron/ws_controll/install/custom_msgs/local/lib/python3.10/dist-packages/custom_msgs/_custom_msgs_s.ep.rosidl_typesupport_fastrtps_c.c
[1.030s] -- Up-to-date: /home/dron/ws_controll/install/custom_msgs/local/lib/python3.10/dist-packages/custom_msgs/libcustom_msgs__rosidl_generator_py.so
[1.030s] -- Up-to-date: /home/dron/ws_controll/install/custom_msgs/local/lib/python3.10/dist-packages/custom_msgs/custom_msgs_s__rosidl_typesupport_c.cpython-310-aarch64-linux-gnu.so
[1.031s] -- Up-to-date: /home/dron/ws_controll/install/custom_msgs/local/lib/python3.10/dist-packages/custom_msgs/_custom_msgs_s.ep.rosidl_typesupport_c.c
[1.031s] -- Up-to-date: /home/dron/ws_controll/install/custom_msgs/local/lib/python3.10/dist-packages/custom_msgs/__init__.py
[1.065s] Listing '/home/dron/ws_controll/install/custom_msgs/local/lib/python3.10/dist-packages/custom_msgs'...
[1.066s] Listing '/home/dron/ws_controll/install/custom_msgs/local/lib/python3.10/dist-packages/custom_msgs/msg'...
[1.077s] -- Up-to-date: /home/dron/ws_controll/install/custom_msgs/local/lib/python3.10/dist-packages/custom_msgs/custom_msgs_s__rosidl_typesupport_fastrtps_c.cpython-310-aarch64-linux-gnu.so
[1.078s] -- Up-to-date: /home/dron/ws_controll/install/custom_msgs/local/lib/python3.10/dist-packages/custom_msgs/custom_msgs_s__rosidl_typesupport_introspection_c.cpython-310-aarch64-linux-gnu.so
[1.079s] -- Up-to-date: /home/dron/ws_controll/install/custom_msgs/local/lib/python3.10/dist-packages/custom_msgs/custom_msgs_s__rosidl_typesupport_c.cpython-310-aarch64-linux-gnu.so
[1.079s] -- Up-to-date: /home/dron/ws_controll/install/custom_msgs/lib/libcustom_msgs__rosidl_generator_py.so
[1.080s] -- Up-to-date: /home/dron/ws_controll/install/custom_msgs/share/custom_msgs/msg/AccelData.idl
[1.080s] -- Up-to-date: /home/dron/ws_controll/install/custom_msgs/share/custom_msgs/msg/GyroData.idl
[1.080s] -- Up-to-date: /home/dron/ws_controll/install/custom_msgs/share/custom_msgs/msg/ImuData.idl
[1.080s] -- Up-to-date: /home/dron/ws_controll/install/custom_msgs/share/custom_msgs/msg/EstimatorData.idl
[1.080s] -- Up-to-date: /home/dron/ws_controll/install/custom_msgs/share/custom_msgs/msg/PossitionData.idl
[1.081s] -- Up-to-date: /home/dron/ws_controll/install/custom_msgs/share/custom_msgs/msg/SpeedData.idl
[1.083s] -- Up-to-date: /home/dron/ws_controll/install/custom_msgs/share/custom_msgs/msg/DataXYZ.idl
[1.083s] -- Up-to-date: /home/dron/ws_controll/install/custom_msgs/share/custom_msgs/msg/DroneStatus.idl
[1.084s] -- Up-to-date: /home/dron/ws_controll/install/custom_msgs/share/custom_msgs/msg/GeoData.idl
[1.084s] -- Up-to-date: /home/dron/ws_controll/install/custom_msgs/share/custom_msgs/msg/AccelData.msg
[1.084s] -- Up-to-date: /home/dron/ws_controll/install/custom_msgs/share/custom_msgs/msg/GyroData.msg
[1.084s] -- Up-to-date: /home/dron/ws_controll/install/custom_msgs/share/custom_msgs/msg/ImuData.msg
[1.085s] -- Up-to-date: /home/dron/ws_controll/install/custom_msgs/share/custom_msgs/msg/EstimatorData.msg
[1.085s] -- Up-to-date: /home/dron/ws_controll/install/custom_msgs/share/custom_msgs/msg/PossitionData.msg
[1.085s] -- Up-to-date: /home/dron/ws_controll/install/custom_msgs/share/custom_msgs/msg/SpeedData.msg
[1.085s] -- Up-to-date: /home/dron/ws_controll/install/custom_msgs/share/custom_msgs/msg/DataXYZ.msg
[1.085s] -- Up-to-date: /home/dron/ws_controll/install/custom_msgs/share/custom_msgs/msg/DroneStatus.msg
[1.086s] -- Up-to-date: /home/dron/ws_controll/install/custom_msgs/share/custom_msgs/msg/GeoData.msg
[1.086s] -- Up-to-date: /home/dron/ws_controll/install/custom_msgs/share/ament_index/resource_index/package_run_dependencies/custom_msgs
[1.086s] -- Up-to-date: /home/dron/ws_controll/install/custom_msgs/share/ament_index/resource_index/parent_prefix_path/custom_msgs
[1.086s] -- Up-to-date: /home/dron/ws_controll/install/custom_msgs/share/custom_msgs/environment/ament_prefix_path.sh
[1.087s] -- Up-to-date: /home/dron/ws_controll/install/custom_msgs/share/custom_msgs/environment/ament_prefix_path.dsv
[1.087s] -- Up-to-date: /home/dron/ws_controll/install/custom_msgs/share/custom_msgs/environment/path.sh
[1.087s] -- Up-to-date: /home/dron/ws_controll/install/custom_msgs/share/custom_msgs/environment/path.dsv
[1.087s] -- Up-to-date: /home/dron/ws_controll/install/custom_msgs/share/custom_msgs/local_setup.bash
[1.088s] -- Up-to-date: /home/dron/ws_controll/install/custom_msgs/share/custom_msgs/local_setup.sh
[1.088s] -- Up-to-date: /home/dron/ws_controll/install/custom_msgs/share/custom_msgs/local_setup.zsh
[1.088s] -- Up-to-date: /home/dron/ws_controll/install/custom_msgs/share/custom_msgs/local_setup.dsv
[1.089s] -- Installing: /home/dron/ws_controll/install/custom_msgs/share/custom_msgs/package.dsv
[1.089s] -- Up-to-date: /home/dron/ws_controll/install/custom_msgs/share/ament_index/resource_index/packages/custom_msgs
[1.089s] -- Up-to-date: /home/dron/ws_controll/install/custom_msgs/share/custom_msgs/cmake/export_custom_msgs__rosidl_generator_cExport.cmake
[1.089s] -- Up-to-date: /home/dron/ws_controll/install/custom_msgs/share/custom_msgs/cmake/export_custom_msgs__rosidl_generator_cExport-noconfig.cmake
[1.089s] -- Up-to-date: /home/dron/ws_controll/install/custom_msgs/share/custom_msgs/cmake/export_custom_msgs__rosidl_typesupport_fastrtps_cExport.cmake
[1.090s] -- Up-to-date: /home/dron/ws_controll/install/custom_msgs/share/custom_msgs/cmake/export_custom_msgs__rosidl_typesupport_fastrtps_cExport-noconfig.cmake
[1.090s] -- Up-to-date: /home/dron/ws_controll/install/custom_msgs/share/custom_msgs/cmake/custom_msgs__rosidl_typesupport_introspection_cExport.cmake
[1.090s] -- Up-to-date: /home/dron/ws_controll/install/custom_msgs/share/custom_msgs/cmake/custom_msgs__rosidl_typesupport_introspection_cExport-noconfig.cmake
[1.090s] -- Up-to-date: /home/dron/ws_controll/install/custom_msgs/share/custom_msgs/cmake/custom_msgs__rosidl_typesupport_cExport.cmake
[1.090s] -- Up-to-date: /home/dron/ws_controll/install/custom_msgs/share/custom_msgs/cmake/custom_msgs__rosidl_typesupport_cExport-noconfig.cmake
[1.090s] -- Up-to-date: /home/dron/ws_controll/install/custom_msgs/share/custom_msgs/cmake/export_custom_msgs__rosidl_generator_cppExport.cmake
[1.090s] -- Up-to-date: /home/dron/ws_controll/install/custom_msgs/share/custom_msgs/cmake/export_custom_msgs__rosidl_typesupport_fastrtps_cppExport.cmake
[1.091s] -- Up-to-date: /home/dron/ws_controll/install/custom_msgs/share/custom_msgs/cmake/export_custom_msgs__rosidl_typesupport_fastrtps_cppExport-noconfig.cmake
[1.091s] -- Up-to-date: /home/dron/ws_controll/install/custom_msgs/share/custom_msgs/cmake/custom_msgs__rosidl_typesupport_introspection_cppExport.cmake
[1.091s] -- Up-to-date: /home/dron/ws_controll/install/custom_msgs/share/custom_msgs/cmake/custom_msgs__rosidl_typesupport_introspection_cppExport-noconfig.cmake
[1.091s] -- Up-to-date: /home/dron/ws_controll/install/custom_msgs/share/custom_msgs/cmake/custom_msgs__rosidl_typesupport_cppExport.cmake
[1.091s] -- Up-to-date: /home/dron/ws_controll/install/custom_msgs/share/custom_msgs/cmake/custom_msgs__rosidl_typesupport_cppExport-noconfig.cmake
[1.091s] -- Up-to-date: /home/dron/ws_controll/install/custom_msgs/share/custom_msgs/cmake/export_custom_msgs__rosidl_generator_pyExport.cmake
[1.092s] -- Up-to-date: /home/dron/ws_controll/install/custom_msgs/share/custom_msgs/cmake/export_custom_msgs__rosidl_generator_pyExport-noconfig.cmake
[1.092s] -- Up-to-date: /home/dron/ws_controll/install/custom_msgs/share/custom_msgs/cmake/rosidl_cmake-extras.cmake
[1.092s] -- Up-to-date: /home/dron/ws_controll/install/custom_msgs/share/custom_msgs/cmake/ament_cmake_export_include_directories-extras.cmake
[1.092s] -- Up-to-date: /home/dron/ws_controll/install/custom_msgs/share/custom_msgs/cmake/ament_cmake_export_libraries-extras.cmake
[1.092s] -- Up-to-date: /home/dron/ws_controll/install/custom_msgs/share/custom_msgs/cmake/ament_cmake_export_targets-extras.cmake
[1.092s] -- Up-to-date: /home/dron/ws_controll/install/custom_msgs/share/custom_msgs/cmake/rosidl_cmake_export_typesupport_targets-extras.cmake
[1.092s] -- Up-to-date: /home/dron/ws_controll/install/custom_msgs/share/custom_msgs/cmake/ament_cmake_export_dependencies-extras.cmake
[1.093s] -- Up-to-date: /home/dron/ws_controll/install/custom_msgs/share/custom_msgs/cmake/rosidl_cmake_export_typesupport_libraries-extras.cmake
[1.093s] -- Up-to-date: /home/dron/ws_controll/install/custom_msgs/share/custom_msgs/cmake/custom_msgsConfig.cmake
[1.094s] -- Up-to-date: /home/dron/ws_controll/install/custom_msgs/share/custom_msgs/cmake/custom_msgsConfig-version.cmake
[1.095s] -- Up-to-date: /home/dron/ws_controll/install/custom_msgs/share/custom_msgs/package.xml
[1.096s] Invoked command in '/home/dron/ws_controll/build/custom_msgs' returned '0': CMAKE_PREFIX_PATH=${CMAKE_PREFIX_PATH}:/home/dron/ws_controll/install/log_data_pkg:/home/dron/ws_controll/install/flight_controller_pkg:/home/dron/ws_controll/install/flask_pkg:/opt/ros/humble /usr/bin/cmake --install /home/dron/ws_controll/build/custom_msgs
