[3.336s] Invoking command in '/home/dron/ws_controller/src/flask_pkg': LD_LIBRARY_PATH=/home/dron/ws_controller/install/custom_msgs/lib:/usr/local/cuda-12.6/lib64:/opt/ros/humble/opt/rviz_ogre_vendor/lib:/opt/ros/humble/lib/aarch64-linux-gnu:/opt/ros/humble/lib:/usr/local/cuda-12.6/lib64 PYTHONPATH=/home/dron/ws_controller/build/flask_pkg/prefix_override:/usr/lib/python3/dist-packages/colcon_core/task/python/colcon_distutils_commands:/home/dron/ws_controller/install/flask_pkg/lib/python3.10/site-packages:${PYTHONPATH} /usr/bin/python3 -W ignore:setup.py install is deprecated -W ignore:easy_install command is deprecated setup.py egg_info --egg-base ../../build/flask_pkg build --build-base /home/dron/ws_controller/build/flask_pkg/build install --record /home/dron/ws_controller/build/flask_pkg/install.log --single-version-externally-managed install_data
[4.073s] running egg_info
[4.075s] writing ../../build/flask_pkg/flask_pkg.egg-info/PKG-INFO
[4.076s] writing dependency_links to ../../build/flask_pkg/flask_pkg.egg-info/dependency_links.txt
[4.076s] writing entry points to ../../build/flask_pkg/flask_pkg.egg-info/entry_points.txt
[4.077s] writing requirements to ../../build/flask_pkg/flask_pkg.egg-info/requires.txt
[4.077s] writing top-level names to ../../build/flask_pkg/flask_pkg.egg-info/top_level.txt
[4.081s] reading manifest file '../../build/flask_pkg/flask_pkg.egg-info/SOURCES.txt'
[4.084s] writing manifest file '../../build/flask_pkg/flask_pkg.egg-info/SOURCES.txt'
[4.085s] running build
[4.085s] running build_py
[4.086s] running install
[4.086s] running install_lib
[4.089s] running install_data
[4.090s] running install_egg_info
[4.094s] removing '/home/dron/ws_controller/install/flask_pkg/lib/python3.10/site-packages/flask_pkg-0.0.0-py3.10.egg-info' (and everything under it)
[4.095s] Copying ../../build/flask_pkg/flask_pkg.egg-info to /home/dron/ws_controller/install/flask_pkg/lib/python3.10/site-packages/flask_pkg-0.0.0-py3.10.egg-info
[4.097s] running install_scripts
[4.152s] Installing flask_server script to /home/dron/ws_controller/install/flask_pkg/lib/flask_pkg
[4.153s] writing list of installed files to '/home/dron/ws_controller/build/flask_pkg/install.log'
[4.312s] Invoked command in '/home/dron/ws_controller/src/flask_pkg' returned '0': LD_LIBRARY_PATH=/home/dron/ws_controller/install/custom_msgs/lib:/usr/local/cuda-12.6/lib64:/opt/ros/humble/opt/rviz_ogre_vendor/lib:/opt/ros/humble/lib/aarch64-linux-gnu:/opt/ros/humble/lib:/usr/local/cuda-12.6/lib64 PYTHONPATH=/home/dron/ws_controller/build/flask_pkg/prefix_override:/usr/lib/python3/dist-packages/colcon_core/task/python/colcon_distutils_commands:/home/dron/ws_controller/install/flask_pkg/lib/python3.10/site-packages:${PYTHONPATH} /usr/bin/python3 -W ignore:setup.py install is deprecated -W ignore:easy_install command is deprecated setup.py egg_info --egg-base ../../build/flask_pkg build --build-base /home/dron/ws_controller/build/flask_pkg/build install --record /home/dron/ws_controller/build/flask_pkg/install.log --single-version-externally-managed install_data
