[0.055s] Invoking command in '/home/dron/ws_controller/build/custom_msgs': CMAKE_PREFIX_PATH=${CMAKE_PREFIX_PATH}:/home/dron/ws_controller/install/log_data_pkg:/home/dron/ws_controller/install/flight_controller_pkg:/home/dron/ws_controller/install/flask_pkg:/home/dron/Praca-magisterska/ros2_ws/install/um7_pkg:/home/dron/Praca-magisterska/ros2_ws/install/my_py_pkg:/home/dron/Praca-magisterska/ros2_ws/install/log_data_pkg:/home/dron/Praca-magisterska/ros2_ws/install/gs_pkg:/home/dron/Praca-magisterska/ros2_ws/install/flight_controller_pkg:/home/dron/Praca-magisterska/ros2_ws/install/flask_pkg:/home/dron/Praca-magisterska/ros2_ws/install/estimator_pkg:/opt/ros/humble VIRTUAL_ENV_PROMPT=(venv) /usr/bin/cmake --build /home/dron/ws_controller/build/custom_msgs -- -j4 -l4
[0.266s] [35m[1mConsolidate compiler generated dependencies of target custom_msgs__rosidl_generator_c[0m
[0.308s] [  1%] Built target custom_msgs__cpp
[0.342s] [ 12%] Built target custom_msgs__rosidl_generator_c
[0.368s] [ 12%] Built target ament_cmake_python_copy_custom_msgs
[0.376s] [35m[1mConsolidate compiler generated dependencies of target custom_msgs__rosidl_typesupport_cpp[0m
[0.403s] [35m[1mConsolidate compiler generated dependencies of target custom_msgs__rosidl_typesupport_fastrtps_cpp[0m
[0.417s] [35m[1mConsolidate compiler generated dependencies of target custom_msgs__rosidl_typesupport_introspection_cpp[0m
[0.435s] [35m[1mConsolidate compiler generated dependencies of target custom_msgs__rosidl_typesupport_fastrtps_c[0m
[0.518s] [ 24%] Built target custom_msgs__rosidl_typesupport_cpp
[0.532s] [ 35%] Built target custom_msgs__rosidl_typesupport_fastrtps_cpp
[0.558s] [ 47%] Built target custom_msgs__rosidl_typesupport_introspection_cpp
[0.586s] [35m[1mConsolidate compiler generated dependencies of target custom_msgs__rosidl_typesupport_introspection_c[0m
[0.590s] [35m[1mConsolidate compiler generated dependencies of target custom_msgs__rosidl_typesupport_c[0m
[0.591s] [ 58%] Built target custom_msgs__rosidl_typesupport_fastrtps_c
[0.654s] [ 70%] Built target custom_msgs__rosidl_typesupport_c
[0.667s] [ 82%] Built target custom_msgs__rosidl_typesupport_introspection_c
[0.761s] [ 82%] Built target custom_msgs
[0.860s] [ 83%] Built target custom_msgs__py
[0.924s] [35m[1mConsolidate compiler generated dependencies of target custom_msgs__rosidl_generator_py[0m
[1.035s] [ 93%] Built target custom_msgs__rosidl_generator_py
[1.087s] [35m[1mConsolidate compiler generated dependencies of target custom_msgs__rosidl_typesupport_fastrtps_c__pyext[0m
[1.105s] [35m[1mConsolidate compiler generated dependencies of target custom_msgs__rosidl_typesupport_introspection_c__pyext[0m
[1.135s] [35m[1mConsolidate compiler generated dependencies of target custom_msgs__rosidl_typesupport_c__pyext[0m
[1.217s] [ 97%] Built target custom_msgs__rosidl_typesupport_c__pyext
[1.221s] [ 95%] Built target custom_msgs__rosidl_typesupport_fastrtps_c__pyext
[1.226s] [100%] Built target custom_msgs__rosidl_typesupport_introspection_c__pyext
[1.792s] running egg_info
[1.795s] writing custom_msgs.egg-info/PKG-INFO
[1.796s] writing dependency_links to custom_msgs.egg-info/dependency_links.txt
[1.797s] writing top-level names to custom_msgs.egg-info/top_level.txt
[1.807s] reading manifest file 'custom_msgs.egg-info/SOURCES.txt'
[1.810s] writing manifest file 'custom_msgs.egg-info/SOURCES.txt'
[1.939s] [100%] Built target ament_cmake_python_build_custom_msgs_egg
[1.988s] Invoked command in '/home/dron/ws_controller/build/custom_msgs' returned '0': CMAKE_PREFIX_PATH=${CMAKE_PREFIX_PATH}:/home/dron/ws_controller/install/log_data_pkg:/home/dron/ws_controller/install/flight_controller_pkg:/home/dron/ws_controller/install/flask_pkg:/home/dron/Praca-magisterska/ros2_ws/install/um7_pkg:/home/dron/Praca-magisterska/ros2_ws/install/my_py_pkg:/home/dron/Praca-magisterska/ros2_ws/install/log_data_pkg:/home/dron/Praca-magisterska/ros2_ws/install/gs_pkg:/home/dron/Praca-magisterska/ros2_ws/install/flight_controller_pkg:/home/dron/Praca-magisterska/ros2_ws/install/flask_pkg:/home/dron/Praca-magisterska/ros2_ws/install/estimator_pkg:/opt/ros/humble VIRTUAL_ENV_PROMPT=(venv) /usr/bin/cmake --build /home/dron/ws_controller/build/custom_msgs -- -j4 -l4
[2.027s] Invoking command in '/home/dron/ws_controller/build/custom_msgs': CMAKE_PREFIX_PATH=${CMAKE_PREFIX_PATH}:/home/dron/ws_controller/install/log_data_pkg:/home/dron/ws_controller/install/flight_controller_pkg:/home/dron/ws_controller/install/flask_pkg:/home/dron/Praca-magisterska/ros2_ws/install/um7_pkg:/home/dron/Praca-magisterska/ros2_ws/install/my_py_pkg:/home/dron/Praca-magisterska/ros2_ws/install/log_data_pkg:/home/dron/Praca-magisterska/ros2_ws/install/gs_pkg:/home/dron/Praca-magisterska/ros2_ws/install/flight_controller_pkg:/home/dron/Praca-magisterska/ros2_ws/install/flask_pkg:/home/dron/Praca-magisterska/ros2_ws/install/estimator_pkg:/opt/ros/humble VIRTUAL_ENV_PROMPT=(venv) /usr/bin/cmake --install /home/dron/ws_controller/build/custom_msgs
[2.055s] -- Install configuration: ""
[2.056s] -- Up-to-date: /home/dron/ws_controller/install/custom_msgs/share/ament_index/resource_index/rosidl_interfaces/custom_msgs
[2.056s] -- Up-to-date: /home/dron/ws_controller/install/custom_msgs/include/custom_msgs/custom_msgs
[2.057s] -- Up-to-date: /home/dron/ws_controller/install/custom_msgs/include/custom_msgs/custom_msgs/msg
[2.057s] -- Up-to-date: /home/dron/ws_controller/install/custom_msgs/include/custom_msgs/custom_msgs/msg/imu_data.h
[2.058s] -- Up-to-date: /home/dron/ws_controller/install/custom_msgs/include/custom_msgs/custom_msgs/msg/data_xyz.h
[2.058s] -- Up-to-date: /home/dron/ws_controller/install/custom_msgs/include/custom_msgs/custom_msgs/msg/gyro_data.h
[2.058s] -- Up-to-date: /home/dron/ws_controller/install/custom_msgs/include/custom_msgs/custom_msgs/msg/estimator_data.h
[2.059s] -- Up-to-date: /home/dron/ws_controller/install/custom_msgs/include/custom_msgs/custom_msgs/msg/accel_data.h
[2.059s] -- Up-to-date: /home/dron/ws_controller/install/custom_msgs/include/custom_msgs/custom_msgs/msg/possition_data.h
[2.059s] -- Up-to-date: /home/dron/ws_controller/install/custom_msgs/include/custom_msgs/custom_msgs/msg/rosidl_generator_c__visibility_control.h
[2.060s] -- Up-to-date: /home/dron/ws_controller/install/custom_msgs/include/custom_msgs/custom_msgs/msg/geo_data.h
[2.060s] -- Up-to-date: /home/dron/ws_controller/install/custom_msgs/include/custom_msgs/custom_msgs/msg/detail
[2.061s] -- Up-to-date: /home/dron/ws_controller/install/custom_msgs/include/custom_msgs/custom_msgs/msg/detail/accel_data__type_support.h
[2.061s] -- Up-to-date: /home/dron/ws_controller/install/custom_msgs/include/custom_msgs/custom_msgs/msg/detail/data_xyz__functions.h
[2.062s] -- Up-to-date: /home/dron/ws_controller/install/custom_msgs/include/custom_msgs/custom_msgs/msg/detail/possition_data__struct.h
[2.062s] -- Up-to-date: /home/dron/ws_controller/install/custom_msgs/include/custom_msgs/custom_msgs/msg/detail/estimator_data__functions.c
[2.062s] -- Up-to-date: /home/dron/ws_controller/install/custom_msgs/include/custom_msgs/custom_msgs/msg/detail/speed_data__type_support.h
[2.063s] -- Up-to-date: /home/dron/ws_controller/install/custom_msgs/include/custom_msgs/custom_msgs/msg/detail/imu_data__functions.h
[2.063s] -- Up-to-date: /home/dron/ws_controller/install/custom_msgs/include/custom_msgs/custom_msgs/msg/detail/geo_data__functions.c
[2.064s] -- Up-to-date: /home/dron/ws_controller/install/custom_msgs/include/custom_msgs/custom_msgs/msg/detail/imu_data__type_support.h
[2.064s] -- Up-to-date: /home/dron/ws_controller/install/custom_msgs/include/custom_msgs/custom_msgs/msg/detail/accel_data__functions.c
[2.065s] -- Up-to-date: /home/dron/ws_controller/install/custom_msgs/include/custom_msgs/custom_msgs/msg/detail/possition_data__type_support.h
[2.065s] -- Up-to-date: /home/dron/ws_controller/install/custom_msgs/include/custom_msgs/custom_msgs/msg/detail/gyro_data__functions.c
[2.065s] -- Up-to-date: /home/dron/ws_controller/install/custom_msgs/include/custom_msgs/custom_msgs/msg/detail/estimator_data__struct.h
[2.066s] -- Up-to-date: /home/dron/ws_controller/install/custom_msgs/include/custom_msgs/custom_msgs/msg/detail/estimator_data__type_support.h
[2.066s] -- Up-to-date: /home/dron/ws_controller/install/custom_msgs/include/custom_msgs/custom_msgs/msg/detail/possition_data__functions.h
[2.067s] -- Up-to-date: /home/dron/ws_controller/install/custom_msgs/include/custom_msgs/custom_msgs/msg/detail/gyro_data__struct.h
[2.067s] -- Up-to-date: /home/dron/ws_controller/install/custom_msgs/include/custom_msgs/custom_msgs/msg/detail/drone_status__struct.h
[2.068s] -- Up-to-date: /home/dron/ws_controller/install/custom_msgs/include/custom_msgs/custom_msgs/msg/detail/geo_data__functions.h
[2.068s] -- Up-to-date: /home/dron/ws_controller/install/custom_msgs/include/custom_msgs/custom_msgs/msg/detail/data_xyz__functions.c
[2.068s] -- Up-to-date: /home/dron/ws_controller/install/custom_msgs/include/custom_msgs/custom_msgs/msg/detail/speed_data__functions.c
[2.069s] -- Up-to-date: /home/dron/ws_controller/install/custom_msgs/include/custom_msgs/custom_msgs/msg/detail/geo_data__type_support.h
[2.069s] -- Up-to-date: /home/dron/ws_controller/install/custom_msgs/include/custom_msgs/custom_msgs/msg/detail/geo_data__struct.h
[2.070s] -- Up-to-date: /home/dron/ws_controller/install/custom_msgs/include/custom_msgs/custom_msgs/msg/detail/speed_data__functions.h
[2.070s] -- Up-to-date: /home/dron/ws_controller/install/custom_msgs/include/custom_msgs/custom_msgs/msg/detail/drone_status__functions.h
[2.070s] -- Up-to-date: /home/dron/ws_controller/install/custom_msgs/include/custom_msgs/custom_msgs/msg/detail/data_xyz__type_support.h
[2.071s] -- Up-to-date: /home/dron/ws_controller/install/custom_msgs/include/custom_msgs/custom_msgs/msg/detail/imu_data__functions.c
[2.071s] -- Up-to-date: /home/dron/ws_controller/install/custom_msgs/include/custom_msgs/custom_msgs/msg/detail/accel_data__functions.h
[2.071s] -- Up-to-date: /home/dron/ws_controller/install/custom_msgs/include/custom_msgs/custom_msgs/msg/detail/drone_status__type_support.h
[2.072s] -- Up-to-date: /home/dron/ws_controller/install/custom_msgs/include/custom_msgs/custom_msgs/msg/detail/imu_data__struct.h
[2.072s] -- Up-to-date: /home/dron/ws_controller/install/custom_msgs/include/custom_msgs/custom_msgs/msg/detail/drone_status__functions.c
[2.073s] -- Up-to-date: /home/dron/ws_controller/install/custom_msgs/include/custom_msgs/custom_msgs/msg/detail/speed_data__struct.h
[2.073s] -- Up-to-date: /home/dron/ws_controller/install/custom_msgs/include/custom_msgs/custom_msgs/msg/detail/gyro_data__type_support.h
[2.074s] -- Up-to-date: /home/dron/ws_controller/install/custom_msgs/include/custom_msgs/custom_msgs/msg/detail/possition_data__functions.c
[2.074s] -- Up-to-date: /home/dron/ws_controller/install/custom_msgs/include/custom_msgs/custom_msgs/msg/detail/estimator_data__functions.h
[2.074s] -- Up-to-date: /home/dron/ws_controller/install/custom_msgs/include/custom_msgs/custom_msgs/msg/detail/accel_data__struct.h
[2.075s] -- Up-to-date: /home/dron/ws_controller/install/custom_msgs/include/custom_msgs/custom_msgs/msg/detail/gyro_data__functions.h
[2.075s] -- Up-to-date: /home/dron/ws_controller/install/custom_msgs/include/custom_msgs/custom_msgs/msg/detail/data_xyz__struct.h
[2.076s] -- Up-to-date: /home/dron/ws_controller/install/custom_msgs/include/custom_msgs/custom_msgs/msg/speed_data.h
[2.076s] -- Up-to-date: /home/dron/ws_controller/install/custom_msgs/include/custom_msgs/custom_msgs/msg/drone_status.h
[2.077s] -- Up-to-date: /home/dron/ws_controller/install/custom_msgs/share/custom_msgs/environment/library_path.sh
[2.077s] -- Up-to-date: /home/dron/ws_controller/install/custom_msgs/share/custom_msgs/environment/library_path.dsv
[2.077s] -- Up-to-date: /home/dron/ws_controller/install/custom_msgs/lib/libcustom_msgs__rosidl_generator_c.so
[2.078s] -- Up-to-date: /home/dron/ws_controller/install/custom_msgs/include/custom_msgs/custom_msgs
[2.078s] -- Up-to-date: /home/dron/ws_controller/install/custom_msgs/include/custom_msgs/custom_msgs/msg
[2.078s] -- Up-to-date: /home/dron/ws_controller/install/custom_msgs/include/custom_msgs/custom_msgs/msg/rosidl_typesupport_fastrtps_c__visibility_control.h
[2.079s] -- Up-to-date: /home/dron/ws_controller/install/custom_msgs/include/custom_msgs/custom_msgs/msg/detail
[2.079s] -- Up-to-date: /home/dron/ws_controller/install/custom_msgs/include/custom_msgs/custom_msgs/msg/detail/speed_data__rosidl_typesupport_fastrtps_c.h
[2.079s] -- Up-to-date: /home/dron/ws_controller/install/custom_msgs/include/custom_msgs/custom_msgs/msg/detail/geo_data__rosidl_typesupport_fastrtps_c.h
[2.080s] -- Up-to-date: /home/dron/ws_controller/install/custom_msgs/include/custom_msgs/custom_msgs/msg/detail/imu_data__rosidl_typesupport_fastrtps_c.h
[2.080s] -- Up-to-date: /home/dron/ws_controller/install/custom_msgs/include/custom_msgs/custom_msgs/msg/detail/gyro_data__rosidl_typesupport_fastrtps_c.h
[2.082s] -- Up-to-date: /home/dron/ws_controller/install/custom_msgs/include/custom_msgs/custom_msgs/msg/detail/accel_data__rosidl_typesupport_fastrtps_c.h
[2.083s] -- Up-to-date: /home/dron/ws_controller/install/custom_msgs/include/custom_msgs/custom_msgs/msg/detail/data_xyz__rosidl_typesupport_fastrtps_c.h
[2.083s] -- Up-to-date: /home/dron/ws_controller/install/custom_msgs/include/custom_msgs/custom_msgs/msg/detail/drone_status__rosidl_typesupport_fastrtps_c.h
[2.084s] -- Up-to-date: /home/dron/ws_controller/install/custom_msgs/include/custom_msgs/custom_msgs/msg/detail/possition_data__rosidl_typesupport_fastrtps_c.h
[2.084s] -- Up-to-date: /home/dron/ws_controller/install/custom_msgs/include/custom_msgs/custom_msgs/msg/detail/estimator_data__rosidl_typesupport_fastrtps_c.h
[2.085s] -- Up-to-date: /home/dron/ws_controller/install/custom_msgs/lib/libcustom_msgs__rosidl_typesupport_fastrtps_c.so
[2.085s] -- Up-to-date: /home/dron/ws_controller/install/custom_msgs/include/custom_msgs/custom_msgs
[2.085s] -- Up-to-date: /home/dron/ws_controller/install/custom_msgs/include/custom_msgs/custom_msgs/msg
[2.086s] -- Up-to-date: /home/dron/ws_controller/install/custom_msgs/include/custom_msgs/custom_msgs/msg/detail
[2.086s] -- Up-to-date: /home/dron/ws_controller/install/custom_msgs/include/custom_msgs/custom_msgs/msg/detail/estimator_data__rosidl_typesupport_introspection_c.h
[2.087s] -- Up-to-date: /home/dron/ws_controller/install/custom_msgs/include/custom_msgs/custom_msgs/msg/detail/speed_data__type_support.c
[2.087s] -- Up-to-date: /home/dron/ws_controller/install/custom_msgs/include/custom_msgs/custom_msgs/msg/detail/geo_data__rosidl_typesupport_introspection_c.h
[2.087s] -- Up-to-date: /home/dron/ws_controller/install/custom_msgs/include/custom_msgs/custom_msgs/msg/detail/possition_data__rosidl_typesupport_introspection_c.h
[2.088s] -- Up-to-date: /home/dron/ws_controller/install/custom_msgs/include/custom_msgs/custom_msgs/msg/detail/data_xyz__type_support.c
[2.088s] -- Up-to-date: /home/dron/ws_controller/install/custom_msgs/include/custom_msgs/custom_msgs/msg/detail/drone_status__rosidl_typesupport_introspection_c.h
[2.088s] -- Up-to-date: /home/dron/ws_controller/install/custom_msgs/include/custom_msgs/custom_msgs/msg/detail/drone_status__type_support.c
[2.089s] -- Up-to-date: /home/dron/ws_controller/install/custom_msgs/include/custom_msgs/custom_msgs/msg/detail/data_xyz__rosidl_typesupport_introspection_c.h
[2.089s] -- Up-to-date: /home/dron/ws_controller/install/custom_msgs/include/custom_msgs/custom_msgs/msg/detail/imu_data__rosidl_typesupport_introspection_c.h
[2.089s] -- Up-to-date: /home/dron/ws_controller/install/custom_msgs/include/custom_msgs/custom_msgs/msg/detail/geo_data__type_support.c
[2.090s] -- Up-to-date: /home/dron/ws_controller/install/custom_msgs/include/custom_msgs/custom_msgs/msg/detail/possition_data__type_support.c
[2.090s] -- Up-to-date: /home/dron/ws_controller/install/custom_msgs/include/custom_msgs/custom_msgs/msg/detail/imu_data__type_support.c
[2.090s] -- Up-to-date: /home/dron/ws_controller/install/custom_msgs/include/custom_msgs/custom_msgs/msg/detail/accel_data__rosidl_typesupport_introspection_c.h
[2.091s] -- Up-to-date: /home/dron/ws_controller/install/custom_msgs/include/custom_msgs/custom_msgs/msg/detail/gyro_data__rosidl_typesupport_introspection_c.h
[2.091s] -- Up-to-date: /home/dron/ws_controller/install/custom_msgs/include/custom_msgs/custom_msgs/msg/detail/estimator_data__type_support.c
[2.092s] -- Up-to-date: /home/dron/ws_controller/install/custom_msgs/include/custom_msgs/custom_msgs/msg/detail/accel_data__type_support.c
[2.092s] -- Up-to-date: /home/dron/ws_controller/install/custom_msgs/include/custom_msgs/custom_msgs/msg/detail/gyro_data__type_support.c
[2.093s] -- Up-to-date: /home/dron/ws_controller/install/custom_msgs/include/custom_msgs/custom_msgs/msg/detail/speed_data__rosidl_typesupport_introspection_c.h
[2.093s] -- Up-to-date: /home/dron/ws_controller/install/custom_msgs/include/custom_msgs/custom_msgs/msg/rosidl_typesupport_introspection_c__visibility_control.h
[2.093s] -- Up-to-date: /home/dron/ws_controller/install/custom_msgs/lib/libcustom_msgs__rosidl_typesupport_introspection_c.so
[2.094s] -- Up-to-date: /home/dron/ws_controller/install/custom_msgs/lib/libcustom_msgs__rosidl_typesupport_c.so
[2.094s] -- Up-to-date: /home/dron/ws_controller/install/custom_msgs/include/custom_msgs/custom_msgs
[2.094s] -- Up-to-date: /home/dron/ws_controller/install/custom_msgs/include/custom_msgs/custom_msgs/msg
[2.095s] -- Up-to-date: /home/dron/ws_controller/install/custom_msgs/include/custom_msgs/custom_msgs/msg/accel_data.hpp
[2.095s] -- Up-to-date: /home/dron/ws_controller/install/custom_msgs/include/custom_msgs/custom_msgs/msg/data_xyz.hpp
[2.096s] -- Up-to-date: /home/dron/ws_controller/install/custom_msgs/include/custom_msgs/custom_msgs/msg/possition_data.hpp
[2.096s] -- Up-to-date: /home/dron/ws_controller/install/custom_msgs/include/custom_msgs/custom_msgs/msg/gyro_data.hpp
[2.097s] -- Up-to-date: /home/dron/ws_controller/install/custom_msgs/include/custom_msgs/custom_msgs/msg/estimator_data.hpp
[2.097s] -- Up-to-date: /home/dron/ws_controller/install/custom_msgs/include/custom_msgs/custom_msgs/msg/drone_status.hpp
[2.097s] -- Up-to-date: /home/dron/ws_controller/install/custom_msgs/include/custom_msgs/custom_msgs/msg/detail
[2.098s] -- Up-to-date: /home/dron/ws_controller/install/custom_msgs/include/custom_msgs/custom_msgs/msg/detail/possition_data__traits.hpp
[2.098s] -- Up-to-date: /home/dron/ws_controller/install/custom_msgs/include/custom_msgs/custom_msgs/msg/detail/speed_data__struct.hpp
[2.099s] -- Up-to-date: /home/dron/ws_controller/install/custom_msgs/include/custom_msgs/custom_msgs/msg/detail/gyro_data__struct.hpp
[2.099s] -- Up-to-date: /home/dron/ws_controller/install/custom_msgs/include/custom_msgs/custom_msgs/msg/detail/data_xyz__builder.hpp
[2.099s] -- Up-to-date: /home/dron/ws_controller/install/custom_msgs/include/custom_msgs/custom_msgs/msg/detail/drone_status__traits.hpp
[2.100s] -- Up-to-date: /home/dron/ws_controller/install/custom_msgs/include/custom_msgs/custom_msgs/msg/detail/gyro_data__traits.hpp
[2.100s] -- Up-to-date: /home/dron/ws_controller/install/custom_msgs/include/custom_msgs/custom_msgs/msg/detail/geo_data__traits.hpp
[2.101s] -- Up-to-date: /home/dron/ws_controller/install/custom_msgs/include/custom_msgs/custom_msgs/msg/detail/speed_data__type_support.hpp
[2.101s] -- Up-to-date: /home/dron/ws_controller/install/custom_msgs/include/custom_msgs/custom_msgs/msg/detail/data_xyz__type_support.hpp
[2.101s] -- Up-to-date: /home/dron/ws_controller/install/custom_msgs/include/custom_msgs/custom_msgs/msg/detail/possition_data__builder.hpp
[2.102s] -- Up-to-date: /home/dron/ws_controller/install/custom_msgs/include/custom_msgs/custom_msgs/msg/detail/gyro_data__builder.hpp
[2.102s] -- Up-to-date: /home/dron/ws_controller/install/custom_msgs/include/custom_msgs/custom_msgs/msg/detail/estimator_data__traits.hpp
[2.103s] -- Up-to-date: /home/dron/ws_controller/install/custom_msgs/include/custom_msgs/custom_msgs/msg/detail/speed_data__builder.hpp
[2.104s] -- Up-to-date: /home/dron/ws_controller/install/custom_msgs/include/custom_msgs/custom_msgs/msg/detail/estimator_data__type_support.hpp
[2.104s] -- Up-to-date: /home/dron/ws_controller/install/custom_msgs/include/custom_msgs/custom_msgs/msg/detail/possition_data__type_support.hpp
[2.105s] -- Up-to-date: /home/dron/ws_controller/install/custom_msgs/include/custom_msgs/custom_msgs/msg/detail/accel_data__struct.hpp
[2.105s] -- Up-to-date: /home/dron/ws_controller/install/custom_msgs/include/custom_msgs/custom_msgs/msg/detail/imu_data__struct.hpp
[2.106s] -- Up-to-date: /home/dron/ws_controller/install/custom_msgs/include/custom_msgs/custom_msgs/msg/detail/estimator_data__struct.hpp
[2.106s] -- Up-to-date: /home/dron/ws_controller/install/custom_msgs/include/custom_msgs/custom_msgs/msg/detail/speed_data__traits.hpp
[2.106s] -- Up-to-date: /home/dron/ws_controller/install/custom_msgs/include/custom_msgs/custom_msgs/msg/detail/imu_data__type_support.hpp
[2.107s] -- Up-to-date: /home/dron/ws_controller/install/custom_msgs/include/custom_msgs/custom_msgs/msg/detail/possition_data__struct.hpp
[2.107s] -- Up-to-date: /home/dron/ws_controller/install/custom_msgs/include/custom_msgs/custom_msgs/msg/detail/geo_data__type_support.hpp
[2.108s] -- Up-to-date: /home/dron/ws_controller/install/custom_msgs/include/custom_msgs/custom_msgs/msg/detail/data_xyz__traits.hpp
[2.108s] -- Up-to-date: /home/dron/ws_controller/install/custom_msgs/include/custom_msgs/custom_msgs/msg/detail/geo_data__builder.hpp
[2.108s] -- Up-to-date: /home/dron/ws_controller/install/custom_msgs/include/custom_msgs/custom_msgs/msg/detail/accel_data__traits.hpp
[2.109s] -- Up-to-date: /home/dron/ws_controller/install/custom_msgs/include/custom_msgs/custom_msgs/msg/detail/data_xyz__struct.hpp
[2.110s] -- Up-to-date: /home/dron/ws_controller/install/custom_msgs/include/custom_msgs/custom_msgs/msg/detail/gyro_data__type_support.hpp
[2.110s] -- Up-to-date: /home/dron/ws_controller/install/custom_msgs/include/custom_msgs/custom_msgs/msg/detail/geo_data__struct.hpp
[2.111s] -- Up-to-date: /home/dron/ws_controller/install/custom_msgs/include/custom_msgs/custom_msgs/msg/detail/estimator_data__builder.hpp
[2.111s] -- Up-to-date: /home/dron/ws_controller/install/custom_msgs/include/custom_msgs/custom_msgs/msg/detail/imu_data__traits.hpp
[2.112s] -- Up-to-date: /home/dron/ws_controller/install/custom_msgs/include/custom_msgs/custom_msgs/msg/detail/drone_status__type_support.hpp
[2.112s] -- Up-to-date: /home/dron/ws_controller/install/custom_msgs/include/custom_msgs/custom_msgs/msg/detail/drone_status__builder.hpp
[2.113s] -- Up-to-date: /home/dron/ws_controller/install/custom_msgs/include/custom_msgs/custom_msgs/msg/detail/accel_data__builder.hpp
[2.113s] -- Up-to-date: /home/dron/ws_controller/install/custom_msgs/include/custom_msgs/custom_msgs/msg/detail/accel_data__type_support.hpp
[2.114s] -- Up-to-date: /home/dron/ws_controller/install/custom_msgs/include/custom_msgs/custom_msgs/msg/detail/drone_status__struct.hpp
[2.114s] -- Up-to-date: /home/dron/ws_controller/install/custom_msgs/include/custom_msgs/custom_msgs/msg/detail/imu_data__builder.hpp
[2.114s] -- Up-to-date: /home/dron/ws_controller/install/custom_msgs/include/custom_msgs/custom_msgs/msg/speed_data.hpp
[2.115s] -- Up-to-date: /home/dron/ws_controller/install/custom_msgs/include/custom_msgs/custom_msgs/msg/imu_data.hpp
[2.115s] -- Up-to-date: /home/dron/ws_controller/install/custom_msgs/include/custom_msgs/custom_msgs/msg/geo_data.hpp
[2.116s] -- Up-to-date: /home/dron/ws_controller/install/custom_msgs/include/custom_msgs/custom_msgs/msg/rosidl_generator_cpp__visibility_control.hpp
[2.116s] -- Up-to-date: /home/dron/ws_controller/install/custom_msgs/include/custom_msgs/custom_msgs
[2.117s] -- Up-to-date: /home/dron/ws_controller/install/custom_msgs/include/custom_msgs/custom_msgs/msg
[2.117s] -- Up-to-date: /home/dron/ws_controller/install/custom_msgs/include/custom_msgs/custom_msgs/msg/rosidl_typesupport_fastrtps_cpp__visibility_control.h
[2.117s] -- Up-to-date: /home/dron/ws_controller/install/custom_msgs/include/custom_msgs/custom_msgs/msg/detail
[2.118s] -- Up-to-date: /home/dron/ws_controller/install/custom_msgs/include/custom_msgs/custom_msgs/msg/detail/estimator_data__rosidl_typesupport_fastrtps_cpp.hpp
[2.118s] -- Up-to-date: /home/dron/ws_controller/install/custom_msgs/include/custom_msgs/custom_msgs/msg/detail/dds_fastrtps
[2.119s] -- Up-to-date: /home/dron/ws_controller/install/custom_msgs/include/custom_msgs/custom_msgs/msg/detail/speed_data__rosidl_typesupport_fastrtps_cpp.hpp
[2.119s] -- Up-to-date: /home/dron/ws_controller/install/custom_msgs/include/custom_msgs/custom_msgs/msg/detail/gyro_data__rosidl_typesupport_fastrtps_cpp.hpp
[2.119s] -- Up-to-date: /home/dron/ws_controller/install/custom_msgs/include/custom_msgs/custom_msgs/msg/detail/geo_data__rosidl_typesupport_fastrtps_cpp.hpp
[2.120s] -- Up-to-date: /home/dron/ws_controller/install/custom_msgs/include/custom_msgs/custom_msgs/msg/detail/imu_data__rosidl_typesupport_fastrtps_cpp.hpp
[2.120s] -- Up-to-date: /home/dron/ws_controller/install/custom_msgs/include/custom_msgs/custom_msgs/msg/detail/accel_data__rosidl_typesupport_fastrtps_cpp.hpp
[2.120s] -- Up-to-date: /home/dron/ws_controller/install/custom_msgs/include/custom_msgs/custom_msgs/msg/detail/drone_status__rosidl_typesupport_fastrtps_cpp.hpp
[2.121s] -- Up-to-date: /home/dron/ws_controller/install/custom_msgs/include/custom_msgs/custom_msgs/msg/detail/data_xyz__rosidl_typesupport_fastrtps_cpp.hpp
[2.121s] -- Up-to-date: /home/dron/ws_controller/install/custom_msgs/include/custom_msgs/custom_msgs/msg/detail/possition_data__rosidl_typesupport_fastrtps_cpp.hpp
[2.121s] -- Up-to-date: /home/dron/ws_controller/install/custom_msgs/lib/libcustom_msgs__rosidl_typesupport_fastrtps_cpp.so
[2.122s] -- Up-to-date: /home/dron/ws_controller/install/custom_msgs/include/custom_msgs/custom_msgs
[2.122s] -- Up-to-date: /home/dron/ws_controller/install/custom_msgs/include/custom_msgs/custom_msgs/msg
[2.122s] -- Up-to-date: /home/dron/ws_controller/install/custom_msgs/include/custom_msgs/custom_msgs/msg/detail
[2.123s] -- Up-to-date: /home/dron/ws_controller/install/custom_msgs/include/custom_msgs/custom_msgs/msg/detail/imu_data__rosidl_typesupport_introspection_cpp.hpp
[2.123s] -- Up-to-date: /home/dron/ws_controller/install/custom_msgs/include/custom_msgs/custom_msgs/msg/detail/drone_status__type_support.cpp
[2.124s] -- Up-to-date: /home/dron/ws_controller/install/custom_msgs/include/custom_msgs/custom_msgs/msg/detail/possition_data__rosidl_typesupport_introspection_cpp.hpp
[2.124s] -- Up-to-date: /home/dron/ws_controller/install/custom_msgs/include/custom_msgs/custom_msgs/msg/detail/data_xyz__type_support.cpp
[2.125s] -- Up-to-date: /home/dron/ws_controller/install/custom_msgs/include/custom_msgs/custom_msgs/msg/detail/accel_data__rosidl_typesupport_introspection_cpp.hpp
[2.125s] -- Up-to-date: /home/dron/ws_controller/install/custom_msgs/include/custom_msgs/custom_msgs/msg/detail/estimator_data__type_support.cpp
[2.125s] -- Up-to-date: /home/dron/ws_controller/install/custom_msgs/include/custom_msgs/custom_msgs/msg/detail/geo_data__type_support.cpp
[2.126s] -- Up-to-date: /home/dron/ws_controller/install/custom_msgs/include/custom_msgs/custom_msgs/msg/detail/gyro_data__rosidl_typesupport_introspection_cpp.hpp
[2.126s] -- Up-to-date: /home/dron/ws_controller/install/custom_msgs/include/custom_msgs/custom_msgs/msg/detail/drone_status__rosidl_typesupport_introspection_cpp.hpp
[2.126s] -- Up-to-date: /home/dron/ws_controller/install/custom_msgs/include/custom_msgs/custom_msgs/msg/detail/imu_data__type_support.cpp
[2.126s] -- Up-to-date: /home/dron/ws_controller/install/custom_msgs/include/custom_msgs/custom_msgs/msg/detail/gyro_data__type_support.cpp
[2.127s] -- Up-to-date: /home/dron/ws_controller/install/custom_msgs/include/custom_msgs/custom_msgs/msg/detail/speed_data__rosidl_typesupport_introspection_cpp.hpp
[2.127s] -- Up-to-date: /home/dron/ws_controller/install/custom_msgs/include/custom_msgs/custom_msgs/msg/detail/estimator_data__rosidl_typesupport_introspection_cpp.hpp
[2.128s] -- Up-to-date: /home/dron/ws_controller/install/custom_msgs/include/custom_msgs/custom_msgs/msg/detail/speed_data__type_support.cpp
[2.128s] -- Up-to-date: /home/dron/ws_controller/install/custom_msgs/include/custom_msgs/custom_msgs/msg/detail/accel_data__type_support.cpp
[2.128s] -- Up-to-date: /home/dron/ws_controller/install/custom_msgs/include/custom_msgs/custom_msgs/msg/detail/possition_data__type_support.cpp
[2.129s] -- Up-to-date: /home/dron/ws_controller/install/custom_msgs/include/custom_msgs/custom_msgs/msg/detail/data_xyz__rosidl_typesupport_introspection_cpp.hpp
[2.129s] -- Up-to-date: /home/dron/ws_controller/install/custom_msgs/include/custom_msgs/custom_msgs/msg/detail/geo_data__rosidl_typesupport_introspection_cpp.hpp
[2.130s] -- Up-to-date: /home/dron/ws_controller/install/custom_msgs/lib/libcustom_msgs__rosidl_typesupport_introspection_cpp.so
[2.130s] -- Up-to-date: /home/dron/ws_controller/install/custom_msgs/lib/libcustom_msgs__rosidl_typesupport_cpp.so
[2.130s] -- Up-to-date: /home/dron/ws_controller/install/custom_msgs/share/custom_msgs/environment/pythonpath.sh
[2.131s] -- Up-to-date: /home/dron/ws_controller/install/custom_msgs/share/custom_msgs/environment/pythonpath.dsv
[2.131s] -- Up-to-date: /home/dron/ws_controller/install/custom_msgs/local/lib/python3.10/dist-packages/custom_msgs-0.0.0-py3.10.egg-info
[2.132s] -- Installing: /home/dron/ws_controller/install/custom_msgs/local/lib/python3.10/dist-packages/custom_msgs-0.0.0-py3.10.egg-info/PKG-INFO
[2.132s] -- Installing: /home/dron/ws_controller/install/custom_msgs/local/lib/python3.10/dist-packages/custom_msgs-0.0.0-py3.10.egg-info/top_level.txt
[2.133s] -- Installing: /home/dron/ws_controller/install/custom_msgs/local/lib/python3.10/dist-packages/custom_msgs-0.0.0-py3.10.egg-info/SOURCES.txt
[2.133s] -- Installing: /home/dron/ws_controller/install/custom_msgs/local/lib/python3.10/dist-packages/custom_msgs-0.0.0-py3.10.egg-info/dependency_links.txt
[2.133s] -- Up-to-date: /home/dron/ws_controller/install/custom_msgs/local/lib/python3.10/dist-packages/custom_msgs
[2.134s] -- Up-to-date: /home/dron/ws_controller/install/custom_msgs/local/lib/python3.10/dist-packages/custom_msgs/_custom_msgs_s.ep.rosidl_typesupport_introspection_c.c
[2.134s] -- Up-to-date: /home/dron/ws_controller/install/custom_msgs/local/lib/python3.10/dist-packages/custom_msgs/__init__.py
[2.135s] -- Up-to-date: /home/dron/ws_controller/install/custom_msgs/local/lib/python3.10/dist-packages/custom_msgs/custom_msgs_s__rosidl_typesupport_introspection_c.cpython-310-aarch64-linux-gnu.so
[2.135s] -- Up-to-date: /home/dron/ws_controller/install/custom_msgs/local/lib/python3.10/dist-packages/custom_msgs/_custom_msgs_s.ep.rosidl_typesupport_c.c
[2.135s] -- Up-to-date: /home/dron/ws_controller/install/custom_msgs/local/lib/python3.10/dist-packages/custom_msgs/custom_msgs_s__rosidl_typesupport_c.cpython-310-aarch64-linux-gnu.so
[2.136s] -- Up-to-date: /home/dron/ws_controller/install/custom_msgs/local/lib/python3.10/dist-packages/custom_msgs/_custom_msgs_s.ep.rosidl_typesupport_fastrtps_c.c
[2.136s] -- Up-to-date: /home/dron/ws_controller/install/custom_msgs/local/lib/python3.10/dist-packages/custom_msgs/libcustom_msgs__rosidl_generator_py.so
[2.137s] -- Up-to-date: /home/dron/ws_controller/install/custom_msgs/local/lib/python3.10/dist-packages/custom_msgs/msg
[2.137s] -- Up-to-date: /home/dron/ws_controller/install/custom_msgs/local/lib/python3.10/dist-packages/custom_msgs/msg/_speed_data.py
[2.138s] -- Up-to-date: /home/dron/ws_controller/install/custom_msgs/local/lib/python3.10/dist-packages/custom_msgs/msg/_drone_status_s.c
[2.138s] -- Up-to-date: /home/dron/ws_controller/install/custom_msgs/local/lib/python3.10/dist-packages/custom_msgs/msg/_geo_data.py
[2.138s] -- Up-to-date: /home/dron/ws_controller/install/custom_msgs/local/lib/python3.10/dist-packages/custom_msgs/msg/__init__.py
[2.139s] -- Up-to-date: /home/dron/ws_controller/install/custom_msgs/local/lib/python3.10/dist-packages/custom_msgs/msg/_data_xyz_s.c
[2.139s] -- Up-to-date: /home/dron/ws_controller/install/custom_msgs/local/lib/python3.10/dist-packages/custom_msgs/msg/_imu_data_s.c
[2.139s] -- Up-to-date: /home/dron/ws_controller/install/custom_msgs/local/lib/python3.10/dist-packages/custom_msgs/msg/_estimator_data_s.c
[2.140s] -- Up-to-date: /home/dron/ws_controller/install/custom_msgs/local/lib/python3.10/dist-packages/custom_msgs/msg/_accel_data_s.c
[2.140s] -- Up-to-date: /home/dron/ws_controller/install/custom_msgs/local/lib/python3.10/dist-packages/custom_msgs/msg/_geo_data_s.c
[2.140s] -- Up-to-date: /home/dron/ws_controller/install/custom_msgs/local/lib/python3.10/dist-packages/custom_msgs/msg/_drone_status.py
[2.141s] -- Up-to-date: /home/dron/ws_controller/install/custom_msgs/local/lib/python3.10/dist-packages/custom_msgs/msg/_imu_data.py
[2.141s] -- Up-to-date: /home/dron/ws_controller/install/custom_msgs/local/lib/python3.10/dist-packages/custom_msgs/msg/_data_xyz.py
[2.141s] -- Up-to-date: /home/dron/ws_controller/install/custom_msgs/local/lib/python3.10/dist-packages/custom_msgs/msg/_speed_data_s.c
[2.142s] -- Up-to-date: /home/dron/ws_controller/install/custom_msgs/local/lib/python3.10/dist-packages/custom_msgs/msg/_gyro_data.py
[2.142s] -- Up-to-date: /home/dron/ws_controller/install/custom_msgs/local/lib/python3.10/dist-packages/custom_msgs/msg/_possition_data_s.c
[2.142s] -- Up-to-date: /home/dron/ws_controller/install/custom_msgs/local/lib/python3.10/dist-packages/custom_msgs/msg/_gyro_data_s.c
[2.143s] -- Up-to-date: /home/dron/ws_controller/install/custom_msgs/local/lib/python3.10/dist-packages/custom_msgs/msg/_estimator_data.py
[2.143s] -- Up-to-date: /home/dron/ws_controller/install/custom_msgs/local/lib/python3.10/dist-packages/custom_msgs/msg/_possition_data.py
[2.143s] -- Up-to-date: /home/dron/ws_controller/install/custom_msgs/local/lib/python3.10/dist-packages/custom_msgs/msg/_accel_data.py
[2.144s] -- Up-to-date: /home/dron/ws_controller/install/custom_msgs/local/lib/python3.10/dist-packages/custom_msgs/custom_msgs_s__rosidl_typesupport_fastrtps_c.cpython-310-aarch64-linux-gnu.so
[2.327s] Listing '/home/dron/ws_controller/install/custom_msgs/local/lib/python3.10/dist-packages/custom_msgs'...
[2.328s] Listing '/home/dron/ws_controller/install/custom_msgs/local/lib/python3.10/dist-packages/custom_msgs/msg'...
[2.352s] -- Up-to-date: /home/dron/ws_controller/install/custom_msgs/local/lib/python3.10/dist-packages/custom_msgs/custom_msgs_s__rosidl_typesupport_fastrtps_c.cpython-310-aarch64-linux-gnu.so
[2.354s] -- Up-to-date: /home/dron/ws_controller/install/custom_msgs/local/lib/python3.10/dist-packages/custom_msgs/custom_msgs_s__rosidl_typesupport_introspection_c.cpython-310-aarch64-linux-gnu.so
[2.357s] -- Up-to-date: /home/dron/ws_controller/install/custom_msgs/local/lib/python3.10/dist-packages/custom_msgs/custom_msgs_s__rosidl_typesupport_c.cpython-310-aarch64-linux-gnu.so
[2.360s] -- Up-to-date: /home/dron/ws_controller/install/custom_msgs/lib/libcustom_msgs__rosidl_generator_py.so
[2.362s] -- Up-to-date: /home/dron/ws_controller/install/custom_msgs/share/custom_msgs/msg/AccelData.idl
[2.362s] -- Up-to-date: /home/dron/ws_controller/install/custom_msgs/share/custom_msgs/msg/GyroData.idl
[2.363s] -- Up-to-date: /home/dron/ws_controller/install/custom_msgs/share/custom_msgs/msg/ImuData.idl
[2.363s] -- Up-to-date: /home/dron/ws_controller/install/custom_msgs/share/custom_msgs/msg/EstimatorData.idl
[2.364s] -- Up-to-date: /home/dron/ws_controller/install/custom_msgs/share/custom_msgs/msg/PossitionData.idl
[2.364s] -- Up-to-date: /home/dron/ws_controller/install/custom_msgs/share/custom_msgs/msg/SpeedData.idl
[2.365s] -- Up-to-date: /home/dron/ws_controller/install/custom_msgs/share/custom_msgs/msg/DataXYZ.idl
[2.365s] -- Up-to-date: /home/dron/ws_controller/install/custom_msgs/share/custom_msgs/msg/DroneStatus.idl
[2.366s] -- Up-to-date: /home/dron/ws_controller/install/custom_msgs/share/custom_msgs/msg/GeoData.idl
[2.366s] -- Up-to-date: /home/dron/ws_controller/install/custom_msgs/share/custom_msgs/msg/AccelData.msg
[2.367s] -- Up-to-date: /home/dron/ws_controller/install/custom_msgs/share/custom_msgs/msg/GyroData.msg
[2.367s] -- Up-to-date: /home/dron/ws_controller/install/custom_msgs/share/custom_msgs/msg/ImuData.msg
[2.368s] -- Up-to-date: /home/dron/ws_controller/install/custom_msgs/share/custom_msgs/msg/EstimatorData.msg
[2.368s] -- Up-to-date: /home/dron/ws_controller/install/custom_msgs/share/custom_msgs/msg/PossitionData.msg
[2.369s] -- Up-to-date: /home/dron/ws_controller/install/custom_msgs/share/custom_msgs/msg/SpeedData.msg
[2.369s] -- Up-to-date: /home/dron/ws_controller/install/custom_msgs/share/custom_msgs/msg/DataXYZ.msg
[2.370s] -- Up-to-date: /home/dron/ws_controller/install/custom_msgs/share/custom_msgs/msg/DroneStatus.msg
[2.370s] -- Up-to-date: /home/dron/ws_controller/install/custom_msgs/share/custom_msgs/msg/GeoData.msg
[2.371s] -- Up-to-date: /home/dron/ws_controller/install/custom_msgs/share/ament_index/resource_index/package_run_dependencies/custom_msgs
[2.371s] -- Up-to-date: /home/dron/ws_controller/install/custom_msgs/share/ament_index/resource_index/parent_prefix_path/custom_msgs
[2.372s] -- Up-to-date: /home/dron/ws_controller/install/custom_msgs/share/custom_msgs/environment/ament_prefix_path.sh
[2.372s] -- Up-to-date: /home/dron/ws_controller/install/custom_msgs/share/custom_msgs/environment/ament_prefix_path.dsv
[2.373s] -- Up-to-date: /home/dron/ws_controller/install/custom_msgs/share/custom_msgs/environment/path.sh
[2.373s] -- Up-to-date: /home/dron/ws_controller/install/custom_msgs/share/custom_msgs/environment/path.dsv
[2.373s] -- Up-to-date: /home/dron/ws_controller/install/custom_msgs/share/custom_msgs/local_setup.bash
[2.374s] -- Up-to-date: /home/dron/ws_controller/install/custom_msgs/share/custom_msgs/local_setup.sh
[2.374s] -- Up-to-date: /home/dron/ws_controller/install/custom_msgs/share/custom_msgs/local_setup.zsh
[2.375s] -- Up-to-date: /home/dron/ws_controller/install/custom_msgs/share/custom_msgs/local_setup.dsv
[2.375s] -- Installing: /home/dron/ws_controller/install/custom_msgs/share/custom_msgs/package.dsv
[2.375s] -- Up-to-date: /home/dron/ws_controller/install/custom_msgs/share/ament_index/resource_index/packages/custom_msgs
[2.376s] -- Up-to-date: /home/dron/ws_controller/install/custom_msgs/share/custom_msgs/cmake/export_custom_msgs__rosidl_generator_cExport.cmake
[2.376s] -- Up-to-date: /home/dron/ws_controller/install/custom_msgs/share/custom_msgs/cmake/export_custom_msgs__rosidl_generator_cExport-noconfig.cmake
[2.377s] -- Up-to-date: /home/dron/ws_controller/install/custom_msgs/share/custom_msgs/cmake/export_custom_msgs__rosidl_typesupport_fastrtps_cExport.cmake
[2.377s] -- Up-to-date: /home/dron/ws_controller/install/custom_msgs/share/custom_msgs/cmake/export_custom_msgs__rosidl_typesupport_fastrtps_cExport-noconfig.cmake
[2.378s] -- Up-to-date: /home/dron/ws_controller/install/custom_msgs/share/custom_msgs/cmake/custom_msgs__rosidl_typesupport_introspection_cExport.cmake
[2.379s] -- Up-to-date: /home/dron/ws_controller/install/custom_msgs/share/custom_msgs/cmake/custom_msgs__rosidl_typesupport_introspection_cExport-noconfig.cmake
[2.380s] -- Up-to-date: /home/dron/ws_controller/install/custom_msgs/share/custom_msgs/cmake/custom_msgs__rosidl_typesupport_cExport.cmake
[2.381s] -- Up-to-date: /home/dron/ws_controller/install/custom_msgs/share/custom_msgs/cmake/custom_msgs__rosidl_typesupport_cExport-noconfig.cmake
[2.381s] -- Up-to-date: /home/dron/ws_controller/install/custom_msgs/share/custom_msgs/cmake/export_custom_msgs__rosidl_generator_cppExport.cmake
[2.382s] -- Up-to-date: /home/dron/ws_controller/install/custom_msgs/share/custom_msgs/cmake/export_custom_msgs__rosidl_typesupport_fastrtps_cppExport.cmake
[2.382s] -- Up-to-date: /home/dron/ws_controller/install/custom_msgs/share/custom_msgs/cmake/export_custom_msgs__rosidl_typesupport_fastrtps_cppExport-noconfig.cmake
[2.383s] -- Up-to-date: /home/dron/ws_controller/install/custom_msgs/share/custom_msgs/cmake/custom_msgs__rosidl_typesupport_introspection_cppExport.cmake
[2.383s] -- Up-to-date: /home/dron/ws_controller/install/custom_msgs/share/custom_msgs/cmake/custom_msgs__rosidl_typesupport_introspection_cppExport-noconfig.cmake
[2.384s] -- Up-to-date: /home/dron/ws_controller/install/custom_msgs/share/custom_msgs/cmake/custom_msgs__rosidl_typesupport_cppExport.cmake
[2.385s] -- Up-to-date: /home/dron/ws_controller/install/custom_msgs/share/custom_msgs/cmake/custom_msgs__rosidl_typesupport_cppExport-noconfig.cmake
[2.386s] -- Up-to-date: /home/dron/ws_controller/install/custom_msgs/share/custom_msgs/cmake/export_custom_msgs__rosidl_generator_pyExport.cmake
[2.386s] -- Up-to-date: /home/dron/ws_controller/install/custom_msgs/share/custom_msgs/cmake/export_custom_msgs__rosidl_generator_pyExport-noconfig.cmake
[2.387s] -- Up-to-date: /home/dron/ws_controller/install/custom_msgs/share/custom_msgs/cmake/rosidl_cmake-extras.cmake
[2.387s] -- Up-to-date: /home/dron/ws_controller/install/custom_msgs/share/custom_msgs/cmake/ament_cmake_export_include_directories-extras.cmake
[2.388s] -- Up-to-date: /home/dron/ws_controller/install/custom_msgs/share/custom_msgs/cmake/ament_cmake_export_libraries-extras.cmake
[2.388s] -- Up-to-date: /home/dron/ws_controller/install/custom_msgs/share/custom_msgs/cmake/ament_cmake_export_targets-extras.cmake
[2.389s] -- Up-to-date: /home/dron/ws_controller/install/custom_msgs/share/custom_msgs/cmake/rosidl_cmake_export_typesupport_targets-extras.cmake
[2.389s] -- Up-to-date: /home/dron/ws_controller/install/custom_msgs/share/custom_msgs/cmake/ament_cmake_export_dependencies-extras.cmake
[2.390s] -- Up-to-date: /home/dron/ws_controller/install/custom_msgs/share/custom_msgs/cmake/rosidl_cmake_export_typesupport_libraries-extras.cmake
[2.390s] -- Up-to-date: /home/dron/ws_controller/install/custom_msgs/share/custom_msgs/cmake/custom_msgsConfig.cmake
[2.391s] -- Up-to-date: /home/dron/ws_controller/install/custom_msgs/share/custom_msgs/cmake/custom_msgsConfig-version.cmake
[2.391s] -- Up-to-date: /home/dron/ws_controller/install/custom_msgs/share/custom_msgs/package.xml
[2.398s] Invoked command in '/home/dron/ws_controller/build/custom_msgs' returned '0': CMAKE_PREFIX_PATH=${CMAKE_PREFIX_PATH}:/home/dron/ws_controller/install/log_data_pkg:/home/dron/ws_controller/install/flight_controller_pkg:/home/dron/ws_controller/install/flask_pkg:/home/dron/Praca-magisterska/ros2_ws/install/um7_pkg:/home/dron/Praca-magisterska/ros2_ws/install/my_py_pkg:/home/dron/Praca-magisterska/ros2_ws/install/log_data_pkg:/home/dron/Praca-magisterska/ros2_ws/install/gs_pkg:/home/dron/Praca-magisterska/ros2_ws/install/flight_controller_pkg:/home/dron/Praca-magisterska/ros2_ws/install/flask_pkg:/home/dron/Praca-magisterska/ros2_ws/install/estimator_pkg:/opt/ros/humble VIRTUAL_ENV_PROMPT=(venv) /usr/bin/cmake --install /home/dron/ws_controller/build/custom_msgs
