[3.596s] Invoking command in '/home/dron/ws_controll/src/log_data_pkg': AMENT_PREFIX_PATH=/home/dron/ws_controll/install/custom_msgs:${AMENT_PREFIX_PATH} CMAKE_PREFIX_PATH=/home/dron/ws_controll/install/custom_msgs LD_LIBRARY_PATH=/home/dron/ws_controll/install/custom_msgs/lib:/usr/local/cuda-12.6/lib64:/opt/ros/humble/opt/rviz_ogre_vendor/lib:/opt/ros/humble/lib/aarch64-linux-gnu:/opt/ros/humble/lib:/usr/local/cuda-12.6/lib64 PYTHONPATH=/home/dron/ws_controll/build/log_data_pkg/prefix_override:/usr/lib/python3/dist-packages/colcon_core/task/python/colcon_distutils_commands:/home/dron/ws_controll/install/log_data_pkg/lib/python3.10/site-packages:/home/dron/ws_controll/install/custom_msgs/local/lib/python3.10/dist-packages:${PYTHONPATH} /usr/bin/python3 -W ignore:setup.py install is deprecated -W ignore:easy_install command is deprecated setup.py egg_info --egg-base ../../build/log_data_pkg build --build-base /home/dron/ws_controll/build/log_data_pkg/build install --record /home/dron/ws_controll/build/log_data_pkg/install.log --single-version-externally-managed install_data
[4.346s] running egg_info
[4.349s] writing ../../build/log_data_pkg/log_data_pkg.egg-info/PKG-INFO
[4.351s] writing dependency_links to ../../build/log_data_pkg/log_data_pkg.egg-info/dependency_links.txt
[4.353s] writing entry points to ../../build/log_data_pkg/log_data_pkg.egg-info/entry_points.txt
[4.354s] writing requirements to ../../build/log_data_pkg/log_data_pkg.egg-info/requires.txt
[4.356s] writing top-level names to ../../build/log_data_pkg/log_data_pkg.egg-info/top_level.txt
[4.362s] reading manifest file '../../build/log_data_pkg/log_data_pkg.egg-info/SOURCES.txt'
[4.365s] writing manifest file '../../build/log_data_pkg/log_data_pkg.egg-info/SOURCES.txt'
[4.367s] running build
[4.367s] running build_py
[4.369s] running install
[4.371s] running install_lib
[4.376s] running install_data
[4.377s] running install_egg_info
[4.383s] removing '/home/dron/ws_controll/install/log_data_pkg/lib/python3.10/site-packages/log_data_pkg-0.0.0-py3.10.egg-info' (and everything under it)
[4.389s] Copying ../../build/log_data_pkg/log_data_pkg.egg-info to /home/dron/ws_controll/install/log_data_pkg/lib/python3.10/site-packages/log_data_pkg-0.0.0-py3.10.egg-info
[4.403s] running install_scripts
[4.460s] Installing data_collector script to /home/dron/ws_controll/install/log_data_pkg/lib/log_data_pkg
[4.463s] writing list of installed files to '/home/dron/ws_controll/build/log_data_pkg/install.log'
[4.611s] Invoked command in '/home/dron/ws_controll/src/log_data_pkg' returned '0': AMENT_PREFIX_PATH=/home/dron/ws_controll/install/custom_msgs:${AMENT_PREFIX_PATH} CMAKE_PREFIX_PATH=/home/dron/ws_controll/install/custom_msgs LD_LIBRARY_PATH=/home/dron/ws_controll/install/custom_msgs/lib:/usr/local/cuda-12.6/lib64:/opt/ros/humble/opt/rviz_ogre_vendor/lib:/opt/ros/humble/lib/aarch64-linux-gnu:/opt/ros/humble/lib:/usr/local/cuda-12.6/lib64 PYTHONPATH=/home/dron/ws_controll/build/log_data_pkg/prefix_override:/usr/lib/python3/dist-packages/colcon_core/task/python/colcon_distutils_commands:/home/dron/ws_controll/install/log_data_pkg/lib/python3.10/site-packages:/home/dron/ws_controll/install/custom_msgs/local/lib/python3.10/dist-packages:${PYTHONPATH} /usr/bin/python3 -W ignore:setup.py install is deprecated -W ignore:easy_install command is deprecated setup.py egg_info --egg-base ../../build/log_data_pkg build --build-base /home/dron/ws_controll/build/log_data_pkg/build install --record /home/dron/ws_controll/build/log_data_pkg/install.log --single-version-externally-managed install_data
