[0.055s] Invoking command in '/home/dron/ws_controller/build/custom_msgs': CMAKE_PREFIX_PATH=${CMAKE_PREFIX_PATH}:/home/dron/ws_controller/install/log_data_pkg:/home/dron/ws_controller/install/flight_controller_pkg:/home/dron/ws_controller/install/flask_pkg:/home/dron/Praca-magisterska/ros2_ws/install/um7_pkg:/home/dron/Praca-magisterska/ros2_ws/install/my_py_pkg:/home/dron/Praca-magisterska/ros2_ws/install/log_data_pkg:/home/dron/Praca-magisterska/ros2_ws/install/gs_pkg:/home/dron/Praca-magisterska/ros2_ws/install/flight_controller_pkg:/home/dron/Praca-magisterska/ros2_ws/install/flask_pkg:/home/dron/Praca-magisterska/ros2_ws/install/estimator_pkg:/opt/ros/humble VIRTUAL_ENV_PROMPT=(venv) /usr/bin/cmake --build /home/dron/ws_controller/build/custom_msgs -- -j4 -l4
[0.181s] -- Found ament_cmake: 1.3.12 (/opt/ros/humble/share/ament_cmake/cmake)
[0.864s] -- Found rosidl_default_generators: 1.2.0 (/opt/ros/humble/share/rosidl_default_generators/cmake)
[0.877s] -- Using all available rosidl_typesupport_c: rosidl_typesupport_fastrtps_c;rosidl_typesupport_introspection_c
[0.888s] -- Found rosidl_adapter: 3.1.7 (/opt/ros/humble/share/rosidl_adapter/cmake)
[1.043s] -- Using all available rosidl_typesupport_cpp: rosidl_typesupport_fastrtps_cpp;rosidl_typesupport_introspection_cpp
[2.584s] -- Found ament_cmake_ros: 0.10.0 (/opt/ros/humble/share/ament_cmake_ros/cmake)
[3.670s] -- Using all available rosidl_typesupport_c: rosidl_typesupport_fastrtps_c;rosidl_typesupport_introspection_c
[4.974s] -- Using all available rosidl_typesupport_cpp: rosidl_typesupport_fastrtps_cpp;rosidl_typesupport_introspection_cpp
[5.101s] -- Found python_cmake_module: 0.10.0 (/opt/ros/humble/share/python_cmake_module/cmake)
[5.225s] -- Using PYTHON_EXECUTABLE: /usr/bin/python3
[5.226s] -- Using PYTHON_INCLUDE_DIRS: /usr/include/python3.10
[5.226s] -- Using PYTHON_LIBRARIES: /usr/lib/aarch64-linux-gnu/libpython3.10.so
[5.285s] -- Found ament_lint_auto: 0.12.14 (/opt/ros/humble/share/ament_lint_auto/cmake)
[5.332s] -- Added test 'lint_cmake' to check CMake code style
[5.341s] -- Added test 'xmllint' to check XML markup files
[5.351s] -- Configuring done
[5.563s] -- Generating done
[5.615s] -- Build files have been written to: /home/dron/ws_controller/build/custom_msgs
[5.728s] [  1%] [34m[1mGenerating C code for ROS interfaces[0m
[5.778s] [  2%] [34m[1mGenerating C++ code for ROS interfaces[0m
[5.842s] [  2%] Built target ament_cmake_python_copy_custom_msgs
[7.226s] running egg_info
[7.229s] writing custom_msgs.egg-info/PKG-INFO
[7.232s] writing dependency_links to custom_msgs.egg-info/dependency_links.txt
[7.234s] writing top-level names to custom_msgs.egg-info/top_level.txt
[7.246s] reading manifest file 'custom_msgs.egg-info/SOURCES.txt'
[7.250s] writing manifest file 'custom_msgs.egg-info/SOURCES.txt'
[7.400s] [  2%] Built target ament_cmake_python_build_custom_msgs_egg
[9.458s] [35m[1mConsolidate compiler generated dependencies of target custom_msgs__rosidl_generator_c[0m
[9.464s] [  2%] Built target custom_msgs__cpp
[9.513s] [  3%] [34m[1mGenerating C++ type support dispatch for ROS interfaces[0m
[9.519s] [  4%] [34m[1mGenerating C++ type support for eProsima Fast-RTPS[0m
[9.529s] [  5%] [34m[1mGenerating C++ introspection for ROS interfaces[0m
[9.536s] [  6%] [32mBuilding C object CMakeFiles/custom_msgs__rosidl_generator_c.dir/rosidl_generator_c/custom_msgs/msg/detail/accel_data__functions.c.o[0m
[9.860s] [  7%] [32mBuilding C object CMakeFiles/custom_msgs__rosidl_generator_c.dir/rosidl_generator_c/custom_msgs/msg/detail/gyro_data__functions.c.o[0m
[10.142s] [  8%] [32mBuilding C object CMakeFiles/custom_msgs__rosidl_generator_c.dir/rosidl_generator_c/custom_msgs/msg/detail/imu_data__functions.c.o[0m
[10.421s] [  9%] [32mBuilding C object CMakeFiles/custom_msgs__rosidl_generator_c.dir/rosidl_generator_c/custom_msgs/msg/detail/estimator_data__functions.c.o[0m
[10.696s] [ 10%] [32mBuilding C object CMakeFiles/custom_msgs__rosidl_generator_c.dir/rosidl_generator_c/custom_msgs/msg/detail/possition_data__functions.c.o[0m
[10.971s] [ 11%] [32mBuilding C object CMakeFiles/custom_msgs__rosidl_generator_c.dir/rosidl_generator_c/custom_msgs/msg/detail/speed_data__functions.c.o[0m
[11.246s] [ 12%] [32mBuilding C object CMakeFiles/custom_msgs__rosidl_generator_c.dir/rosidl_generator_c/custom_msgs/msg/detail/data_xyz__functions.c.o[0m
[11.557s] [ 13%] [32mBuilding C object CMakeFiles/custom_msgs__rosidl_generator_c.dir/rosidl_generator_c/custom_msgs/msg/detail/drone_status__functions.c.o[0m
[11.790s] [35m[1mConsolidate compiler generated dependencies of target custom_msgs__rosidl_typesupport_cpp[0m
[11.873s] [ 14%] [32mBuilding C object CMakeFiles/custom_msgs__rosidl_generator_c.dir/rosidl_generator_c/custom_msgs/msg/detail/geo_data__functions.c.o[0m
[11.985s] [ 15%] [32mBuilding CXX object CMakeFiles/custom_msgs__rosidl_typesupport_cpp.dir/rosidl_typesupport_cpp/custom_msgs/msg/accel_data__type_support.cpp.o[0m
[12.149s] [ 16%] [32m[1mLinking C shared library libcustom_msgs__rosidl_generator_c.so[0m
[12.411s] [ 16%] Built target custom_msgs__rosidl_generator_c
[12.450s] [35m[1mConsolidate compiler generated dependencies of target custom_msgs__rosidl_typesupport_introspection_cpp[0m
[12.540s] [ 17%] [34m[1mGenerating C type support for eProsima Fast-RTPS[0m
[12.582s] [ 18%] [32mBuilding CXX object CMakeFiles/custom_msgs__rosidl_typesupport_introspection_cpp.dir/rosidl_typesupport_introspection_cpp/custom_msgs/msg/detail/accel_data__type_support.cpp.o[0m
[13.146s] [35m[1mConsolidate compiler generated dependencies of target custom_msgs__rosidl_typesupport_fastrtps_cpp[0m
[13.303s] [ 20%] [32mBuilding CXX object CMakeFiles/custom_msgs__rosidl_typesupport_fastrtps_cpp.dir/rosidl_typesupport_fastrtps_cpp/custom_msgs/msg/detail/dds_fastrtps/accel_data__type_support.cpp.o[0m
[14.037s] [ 21%] [32mBuilding CXX object CMakeFiles/custom_msgs__rosidl_typesupport_cpp.dir/rosidl_typesupport_cpp/custom_msgs/msg/gyro_data__type_support.cpp.o[0m
[14.843s] [ 22%] [32mBuilding CXX object CMakeFiles/custom_msgs__rosidl_typesupport_introspection_cpp.dir/rosidl_typesupport_introspection_cpp/custom_msgs/msg/detail/gyro_data__type_support.cpp.o[0m
[15.729s] [ 23%] [32mBuilding CXX object CMakeFiles/custom_msgs__rosidl_typesupport_cpp.dir/rosidl_typesupport_cpp/custom_msgs/msg/imu_data__type_support.cpp.o[0m
[15.828s] [ 24%] [32mBuilding CXX object CMakeFiles/custom_msgs__rosidl_typesupport_fastrtps_cpp.dir/rosidl_typesupport_fastrtps_cpp/custom_msgs/msg/detail/dds_fastrtps/gyro_data__type_support.cpp.o[0m
[16.395s] [35m[1mConsolidate compiler generated dependencies of target custom_msgs__rosidl_typesupport_fastrtps_c[0m
[16.563s] [ 25%] [32mBuilding CXX object CMakeFiles/custom_msgs__rosidl_typesupport_fastrtps_c.dir/rosidl_typesupport_fastrtps_c/custom_msgs/msg/detail/accel_data__type_support_c.cpp.o[0m
[17.166s] [ 26%] [32mBuilding CXX object CMakeFiles/custom_msgs__rosidl_typesupport_introspection_cpp.dir/rosidl_typesupport_introspection_cpp/custom_msgs/msg/detail/imu_data__type_support.cpp.o[0m
[17.432s] [ 27%] [32mBuilding CXX object CMakeFiles/custom_msgs__rosidl_typesupport_cpp.dir/rosidl_typesupport_cpp/custom_msgs/msg/estimator_data__type_support.cpp.o[0m
[18.268s] [ 28%] [32mBuilding CXX object CMakeFiles/custom_msgs__rosidl_typesupport_fastrtps_cpp.dir/rosidl_typesupport_fastrtps_cpp/custom_msgs/msg/detail/dds_fastrtps/imu_data__type_support.cpp.o[0m
[18.633s] [ 29%] [32mBuilding CXX object CMakeFiles/custom_msgs__rosidl_typesupport_fastrtps_c.dir/rosidl_typesupport_fastrtps_c/custom_msgs/msg/detail/gyro_data__type_support_c.cpp.o[0m
[19.201s] [ 30%] [32mBuilding CXX object CMakeFiles/custom_msgs__rosidl_typesupport_cpp.dir/rosidl_typesupport_cpp/custom_msgs/msg/possition_data__type_support.cpp.o[0m
[19.663s] [ 31%] [32mBuilding CXX object CMakeFiles/custom_msgs__rosidl_typesupport_introspection_cpp.dir/rosidl_typesupport_introspection_cpp/custom_msgs/msg/detail/estimator_data__type_support.cpp.o[0m
[20.704s] [ 32%] [32mBuilding CXX object CMakeFiles/custom_msgs__rosidl_typesupport_fastrtps_c.dir/rosidl_typesupport_fastrtps_c/custom_msgs/msg/detail/imu_data__type_support_c.cpp.o[0m
[20.739s] [ 33%] [32mBuilding CXX object CMakeFiles/custom_msgs__rosidl_typesupport_fastrtps_cpp.dir/rosidl_typesupport_fastrtps_cpp/custom_msgs/msg/detail/dds_fastrtps/estimator_data__type_support.cpp.o[0m
[20.978s] [ 34%] [32mBuilding CXX object CMakeFiles/custom_msgs__rosidl_typesupport_cpp.dir/rosidl_typesupport_cpp/custom_msgs/msg/speed_data__type_support.cpp.o[0m
[22.030s] [ 35%] [32mBuilding CXX object CMakeFiles/custom_msgs__rosidl_typesupport_introspection_cpp.dir/rosidl_typesupport_introspection_cpp/custom_msgs/msg/detail/possition_data__type_support.cpp.o[0m
[22.753s] [ 36%] [32mBuilding CXX object CMakeFiles/custom_msgs__rosidl_typesupport_cpp.dir/rosidl_typesupport_cpp/custom_msgs/msg/data_xyz__type_support.cpp.o[0m
[22.801s] [ 37%] [32mBuilding CXX object CMakeFiles/custom_msgs__rosidl_typesupport_fastrtps_c.dir/rosidl_typesupport_fastrtps_c/custom_msgs/msg/detail/estimator_data__type_support_c.cpp.o[0m
[23.208s] [ 38%] [32mBuilding CXX object CMakeFiles/custom_msgs__rosidl_typesupport_fastrtps_cpp.dir/rosidl_typesupport_fastrtps_cpp/custom_msgs/msg/detail/dds_fastrtps/possition_data__type_support.cpp.o[0m
[24.379s] [ 40%] [32mBuilding CXX object CMakeFiles/custom_msgs__rosidl_typesupport_introspection_cpp.dir/rosidl_typesupport_introspection_cpp/custom_msgs/msg/detail/speed_data__type_support.cpp.o[0m
[24.511s] [ 41%] [32mBuilding CXX object CMakeFiles/custom_msgs__rosidl_typesupport_cpp.dir/rosidl_typesupport_cpp/custom_msgs/msg/drone_status__type_support.cpp.o[0m
[25.001s] [ 42%] [32mBuilding CXX object CMakeFiles/custom_msgs__rosidl_typesupport_fastrtps_c.dir/rosidl_typesupport_fastrtps_c/custom_msgs/msg/detail/possition_data__type_support_c.cpp.o[0m
[25.615s] [ 43%] [32mBuilding CXX object CMakeFiles/custom_msgs__rosidl_typesupport_fastrtps_cpp.dir/rosidl_typesupport_fastrtps_cpp/custom_msgs/msg/detail/dds_fastrtps/speed_data__type_support.cpp.o[0m
[26.231s] [ 44%] [32mBuilding CXX object CMakeFiles/custom_msgs__rosidl_typesupport_cpp.dir/rosidl_typesupport_cpp/custom_msgs/msg/geo_data__type_support.cpp.o[0m
[26.771s] [ 45%] [32mBuilding CXX object CMakeFiles/custom_msgs__rosidl_typesupport_introspection_cpp.dir/rosidl_typesupport_introspection_cpp/custom_msgs/msg/detail/data_xyz__type_support.cpp.o[0m
[27.059s] [ 46%] [32mBuilding CXX object CMakeFiles/custom_msgs__rosidl_typesupport_fastrtps_c.dir/rosidl_typesupport_fastrtps_c/custom_msgs/msg/detail/speed_data__type_support_c.cpp.o[0m
[27.916s] [ 47%] [32m[1mLinking CXX shared library libcustom_msgs__rosidl_typesupport_cpp.so[0m
[28.169s] [ 48%] [32mBuilding CXX object CMakeFiles/custom_msgs__rosidl_typesupport_fastrtps_cpp.dir/rosidl_typesupport_fastrtps_cpp/custom_msgs/msg/detail/dds_fastrtps/data_xyz__type_support.cpp.o[0m
[28.226s] [ 48%] Built target custom_msgs__rosidl_typesupport_cpp
[28.273s] [ 49%] [32mBuilding CXX object CMakeFiles/custom_msgs__rosidl_typesupport_fastrtps_cpp.dir/rosidl_typesupport_fastrtps_cpp/custom_msgs/msg/detail/dds_fastrtps/drone_status__type_support.cpp.o[0m
[29.121s] [ 50%] [32mBuilding CXX object CMakeFiles/custom_msgs__rosidl_typesupport_fastrtps_c.dir/rosidl_typesupport_fastrtps_c/custom_msgs/msg/detail/data_xyz__type_support_c.cpp.o[0m
[29.168s] [ 51%] [32mBuilding CXX object CMakeFiles/custom_msgs__rosidl_typesupport_introspection_cpp.dir/rosidl_typesupport_introspection_cpp/custom_msgs/msg/detail/drone_status__type_support.cpp.o[0m
[31.298s] [ 52%] [32mBuilding CXX object CMakeFiles/custom_msgs__rosidl_typesupport_introspection_cpp.dir/rosidl_typesupport_introspection_cpp/custom_msgs/msg/detail/geo_data__type_support.cpp.o[0m
[31.336s] [ 53%] [32mBuilding CXX object CMakeFiles/custom_msgs__rosidl_typesupport_fastrtps_c.dir/rosidl_typesupport_fastrtps_c/custom_msgs/msg/detail/drone_status__type_support_c.cpp.o[0m
[31.351s] [ 54%] [32mBuilding CXX object CMakeFiles/custom_msgs__rosidl_typesupport_fastrtps_cpp.dir/rosidl_typesupport_fastrtps_cpp/custom_msgs/msg/detail/dds_fastrtps/geo_data__type_support.cpp.o[0m
[32.452s] [ 55%] [32mBuilding CXX object CMakeFiles/custom_msgs__rosidl_typesupport_fastrtps_c.dir/rosidl_typesupport_fastrtps_c/custom_msgs/msg/detail/geo_data__type_support_c.cpp.o[0m
[34.231s] [ 56%] [32m[1mLinking CXX shared library libcustom_msgs__rosidl_typesupport_fastrtps_cpp.so[0m
[34.363s] [ 57%] [32m[1mLinking CXX shared library libcustom_msgs__rosidl_typesupport_introspection_cpp.so[0m
[34.741s] [ 58%] [34m[1mGenerating C introspection for ROS interfaces[0m
[34.900s] [ 58%] Built target custom_msgs__rosidl_typesupport_introspection_cpp
[35.073s] [ 60%] [34m[1mGenerating C type support dispatch for ROS interfaces[0m
[35.120s] [ 60%] Built target custom_msgs__rosidl_typesupport_fastrtps_cpp
[36.314s] [ 61%] [32m[1mLinking CXX shared library libcustom_msgs__rosidl_typesupport_fastrtps_c.so[0m
[36.902s] [ 61%] Built target custom_msgs__rosidl_typesupport_fastrtps_c
[38.315s] [35m[1mConsolidate compiler generated dependencies of target custom_msgs__rosidl_typesupport_introspection_c[0m
[38.353s] [35m[1mConsolidate compiler generated dependencies of target custom_msgs__rosidl_typesupport_c[0m
[38.450s] [ 62%] [32mBuilding CXX object CMakeFiles/custom_msgs__rosidl_typesupport_c.dir/rosidl_typesupport_c/custom_msgs/msg/accel_data__type_support.cpp.o[0m
[38.451s] [ 63%] [32mBuilding CXX object CMakeFiles/custom_msgs__rosidl_typesupport_c.dir/rosidl_typesupport_c/custom_msgs/msg/gyro_data__type_support.cpp.o[0m
[38.463s] [ 64%] [32mBuilding C object CMakeFiles/custom_msgs__rosidl_typesupport_introspection_c.dir/rosidl_typesupport_introspection_c/custom_msgs/msg/detail/accel_data__type_support.c.o[0m
[38.485s] [ 65%] [32mBuilding CXX object CMakeFiles/custom_msgs__rosidl_typesupport_c.dir/rosidl_typesupport_c/custom_msgs/msg/imu_data__type_support.cpp.o[0m
[38.683s] [ 66%] [32mBuilding C object CMakeFiles/custom_msgs__rosidl_typesupport_introspection_c.dir/rosidl_typesupport_introspection_c/custom_msgs/msg/detail/gyro_data__type_support.c.o[0m
[38.696s] [ 67%] [32mBuilding C object CMakeFiles/custom_msgs__rosidl_typesupport_introspection_c.dir/rosidl_typesupport_introspection_c/custom_msgs/msg/detail/imu_data__type_support.c.o[0m
[38.731s] [ 68%] [32mBuilding CXX object CMakeFiles/custom_msgs__rosidl_typesupport_c.dir/rosidl_typesupport_c/custom_msgs/msg/estimator_data__type_support.cpp.o[0m
[38.749s] [ 69%] [32mBuilding CXX object CMakeFiles/custom_msgs__rosidl_typesupport_c.dir/rosidl_typesupport_c/custom_msgs/msg/possition_data__type_support.cpp.o[0m
[38.976s] [ 70%] [32mBuilding C object CMakeFiles/custom_msgs__rosidl_typesupport_introspection_c.dir/rosidl_typesupport_introspection_c/custom_msgs/msg/detail/estimator_data__type_support.c.o[0m
[38.994s] [ 71%] [32mBuilding C object CMakeFiles/custom_msgs__rosidl_typesupport_introspection_c.dir/rosidl_typesupport_introspection_c/custom_msgs/msg/detail/possition_data__type_support.c.o[0m
[39.010s] [ 72%] [32mBuilding CXX object CMakeFiles/custom_msgs__rosidl_typesupport_c.dir/rosidl_typesupport_c/custom_msgs/msg/speed_data__type_support.cpp.o[0m
[39.124s] [ 73%] [32mBuilding CXX object CMakeFiles/custom_msgs__rosidl_typesupport_c.dir/rosidl_typesupport_c/custom_msgs/msg/data_xyz__type_support.cpp.o[0m
[39.306s] [ 74%] [32mBuilding CXX object CMakeFiles/custom_msgs__rosidl_typesupport_c.dir/rosidl_typesupport_c/custom_msgs/msg/drone_status__type_support.cpp.o[0m
[39.354s] [ 75%] [32mBuilding C object CMakeFiles/custom_msgs__rosidl_typesupport_introspection_c.dir/rosidl_typesupport_introspection_c/custom_msgs/msg/detail/speed_data__type_support.c.o[0m
[39.366s] [ 76%] [32mBuilding C object CMakeFiles/custom_msgs__rosidl_typesupport_introspection_c.dir/rosidl_typesupport_introspection_c/custom_msgs/msg/detail/data_xyz__type_support.c.o[0m
[39.500s] [ 77%] [32mBuilding CXX object CMakeFiles/custom_msgs__rosidl_typesupport_c.dir/rosidl_typesupport_c/custom_msgs/msg/geo_data__type_support.cpp.o[0m
[39.600s] [ 78%] [32mBuilding C object CMakeFiles/custom_msgs__rosidl_typesupport_introspection_c.dir/rosidl_typesupport_introspection_c/custom_msgs/msg/detail/drone_status__type_support.c.o[0m
[39.642s] [ 80%] [32mBuilding C object CMakeFiles/custom_msgs__rosidl_typesupport_introspection_c.dir/rosidl_typesupport_introspection_c/custom_msgs/msg/detail/geo_data__type_support.c.o[0m
[39.691s] [ 81%] [32m[1mLinking CXX shared library libcustom_msgs__rosidl_typesupport_c.so[0m
[39.837s] [ 82%] [32m[1mLinking C shared library libcustom_msgs__rosidl_typesupport_introspection_c.so[0m
[39.879s] [ 82%] Built target custom_msgs__rosidl_typesupport_c
[39.986s] [ 82%] Built target custom_msgs__rosidl_typesupport_introspection_c
[40.080s] [ 82%] Built target custom_msgs
[40.179s] [ 83%] [34m[1mGenerating Python code for ROS interfaces[0m
[44.590s] [ 83%] Built target custom_msgs__py
[44.651s] [35m[1mConsolidate compiler generated dependencies of target custom_msgs__rosidl_generator_py[0m
[44.763s] [ 84%] [32mBuilding C object CMakeFiles/custom_msgs__rosidl_generator_py.dir/rosidl_generator_py/custom_msgs/msg/_accel_data_s.c.o[0m
[44.767s] [ 85%] [32mBuilding C object CMakeFiles/custom_msgs__rosidl_generator_py.dir/rosidl_generator_py/custom_msgs/msg/_gyro_data_s.c.o[0m
[44.772s] [ 86%] [32mBuilding C object CMakeFiles/custom_msgs__rosidl_generator_py.dir/rosidl_generator_py/custom_msgs/msg/_imu_data_s.c.o[0m
[44.785s] [ 87%] [32mBuilding C object CMakeFiles/custom_msgs__rosidl_generator_py.dir/rosidl_generator_py/custom_msgs/msg/_estimator_data_s.c.o[0m
[45.621s] [ 88%] [32mBuilding C object CMakeFiles/custom_msgs__rosidl_generator_py.dir/rosidl_generator_py/custom_msgs/msg/_possition_data_s.c.o[0m
[45.643s] [ 89%] [32mBuilding C object CMakeFiles/custom_msgs__rosidl_generator_py.dir/rosidl_generator_py/custom_msgs/msg/_speed_data_s.c.o[0m
[45.651s] [ 90%] [32mBuilding C object CMakeFiles/custom_msgs__rosidl_generator_py.dir/rosidl_generator_py/custom_msgs/msg/_data_xyz_s.c.o[0m
[45.772s] [ 91%] [32mBuilding C object CMakeFiles/custom_msgs__rosidl_generator_py.dir/rosidl_generator_py/custom_msgs/msg/_drone_status_s.c.o[0m
[46.463s] [ 92%] [32mBuilding C object CMakeFiles/custom_msgs__rosidl_generator_py.dir/rosidl_generator_py/custom_msgs/msg/_geo_data_s.c.o[0m
[46.953s] [ 93%] [32m[1mLinking C shared library rosidl_generator_py/custom_msgs/libcustom_msgs__rosidl_generator_py.so[0m
[47.161s] [ 93%] Built target custom_msgs__rosidl_generator_py
[47.211s] [35m[1mConsolidate compiler generated dependencies of target custom_msgs__rosidl_typesupport_fastrtps_c__pyext[0m
[47.215s] [35m[1mConsolidate compiler generated dependencies of target custom_msgs__rosidl_typesupport_introspection_c__pyext[0m
[47.217s] [35m[1mConsolidate compiler generated dependencies of target custom_msgs__rosidl_typesupport_c__pyext[0m
[47.284s] [ 94%] [32mBuilding C object CMakeFiles/custom_msgs__rosidl_typesupport_introspection_c__pyext.dir/rosidl_generator_py/custom_msgs/_custom_msgs_s.ep.rosidl_typesupport_introspection_c.c.o[0m
[47.319s] [ 96%] [32mBuilding C object CMakeFiles/custom_msgs__rosidl_typesupport_fastrtps_c__pyext.dir/rosidl_generator_py/custom_msgs/_custom_msgs_s.ep.rosidl_typesupport_fastrtps_c.c.o[0m
[47.319s] [ 96%] [32mBuilding C object CMakeFiles/custom_msgs__rosidl_typesupport_c__pyext.dir/rosidl_generator_py/custom_msgs/_custom_msgs_s.ep.rosidl_typesupport_c.c.o[0m
[48.170s] [ 97%] [32m[1mLinking C shared library rosidl_generator_py/custom_msgs/custom_msgs_s__rosidl_typesupport_fastrtps_c.cpython-310-aarch64-linux-gnu.so[0m
[48.206s] [ 98%] [32m[1mLinking C shared library rosidl_generator_py/custom_msgs/custom_msgs_s__rosidl_typesupport_introspection_c.cpython-310-aarch64-linux-gnu.so[0m
[48.266s] [100%] [32m[1mLinking C shared library rosidl_generator_py/custom_msgs/custom_msgs_s__rosidl_typesupport_c.cpython-310-aarch64-linux-gnu.so[0m
[48.367s] [100%] Built target custom_msgs__rosidl_typesupport_fastrtps_c__pyext
[48.394s] [100%] Built target custom_msgs__rosidl_typesupport_introspection_c__pyext
[48.448s] [100%] Built target custom_msgs__rosidl_typesupport_c__pyext
[48.501s] Invoked command in '/home/dron/ws_controller/build/custom_msgs' returned '0': CMAKE_PREFIX_PATH=${CMAKE_PREFIX_PATH}:/home/dron/ws_controller/install/log_data_pkg:/home/dron/ws_controller/install/flight_controller_pkg:/home/dron/ws_controller/install/flask_pkg:/home/dron/Praca-magisterska/ros2_ws/install/um7_pkg:/home/dron/Praca-magisterska/ros2_ws/install/my_py_pkg:/home/dron/Praca-magisterska/ros2_ws/install/log_data_pkg:/home/dron/Praca-magisterska/ros2_ws/install/gs_pkg:/home/dron/Praca-magisterska/ros2_ws/install/flight_controller_pkg:/home/dron/Praca-magisterska/ros2_ws/install/flask_pkg:/home/dron/Praca-magisterska/ros2_ws/install/estimator_pkg:/opt/ros/humble VIRTUAL_ENV_PROMPT=(venv) /usr/bin/cmake --build /home/dron/ws_controller/build/custom_msgs -- -j4 -l4
[48.555s] Invoking command in '/home/dron/ws_controller/build/custom_msgs': CMAKE_PREFIX_PATH=${CMAKE_PREFIX_PATH}:/home/dron/ws_controller/install/log_data_pkg:/home/dron/ws_controller/install/flight_controller_pkg:/home/dron/ws_controller/install/flask_pkg:/home/dron/Praca-magisterska/ros2_ws/install/um7_pkg:/home/dron/Praca-magisterska/ros2_ws/install/my_py_pkg:/home/dron/Praca-magisterska/ros2_ws/install/log_data_pkg:/home/dron/Praca-magisterska/ros2_ws/install/gs_pkg:/home/dron/Praca-magisterska/ros2_ws/install/flight_controller_pkg:/home/dron/Praca-magisterska/ros2_ws/install/flask_pkg:/home/dron/Praca-magisterska/ros2_ws/install/estimator_pkg:/opt/ros/humble VIRTUAL_ENV_PROMPT=(venv) /usr/bin/cmake --install /home/dron/ws_controller/build/custom_msgs
[48.597s] -- Install configuration: ""
[48.599s] -- Up-to-date: /home/dron/ws_controller/install/custom_msgs/share/ament_index/resource_index/rosidl_interfaces/custom_msgs
[48.601s] -- Up-to-date: /home/dron/ws_controller/install/custom_msgs/include/custom_msgs/custom_msgs
[48.603s] -- Up-to-date: /home/dron/ws_controller/install/custom_msgs/include/custom_msgs/custom_msgs/msg
[48.605s] -- Installing: /home/dron/ws_controller/install/custom_msgs/include/custom_msgs/custom_msgs/msg/imu_data.h
[48.610s] -- Installing: /home/dron/ws_controller/install/custom_msgs/include/custom_msgs/custom_msgs/msg/data_xyz.h
[48.613s] -- Installing: /home/dron/ws_controller/install/custom_msgs/include/custom_msgs/custom_msgs/msg/gyro_data.h
[48.616s] -- Installing: /home/dron/ws_controller/install/custom_msgs/include/custom_msgs/custom_msgs/msg/estimator_data.h
[48.619s] -- Installing: /home/dron/ws_controller/install/custom_msgs/include/custom_msgs/custom_msgs/msg/accel_data.h
[48.620s] -- Installing: /home/dron/ws_controller/install/custom_msgs/include/custom_msgs/custom_msgs/msg/possition_data.h
[48.622s] -- Up-to-date: /home/dron/ws_controller/install/custom_msgs/include/custom_msgs/custom_msgs/msg/rosidl_generator_c__visibility_control.h
[48.622s] -- Installing: /home/dron/ws_controller/install/custom_msgs/include/custom_msgs/custom_msgs/msg/geo_data.h
[48.623s] -- Up-to-date: /home/dron/ws_controller/install/custom_msgs/include/custom_msgs/custom_msgs/msg/detail
[48.624s] -- Installing: /home/dron/ws_controller/install/custom_msgs/include/custom_msgs/custom_msgs/msg/detail/accel_data__type_support.h
[48.626s] -- Installing: /home/dron/ws_controller/install/custom_msgs/include/custom_msgs/custom_msgs/msg/detail/data_xyz__functions.h
[48.627s] -- Installing: /home/dron/ws_controller/install/custom_msgs/include/custom_msgs/custom_msgs/msg/detail/possition_data__struct.h
[48.629s] -- Installing: /home/dron/ws_controller/install/custom_msgs/include/custom_msgs/custom_msgs/msg/detail/estimator_data__functions.c
[48.631s] -- Installing: /home/dron/ws_controller/install/custom_msgs/include/custom_msgs/custom_msgs/msg/detail/speed_data__type_support.h
[48.632s] -- Installing: /home/dron/ws_controller/install/custom_msgs/include/custom_msgs/custom_msgs/msg/detail/imu_data__functions.h
[48.634s] -- Installing: /home/dron/ws_controller/install/custom_msgs/include/custom_msgs/custom_msgs/msg/detail/geo_data__functions.c
[48.636s] -- Installing: /home/dron/ws_controller/install/custom_msgs/include/custom_msgs/custom_msgs/msg/detail/imu_data__type_support.h
[48.638s] -- Installing: /home/dron/ws_controller/install/custom_msgs/include/custom_msgs/custom_msgs/msg/detail/accel_data__functions.c
[48.640s] -- Installing: /home/dron/ws_controller/install/custom_msgs/include/custom_msgs/custom_msgs/msg/detail/possition_data__type_support.h
[48.642s] -- Installing: /home/dron/ws_controller/install/custom_msgs/include/custom_msgs/custom_msgs/msg/detail/gyro_data__functions.c
[48.644s] -- Installing: /home/dron/ws_controller/install/custom_msgs/include/custom_msgs/custom_msgs/msg/detail/estimator_data__struct.h
[48.646s] -- Installing: /home/dron/ws_controller/install/custom_msgs/include/custom_msgs/custom_msgs/msg/detail/estimator_data__type_support.h
[48.650s] -- Installing: /home/dron/ws_controller/install/custom_msgs/include/custom_msgs/custom_msgs/msg/detail/possition_data__functions.h
[48.651s] -- Installing: /home/dron/ws_controller/install/custom_msgs/include/custom_msgs/custom_msgs/msg/detail/gyro_data__struct.h
[48.652s] -- Installing: /home/dron/ws_controller/install/custom_msgs/include/custom_msgs/custom_msgs/msg/detail/drone_status__struct.h
[48.653s] -- Installing: /home/dron/ws_controller/install/custom_msgs/include/custom_msgs/custom_msgs/msg/detail/geo_data__functions.h
[48.666s] -- Installing: /home/dron/ws_controller/install/custom_msgs/include/custom_msgs/custom_msgs/msg/detail/data_xyz__functions.c
[48.666s] -- Installing: /home/dron/ws_controller/install/custom_msgs/include/custom_msgs/custom_msgs/msg/detail/speed_data__functions.c
[48.669s] -- Installing: /home/dron/ws_controller/install/custom_msgs/include/custom_msgs/custom_msgs/msg/detail/geo_data__type_support.h
[48.670s] -- Installing: /home/dron/ws_controller/install/custom_msgs/include/custom_msgs/custom_msgs/msg/detail/geo_data__struct.h
[48.671s] -- Installing: /home/dron/ws_controller/install/custom_msgs/include/custom_msgs/custom_msgs/msg/detail/speed_data__functions.h
[48.671s] -- Installing: /home/dron/ws_controller/install/custom_msgs/include/custom_msgs/custom_msgs/msg/detail/drone_status__functions.h
[48.672s] -- Installing: /home/dron/ws_controller/install/custom_msgs/include/custom_msgs/custom_msgs/msg/detail/data_xyz__type_support.h
[48.673s] -- Installing: /home/dron/ws_controller/install/custom_msgs/include/custom_msgs/custom_msgs/msg/detail/imu_data__functions.c
[48.674s] -- Installing: /home/dron/ws_controller/install/custom_msgs/include/custom_msgs/custom_msgs/msg/detail/accel_data__functions.h
[48.690s] -- Installing: /home/dron/ws_controller/install/custom_msgs/include/custom_msgs/custom_msgs/msg/detail/drone_status__type_support.h
[48.690s] -- Installing: /home/dron/ws_controller/install/custom_msgs/include/custom_msgs/custom_msgs/msg/detail/imu_data__struct.h
[48.694s] -- Installing: /home/dron/ws_controller/install/custom_msgs/include/custom_msgs/custom_msgs/msg/detail/drone_status__functions.c
[48.694s] -- Installing: /home/dron/ws_controller/install/custom_msgs/include/custom_msgs/custom_msgs/msg/detail/speed_data__struct.h
[48.695s] -- Installing: /home/dron/ws_controller/install/custom_msgs/include/custom_msgs/custom_msgs/msg/detail/gyro_data__type_support.h
[48.695s] -- Installing: /home/dron/ws_controller/install/custom_msgs/include/custom_msgs/custom_msgs/msg/detail/possition_data__functions.c
[48.701s] -- Installing: /home/dron/ws_controller/install/custom_msgs/include/custom_msgs/custom_msgs/msg/detail/estimator_data__functions.h
[48.702s] -- Installing: /home/dron/ws_controller/install/custom_msgs/include/custom_msgs/custom_msgs/msg/detail/accel_data__struct.h
[48.703s] -- Installing: /home/dron/ws_controller/install/custom_msgs/include/custom_msgs/custom_msgs/msg/detail/gyro_data__functions.h
[48.704s] -- Installing: /home/dron/ws_controller/install/custom_msgs/include/custom_msgs/custom_msgs/msg/detail/data_xyz__struct.h
[48.714s] -- Installing: /home/dron/ws_controller/install/custom_msgs/include/custom_msgs/custom_msgs/msg/speed_data.h
[48.716s] -- Installing: /home/dron/ws_controller/install/custom_msgs/include/custom_msgs/custom_msgs/msg/drone_status.h
[48.718s] -- Up-to-date: /home/dron/ws_controller/install/custom_msgs/share/custom_msgs/environment/library_path.sh
[48.718s] -- Installing: /home/dron/ws_controller/install/custom_msgs/share/custom_msgs/environment/library_path.dsv
[48.719s] -- Installing: /home/dron/ws_controller/install/custom_msgs/lib/libcustom_msgs__rosidl_generator_c.so
[48.720s] -- Set runtime path of "/home/dron/ws_controller/install/custom_msgs/lib/libcustom_msgs__rosidl_generator_c.so" to ""
[48.721s] -- Up-to-date: /home/dron/ws_controller/install/custom_msgs/include/custom_msgs/custom_msgs
[48.722s] -- Up-to-date: /home/dron/ws_controller/install/custom_msgs/include/custom_msgs/custom_msgs/msg
[48.723s] -- Up-to-date: /home/dron/ws_controller/install/custom_msgs/include/custom_msgs/custom_msgs/msg/rosidl_typesupport_fastrtps_c__visibility_control.h
[48.723s] -- Up-to-date: /home/dron/ws_controller/install/custom_msgs/include/custom_msgs/custom_msgs/msg/detail
[48.724s] -- Installing: /home/dron/ws_controller/install/custom_msgs/include/custom_msgs/custom_msgs/msg/detail/speed_data__rosidl_typesupport_fastrtps_c.h
[48.724s] -- Installing: /home/dron/ws_controller/install/custom_msgs/include/custom_msgs/custom_msgs/msg/detail/geo_data__rosidl_typesupport_fastrtps_c.h
[48.725s] -- Installing: /home/dron/ws_controller/install/custom_msgs/include/custom_msgs/custom_msgs/msg/detail/imu_data__rosidl_typesupport_fastrtps_c.h
[48.726s] -- Installing: /home/dron/ws_controller/install/custom_msgs/include/custom_msgs/custom_msgs/msg/detail/gyro_data__rosidl_typesupport_fastrtps_c.h
[48.727s] -- Installing: /home/dron/ws_controller/install/custom_msgs/include/custom_msgs/custom_msgs/msg/detail/accel_data__rosidl_typesupport_fastrtps_c.h
[48.727s] -- Installing: /home/dron/ws_controller/install/custom_msgs/include/custom_msgs/custom_msgs/msg/detail/data_xyz__rosidl_typesupport_fastrtps_c.h
[48.728s] -- Installing: /home/dron/ws_controller/install/custom_msgs/include/custom_msgs/custom_msgs/msg/detail/drone_status__rosidl_typesupport_fastrtps_c.h
[48.729s] -- Installing: /home/dron/ws_controller/install/custom_msgs/include/custom_msgs/custom_msgs/msg/detail/possition_data__rosidl_typesupport_fastrtps_c.h
[48.729s] -- Installing: /home/dron/ws_controller/install/custom_msgs/include/custom_msgs/custom_msgs/msg/detail/estimator_data__rosidl_typesupport_fastrtps_c.h
[48.730s] -- Installing: /home/dron/ws_controller/install/custom_msgs/lib/libcustom_msgs__rosidl_typesupport_fastrtps_c.so
[48.731s] -- Set runtime path of "/home/dron/ws_controller/install/custom_msgs/lib/libcustom_msgs__rosidl_typesupport_fastrtps_c.so" to ""
[48.732s] -- Up-to-date: /home/dron/ws_controller/install/custom_msgs/include/custom_msgs/custom_msgs
[48.732s] -- Up-to-date: /home/dron/ws_controller/install/custom_msgs/include/custom_msgs/custom_msgs/msg
[48.733s] -- Up-to-date: /home/dron/ws_controller/install/custom_msgs/include/custom_msgs/custom_msgs/msg/detail
[48.734s] -- Installing: /home/dron/ws_controller/install/custom_msgs/include/custom_msgs/custom_msgs/msg/detail/estimator_data__rosidl_typesupport_introspection_c.h
[48.734s] -- Installing: /home/dron/ws_controller/install/custom_msgs/include/custom_msgs/custom_msgs/msg/detail/speed_data__type_support.c
[48.735s] -- Installing: /home/dron/ws_controller/install/custom_msgs/include/custom_msgs/custom_msgs/msg/detail/geo_data__rosidl_typesupport_introspection_c.h
[48.737s] -- Installing: /home/dron/ws_controller/install/custom_msgs/include/custom_msgs/custom_msgs/msg/detail/possition_data__rosidl_typesupport_introspection_c.h
[48.738s] -- Installing: /home/dron/ws_controller/install/custom_msgs/include/custom_msgs/custom_msgs/msg/detail/data_xyz__type_support.c
[48.739s] -- Installing: /home/dron/ws_controller/install/custom_msgs/include/custom_msgs/custom_msgs/msg/detail/drone_status__rosidl_typesupport_introspection_c.h
[48.740s] -- Installing: /home/dron/ws_controller/install/custom_msgs/include/custom_msgs/custom_msgs/msg/detail/drone_status__type_support.c
[48.773s] -- Installing: /home/dron/ws_controller/install/custom_msgs/include/custom_msgs/custom_msgs/msg/detail/data_xyz__rosidl_typesupport_introspection_c.h
[48.774s] -- Installing: /home/dron/ws_controller/install/custom_msgs/include/custom_msgs/custom_msgs/msg/detail/imu_data__rosidl_typesupport_introspection_c.h
[48.775s] -- Installing: /home/dron/ws_controller/install/custom_msgs/include/custom_msgs/custom_msgs/msg/detail/geo_data__type_support.c
[48.775s] -- Installing: /home/dron/ws_controller/install/custom_msgs/include/custom_msgs/custom_msgs/msg/detail/possition_data__type_support.c
[48.776s] -- Installing: /home/dron/ws_controller/install/custom_msgs/include/custom_msgs/custom_msgs/msg/detail/imu_data__type_support.c
[48.776s] -- Installing: /home/dron/ws_controller/install/custom_msgs/include/custom_msgs/custom_msgs/msg/detail/accel_data__rosidl_typesupport_introspection_c.h
[48.777s] -- Installing: /home/dron/ws_controller/install/custom_msgs/include/custom_msgs/custom_msgs/msg/detail/gyro_data__rosidl_typesupport_introspection_c.h
[48.777s] -- Installing: /home/dron/ws_controller/install/custom_msgs/include/custom_msgs/custom_msgs/msg/detail/estimator_data__type_support.c
[48.778s] -- Installing: /home/dron/ws_controller/install/custom_msgs/include/custom_msgs/custom_msgs/msg/detail/accel_data__type_support.c
[48.784s] -- Installing: /home/dron/ws_controller/install/custom_msgs/include/custom_msgs/custom_msgs/msg/detail/gyro_data__type_support.c
[48.784s] -- Installing: /home/dron/ws_controller/install/custom_msgs/include/custom_msgs/custom_msgs/msg/detail/speed_data__rosidl_typesupport_introspection_c.h
[48.817s] -- Up-to-date: /home/dron/ws_controller/install/custom_msgs/include/custom_msgs/custom_msgs/msg/rosidl_typesupport_introspection_c__visibility_control.h
[48.818s] -- Installing: /home/dron/ws_controller/install/custom_msgs/lib/libcustom_msgs__rosidl_typesupport_introspection_c.so
[48.819s] -- Set runtime path of "/home/dron/ws_controller/install/custom_msgs/lib/libcustom_msgs__rosidl_typesupport_introspection_c.so" to ""
[48.819s] -- Installing: /home/dron/ws_controller/install/custom_msgs/lib/libcustom_msgs__rosidl_typesupport_c.so
[48.820s] -- Set runtime path of "/home/dron/ws_controller/install/custom_msgs/lib/libcustom_msgs__rosidl_typesupport_c.so" to ""
[48.820s] -- Up-to-date: /home/dron/ws_controller/install/custom_msgs/include/custom_msgs/custom_msgs
[48.826s] -- Up-to-date: /home/dron/ws_controller/install/custom_msgs/include/custom_msgs/custom_msgs/msg
[48.827s] -- Installing: /home/dron/ws_controller/install/custom_msgs/include/custom_msgs/custom_msgs/msg/accel_data.hpp
[48.828s] -- Installing: /home/dron/ws_controller/install/custom_msgs/include/custom_msgs/custom_msgs/msg/data_xyz.hpp
[48.828s] -- Installing: /home/dron/ws_controller/install/custom_msgs/include/custom_msgs/custom_msgs/msg/possition_data.hpp
[48.828s] -- Installing: /home/dron/ws_controller/install/custom_msgs/include/custom_msgs/custom_msgs/msg/gyro_data.hpp
[48.829s] -- Installing: /home/dron/ws_controller/install/custom_msgs/include/custom_msgs/custom_msgs/msg/estimator_data.hpp
[48.829s] -- Installing: /home/dron/ws_controller/install/custom_msgs/include/custom_msgs/custom_msgs/msg/drone_status.hpp
[48.830s] -- Up-to-date: /home/dron/ws_controller/install/custom_msgs/include/custom_msgs/custom_msgs/msg/detail
[48.830s] -- Installing: /home/dron/ws_controller/install/custom_msgs/include/custom_msgs/custom_msgs/msg/detail/possition_data__traits.hpp
[48.831s] -- Installing: /home/dron/ws_controller/install/custom_msgs/include/custom_msgs/custom_msgs/msg/detail/speed_data__struct.hpp
[48.831s] -- Installing: /home/dron/ws_controller/install/custom_msgs/include/custom_msgs/custom_msgs/msg/detail/gyro_data__struct.hpp
[48.832s] -- Installing: /home/dron/ws_controller/install/custom_msgs/include/custom_msgs/custom_msgs/msg/detail/data_xyz__builder.hpp
[48.832s] -- Installing: /home/dron/ws_controller/install/custom_msgs/include/custom_msgs/custom_msgs/msg/detail/drone_status__traits.hpp
[48.833s] -- Installing: /home/dron/ws_controller/install/custom_msgs/include/custom_msgs/custom_msgs/msg/detail/gyro_data__traits.hpp
[48.839s] -- Installing: /home/dron/ws_controller/install/custom_msgs/include/custom_msgs/custom_msgs/msg/detail/geo_data__traits.hpp
[48.841s] -- Installing: /home/dron/ws_controller/install/custom_msgs/include/custom_msgs/custom_msgs/msg/detail/speed_data__type_support.hpp
[48.843s] -- Installing: /home/dron/ws_controller/install/custom_msgs/include/custom_msgs/custom_msgs/msg/detail/data_xyz__type_support.hpp
[48.845s] -- Installing: /home/dron/ws_controller/install/custom_msgs/include/custom_msgs/custom_msgs/msg/detail/possition_data__builder.hpp
[48.847s] -- Installing: /home/dron/ws_controller/install/custom_msgs/include/custom_msgs/custom_msgs/msg/detail/gyro_data__builder.hpp
[48.848s] -- Installing: /home/dron/ws_controller/install/custom_msgs/include/custom_msgs/custom_msgs/msg/detail/estimator_data__traits.hpp
[48.850s] -- Installing: /home/dron/ws_controller/install/custom_msgs/include/custom_msgs/custom_msgs/msg/detail/speed_data__builder.hpp
[48.857s] -- Installing: /home/dron/ws_controller/install/custom_msgs/include/custom_msgs/custom_msgs/msg/detail/estimator_data__type_support.hpp
[48.859s] -- Installing: /home/dron/ws_controller/install/custom_msgs/include/custom_msgs/custom_msgs/msg/detail/possition_data__type_support.hpp
[48.861s] -- Installing: /home/dron/ws_controller/install/custom_msgs/include/custom_msgs/custom_msgs/msg/detail/accel_data__struct.hpp
[48.863s] -- Installing: /home/dron/ws_controller/install/custom_msgs/include/custom_msgs/custom_msgs/msg/detail/imu_data__struct.hpp
[48.867s] -- Installing: /home/dron/ws_controller/install/custom_msgs/include/custom_msgs/custom_msgs/msg/detail/estimator_data__struct.hpp
[48.876s] -- Installing: /home/dron/ws_controller/install/custom_msgs/include/custom_msgs/custom_msgs/msg/detail/speed_data__traits.hpp
[48.880s] -- Installing: /home/dron/ws_controller/install/custom_msgs/include/custom_msgs/custom_msgs/msg/detail/imu_data__type_support.hpp
[48.885s] -- Installing: /home/dron/ws_controller/install/custom_msgs/include/custom_msgs/custom_msgs/msg/detail/possition_data__struct.hpp
[48.887s] -- Installing: /home/dron/ws_controller/install/custom_msgs/include/custom_msgs/custom_msgs/msg/detail/geo_data__type_support.hpp
[48.891s] -- Installing: /home/dron/ws_controller/install/custom_msgs/include/custom_msgs/custom_msgs/msg/detail/data_xyz__traits.hpp
[48.892s] -- Installing: /home/dron/ws_controller/install/custom_msgs/include/custom_msgs/custom_msgs/msg/detail/geo_data__builder.hpp
[48.896s] -- Installing: /home/dron/ws_controller/install/custom_msgs/include/custom_msgs/custom_msgs/msg/detail/accel_data__traits.hpp
[48.900s] -- Installing: /home/dron/ws_controller/install/custom_msgs/include/custom_msgs/custom_msgs/msg/detail/data_xyz__struct.hpp
[48.905s] -- Installing: /home/dron/ws_controller/install/custom_msgs/include/custom_msgs/custom_msgs/msg/detail/gyro_data__type_support.hpp
[48.911s] -- Installing: /home/dron/ws_controller/install/custom_msgs/include/custom_msgs/custom_msgs/msg/detail/geo_data__struct.hpp
[48.917s] -- Installing: /home/dron/ws_controller/install/custom_msgs/include/custom_msgs/custom_msgs/msg/detail/estimator_data__builder.hpp
[48.924s] -- Installing: /home/dron/ws_controller/install/custom_msgs/include/custom_msgs/custom_msgs/msg/detail/imu_data__traits.hpp
[48.927s] -- Installing: /home/dron/ws_controller/install/custom_msgs/include/custom_msgs/custom_msgs/msg/detail/drone_status__type_support.hpp
[48.927s] -- Installing: /home/dron/ws_controller/install/custom_msgs/include/custom_msgs/custom_msgs/msg/detail/drone_status__builder.hpp
[48.928s] -- Installing: /home/dron/ws_controller/install/custom_msgs/include/custom_msgs/custom_msgs/msg/detail/accel_data__builder.hpp
[48.930s] -- Installing: /home/dron/ws_controller/install/custom_msgs/include/custom_msgs/custom_msgs/msg/detail/accel_data__type_support.hpp
[48.932s] -- Installing: /home/dron/ws_controller/install/custom_msgs/include/custom_msgs/custom_msgs/msg/detail/drone_status__struct.hpp
[48.933s] -- Installing: /home/dron/ws_controller/install/custom_msgs/include/custom_msgs/custom_msgs/msg/detail/imu_data__builder.hpp
[48.935s] -- Installing: /home/dron/ws_controller/install/custom_msgs/include/custom_msgs/custom_msgs/msg/speed_data.hpp
[48.936s] -- Installing: /home/dron/ws_controller/install/custom_msgs/include/custom_msgs/custom_msgs/msg/imu_data.hpp
[48.937s] -- Installing: /home/dron/ws_controller/install/custom_msgs/include/custom_msgs/custom_msgs/msg/geo_data.hpp
[48.939s] -- Up-to-date: /home/dron/ws_controller/install/custom_msgs/include/custom_msgs/custom_msgs/msg/rosidl_generator_cpp__visibility_control.hpp
[48.941s] -- Up-to-date: /home/dron/ws_controller/install/custom_msgs/include/custom_msgs/custom_msgs
[48.942s] -- Up-to-date: /home/dron/ws_controller/install/custom_msgs/include/custom_msgs/custom_msgs/msg
[48.942s] -- Up-to-date: /home/dron/ws_controller/install/custom_msgs/include/custom_msgs/custom_msgs/msg/rosidl_typesupport_fastrtps_cpp__visibility_control.h
[48.943s] -- Up-to-date: /home/dron/ws_controller/install/custom_msgs/include/custom_msgs/custom_msgs/msg/detail
[48.944s] -- Installing: /home/dron/ws_controller/install/custom_msgs/include/custom_msgs/custom_msgs/msg/detail/estimator_data__rosidl_typesupport_fastrtps_cpp.hpp
[48.945s] -- Up-to-date: /home/dron/ws_controller/install/custom_msgs/include/custom_msgs/custom_msgs/msg/detail/dds_fastrtps
[48.946s] -- Installing: /home/dron/ws_controller/install/custom_msgs/include/custom_msgs/custom_msgs/msg/detail/speed_data__rosidl_typesupport_fastrtps_cpp.hpp
[48.947s] -- Installing: /home/dron/ws_controller/install/custom_msgs/include/custom_msgs/custom_msgs/msg/detail/gyro_data__rosidl_typesupport_fastrtps_cpp.hpp
[48.949s] -- Installing: /home/dron/ws_controller/install/custom_msgs/include/custom_msgs/custom_msgs/msg/detail/geo_data__rosidl_typesupport_fastrtps_cpp.hpp
[48.951s] -- Installing: /home/dron/ws_controller/install/custom_msgs/include/custom_msgs/custom_msgs/msg/detail/imu_data__rosidl_typesupport_fastrtps_cpp.hpp
[48.952s] -- Installing: /home/dron/ws_controller/install/custom_msgs/include/custom_msgs/custom_msgs/msg/detail/accel_data__rosidl_typesupport_fastrtps_cpp.hpp
[48.954s] -- Installing: /home/dron/ws_controller/install/custom_msgs/include/custom_msgs/custom_msgs/msg/detail/drone_status__rosidl_typesupport_fastrtps_cpp.hpp
[48.956s] -- Installing: /home/dron/ws_controller/install/custom_msgs/include/custom_msgs/custom_msgs/msg/detail/data_xyz__rosidl_typesupport_fastrtps_cpp.hpp
[48.958s] -- Installing: /home/dron/ws_controller/install/custom_msgs/include/custom_msgs/custom_msgs/msg/detail/possition_data__rosidl_typesupport_fastrtps_cpp.hpp
[48.962s] -- Installing: /home/dron/ws_controller/install/custom_msgs/lib/libcustom_msgs__rosidl_typesupport_fastrtps_cpp.so
[48.966s] -- Set runtime path of "/home/dron/ws_controller/install/custom_msgs/lib/libcustom_msgs__rosidl_typesupport_fastrtps_cpp.so" to ""
[48.967s] -- Up-to-date: /home/dron/ws_controller/install/custom_msgs/include/custom_msgs/custom_msgs
[48.967s] -- Up-to-date: /home/dron/ws_controller/install/custom_msgs/include/custom_msgs/custom_msgs/msg
[48.968s] -- Up-to-date: /home/dron/ws_controller/install/custom_msgs/include/custom_msgs/custom_msgs/msg/detail
[48.969s] -- Installing: /home/dron/ws_controller/install/custom_msgs/include/custom_msgs/custom_msgs/msg/detail/imu_data__rosidl_typesupport_introspection_cpp.hpp
[48.970s] -- Installing: /home/dron/ws_controller/install/custom_msgs/include/custom_msgs/custom_msgs/msg/detail/drone_status__type_support.cpp
[48.971s] -- Installing: /home/dron/ws_controller/install/custom_msgs/include/custom_msgs/custom_msgs/msg/detail/possition_data__rosidl_typesupport_introspection_cpp.hpp
[48.974s] -- Installing: /home/dron/ws_controller/install/custom_msgs/include/custom_msgs/custom_msgs/msg/detail/data_xyz__type_support.cpp
[48.976s] -- Installing: /home/dron/ws_controller/install/custom_msgs/include/custom_msgs/custom_msgs/msg/detail/accel_data__rosidl_typesupport_introspection_cpp.hpp
[48.977s] -- Installing: /home/dron/ws_controller/install/custom_msgs/include/custom_msgs/custom_msgs/msg/detail/estimator_data__type_support.cpp
[48.979s] -- Installing: /home/dron/ws_controller/install/custom_msgs/include/custom_msgs/custom_msgs/msg/detail/geo_data__type_support.cpp
[48.981s] -- Installing: /home/dron/ws_controller/install/custom_msgs/include/custom_msgs/custom_msgs/msg/detail/gyro_data__rosidl_typesupport_introspection_cpp.hpp
[48.983s] -- Installing: /home/dron/ws_controller/install/custom_msgs/include/custom_msgs/custom_msgs/msg/detail/drone_status__rosidl_typesupport_introspection_cpp.hpp
[48.986s] -- Installing: /home/dron/ws_controller/install/custom_msgs/include/custom_msgs/custom_msgs/msg/detail/imu_data__type_support.cpp
[48.988s] -- Installing: /home/dron/ws_controller/install/custom_msgs/include/custom_msgs/custom_msgs/msg/detail/gyro_data__type_support.cpp
[48.990s] -- Installing: /home/dron/ws_controller/install/custom_msgs/include/custom_msgs/custom_msgs/msg/detail/speed_data__rosidl_typesupport_introspection_cpp.hpp
[48.991s] -- Installing: /home/dron/ws_controller/install/custom_msgs/include/custom_msgs/custom_msgs/msg/detail/estimator_data__rosidl_typesupport_introspection_cpp.hpp
[48.993s] -- Installing: /home/dron/ws_controller/install/custom_msgs/include/custom_msgs/custom_msgs/msg/detail/speed_data__type_support.cpp
[48.995s] -- Installing: /home/dron/ws_controller/install/custom_msgs/include/custom_msgs/custom_msgs/msg/detail/accel_data__type_support.cpp
[48.996s] -- Installing: /home/dron/ws_controller/install/custom_msgs/include/custom_msgs/custom_msgs/msg/detail/possition_data__type_support.cpp
[48.998s] -- Installing: /home/dron/ws_controller/install/custom_msgs/include/custom_msgs/custom_msgs/msg/detail/data_xyz__rosidl_typesupport_introspection_cpp.hpp
[49.000s] -- Installing: /home/dron/ws_controller/install/custom_msgs/include/custom_msgs/custom_msgs/msg/detail/geo_data__rosidl_typesupport_introspection_cpp.hpp
[49.003s] -- Installing: /home/dron/ws_controller/install/custom_msgs/lib/libcustom_msgs__rosidl_typesupport_introspection_cpp.so
[49.006s] -- Set runtime path of "/home/dron/ws_controller/install/custom_msgs/lib/libcustom_msgs__rosidl_typesupport_introspection_cpp.so" to ""
[49.007s] -- Installing: /home/dron/ws_controller/install/custom_msgs/lib/libcustom_msgs__rosidl_typesupport_cpp.so
[49.013s] -- Set runtime path of "/home/dron/ws_controller/install/custom_msgs/lib/libcustom_msgs__rosidl_typesupport_cpp.so" to ""
[49.014s] -- Up-to-date: /home/dron/ws_controller/install/custom_msgs/share/custom_msgs/environment/pythonpath.sh
[49.015s] -- Installing: /home/dron/ws_controller/install/custom_msgs/share/custom_msgs/environment/pythonpath.dsv
[49.016s] -- Up-to-date: /home/dron/ws_controller/install/custom_msgs/local/lib/python3.10/dist-packages/custom_msgs-0.0.0-py3.10.egg-info
[49.017s] -- Installing: /home/dron/ws_controller/install/custom_msgs/local/lib/python3.10/dist-packages/custom_msgs-0.0.0-py3.10.egg-info/PKG-INFO
[49.017s] -- Installing: /home/dron/ws_controller/install/custom_msgs/local/lib/python3.10/dist-packages/custom_msgs-0.0.0-py3.10.egg-info/top_level.txt
[49.018s] -- Installing: /home/dron/ws_controller/install/custom_msgs/local/lib/python3.10/dist-packages/custom_msgs-0.0.0-py3.10.egg-info/SOURCES.txt
[49.020s] -- Installing: /home/dron/ws_controller/install/custom_msgs/local/lib/python3.10/dist-packages/custom_msgs-0.0.0-py3.10.egg-info/dependency_links.txt
[49.022s] -- Up-to-date: /home/dron/ws_controller/install/custom_msgs/local/lib/python3.10/dist-packages/custom_msgs
[49.023s] -- Installing: /home/dron/ws_controller/install/custom_msgs/local/lib/python3.10/dist-packages/custom_msgs/_custom_msgs_s.ep.rosidl_typesupport_introspection_c.c
[49.027s] -- Installing: /home/dron/ws_controller/install/custom_msgs/local/lib/python3.10/dist-packages/custom_msgs/__init__.py
[49.028s] -- Installing: /home/dron/ws_controller/install/custom_msgs/local/lib/python3.10/dist-packages/custom_msgs/custom_msgs_s__rosidl_typesupport_introspection_c.cpython-310-aarch64-linux-gnu.so
[49.029s] -- Installing: /home/dron/ws_controller/install/custom_msgs/local/lib/python3.10/dist-packages/custom_msgs/_custom_msgs_s.ep.rosidl_typesupport_c.c
[49.032s] -- Installing: /home/dron/ws_controller/install/custom_msgs/local/lib/python3.10/dist-packages/custom_msgs/custom_msgs_s__rosidl_typesupport_c.cpython-310-aarch64-linux-gnu.so
[49.034s] -- Installing: /home/dron/ws_controller/install/custom_msgs/local/lib/python3.10/dist-packages/custom_msgs/_custom_msgs_s.ep.rosidl_typesupport_fastrtps_c.c
[49.036s] -- Installing: /home/dron/ws_controller/install/custom_msgs/local/lib/python3.10/dist-packages/custom_msgs/libcustom_msgs__rosidl_generator_py.so
[49.045s] -- Up-to-date: /home/dron/ws_controller/install/custom_msgs/local/lib/python3.10/dist-packages/custom_msgs/msg
[49.046s] -- Installing: /home/dron/ws_controller/install/custom_msgs/local/lib/python3.10/dist-packages/custom_msgs/msg/_speed_data.py
[49.046s] -- Installing: /home/dron/ws_controller/install/custom_msgs/local/lib/python3.10/dist-packages/custom_msgs/msg/_drone_status_s.c
[49.050s] -- Installing: /home/dron/ws_controller/install/custom_msgs/local/lib/python3.10/dist-packages/custom_msgs/msg/_geo_data.py
[49.050s] -- Installing: /home/dron/ws_controller/install/custom_msgs/local/lib/python3.10/dist-packages/custom_msgs/msg/__init__.py
[49.051s] -- Installing: /home/dron/ws_controller/install/custom_msgs/local/lib/python3.10/dist-packages/custom_msgs/msg/_data_xyz_s.c
[49.052s] -- Installing: /home/dron/ws_controller/install/custom_msgs/local/lib/python3.10/dist-packages/custom_msgs/msg/_imu_data_s.c
[49.052s] -- Installing: /home/dron/ws_controller/install/custom_msgs/local/lib/python3.10/dist-packages/custom_msgs/msg/_estimator_data_s.c
[49.053s] -- Installing: /home/dron/ws_controller/install/custom_msgs/local/lib/python3.10/dist-packages/custom_msgs/msg/_accel_data_s.c
[49.062s] -- Installing: /home/dron/ws_controller/install/custom_msgs/local/lib/python3.10/dist-packages/custom_msgs/msg/_geo_data_s.c
[49.062s] -- Installing: /home/dron/ws_controller/install/custom_msgs/local/lib/python3.10/dist-packages/custom_msgs/msg/_drone_status.py
[49.063s] -- Installing: /home/dron/ws_controller/install/custom_msgs/local/lib/python3.10/dist-packages/custom_msgs/msg/_imu_data.py
[49.063s] -- Installing: /home/dron/ws_controller/install/custom_msgs/local/lib/python3.10/dist-packages/custom_msgs/msg/_data_xyz.py
[49.064s] -- Installing: /home/dron/ws_controller/install/custom_msgs/local/lib/python3.10/dist-packages/custom_msgs/msg/_speed_data_s.c
[49.065s] -- Installing: /home/dron/ws_controller/install/custom_msgs/local/lib/python3.10/dist-packages/custom_msgs/msg/_gyro_data.py
[49.069s] -- Installing: /home/dron/ws_controller/install/custom_msgs/local/lib/python3.10/dist-packages/custom_msgs/msg/_possition_data_s.c
[49.069s] -- Installing: /home/dron/ws_controller/install/custom_msgs/local/lib/python3.10/dist-packages/custom_msgs/msg/_gyro_data_s.c
[49.073s] -- Installing: /home/dron/ws_controller/install/custom_msgs/local/lib/python3.10/dist-packages/custom_msgs/msg/_estimator_data.py
[49.076s] -- Installing: /home/dron/ws_controller/install/custom_msgs/local/lib/python3.10/dist-packages/custom_msgs/msg/_possition_data.py
[49.079s] -- Installing: /home/dron/ws_controller/install/custom_msgs/local/lib/python3.10/dist-packages/custom_msgs/msg/_accel_data.py
[49.082s] -- Installing: /home/dron/ws_controller/install/custom_msgs/local/lib/python3.10/dist-packages/custom_msgs/custom_msgs_s__rosidl_typesupport_fastrtps_c.cpython-310-aarch64-linux-gnu.so
[49.474s] Listing '/home/dron/ws_controller/install/custom_msgs/local/lib/python3.10/dist-packages/custom_msgs'...
[49.479s] Compiling '/home/dron/ws_controller/install/custom_msgs/local/lib/python3.10/dist-packages/custom_msgs/__init__.py'...
[49.480s] Listing '/home/dron/ws_controller/install/custom_msgs/local/lib/python3.10/dist-packages/custom_msgs/msg'...
[49.482s] Compiling '/home/dron/ws_controller/install/custom_msgs/local/lib/python3.10/dist-packages/custom_msgs/msg/__init__.py'...
[49.484s] Compiling '/home/dron/ws_controller/install/custom_msgs/local/lib/python3.10/dist-packages/custom_msgs/msg/_accel_data.py'...
[49.490s] Compiling '/home/dron/ws_controller/install/custom_msgs/local/lib/python3.10/dist-packages/custom_msgs/msg/_data_xyz.py'...
[49.495s] Compiling '/home/dron/ws_controller/install/custom_msgs/local/lib/python3.10/dist-packages/custom_msgs/msg/_drone_status.py'...
[49.499s] Compiling '/home/dron/ws_controller/install/custom_msgs/local/lib/python3.10/dist-packages/custom_msgs/msg/_estimator_data.py'...
[49.503s] Compiling '/home/dron/ws_controller/install/custom_msgs/local/lib/python3.10/dist-packages/custom_msgs/msg/_geo_data.py'...
[49.506s] Compiling '/home/dron/ws_controller/install/custom_msgs/local/lib/python3.10/dist-packages/custom_msgs/msg/_gyro_data.py'...
[49.510s] Compiling '/home/dron/ws_controller/install/custom_msgs/local/lib/python3.10/dist-packages/custom_msgs/msg/_imu_data.py'...
[49.514s] Compiling '/home/dron/ws_controller/install/custom_msgs/local/lib/python3.10/dist-packages/custom_msgs/msg/_possition_data.py'...
[49.517s] Compiling '/home/dron/ws_controller/install/custom_msgs/local/lib/python3.10/dist-packages/custom_msgs/msg/_speed_data.py'...
[49.544s] -- Installing: /home/dron/ws_controller/install/custom_msgs/local/lib/python3.10/dist-packages/custom_msgs/custom_msgs_s__rosidl_typesupport_fastrtps_c.cpython-310-aarch64-linux-gnu.so
[49.546s] -- Set runtime path of "/home/dron/ws_controller/install/custom_msgs/local/lib/python3.10/dist-packages/custom_msgs/custom_msgs_s__rosidl_typesupport_fastrtps_c.cpython-310-aarch64-linux-gnu.so" to ""
[49.549s] -- Installing: /home/dron/ws_controller/install/custom_msgs/local/lib/python3.10/dist-packages/custom_msgs/custom_msgs_s__rosidl_typesupport_introspection_c.cpython-310-aarch64-linux-gnu.so
[49.557s] -- Set runtime path of "/home/dron/ws_controller/install/custom_msgs/local/lib/python3.10/dist-packages/custom_msgs/custom_msgs_s__rosidl_typesupport_introspection_c.cpython-310-aarch64-linux-gnu.so" to ""
[49.559s] -- Installing: /home/dron/ws_controller/install/custom_msgs/local/lib/python3.10/dist-packages/custom_msgs/custom_msgs_s__rosidl_typesupport_c.cpython-310-aarch64-linux-gnu.so
[49.563s] -- Set runtime path of "/home/dron/ws_controller/install/custom_msgs/local/lib/python3.10/dist-packages/custom_msgs/custom_msgs_s__rosidl_typesupport_c.cpython-310-aarch64-linux-gnu.so" to ""
[49.565s] -- Installing: /home/dron/ws_controller/install/custom_msgs/lib/libcustom_msgs__rosidl_generator_py.so
[49.569s] -- Set runtime path of "/home/dron/ws_controller/install/custom_msgs/lib/libcustom_msgs__rosidl_generator_py.so" to ""
[49.570s] -- Up-to-date: /home/dron/ws_controller/install/custom_msgs/share/custom_msgs/msg/AccelData.idl
[49.571s] -- Up-to-date: /home/dron/ws_controller/install/custom_msgs/share/custom_msgs/msg/GyroData.idl
[49.572s] -- Up-to-date: /home/dron/ws_controller/install/custom_msgs/share/custom_msgs/msg/ImuData.idl
[49.589s] -- Up-to-date: /home/dron/ws_controller/install/custom_msgs/share/custom_msgs/msg/EstimatorData.idl
[49.590s] -- Up-to-date: /home/dron/ws_controller/install/custom_msgs/share/custom_msgs/msg/PossitionData.idl
[49.601s] -- Up-to-date: /home/dron/ws_controller/install/custom_msgs/share/custom_msgs/msg/SpeedData.idl
[49.602s] -- Up-to-date: /home/dron/ws_controller/install/custom_msgs/share/custom_msgs/msg/DataXYZ.idl
[49.604s] -- Installing: /home/dron/ws_controller/install/custom_msgs/share/custom_msgs/msg/DroneStatus.idl
[49.604s] -- Up-to-date: /home/dron/ws_controller/install/custom_msgs/share/custom_msgs/msg/GeoData.idl
[49.605s] -- Up-to-date: /home/dron/ws_controller/install/custom_msgs/share/custom_msgs/msg/AccelData.msg
[49.606s] -- Up-to-date: /home/dron/ws_controller/install/custom_msgs/share/custom_msgs/msg/GyroData.msg
[49.606s] -- Up-to-date: /home/dron/ws_controller/install/custom_msgs/share/custom_msgs/msg/ImuData.msg
[49.607s] -- Up-to-date: /home/dron/ws_controller/install/custom_msgs/share/custom_msgs/msg/EstimatorData.msg
[49.608s] -- Up-to-date: /home/dron/ws_controller/install/custom_msgs/share/custom_msgs/msg/PossitionData.msg
[49.608s] -- Up-to-date: /home/dron/ws_controller/install/custom_msgs/share/custom_msgs/msg/SpeedData.msg
[49.610s] -- Up-to-date: /home/dron/ws_controller/install/custom_msgs/share/custom_msgs/msg/DataXYZ.msg
[49.612s] -- Installing: /home/dron/ws_controller/install/custom_msgs/share/custom_msgs/msg/DroneStatus.msg
[49.622s] -- Up-to-date: /home/dron/ws_controller/install/custom_msgs/share/custom_msgs/msg/GeoData.msg
[49.623s] -- Up-to-date: /home/dron/ws_controller/install/custom_msgs/share/ament_index/resource_index/package_run_dependencies/custom_msgs
[49.624s] -- Installing: /home/dron/ws_controller/install/custom_msgs/share/ament_index/resource_index/parent_prefix_path/custom_msgs
[49.625s] -- Up-to-date: /home/dron/ws_controller/install/custom_msgs/share/custom_msgs/environment/ament_prefix_path.sh
[49.630s] -- Installing: /home/dron/ws_controller/install/custom_msgs/share/custom_msgs/environment/ament_prefix_path.dsv
[49.635s] -- Up-to-date: /home/dron/ws_controller/install/custom_msgs/share/custom_msgs/environment/path.sh
[49.636s] -- Installing: /home/dron/ws_controller/install/custom_msgs/share/custom_msgs/environment/path.dsv
[49.637s] -- Up-to-date: /home/dron/ws_controller/install/custom_msgs/share/custom_msgs/local_setup.bash
[49.639s] -- Up-to-date: /home/dron/ws_controller/install/custom_msgs/share/custom_msgs/local_setup.sh
[49.643s] -- Up-to-date: /home/dron/ws_controller/install/custom_msgs/share/custom_msgs/local_setup.zsh
[49.644s] -- Installing: /home/dron/ws_controller/install/custom_msgs/share/custom_msgs/local_setup.dsv
[49.648s] -- Installing: /home/dron/ws_controller/install/custom_msgs/share/custom_msgs/package.dsv
[49.649s] -- Up-to-date: /home/dron/ws_controller/install/custom_msgs/share/ament_index/resource_index/packages/custom_msgs
[49.657s] -- Up-to-date: /home/dron/ws_controller/install/custom_msgs/share/custom_msgs/cmake/export_custom_msgs__rosidl_generator_cExport.cmake
[49.658s] -- Up-to-date: /home/dron/ws_controller/install/custom_msgs/share/custom_msgs/cmake/export_custom_msgs__rosidl_generator_cExport-noconfig.cmake
[49.659s] -- Up-to-date: /home/dron/ws_controller/install/custom_msgs/share/custom_msgs/cmake/export_custom_msgs__rosidl_typesupport_fastrtps_cExport.cmake
[49.660s] -- Up-to-date: /home/dron/ws_controller/install/custom_msgs/share/custom_msgs/cmake/export_custom_msgs__rosidl_typesupport_fastrtps_cExport-noconfig.cmake
[49.662s] -- Up-to-date: /home/dron/ws_controller/install/custom_msgs/share/custom_msgs/cmake/custom_msgs__rosidl_typesupport_introspection_cExport.cmake
[49.667s] -- Up-to-date: /home/dron/ws_controller/install/custom_msgs/share/custom_msgs/cmake/custom_msgs__rosidl_typesupport_introspection_cExport-noconfig.cmake
[49.674s] -- Up-to-date: /home/dron/ws_controller/install/custom_msgs/share/custom_msgs/cmake/custom_msgs__rosidl_typesupport_cExport.cmake
[49.677s] -- Up-to-date: /home/dron/ws_controller/install/custom_msgs/share/custom_msgs/cmake/custom_msgs__rosidl_typesupport_cExport-noconfig.cmake
[49.679s] -- Up-to-date: /home/dron/ws_controller/install/custom_msgs/share/custom_msgs/cmake/export_custom_msgs__rosidl_generator_cppExport.cmake
[49.682s] -- Up-to-date: /home/dron/ws_controller/install/custom_msgs/share/custom_msgs/cmake/export_custom_msgs__rosidl_typesupport_fastrtps_cppExport.cmake
[49.688s] -- Up-to-date: /home/dron/ws_controller/install/custom_msgs/share/custom_msgs/cmake/export_custom_msgs__rosidl_typesupport_fastrtps_cppExport-noconfig.cmake
[49.692s] -- Up-to-date: /home/dron/ws_controller/install/custom_msgs/share/custom_msgs/cmake/custom_msgs__rosidl_typesupport_introspection_cppExport.cmake
[49.700s] -- Up-to-date: /home/dron/ws_controller/install/custom_msgs/share/custom_msgs/cmake/custom_msgs__rosidl_typesupport_introspection_cppExport-noconfig.cmake
[49.705s] -- Up-to-date: /home/dron/ws_controller/install/custom_msgs/share/custom_msgs/cmake/custom_msgs__rosidl_typesupport_cppExport.cmake
[49.710s] -- Up-to-date: /home/dron/ws_controller/install/custom_msgs/share/custom_msgs/cmake/custom_msgs__rosidl_typesupport_cppExport-noconfig.cmake
[49.714s] -- Up-to-date: /home/dron/ws_controller/install/custom_msgs/share/custom_msgs/cmake/export_custom_msgs__rosidl_generator_pyExport.cmake
[49.718s] -- Up-to-date: /home/dron/ws_controller/install/custom_msgs/share/custom_msgs/cmake/export_custom_msgs__rosidl_generator_pyExport-noconfig.cmake
[49.721s] -- Up-to-date: /home/dron/ws_controller/install/custom_msgs/share/custom_msgs/cmake/rosidl_cmake-extras.cmake
[49.724s] -- Up-to-date: /home/dron/ws_controller/install/custom_msgs/share/custom_msgs/cmake/ament_cmake_export_include_directories-extras.cmake
[49.727s] -- Up-to-date: /home/dron/ws_controller/install/custom_msgs/share/custom_msgs/cmake/ament_cmake_export_libraries-extras.cmake
[49.730s] -- Up-to-date: /home/dron/ws_controller/install/custom_msgs/share/custom_msgs/cmake/ament_cmake_export_targets-extras.cmake
[49.735s] -- Up-to-date: /home/dron/ws_controller/install/custom_msgs/share/custom_msgs/cmake/rosidl_cmake_export_typesupport_targets-extras.cmake
[49.737s] -- Up-to-date: /home/dron/ws_controller/install/custom_msgs/share/custom_msgs/cmake/ament_cmake_export_dependencies-extras.cmake
[49.739s] -- Up-to-date: /home/dron/ws_controller/install/custom_msgs/share/custom_msgs/cmake/rosidl_cmake_export_typesupport_libraries-extras.cmake
[49.740s] -- Up-to-date: /home/dron/ws_controller/install/custom_msgs/share/custom_msgs/cmake/custom_msgsConfig.cmake
[49.743s] -- Up-to-date: /home/dron/ws_controller/install/custom_msgs/share/custom_msgs/cmake/custom_msgsConfig-version.cmake
[49.744s] -- Up-to-date: /home/dron/ws_controller/install/custom_msgs/share/custom_msgs/package.xml
[49.745s] Invoked command in '/home/dron/ws_controller/build/custom_msgs' returned '0': CMAKE_PREFIX_PATH=${CMAKE_PREFIX_PATH}:/home/dron/ws_controller/install/log_data_pkg:/home/dron/ws_controller/install/flight_controller_pkg:/home/dron/ws_controller/install/flask_pkg:/home/dron/Praca-magisterska/ros2_ws/install/um7_pkg:/home/dron/Praca-magisterska/ros2_ws/install/my_py_pkg:/home/dron/Praca-magisterska/ros2_ws/install/log_data_pkg:/home/dron/Praca-magisterska/ros2_ws/install/gs_pkg:/home/dron/Praca-magisterska/ros2_ws/install/flight_controller_pkg:/home/dron/Praca-magisterska/ros2_ws/install/flask_pkg:/home/dron/Praca-magisterska/ros2_ws/install/estimator_pkg:/opt/ros/humble VIRTUAL_ENV_PROMPT=(venv) /usr/bin/cmake --install /home/dron/ws_controller/build/custom_msgs
