[3.284s] Invoking command in '/home/dron/ws_controll/src/flask_pkg': LD_LIBRARY_PATH=/home/dron/ws_controll/install/custom_msgs/lib:/usr/local/cuda-12.6/lib64:/opt/ros/humble/opt/rviz_ogre_vendor/lib:/opt/ros/humble/lib/aarch64-linux-gnu:/opt/ros/humble/lib:/usr/local/cuda-12.6/lib64 PYTHONPATH=/home/dron/ws_controll/build/flask_pkg/prefix_override:/usr/lib/python3/dist-packages/colcon_core/task/python/colcon_distutils_commands:/home/dron/ws_controll/install/flask_pkg/lib/python3.10/site-packages:${PYTHONPATH} /usr/bin/python3 -W ignore:setup.py install is deprecated -W ignore:easy_install command is deprecated setup.py egg_info --egg-base ../../build/flask_pkg build --build-base /home/dron/ws_controll/build/flask_pkg/build install --record /home/dron/ws_controll/build/flask_pkg/install.log --single-version-externally-managed install_data
[3.937s] running egg_info
[3.938s] writing ../../build/flask_pkg/flask_pkg.egg-info/PKG-INFO
[3.939s] writing dependency_links to ../../build/flask_pkg/flask_pkg.egg-info/dependency_links.txt
[3.940s] writing entry points to ../../build/flask_pkg/flask_pkg.egg-info/entry_points.txt
[3.940s] writing requirements to ../../build/flask_pkg/flask_pkg.egg-info/requires.txt
[3.940s] writing top-level names to ../../build/flask_pkg/flask_pkg.egg-info/top_level.txt
[3.945s] reading manifest file '../../build/flask_pkg/flask_pkg.egg-info/SOURCES.txt'
[3.947s] writing manifest file '../../build/flask_pkg/flask_pkg.egg-info/SOURCES.txt'
[3.947s] running build
[3.947s] running build_py
[3.948s] copying flask_pkg/flask_server.py -> /home/dron/ws_controll/build/flask_pkg/build/lib/flask_pkg
[3.948s] running install
[3.950s] running install_lib
[3.951s] copying /home/dron/ws_controll/build/flask_pkg/build/lib/flask_pkg/flask_server.py -> /home/dron/ws_controll/install/flask_pkg/lib/python3.10/site-packages/flask_pkg
[3.953s] byte-compiling /home/dron/ws_controll/install/flask_pkg/lib/python3.10/site-packages/flask_pkg/flask_server.py to flask_server.cpython-310.pyc
[3.956s] running install_data
[3.956s] running install_egg_info
[3.961s] removing '/home/dron/ws_controll/install/flask_pkg/lib/python3.10/site-packages/flask_pkg-0.0.0-py3.10.egg-info' (and everything under it)
[3.962s] Copying ../../build/flask_pkg/flask_pkg.egg-info to /home/dron/ws_controll/install/flask_pkg/lib/python3.10/site-packages/flask_pkg-0.0.0-py3.10.egg-info
[3.964s] running install_scripts
[4.019s] Installing flask_server script to /home/dron/ws_controll/install/flask_pkg/lib/flask_pkg
[4.020s] writing list of installed files to '/home/dron/ws_controll/build/flask_pkg/install.log'
[4.131s] Invoked command in '/home/dron/ws_controll/src/flask_pkg' returned '0': LD_LIBRARY_PATH=/home/dron/ws_controll/install/custom_msgs/lib:/usr/local/cuda-12.6/lib64:/opt/ros/humble/opt/rviz_ogre_vendor/lib:/opt/ros/humble/lib/aarch64-linux-gnu:/opt/ros/humble/lib:/usr/local/cuda-12.6/lib64 PYTHONPATH=/home/dron/ws_controll/build/flask_pkg/prefix_override:/usr/lib/python3/dist-packages/colcon_core/task/python/colcon_distutils_commands:/home/dron/ws_controll/install/flask_pkg/lib/python3.10/site-packages:${PYTHONPATH} /usr/bin/python3 -W ignore:setup.py install is deprecated -W ignore:easy_install command is deprecated setup.py egg_info --egg-base ../../build/flask_pkg build --build-base /home/dron/ws_controll/build/flask_pkg/build install --record /home/dron/ws_controll/build/flask_pkg/install.log --single-version-externally-managed install_data
