running egg_info
creating ../../build/flight_controller_pkg/flight_controller_pkg.egg-info
writing ../../build/flight_controller_pkg/flight_controller_pkg.egg-info/PKG-INFO
writing dependency_links to ../../build/flight_controller_pkg/flight_controller_pkg.egg-info/dependency_links.txt
writing entry points to ../../build/flight_controller_pkg/flight_controller_pkg.egg-info/entry_points.txt
writing requirements to ../../build/flight_controller_pkg/flight_controller_pkg.egg-info/requires.txt
writing top-level names to ../../build/flight_controller_pkg/flight_controller_pkg.egg-info/top_level.txt
writing manifest file '../../build/flight_controller_pkg/flight_controller_pkg.egg-info/SOURCES.txt'
reading manifest file '../../build/flight_controller_pkg/flight_controller_pkg.egg-info/SOURCES.txt'
writing manifest file '../../build/flight_controller_pkg/flight_controller_pkg.egg-info/SOURCES.txt'
running build
running build_py
creating /home/dron/ws_controller/build/flight_controller_pkg/build
creating /home/dron/ws_controller/build/flight_controller_pkg/build/lib
creating /home/dron/ws_controller/build/flight_controller_pkg/build/lib/flight_controller_pkg
copying flight_controller_pkg/MavlinkHz.py -> /home/dron/ws_controller/build/flight_controller_pkg/build/lib/flight_controller_pkg
copying flight_controller_pkg/fc_control.py -> /home/dron/ws_controller/build/flight_controller_pkg/build/lib/flight_controller_pkg
copying flight_controller_pkg/__init__.py -> /home/dron/ws_controller/build/flight_controller_pkg/build/lib/flight_controller_pkg
running install
running install_lib
creating /home/dron/ws_controller/install/flight_controller_pkg/lib/python3.10/site-packages/flight_controller_pkg
copying /home/dron/ws_controller/build/flight_controller_pkg/build/lib/flight_controller_pkg/MavlinkHz.py -> /home/dron/ws_controller/install/flight_controller_pkg/lib/python3.10/site-packages/flight_controller_pkg
copying /home/dron/ws_controller/build/flight_controller_pkg/build/lib/flight_controller_pkg/fc_control.py -> /home/dron/ws_controller/install/flight_controller_pkg/lib/python3.10/site-packages/flight_controller_pkg
copying /home/dron/ws_controller/build/flight_controller_pkg/build/lib/flight_controller_pkg/__init__.py -> /home/dron/ws_controller/install/flight_controller_pkg/lib/python3.10/site-packages/flight_controller_pkg
byte-compiling /home/dron/ws_controller/install/flight_controller_pkg/lib/python3.10/site-packages/flight_controller_pkg/MavlinkHz.py to MavlinkHz.cpython-310.pyc
byte-compiling /home/dron/ws_controller/install/flight_controller_pkg/lib/python3.10/site-packages/flight_controller_pkg/fc_control.py to fc_control.cpython-310.pyc
byte-compiling /home/dron/ws_controller/install/flight_controller_pkg/lib/python3.10/site-packages/flight_controller_pkg/__init__.py to __init__.cpython-310.pyc
running install_data
creating /home/dron/ws_controller/install/flight_controller_pkg/share/ament_index
creating /home/dron/ws_controller/install/flight_controller_pkg/share/ament_index/resource_index
creating /home/dron/ws_controller/install/flight_controller_pkg/share/ament_index/resource_index/packages
copying resource/flight_controller_pkg -> /home/dron/ws_controller/install/flight_controller_pkg/share/ament_index/resource_index/packages
copying package.xml -> /home/dron/ws_controller/install/flight_controller_pkg/share/flight_controller_pkg
running install_egg_info
Copying ../../build/flight_controller_pkg/flight_controller_pkg.egg-info to /home/dron/ws_controller/install/flight_controller_pkg/lib/python3.10/site-packages/flight_controller_pkg-0.0.0-py3.10.egg-info
running install_scripts
Installing fc_controller script to /home/dron/ws_controller/install/flight_controller_pkg/lib/flight_controller_pkg
writing list of installed files to '/home/dron/ws_controller/build/flight_controller_pkg/install.log'
