[0.258s] DEBUG:colcon:Command line arguments: ['/usr/bin/colcon', 'build']
[0.259s] DEBUG:colcon:Parsed command line arguments: Namespace(log_base=None, log_level=None, verb_name='build', build_base='build', install_base='install', merge_install=False, symlink_install=False, test_result_base=None, continue_on_error=False, executor='parallel', parallel_workers=6, event_handlers=None, ignore_user_meta=False, metas=['./colcon.meta'], base_paths=['.'], packages_ignore=None, packages_ignore_regex=None, paths=None, packages_up_to=None, packages_up_to_regex=None, packages_above=None, packages_above_and_dependencies=None, packages_above_depth=None, packages_select_by_dep=None, packages_skip_by_dep=None, packages_skip_up_to=None, packages_select_build_failed=False, packages_skip_build_finished=False, packages_select_test_failures=False, packages_skip_test_passed=False, packages_select=None, packages_skip=None, packages_select_regex=None, packages_skip_regex=None, packages_start=None, packages_end=None, allow_overriding=[], cmake_args=None, cmake_target=None, cmake_target_skip_unavailable=False, cmake_clean_cache=False, cmake_clean_first=False, cmake_force_configure=False, ament_cmake_args=None, catkin_cmake_args=None, catkin_skip_building_tests=False, mixin_files=None, mixin=None, verb_parser=<colcon_mixin.mixin.mixin_argument.MixinArgumentDecorator object at 0xffff92c69e10>, verb_extension=<colcon_core.verb.build.BuildVerb object at 0xffff92e972b0>, main=<bound method BuildVerb.main of <colcon_core.verb.build.BuildVerb object at 0xffff92e972b0>>, mixin_verb=('build',))
[0.702s] Level 1:colcon.colcon_core.package_discovery:discover_packages(colcon_meta) check parameters
[0.702s] Level 1:colcon.colcon_core.package_discovery:discover_packages(recursive) check parameters
[0.702s] Level 1:colcon.colcon_core.package_discovery:discover_packages(ignore) check parameters
[0.702s] Level 1:colcon.colcon_core.package_discovery:discover_packages(path) check parameters
[0.702s] Level 1:colcon.colcon_core.package_discovery:discover_packages(colcon_meta) discover
[0.702s] Level 1:colcon.colcon_core.package_discovery:discover_packages(recursive) discover
[0.703s] INFO:colcon.colcon_core.package_discovery:Crawling recursively for packages in '/home/dron/ws_controll'
[0.703s] Level 1:colcon.colcon_core.package_identification:_identify(.) by extensions ['ignore', 'ignore_ament_install']
[0.703s] Level 1:colcon.colcon_core.package_identification:_identify(.) by extension 'ignore'
[0.703s] Level 1:colcon.colcon_core.package_identification:_identify(.) by extension 'ignore_ament_install'
[0.703s] Level 1:colcon.colcon_core.package_identification:_identify(.) by extensions ['colcon_pkg']
[0.703s] Level 1:colcon.colcon_core.package_identification:_identify(.) by extension 'colcon_pkg'
[0.704s] Level 1:colcon.colcon_core.package_identification:_identify(.) by extensions ['colcon_meta']
[0.704s] Level 1:colcon.colcon_core.package_identification:_identify(.) by extension 'colcon_meta'
[0.704s] Level 1:colcon.colcon_core.package_identification:_identify(.) by extensions ['ros']
[0.704s] Level 1:colcon.colcon_core.package_identification:_identify(.) by extension 'ros'
[0.757s] Level 1:colcon.colcon_core.package_identification:_identify(.) by extensions ['cmake', 'python']
[0.757s] Level 1:colcon.colcon_core.package_identification:_identify(.) by extension 'cmake'
[0.757s] Level 1:colcon.colcon_core.package_identification:_identify(.) by extension 'python'
[0.758s] Level 1:colcon.colcon_core.package_identification:_identify(.) by extensions ['python_setup_py']
[0.758s] Level 1:colcon.colcon_core.package_identification:_identify(.) by extension 'python_setup_py'
[0.758s] Level 1:colcon.colcon_core.package_identification:_identify(build) by extensions ['ignore', 'ignore_ament_install']
[0.758s] Level 1:colcon.colcon_core.package_identification:_identify(build) by extension 'ignore'
[0.758s] Level 1:colcon.colcon_core.package_identification:_identify(build) ignored
[0.759s] Level 1:colcon.colcon_core.package_identification:_identify(install) by extensions ['ignore', 'ignore_ament_install']
[0.759s] Level 1:colcon.colcon_core.package_identification:_identify(install) by extension 'ignore'
[0.759s] Level 1:colcon.colcon_core.package_identification:_identify(install) ignored
[0.759s] Level 1:colcon.colcon_core.package_identification:_identify(log) by extensions ['ignore', 'ignore_ament_install']
[0.760s] Level 1:colcon.colcon_core.package_identification:_identify(log) by extension 'ignore'
[0.760s] Level 1:colcon.colcon_core.package_identification:_identify(log) ignored
[0.760s] Level 1:colcon.colcon_core.package_identification:_identify(src) by extensions ['ignore', 'ignore_ament_install']
[0.760s] Level 1:colcon.colcon_core.package_identification:_identify(src) by extension 'ignore'
[0.760s] Level 1:colcon.colcon_core.package_identification:_identify(src) by extension 'ignore_ament_install'
[0.761s] Level 1:colcon.colcon_core.package_identification:_identify(src) by extensions ['colcon_pkg']
[0.761s] Level 1:colcon.colcon_core.package_identification:_identify(src) by extension 'colcon_pkg'
[0.761s] Level 1:colcon.colcon_core.package_identification:_identify(src) by extensions ['colcon_meta']
[0.761s] Level 1:colcon.colcon_core.package_identification:_identify(src) by extension 'colcon_meta'
[0.761s] Level 1:colcon.colcon_core.package_identification:_identify(src) by extensions ['ros']
[0.761s] Level 1:colcon.colcon_core.package_identification:_identify(src) by extension 'ros'
[0.761s] Level 1:colcon.colcon_core.package_identification:_identify(src) by extensions ['cmake', 'python']
[0.761s] Level 1:colcon.colcon_core.package_identification:_identify(src) by extension 'cmake'
[0.762s] Level 1:colcon.colcon_core.package_identification:_identify(src) by extension 'python'
[0.762s] Level 1:colcon.colcon_core.package_identification:_identify(src) by extensions ['python_setup_py']
[0.762s] Level 1:colcon.colcon_core.package_identification:_identify(src) by extension 'python_setup_py'
[0.762s] Level 1:colcon.colcon_core.package_identification:_identify(src/custom_msgs) by extensions ['ignore', 'ignore_ament_install']
[0.762s] Level 1:colcon.colcon_core.package_identification:_identify(src/custom_msgs) by extension 'ignore'
[0.762s] Level 1:colcon.colcon_core.package_identification:_identify(src/custom_msgs) by extension 'ignore_ament_install'
[0.762s] Level 1:colcon.colcon_core.package_identification:_identify(src/custom_msgs) by extensions ['colcon_pkg']
[0.763s] Level 1:colcon.colcon_core.package_identification:_identify(src/custom_msgs) by extension 'colcon_pkg'
[0.763s] Level 1:colcon.colcon_core.package_identification:_identify(src/custom_msgs) by extensions ['colcon_meta']
[0.763s] Level 1:colcon.colcon_core.package_identification:_identify(src/custom_msgs) by extension 'colcon_meta'
[0.763s] Level 1:colcon.colcon_core.package_identification:_identify(src/custom_msgs) by extensions ['ros']
[0.763s] Level 1:colcon.colcon_core.package_identification:_identify(src/custom_msgs) by extension 'ros'
[0.769s] DEBUG:colcon.colcon_core.package_identification:Package 'src/custom_msgs' with type 'ros.ament_cmake' and name 'custom_msgs'
[0.769s] Level 1:colcon.colcon_core.package_identification:_identify(src/flask_pkg) by extensions ['ignore', 'ignore_ament_install']
[0.769s] Level 1:colcon.colcon_core.package_identification:_identify(src/flask_pkg) by extension 'ignore'
[0.770s] Level 1:colcon.colcon_core.package_identification:_identify(src/flask_pkg) by extension 'ignore_ament_install'
[0.770s] Level 1:colcon.colcon_core.package_identification:_identify(src/flask_pkg) by extensions ['colcon_pkg']
[0.770s] Level 1:colcon.colcon_core.package_identification:_identify(src/flask_pkg) by extension 'colcon_pkg'
[0.770s] Level 1:colcon.colcon_core.package_identification:_identify(src/flask_pkg) by extensions ['colcon_meta']
[0.770s] Level 1:colcon.colcon_core.package_identification:_identify(src/flask_pkg) by extension 'colcon_meta'
[0.770s] Level 1:colcon.colcon_core.package_identification:_identify(src/flask_pkg) by extensions ['ros']
[0.770s] Level 1:colcon.colcon_core.package_identification:_identify(src/flask_pkg) by extension 'ros'
[0.773s] DEBUG:colcon.colcon_core.package_identification:Package 'src/flask_pkg' with type 'ros.ament_python' and name 'flask_pkg'
[0.773s] Level 1:colcon.colcon_core.package_identification:_identify(src/flight_controller_pkg) by extensions ['ignore', 'ignore_ament_install']
[0.773s] Level 1:colcon.colcon_core.package_identification:_identify(src/flight_controller_pkg) by extension 'ignore'
[0.773s] Level 1:colcon.colcon_core.package_identification:_identify(src/flight_controller_pkg) by extension 'ignore_ament_install'
[0.773s] Level 1:colcon.colcon_core.package_identification:_identify(src/flight_controller_pkg) by extensions ['colcon_pkg']
[0.773s] Level 1:colcon.colcon_core.package_identification:_identify(src/flight_controller_pkg) by extension 'colcon_pkg'
[0.774s] Level 1:colcon.colcon_core.package_identification:_identify(src/flight_controller_pkg) by extensions ['colcon_meta']
[0.774s] Level 1:colcon.colcon_core.package_identification:_identify(src/flight_controller_pkg) by extension 'colcon_meta'
[0.774s] Level 1:colcon.colcon_core.package_identification:_identify(src/flight_controller_pkg) by extensions ['ros']
[0.774s] Level 1:colcon.colcon_core.package_identification:_identify(src/flight_controller_pkg) by extension 'ros'
[0.776s] DEBUG:colcon.colcon_core.package_identification:Package 'src/flight_controller_pkg' with type 'ros.ament_python' and name 'flight_controller_pkg'
[0.776s] Level 1:colcon.colcon_core.package_identification:_identify(src/log_data_pkg) by extensions ['ignore', 'ignore_ament_install']
[0.776s] Level 1:colcon.colcon_core.package_identification:_identify(src/log_data_pkg) by extension 'ignore'
[0.776s] Level 1:colcon.colcon_core.package_identification:_identify(src/log_data_pkg) by extension 'ignore_ament_install'
[0.776s] Level 1:colcon.colcon_core.package_identification:_identify(src/log_data_pkg) by extensions ['colcon_pkg']
[0.776s] Level 1:colcon.colcon_core.package_identification:_identify(src/log_data_pkg) by extension 'colcon_pkg'
[0.777s] Level 1:colcon.colcon_core.package_identification:_identify(src/log_data_pkg) by extensions ['colcon_meta']
[0.777s] Level 1:colcon.colcon_core.package_identification:_identify(src/log_data_pkg) by extension 'colcon_meta'
[0.777s] Level 1:colcon.colcon_core.package_identification:_identify(src/log_data_pkg) by extensions ['ros']
[0.777s] Level 1:colcon.colcon_core.package_identification:_identify(src/log_data_pkg) by extension 'ros'
[0.779s] DEBUG:colcon.colcon_core.package_identification:Package 'src/log_data_pkg' with type 'ros.ament_python' and name 'log_data_pkg'
[0.779s] Level 1:colcon.colcon_core.package_discovery:discover_packages(recursive) using defaults
[0.779s] Level 1:colcon.colcon_core.package_discovery:discover_packages(ignore) discover
[0.779s] Level 1:colcon.colcon_core.package_discovery:discover_packages(ignore) using defaults
[0.779s] Level 1:colcon.colcon_core.package_discovery:discover_packages(path) discover
[0.779s] Level 1:colcon.colcon_core.package_discovery:discover_packages(path) using defaults
[0.825s] Level 1:colcon.colcon_core.package_discovery:discover_packages(prefix_path) check parameters
[0.826s] Level 1:colcon.colcon_core.package_discovery:discover_packages(prefix_path) discover
[0.830s] DEBUG:colcon.colcon_installed_package_information.package_discovery:Found 4 installed packages in /home/dron/ws_controll/install
[0.833s] DEBUG:colcon.colcon_installed_package_information.package_discovery:Found 276 installed packages in /opt/ros/humble
[0.837s] Level 1:colcon.colcon_core.package_discovery:discover_packages(prefix_path) using defaults
[0.924s] Level 5:colcon.colcon_core.verb:set package 'custom_msgs' build argument 'cmake_args' from command line to 'None'
[0.924s] Level 5:colcon.colcon_core.verb:set package 'custom_msgs' build argument 'cmake_target' from command line to 'None'
[0.925s] Level 5:colcon.colcon_core.verb:set package 'custom_msgs' build argument 'cmake_target_skip_unavailable' from command line to 'False'
[0.925s] Level 5:colcon.colcon_core.verb:set package 'custom_msgs' build argument 'cmake_clean_cache' from command line to 'False'
[0.925s] Level 5:colcon.colcon_core.verb:set package 'custom_msgs' build argument 'cmake_clean_first' from command line to 'False'
[0.925s] Level 5:colcon.colcon_core.verb:set package 'custom_msgs' build argument 'cmake_force_configure' from command line to 'False'
[0.925s] Level 5:colcon.colcon_core.verb:set package 'custom_msgs' build argument 'ament_cmake_args' from command line to 'None'
[0.925s] Level 5:colcon.colcon_core.verb:set package 'custom_msgs' build argument 'catkin_cmake_args' from command line to 'None'
[0.925s] Level 5:colcon.colcon_core.verb:set package 'custom_msgs' build argument 'catkin_skip_building_tests' from command line to 'False'
[0.925s] DEBUG:colcon.colcon_core.verb:Building package 'custom_msgs' with the following arguments: {'ament_cmake_args': None, 'build_base': '/home/dron/ws_controll/build/custom_msgs', 'catkin_cmake_args': None, 'catkin_skip_building_tests': False, 'cmake_args': None, 'cmake_clean_cache': False, 'cmake_clean_first': False, 'cmake_force_configure': False, 'cmake_target': None, 'cmake_target_skip_unavailable': False, 'install_base': '/home/dron/ws_controll/install/custom_msgs', 'merge_install': False, 'path': '/home/dron/ws_controll/src/custom_msgs', 'symlink_install': False, 'test_result_base': None}
[0.926s] Level 5:colcon.colcon_core.verb:set package 'flask_pkg' build argument 'cmake_args' from command line to 'None'
[0.926s] Level 5:colcon.colcon_core.verb:set package 'flask_pkg' build argument 'cmake_target' from command line to 'None'
[0.926s] Level 5:colcon.colcon_core.verb:set package 'flask_pkg' build argument 'cmake_target_skip_unavailable' from command line to 'False'
[0.926s] Level 5:colcon.colcon_core.verb:set package 'flask_pkg' build argument 'cmake_clean_cache' from command line to 'False'
[0.926s] Level 5:colcon.colcon_core.verb:set package 'flask_pkg' build argument 'cmake_clean_first' from command line to 'False'
[0.926s] Level 5:colcon.colcon_core.verb:set package 'flask_pkg' build argument 'cmake_force_configure' from command line to 'False'
[0.926s] Level 5:colcon.colcon_core.verb:set package 'flask_pkg' build argument 'ament_cmake_args' from command line to 'None'
[0.926s] Level 5:colcon.colcon_core.verb:set package 'flask_pkg' build argument 'catkin_cmake_args' from command line to 'None'
[0.926s] Level 5:colcon.colcon_core.verb:set package 'flask_pkg' build argument 'catkin_skip_building_tests' from command line to 'False'
[0.927s] DEBUG:colcon.colcon_core.verb:Building package 'flask_pkg' with the following arguments: {'ament_cmake_args': None, 'build_base': '/home/dron/ws_controll/build/flask_pkg', 'catkin_cmake_args': None, 'catkin_skip_building_tests': False, 'cmake_args': None, 'cmake_clean_cache': False, 'cmake_clean_first': False, 'cmake_force_configure': False, 'cmake_target': None, 'cmake_target_skip_unavailable': False, 'install_base': '/home/dron/ws_controll/install/flask_pkg', 'merge_install': False, 'path': '/home/dron/ws_controll/src/flask_pkg', 'symlink_install': False, 'test_result_base': None}
[0.927s] Level 5:colcon.colcon_core.verb:set package 'flight_controller_pkg' build argument 'cmake_args' from command line to 'None'
[0.927s] Level 5:colcon.colcon_core.verb:set package 'flight_controller_pkg' build argument 'cmake_target' from command line to 'None'
[0.927s] Level 5:colcon.colcon_core.verb:set package 'flight_controller_pkg' build argument 'cmake_target_skip_unavailable' from command line to 'False'
[0.928s] Level 5:colcon.colcon_core.verb:set package 'flight_controller_pkg' build argument 'cmake_clean_cache' from command line to 'False'
[0.928s] Level 5:colcon.colcon_core.verb:set package 'flight_controller_pkg' build argument 'cmake_clean_first' from command line to 'False'
[0.928s] Level 5:colcon.colcon_core.verb:set package 'flight_controller_pkg' build argument 'cmake_force_configure' from command line to 'False'
[0.928s] Level 5:colcon.colcon_core.verb:set package 'flight_controller_pkg' build argument 'ament_cmake_args' from command line to 'None'
[0.928s] Level 5:colcon.colcon_core.verb:set package 'flight_controller_pkg' build argument 'catkin_cmake_args' from command line to 'None'
[0.928s] Level 5:colcon.colcon_core.verb:set package 'flight_controller_pkg' build argument 'catkin_skip_building_tests' from command line to 'False'
[0.928s] DEBUG:colcon.colcon_core.verb:Building package 'flight_controller_pkg' with the following arguments: {'ament_cmake_args': None, 'build_base': '/home/dron/ws_controll/build/flight_controller_pkg', 'catkin_cmake_args': None, 'catkin_skip_building_tests': False, 'cmake_args': None, 'cmake_clean_cache': False, 'cmake_clean_first': False, 'cmake_force_configure': False, 'cmake_target': None, 'cmake_target_skip_unavailable': False, 'install_base': '/home/dron/ws_controll/install/flight_controller_pkg', 'merge_install': False, 'path': '/home/dron/ws_controll/src/flight_controller_pkg', 'symlink_install': False, 'test_result_base': None}
[0.929s] Level 5:colcon.colcon_core.verb:set package 'log_data_pkg' build argument 'cmake_args' from command line to 'None'
[0.929s] Level 5:colcon.colcon_core.verb:set package 'log_data_pkg' build argument 'cmake_target' from command line to 'None'
[0.929s] Level 5:colcon.colcon_core.verb:set package 'log_data_pkg' build argument 'cmake_target_skip_unavailable' from command line to 'False'
[0.929s] Level 5:colcon.colcon_core.verb:set package 'log_data_pkg' build argument 'cmake_clean_cache' from command line to 'False'
[0.929s] Level 5:colcon.colcon_core.verb:set package 'log_data_pkg' build argument 'cmake_clean_first' from command line to 'False'
[0.929s] Level 5:colcon.colcon_core.verb:set package 'log_data_pkg' build argument 'cmake_force_configure' from command line to 'False'
[0.929s] Level 5:colcon.colcon_core.verb:set package 'log_data_pkg' build argument 'ament_cmake_args' from command line to 'None'
[0.929s] Level 5:colcon.colcon_core.verb:set package 'log_data_pkg' build argument 'catkin_cmake_args' from command line to 'None'
[0.929s] Level 5:colcon.colcon_core.verb:set package 'log_data_pkg' build argument 'catkin_skip_building_tests' from command line to 'False'
[0.929s] DEBUG:colcon.colcon_core.verb:Building package 'log_data_pkg' with the following arguments: {'ament_cmake_args': None, 'build_base': '/home/dron/ws_controll/build/log_data_pkg', 'catkin_cmake_args': None, 'catkin_skip_building_tests': False, 'cmake_args': None, 'cmake_clean_cache': False, 'cmake_clean_first': False, 'cmake_force_configure': False, 'cmake_target': None, 'cmake_target_skip_unavailable': False, 'install_base': '/home/dron/ws_controll/install/log_data_pkg', 'merge_install': False, 'path': '/home/dron/ws_controll/src/log_data_pkg', 'symlink_install': False, 'test_result_base': None}
[0.929s] INFO:colcon.colcon_core.executor:Executing jobs using 'parallel' executor
[0.932s] DEBUG:colcon.colcon_parallel_executor.executor.parallel:run_until_complete
[0.932s] INFO:colcon.colcon_ros.task.ament_cmake.build:Building ROS package in '/home/dron/ws_controll/src/custom_msgs' with build type 'ament_cmake'
[0.932s] INFO:colcon.colcon_cmake.task.cmake.build:Building CMake package in '/home/dron/ws_controll/src/custom_msgs'
[0.937s] INFO:colcon.colcon_core.plugin_system:Skipping extension 'colcon_core.shell.bat': Not used on non-Windows systems
[0.938s] INFO:colcon.colcon_core.shell:Skip shell extension 'powershell' for command environment: Not usable outside of PowerShell
[0.938s] DEBUG:colcon.colcon_core.shell:Skip shell extension 'dsv' for command environment
[0.954s] DEBUG:colcon.colcon_core.event_handler.log_command:Invoking command in '/home/dron/ws_controll/build/custom_msgs': CMAKE_PREFIX_PATH=${CMAKE_PREFIX_PATH}:/home/dron/ws_controll/install/log_data_pkg:/home/dron/ws_controll/install/flight_controller_pkg:/home/dron/ws_controll/install/flask_pkg:/opt/ros/humble /usr/bin/cmake --build /home/dron/ws_controll/build/custom_msgs -- -j6 -l6
[1.870s] DEBUG:colcon.colcon_core.event_handler.log_command:Invoked command in '/home/dron/ws_controll/build/custom_msgs' returned '0': CMAKE_PREFIX_PATH=${CMAKE_PREFIX_PATH}:/home/dron/ws_controll/install/log_data_pkg:/home/dron/ws_controll/install/flight_controller_pkg:/home/dron/ws_controll/install/flask_pkg:/opt/ros/humble /usr/bin/cmake --build /home/dron/ws_controll/build/custom_msgs -- -j6 -l6
[1.898s] DEBUG:colcon.colcon_core.event_handler.log_command:Invoking command in '/home/dron/ws_controll/build/custom_msgs': CMAKE_PREFIX_PATH=${CMAKE_PREFIX_PATH}:/home/dron/ws_controll/install/log_data_pkg:/home/dron/ws_controll/install/flight_controller_pkg:/home/dron/ws_controll/install/flask_pkg:/opt/ros/humble /usr/bin/cmake --install /home/dron/ws_controll/build/custom_msgs
[2.110s] Level 1:colcon.colcon_core.environment:create_environment_scripts_only(custom_msgs)
[2.116s] Level 1:colcon.colcon_core.environment:checking '/home/dron/ws_controll/install/custom_msgs' for CMake module files
[2.118s] Level 1:colcon.colcon_core.environment:checking '/home/dron/ws_controll/install/custom_msgs' for CMake config files
[2.118s] Level 1:colcon.colcon_core.shell:create_environment_hook('custom_msgs', 'cmake_prefix_path')
[2.119s] INFO:colcon.colcon_core.shell:Creating environment hook '/home/dron/ws_controll/install/custom_msgs/share/custom_msgs/hook/cmake_prefix_path.ps1'
[2.121s] INFO:colcon.colcon_core.shell:Creating environment descriptor '/home/dron/ws_controll/install/custom_msgs/share/custom_msgs/hook/cmake_prefix_path.dsv'
[2.122s] INFO:colcon.colcon_core.shell:Creating environment hook '/home/dron/ws_controll/install/custom_msgs/share/custom_msgs/hook/cmake_prefix_path.sh'
[2.129s] DEBUG:colcon.colcon_core.event_handler.log_command:Invoked command in '/home/dron/ws_controll/build/custom_msgs' returned '0': CMAKE_PREFIX_PATH=${CMAKE_PREFIX_PATH}:/home/dron/ws_controll/install/log_data_pkg:/home/dron/ws_controll/install/flight_controller_pkg:/home/dron/ws_controll/install/flask_pkg:/opt/ros/humble /usr/bin/cmake --install /home/dron/ws_controll/build/custom_msgs
[2.129s] Level 1:colcon.colcon_core.environment:checking '/home/dron/ws_controll/install/custom_msgs/lib'
[2.130s] Level 1:colcon.colcon_core.shell:create_environment_hook('custom_msgs', 'ld_library_path_lib')
[2.131s] INFO:colcon.colcon_core.shell:Creating environment hook '/home/dron/ws_controll/install/custom_msgs/share/custom_msgs/hook/ld_library_path_lib.ps1'
[2.132s] INFO:colcon.colcon_core.shell:Creating environment descriptor '/home/dron/ws_controll/install/custom_msgs/share/custom_msgs/hook/ld_library_path_lib.dsv'
[2.134s] INFO:colcon.colcon_core.shell:Creating environment hook '/home/dron/ws_controll/install/custom_msgs/share/custom_msgs/hook/ld_library_path_lib.sh'
[2.136s] Level 1:colcon.colcon_core.environment:checking '/home/dron/ws_controll/install/custom_msgs/bin'
[2.136s] Level 1:colcon.colcon_core.environment:checking '/home/dron/ws_controll/install/custom_msgs/lib/pkgconfig/custom_msgs.pc'
[2.136s] Level 1:colcon.colcon_core.environment:checking '/home/dron/ws_controll/install/custom_msgs/lib/python3.10/site-packages'
[2.137s] Level 1:colcon.colcon_core.environment:checking '/home/dron/ws_controll/install/custom_msgs/bin'
[2.138s] INFO:colcon.colcon_core.shell:Creating package script '/home/dron/ws_controll/install/custom_msgs/share/custom_msgs/package.ps1'
[2.141s] INFO:colcon.colcon_core.shell:Creating package descriptor '/home/dron/ws_controll/install/custom_msgs/share/custom_msgs/package.dsv'
[2.142s] INFO:colcon.colcon_core.shell:Creating package script '/home/dron/ws_controll/install/custom_msgs/share/custom_msgs/package.sh'
[2.144s] INFO:colcon.colcon_core.shell:Creating package script '/home/dron/ws_controll/install/custom_msgs/share/custom_msgs/package.bash'
[2.146s] INFO:colcon.colcon_core.shell:Creating package script '/home/dron/ws_controll/install/custom_msgs/share/custom_msgs/package.zsh'
[2.150s] Level 1:colcon.colcon_core.environment:create_file_with_runtime_dependencies(/home/dron/ws_controll/install/custom_msgs/share/colcon-core/packages/custom_msgs)
[2.153s] Level 1:colcon.colcon_core.environment:create_environment_scripts_only(custom_msgs)
[2.154s] Level 1:colcon.colcon_core.environment:checking '/home/dron/ws_controll/install/custom_msgs' for CMake module files
[2.155s] Level 1:colcon.colcon_core.environment:checking '/home/dron/ws_controll/install/custom_msgs' for CMake config files
[2.156s] Level 1:colcon.colcon_core.shell:create_environment_hook('custom_msgs', 'cmake_prefix_path')
[2.157s] INFO:colcon.colcon_core.shell:Creating environment hook '/home/dron/ws_controll/install/custom_msgs/share/custom_msgs/hook/cmake_prefix_path.ps1'
[2.158s] INFO:colcon.colcon_core.shell:Creating environment descriptor '/home/dron/ws_controll/install/custom_msgs/share/custom_msgs/hook/cmake_prefix_path.dsv'
[2.160s] INFO:colcon.colcon_core.shell:Creating environment hook '/home/dron/ws_controll/install/custom_msgs/share/custom_msgs/hook/cmake_prefix_path.sh'
[2.162s] Level 1:colcon.colcon_core.environment:checking '/home/dron/ws_controll/install/custom_msgs/lib'
[2.163s] Level 1:colcon.colcon_core.shell:create_environment_hook('custom_msgs', 'ld_library_path_lib')
[2.163s] INFO:colcon.colcon_core.shell:Creating environment hook '/home/dron/ws_controll/install/custom_msgs/share/custom_msgs/hook/ld_library_path_lib.ps1'
[2.165s] INFO:colcon.colcon_core.shell:Creating environment descriptor '/home/dron/ws_controll/install/custom_msgs/share/custom_msgs/hook/ld_library_path_lib.dsv'
[2.166s] INFO:colcon.colcon_core.shell:Creating environment hook '/home/dron/ws_controll/install/custom_msgs/share/custom_msgs/hook/ld_library_path_lib.sh'
[2.168s] Level 1:colcon.colcon_core.environment:checking '/home/dron/ws_controll/install/custom_msgs/bin'
[2.168s] Level 1:colcon.colcon_core.environment:checking '/home/dron/ws_controll/install/custom_msgs/lib/pkgconfig/custom_msgs.pc'
[2.169s] Level 1:colcon.colcon_core.environment:checking '/home/dron/ws_controll/install/custom_msgs/lib/python3.10/site-packages'
[2.170s] Level 1:colcon.colcon_core.environment:checking '/home/dron/ws_controll/install/custom_msgs/bin'
[2.171s] INFO:colcon.colcon_core.shell:Creating package script '/home/dron/ws_controll/install/custom_msgs/share/custom_msgs/package.ps1'
[2.172s] INFO:colcon.colcon_core.shell:Creating package descriptor '/home/dron/ws_controll/install/custom_msgs/share/custom_msgs/package.dsv'
[2.174s] INFO:colcon.colcon_core.shell:Creating package script '/home/dron/ws_controll/install/custom_msgs/share/custom_msgs/package.sh'
[2.175s] INFO:colcon.colcon_core.shell:Creating package script '/home/dron/ws_controll/install/custom_msgs/share/custom_msgs/package.bash'
[2.176s] INFO:colcon.colcon_core.shell:Creating package script '/home/dron/ws_controll/install/custom_msgs/share/custom_msgs/package.zsh'
[2.177s] Level 1:colcon.colcon_core.environment:create_file_with_runtime_dependencies(/home/dron/ws_controll/install/custom_msgs/share/colcon-core/packages/custom_msgs)
[2.178s] INFO:colcon.colcon_ros.task.ament_python.build:Building ROS package in '/home/dron/ws_controll/src/flask_pkg' with build type 'ament_python'
[2.178s] Level 1:colcon.colcon_core.shell:create_environment_hook('flask_pkg', 'ament_prefix_path')
[2.179s] INFO:colcon.colcon_core.shell:Creating environment hook '/home/dron/ws_controll/install/flask_pkg/share/flask_pkg/hook/ament_prefix_path.ps1'
[2.181s] INFO:colcon.colcon_core.shell:Creating environment descriptor '/home/dron/ws_controll/install/flask_pkg/share/flask_pkg/hook/ament_prefix_path.dsv'
[2.182s] INFO:colcon.colcon_core.shell:Creating environment hook '/home/dron/ws_controll/install/flask_pkg/share/flask_pkg/hook/ament_prefix_path.sh'
[2.183s] INFO:colcon.colcon_core.shell:Skip shell extension 'powershell' for command environment: Not usable outside of PowerShell
[2.183s] DEBUG:colcon.colcon_core.shell:Skip shell extension 'dsv' for command environment
[2.198s] INFO:colcon.colcon_ros.task.ament_python.build:Building ROS package in '/home/dron/ws_controll/src/flight_controller_pkg' with build type 'ament_python'
[2.199s] Level 1:colcon.colcon_core.shell:create_environment_hook('flight_controller_pkg', 'ament_prefix_path')
[2.200s] INFO:colcon.colcon_core.shell:Creating environment hook '/home/dron/ws_controll/install/flight_controller_pkg/share/flight_controller_pkg/hook/ament_prefix_path.ps1'
[2.202s] INFO:colcon.colcon_core.shell:Creating environment descriptor '/home/dron/ws_controll/install/flight_controller_pkg/share/flight_controller_pkg/hook/ament_prefix_path.dsv'
[2.204s] INFO:colcon.colcon_core.shell:Creating environment hook '/home/dron/ws_controll/install/flight_controller_pkg/share/flight_controller_pkg/hook/ament_prefix_path.sh'
[2.206s] INFO:colcon.colcon_core.shell:Skip shell extension 'powershell' for command environment: Not usable outside of PowerShell
[2.206s] DEBUG:colcon.colcon_core.shell:Skip shell extension 'dsv' for command environment
[2.215s] INFO:colcon.colcon_ros.task.ament_python.build:Building ROS package in '/home/dron/ws_controll/src/log_data_pkg' with build type 'ament_python'
[2.216s] Level 1:colcon.colcon_core.shell:create_environment_hook('log_data_pkg', 'ament_prefix_path')
[2.217s] INFO:colcon.colcon_core.shell:Creating environment hook '/home/dron/ws_controll/install/log_data_pkg/share/log_data_pkg/hook/ament_prefix_path.ps1'
[2.219s] INFO:colcon.colcon_core.shell:Creating environment descriptor '/home/dron/ws_controll/install/log_data_pkg/share/log_data_pkg/hook/ament_prefix_path.dsv'
[2.220s] INFO:colcon.colcon_core.shell:Creating environment hook '/home/dron/ws_controll/install/log_data_pkg/share/log_data_pkg/hook/ament_prefix_path.sh'
[2.222s] INFO:colcon.colcon_core.shell:Skip shell extension 'powershell' for command environment: Not usable outside of PowerShell
[2.222s] DEBUG:colcon.colcon_core.shell:Skip shell extension 'dsv' for command environment
[2.966s] INFO:colcon.colcon_core.task.python.build:Building Python package in '/home/dron/ws_controll/src/flask_pkg'
[2.966s] INFO:colcon.colcon_core.shell:Skip shell extension 'powershell' for command environment: Not usable outside of PowerShell
[2.967s] DEBUG:colcon.colcon_core.shell:Skip shell extension 'dsv' for command environment
[3.672s] INFO:colcon.colcon_core.task.python.build:Building Python package in '/home/dron/ws_controll/src/flight_controller_pkg'
[3.673s] INFO:colcon.colcon_core.shell:Skip shell extension 'powershell' for command environment: Not usable outside of PowerShell
[3.673s] DEBUG:colcon.colcon_core.shell:Skip shell extension 'dsv' for command environment
[4.398s] INFO:colcon.colcon_core.task.python.build:Building Python package in '/home/dron/ws_controll/src/log_data_pkg'
[4.399s] INFO:colcon.colcon_core.shell:Skip shell extension 'powershell' for command environment: Not usable outside of PowerShell
[4.399s] DEBUG:colcon.colcon_core.shell:Skip shell extension 'dsv' for command environment
[5.658s] DEBUG:colcon.colcon_core.event_handler.log_command:Invoking command in '/home/dron/ws_controll/src/log_data_pkg': LD_LIBRARY_PATH=/home/dron/ws_controll/install/custom_msgs/lib:/usr/local/cuda-12.6/lib64:/opt/ros/humble/opt/rviz_ogre_vendor/lib:/opt/ros/humble/lib/aarch64-linux-gnu:/opt/ros/humble/lib:/usr/local/cuda-12.6/lib64 PYTHONPATH=/home/dron/ws_controll/build/log_data_pkg/prefix_override:/usr/lib/python3/dist-packages/colcon_core/task/python/colcon_distutils_commands:/home/dron/ws_controll/install/log_data_pkg/lib/python3.10/site-packages:${PYTHONPATH} /usr/bin/python3 -W ignore:setup.py install is deprecated -W ignore:easy_install command is deprecated setup.py egg_info --egg-base ../../build/log_data_pkg build --build-base /home/dron/ws_controll/build/log_data_pkg/build install --record /home/dron/ws_controll/build/log_data_pkg/install.log --single-version-externally-managed install_data
[5.803s] DEBUG:colcon.colcon_core.event_handler.log_command:Invoking command in '/home/dron/ws_controll/src/flight_controller_pkg': LD_LIBRARY_PATH=/home/dron/ws_controll/install/custom_msgs/lib:/usr/local/cuda-12.6/lib64:/opt/ros/humble/opt/rviz_ogre_vendor/lib:/opt/ros/humble/lib/aarch64-linux-gnu:/opt/ros/humble/lib:/usr/local/cuda-12.6/lib64 PYTHONPATH=/home/dron/ws_controll/build/flight_controller_pkg/prefix_override:/usr/lib/python3/dist-packages/colcon_core/task/python/colcon_distutils_commands:/home/dron/ws_controll/install/flight_controller_pkg/lib/python3.10/site-packages:${PYTHONPATH} /usr/bin/python3 -W ignore:setup.py install is deprecated -W ignore:easy_install command is deprecated setup.py egg_info --egg-base ../../build/flight_controller_pkg build --build-base /home/dron/ws_controll/build/flight_controller_pkg/build install --record /home/dron/ws_controll/build/flight_controller_pkg/install.log --single-version-externally-managed install_data
[5.848s] DEBUG:colcon.colcon_core.event_handler.log_command:Invoking command in '/home/dron/ws_controll/src/flask_pkg': LD_LIBRARY_PATH=/home/dron/ws_controll/install/custom_msgs/lib:/usr/local/cuda-12.6/lib64:/opt/ros/humble/opt/rviz_ogre_vendor/lib:/opt/ros/humble/lib/aarch64-linux-gnu:/opt/ros/humble/lib:/usr/local/cuda-12.6/lib64 PYTHONPATH=/home/dron/ws_controll/build/flask_pkg/prefix_override:/usr/lib/python3/dist-packages/colcon_core/task/python/colcon_distutils_commands:/home/dron/ws_controll/install/flask_pkg/lib/python3.10/site-packages:${PYTHONPATH} /usr/bin/python3 -W ignore:setup.py install is deprecated -W ignore:easy_install command is deprecated setup.py egg_info --egg-base ../../build/flask_pkg build --build-base /home/dron/ws_controll/build/flask_pkg/build install --record /home/dron/ws_controll/build/flask_pkg/install.log --single-version-externally-managed install_data
[6.514s] Level 1:colcon.colcon_core.environment:checking '/home/dron/ws_controll/install/log_data_pkg' for CMake module files
[6.516s] Level 1:colcon.colcon_core.environment:checking '/home/dron/ws_controll/install/log_data_pkg' for CMake config files
[6.518s] DEBUG:colcon.colcon_core.event_handler.log_command:Invoked command in '/home/dron/ws_controll/src/log_data_pkg' returned '0': LD_LIBRARY_PATH=/home/dron/ws_controll/install/custom_msgs/lib:/usr/local/cuda-12.6/lib64:/opt/ros/humble/opt/rviz_ogre_vendor/lib:/opt/ros/humble/lib/aarch64-linux-gnu:/opt/ros/humble/lib:/usr/local/cuda-12.6/lib64 PYTHONPATH=/home/dron/ws_controll/build/log_data_pkg/prefix_override:/usr/lib/python3/dist-packages/colcon_core/task/python/colcon_distutils_commands:/home/dron/ws_controll/install/log_data_pkg/lib/python3.10/site-packages:${PYTHONPATH} /usr/bin/python3 -W ignore:setup.py install is deprecated -W ignore:easy_install command is deprecated setup.py egg_info --egg-base ../../build/log_data_pkg build --build-base /home/dron/ws_controll/build/log_data_pkg/build install --record /home/dron/ws_controll/build/log_data_pkg/install.log --single-version-externally-managed install_data
[6.518s] Level 1:colcon.colcon_core.environment:checking '/home/dron/ws_controll/install/log_data_pkg/lib'
[6.519s] Level 1:colcon.colcon_core.environment:checking '/home/dron/ws_controll/install/log_data_pkg/bin'
[6.519s] Level 1:colcon.colcon_core.environment:checking '/home/dron/ws_controll/install/log_data_pkg/lib/pkgconfig/log_data_pkg.pc'
[6.519s] Level 1:colcon.colcon_core.environment:checking '/home/dron/ws_controll/install/log_data_pkg/lib/python3.10/site-packages'
[6.519s] Level 1:colcon.colcon_core.shell:create_environment_hook('log_data_pkg', 'pythonpath')
[6.520s] INFO:colcon.colcon_core.shell:Creating environment hook '/home/dron/ws_controll/install/log_data_pkg/share/log_data_pkg/hook/pythonpath.ps1'
[6.522s] INFO:colcon.colcon_core.shell:Creating environment descriptor '/home/dron/ws_controll/install/log_data_pkg/share/log_data_pkg/hook/pythonpath.dsv'
[6.523s] INFO:colcon.colcon_core.shell:Creating environment hook '/home/dron/ws_controll/install/log_data_pkg/share/log_data_pkg/hook/pythonpath.sh'
[6.525s] Level 1:colcon.colcon_core.environment:checking '/home/dron/ws_controll/install/log_data_pkg/bin'
[6.525s] Level 1:colcon.colcon_core.environment:create_environment_scripts_only(log_data_pkg)
[6.528s] INFO:colcon.colcon_core.shell:Creating package script '/home/dron/ws_controll/install/log_data_pkg/share/log_data_pkg/package.ps1'
[6.529s] INFO:colcon.colcon_core.shell:Creating package descriptor '/home/dron/ws_controll/install/log_data_pkg/share/log_data_pkg/package.dsv'
[6.530s] INFO:colcon.colcon_core.shell:Creating package script '/home/dron/ws_controll/install/log_data_pkg/share/log_data_pkg/package.sh'
[6.532s] INFO:colcon.colcon_core.shell:Creating package script '/home/dron/ws_controll/install/log_data_pkg/share/log_data_pkg/package.bash'
[6.533s] INFO:colcon.colcon_core.shell:Creating package script '/home/dron/ws_controll/install/log_data_pkg/share/log_data_pkg/package.zsh'
[6.545s] Level 1:colcon.colcon_core.environment:create_file_with_runtime_dependencies(/home/dron/ws_controll/install/log_data_pkg/share/colcon-core/packages/log_data_pkg)
[6.744s] Level 1:colcon.colcon_core.environment:checking '/home/dron/ws_controll/install/flight_controller_pkg' for CMake module files
[6.747s] Level 1:colcon.colcon_core.environment:checking '/home/dron/ws_controll/install/flight_controller_pkg' for CMake config files
[6.748s] Level 1:colcon.colcon_core.environment:checking '/home/dron/ws_controll/install/flight_controller_pkg/lib'
[6.748s] Level 1:colcon.colcon_core.environment:checking '/home/dron/ws_controll/install/flight_controller_pkg/bin'
[6.746s] DEBUG:colcon.colcon_core.event_handler.log_command:Invoked command in '/home/dron/ws_controll/src/flight_controller_pkg' returned '0': LD_LIBRARY_PATH=/home/dron/ws_controll/install/custom_msgs/lib:/usr/local/cuda-12.6/lib64:/opt/ros/humble/opt/rviz_ogre_vendor/lib:/opt/ros/humble/lib/aarch64-linux-gnu:/opt/ros/humble/lib:/usr/local/cuda-12.6/lib64 PYTHONPATH=/home/dron/ws_controll/build/flight_controller_pkg/prefix_override:/usr/lib/python3/dist-packages/colcon_core/task/python/colcon_distutils_commands:/home/dron/ws_controll/install/flight_controller_pkg/lib/python3.10/site-packages:${PYTHONPATH} /usr/bin/python3 -W ignore:setup.py install is deprecated -W ignore:easy_install command is deprecated setup.py egg_info --egg-base ../../build/flight_controller_pkg build --build-base /home/dron/ws_controll/build/flight_controller_pkg/build install --record /home/dron/ws_controll/build/flight_controller_pkg/install.log --single-version-externally-managed install_data
[6.749s] Level 1:colcon.colcon_core.environment:checking '/home/dron/ws_controll/install/flight_controller_pkg/lib/pkgconfig/flight_controller_pkg.pc'
[6.750s] Level 1:colcon.colcon_core.environment:checking '/home/dron/ws_controll/install/flight_controller_pkg/lib/python3.10/site-packages'
[6.750s] Level 1:colcon.colcon_core.shell:create_environment_hook('flight_controller_pkg', 'pythonpath')
[6.750s] INFO:colcon.colcon_core.shell:Creating environment hook '/home/dron/ws_controll/install/flight_controller_pkg/share/flight_controller_pkg/hook/pythonpath.ps1'
[6.752s] INFO:colcon.colcon_core.shell:Creating environment descriptor '/home/dron/ws_controll/install/flight_controller_pkg/share/flight_controller_pkg/hook/pythonpath.dsv'
[6.754s] INFO:colcon.colcon_core.shell:Creating environment hook '/home/dron/ws_controll/install/flight_controller_pkg/share/flight_controller_pkg/hook/pythonpath.sh'
[6.755s] Level 1:colcon.colcon_core.environment:checking '/home/dron/ws_controll/install/flight_controller_pkg/bin'
[6.756s] Level 1:colcon.colcon_core.environment:create_environment_scripts_only(flight_controller_pkg)
[6.756s] INFO:colcon.colcon_core.shell:Creating package script '/home/dron/ws_controll/install/flight_controller_pkg/share/flight_controller_pkg/package.ps1'
[6.758s] INFO:colcon.colcon_core.shell:Creating package descriptor '/home/dron/ws_controll/install/flight_controller_pkg/share/flight_controller_pkg/package.dsv'
[6.759s] INFO:colcon.colcon_core.shell:Creating package script '/home/dron/ws_controll/install/flight_controller_pkg/share/flight_controller_pkg/package.sh'
[6.760s] INFO:colcon.colcon_core.shell:Creating package script '/home/dron/ws_controll/install/flight_controller_pkg/share/flight_controller_pkg/package.bash'
[6.761s] INFO:colcon.colcon_core.shell:Creating package script '/home/dron/ws_controll/install/flight_controller_pkg/share/flight_controller_pkg/package.zsh'
[6.762s] Level 1:colcon.colcon_core.environment:create_file_with_runtime_dependencies(/home/dron/ws_controll/install/flight_controller_pkg/share/colcon-core/packages/flight_controller_pkg)
[6.943s] Level 1:colcon.colcon_core.environment:checking '/home/dron/ws_controll/install/flask_pkg' for CMake module files
[6.944s] Level 1:colcon.colcon_core.environment:checking '/home/dron/ws_controll/install/flask_pkg' for CMake config files
[6.946s] Level 1:colcon.colcon_core.environment:checking '/home/dron/ws_controll/install/flask_pkg/lib'
[6.946s] Level 1:colcon.colcon_core.environment:checking '/home/dron/ws_controll/install/flask_pkg/bin'
[6.947s] Level 1:colcon.colcon_core.environment:checking '/home/dron/ws_controll/install/flask_pkg/lib/pkgconfig/flask_pkg.pc'
[6.947s] Level 1:colcon.colcon_core.environment:checking '/home/dron/ws_controll/install/flask_pkg/lib/python3.10/site-packages'
[6.948s] Level 1:colcon.colcon_core.shell:create_environment_hook('flask_pkg', 'pythonpath')
[6.948s] INFO:colcon.colcon_core.shell:Creating environment hook '/home/dron/ws_controll/install/flask_pkg/share/flask_pkg/hook/pythonpath.ps1'
[6.950s] DEBUG:colcon.colcon_core.event_handler.log_command:Invoked command in '/home/dron/ws_controll/src/flask_pkg' returned '0': LD_LIBRARY_PATH=/home/dron/ws_controll/install/custom_msgs/lib:/usr/local/cuda-12.6/lib64:/opt/ros/humble/opt/rviz_ogre_vendor/lib:/opt/ros/humble/lib/aarch64-linux-gnu:/opt/ros/humble/lib:/usr/local/cuda-12.6/lib64 PYTHONPATH=/home/dron/ws_controll/build/flask_pkg/prefix_override:/usr/lib/python3/dist-packages/colcon_core/task/python/colcon_distutils_commands:/home/dron/ws_controll/install/flask_pkg/lib/python3.10/site-packages:${PYTHONPATH} /usr/bin/python3 -W ignore:setup.py install is deprecated -W ignore:easy_install command is deprecated setup.py egg_info --egg-base ../../build/flask_pkg build --build-base /home/dron/ws_controll/build/flask_pkg/build install --record /home/dron/ws_controll/build/flask_pkg/install.log --single-version-externally-managed install_data
[6.952s] INFO:colcon.colcon_core.shell:Creating environment descriptor '/home/dron/ws_controll/install/flask_pkg/share/flask_pkg/hook/pythonpath.dsv'
[6.953s] INFO:colcon.colcon_core.shell:Creating environment hook '/home/dron/ws_controll/install/flask_pkg/share/flask_pkg/hook/pythonpath.sh'
[6.955s] Level 1:colcon.colcon_core.environment:checking '/home/dron/ws_controll/install/flask_pkg/bin'
[6.955s] Level 1:colcon.colcon_core.environment:create_environment_scripts_only(flask_pkg)
[6.956s] INFO:colcon.colcon_core.shell:Creating package script '/home/dron/ws_controll/install/flask_pkg/share/flask_pkg/package.ps1'
[6.958s] INFO:colcon.colcon_core.shell:Creating package descriptor '/home/dron/ws_controll/install/flask_pkg/share/flask_pkg/package.dsv'
[6.959s] INFO:colcon.colcon_core.shell:Creating package script '/home/dron/ws_controll/install/flask_pkg/share/flask_pkg/package.sh'
[6.960s] INFO:colcon.colcon_core.shell:Creating package script '/home/dron/ws_controll/install/flask_pkg/share/flask_pkg/package.bash'
[6.962s] INFO:colcon.colcon_core.shell:Creating package script '/home/dron/ws_controll/install/flask_pkg/share/flask_pkg/package.zsh'
[6.963s] Level 1:colcon.colcon_core.environment:create_file_with_runtime_dependencies(/home/dron/ws_controll/install/flask_pkg/share/colcon-core/packages/flask_pkg)
[6.965s] DEBUG:colcon.colcon_parallel_executor.executor.parallel:closing loop
[6.966s] DEBUG:colcon.colcon_parallel_executor.executor.parallel:loop closed
[6.966s] DEBUG:colcon.colcon_parallel_executor.executor.parallel:run_until_complete finished with '0'
[6.966s] DEBUG:colcon.colcon_core.event_reactor:joining thread
[6.984s] INFO:colcon.colcon_core.plugin_system:Skipping extension 'colcon_notification.desktop_notification.terminal_notifier': Not used on non-Darwin systems
[6.985s] INFO:colcon.colcon_core.plugin_system:Skipping extension 'colcon_notification.desktop_notification.win32': Not used on non-Windows systems
[6.985s] INFO:colcon.colcon_notification.desktop_notification:Sending desktop notification using 'notify2'
[7.019s] DEBUG:colcon.colcon_notification.desktop_notification.notify2:Failed to initialize notify2: org.freedesktop.DBus.Error.Spawn.ChildExited: Process org.freedesktop.Notifications exited with status 1
[7.020s] DEBUG:colcon.colcon_core.event_reactor:joined thread
[7.021s] INFO:colcon.colcon_core.shell:Creating prefix script '/home/dron/ws_controll/install/local_setup.ps1'
[7.023s] INFO:colcon.colcon_core.shell:Creating prefix util module '/home/dron/ws_controll/install/_local_setup_util_ps1.py'
[7.026s] INFO:colcon.colcon_core.shell:Creating prefix chain script '/home/dron/ws_controll/install/setup.ps1'
[7.029s] INFO:colcon.colcon_core.shell:Creating prefix script '/home/dron/ws_controll/install/local_setup.sh'
[7.031s] INFO:colcon.colcon_core.shell:Creating prefix util module '/home/dron/ws_controll/install/_local_setup_util_sh.py'
[7.032s] INFO:colcon.colcon_core.shell:Creating prefix chain script '/home/dron/ws_controll/install/setup.sh'
[7.035s] INFO:colcon.colcon_core.shell:Creating prefix script '/home/dron/ws_controll/install/local_setup.bash'
[7.036s] INFO:colcon.colcon_core.shell:Creating prefix chain script '/home/dron/ws_controll/install/setup.bash'
[7.039s] INFO:colcon.colcon_core.shell:Creating prefix script '/home/dron/ws_controll/install/local_setup.zsh'
[7.040s] INFO:colcon.colcon_core.shell:Creating prefix chain script '/home/dron/ws_controll/install/setup.zsh'
