[3.350s] Invoking command in '/home/dron/ws_controller/src/camera_pkg': PYTHONPATH=/home/dron/ws_controller/build/camera_pkg/prefix_override:/usr/lib/python3/dist-packages/colcon_core/task/python/colcon_distutils_commands:/home/dron/ws_controller/install/camera_pkg/lib/python3.10/site-packages:${PYTHONPATH} /usr/bin/python3 -W ignore:setup.py install is deprecated -W ignore:easy_install command is deprecated setup.py egg_info --egg-base ../../build/camera_pkg build --build-base /home/dron/ws_controller/build/camera_pkg/build install --record /home/dron/ws_controller/build/camera_pkg/install.log --single-version-externally-managed install_data
[4.001s] running egg_info
[4.002s] writing ../../build/camera_pkg/camera_pkg.egg-info/PKG-INFO
[4.003s] writing dependency_links to ../../build/camera_pkg/camera_pkg.egg-info/dependency_links.txt
[4.003s] writing entry points to ../../build/camera_pkg/camera_pkg.egg-info/entry_points.txt
[4.004s] writing requirements to ../../build/camera_pkg/camera_pkg.egg-info/requires.txt
[4.004s] writing top-level names to ../../build/camera_pkg/camera_pkg.egg-info/top_level.txt
[4.010s] reading manifest file '../../build/camera_pkg/camera_pkg.egg-info/SOURCES.txt'
[4.012s] writing manifest file '../../build/camera_pkg/camera_pkg.egg-info/SOURCES.txt'
[4.012s] running build
[4.012s] running build_py
[4.013s] copying camera_pkg/ArucoDetector.py -> /home/dron/ws_controller/build/camera_pkg/build/lib/camera_pkg
[4.014s] running install
[4.015s] running install_lib
[4.017s] copying /home/dron/ws_controller/build/camera_pkg/build/lib/camera_pkg/ArucoDetector.py -> /home/dron/ws_controller/install/camera_pkg/lib/python3.10/site-packages/camera_pkg
[4.018s] byte-compiling /home/dron/ws_controller/install/camera_pkg/lib/python3.10/site-packages/camera_pkg/ArucoDetector.py to ArucoDetector.cpython-310.pyc
[4.020s] running install_data
[4.021s] running install_egg_info
[4.026s] removing '/home/dron/ws_controller/install/camera_pkg/lib/python3.10/site-packages/camera_pkg-0.0.0-py3.10.egg-info' (and everything under it)
[4.026s] Copying ../../build/camera_pkg/camera_pkg.egg-info to /home/dron/ws_controller/install/camera_pkg/lib/python3.10/site-packages/camera_pkg-0.0.0-py3.10.egg-info
[4.029s] running install_scripts
[4.080s] Installing aruco_detector script to /home/dron/ws_controller/install/camera_pkg/lib/camera_pkg
[4.080s] Installing camera_publisher script to /home/dron/ws_controller/install/camera_pkg/lib/camera_pkg
[4.082s] writing list of installed files to '/home/dron/ws_controller/build/camera_pkg/install.log'
[4.178s] Invoked command in '/home/dron/ws_controller/src/camera_pkg' returned '0': PYTHONPATH=/home/dron/ws_controller/build/camera_pkg/prefix_override:/usr/lib/python3/dist-packages/colcon_core/task/python/colcon_distutils_commands:/home/dron/ws_controller/install/camera_pkg/lib/python3.10/site-packages:${PYTHONPATH} /usr/bin/python3 -W ignore:setup.py install is deprecated -W ignore:easy_install command is deprecated setup.py egg_info --egg-base ../../build/camera_pkg build --build-base /home/dron/ws_controller/build/camera_pkg/build install --record /home/dron/ws_controller/build/camera_pkg/install.log --single-version-externally-managed install_data
