[0.257s] DEBUG:colcon:Command line arguments: ['/usr/bin/colcon', 'build']
[0.257s] DEBUG:colcon:Parsed command line arguments: Namespace(log_base=None, log_level=None, verb_name='build', build_base='build', install_base='install', merge_install=False, symlink_install=False, test_result_base=None, continue_on_error=False, executor='parallel', parallel_workers=6, event_handlers=None, ignore_user_meta=False, metas=['./colcon.meta'], base_paths=['.'], packages_ignore=None, packages_ignore_regex=None, paths=None, packages_up_to=None, packages_up_to_regex=None, packages_above=None, packages_above_and_dependencies=None, packages_above_depth=None, packages_select_by_dep=None, packages_skip_by_dep=None, packages_skip_up_to=None, packages_select_build_failed=False, packages_skip_build_finished=False, packages_select_test_failures=False, packages_skip_test_passed=False, packages_select=None, packages_skip=None, packages_select_regex=None, packages_skip_regex=None, packages_start=None, packages_end=None, allow_overriding=[], cmake_args=None, cmake_target=None, cmake_target_skip_unavailable=False, cmake_clean_cache=False, cmake_clean_first=False, cmake_force_configure=False, ament_cmake_args=None, catkin_cmake_args=None, catkin_skip_building_tests=False, mixin_files=None, mixin=None, verb_parser=<colcon_mixin.mixin.mixin_argument.MixinArgumentDecorator object at 0xffff8ff69e10>, verb_extension=<colcon_core.verb.build.BuildVerb object at 0xffff901972b0>, main=<bound method BuildVerb.main of <colcon_core.verb.build.BuildVerb object at 0xffff901972b0>>, mixin_verb=('build',))
[0.692s] Level 1:colcon.colcon_core.package_discovery:discover_packages(colcon_meta) check parameters
[0.692s] Level 1:colcon.colcon_core.package_discovery:discover_packages(recursive) check parameters
[0.693s] Level 1:colcon.colcon_core.package_discovery:discover_packages(ignore) check parameters
[0.693s] Level 1:colcon.colcon_core.package_discovery:discover_packages(path) check parameters
[0.693s] Level 1:colcon.colcon_core.package_discovery:discover_packages(colcon_meta) discover
[0.693s] Level 1:colcon.colcon_core.package_discovery:discover_packages(recursive) discover
[0.693s] INFO:colcon.colcon_core.package_discovery:Crawling recursively for packages in '/home/dron/ws_controller'
[0.693s] Level 1:colcon.colcon_core.package_identification:_identify(.) by extensions ['ignore', 'ignore_ament_install']
[0.694s] Level 1:colcon.colcon_core.package_identification:_identify(.) by extension 'ignore'
[0.694s] Level 1:colcon.colcon_core.package_identification:_identify(.) by extension 'ignore_ament_install'
[0.694s] Level 1:colcon.colcon_core.package_identification:_identify(.) by extensions ['colcon_pkg']
[0.694s] Level 1:colcon.colcon_core.package_identification:_identify(.) by extension 'colcon_pkg'
[0.694s] Level 1:colcon.colcon_core.package_identification:_identify(.) by extensions ['colcon_meta']
[0.694s] Level 1:colcon.colcon_core.package_identification:_identify(.) by extension 'colcon_meta'
[0.694s] Level 1:colcon.colcon_core.package_identification:_identify(.) by extensions ['ros']
[0.694s] Level 1:colcon.colcon_core.package_identification:_identify(.) by extension 'ros'
[0.747s] Level 1:colcon.colcon_core.package_identification:_identify(.) by extensions ['cmake', 'python']
[0.747s] Level 1:colcon.colcon_core.package_identification:_identify(.) by extension 'cmake'
[0.747s] Level 1:colcon.colcon_core.package_identification:_identify(.) by extension 'python'
[0.747s] Level 1:colcon.colcon_core.package_identification:_identify(.) by extensions ['python_setup_py']
[0.747s] Level 1:colcon.colcon_core.package_identification:_identify(.) by extension 'python_setup_py'
[0.748s] Level 1:colcon.colcon_core.package_identification:_identify(build) by extensions ['ignore', 'ignore_ament_install']
[0.748s] Level 1:colcon.colcon_core.package_identification:_identify(build) by extension 'ignore'
[0.748s] Level 1:colcon.colcon_core.package_identification:_identify(build) ignored
[0.748s] Level 1:colcon.colcon_core.package_identification:_identify(install) by extensions ['ignore', 'ignore_ament_install']
[0.749s] Level 1:colcon.colcon_core.package_identification:_identify(install) by extension 'ignore'
[0.749s] Level 1:colcon.colcon_core.package_identification:_identify(install) ignored
[0.749s] Level 1:colcon.colcon_core.package_identification:_identify(log) by extensions ['ignore', 'ignore_ament_install']
[0.749s] Level 1:colcon.colcon_core.package_identification:_identify(log) by extension 'ignore'
[0.749s] Level 1:colcon.colcon_core.package_identification:_identify(log) ignored
[0.749s] Level 1:colcon.colcon_core.package_identification:_identify(src) by extensions ['ignore', 'ignore_ament_install']
[0.750s] Level 1:colcon.colcon_core.package_identification:_identify(src) by extension 'ignore'
[0.750s] Level 1:colcon.colcon_core.package_identification:_identify(src) by extension 'ignore_ament_install'
[0.750s] Level 1:colcon.colcon_core.package_identification:_identify(src) by extensions ['colcon_pkg']
[0.750s] Level 1:colcon.colcon_core.package_identification:_identify(src) by extension 'colcon_pkg'
[0.750s] Level 1:colcon.colcon_core.package_identification:_identify(src) by extensions ['colcon_meta']
[0.750s] Level 1:colcon.colcon_core.package_identification:_identify(src) by extension 'colcon_meta'
[0.750s] Level 1:colcon.colcon_core.package_identification:_identify(src) by extensions ['ros']
[0.750s] Level 1:colcon.colcon_core.package_identification:_identify(src) by extension 'ros'
[0.751s] Level 1:colcon.colcon_core.package_identification:_identify(src) by extensions ['cmake', 'python']
[0.751s] Level 1:colcon.colcon_core.package_identification:_identify(src) by extension 'cmake'
[0.751s] Level 1:colcon.colcon_core.package_identification:_identify(src) by extension 'python'
[0.751s] Level 1:colcon.colcon_core.package_identification:_identify(src) by extensions ['python_setup_py']
[0.751s] Level 1:colcon.colcon_core.package_identification:_identify(src) by extension 'python_setup_py'
[0.751s] Level 1:colcon.colcon_core.package_identification:_identify(src/custom_msgs) by extensions ['ignore', 'ignore_ament_install']
[0.751s] Level 1:colcon.colcon_core.package_identification:_identify(src/custom_msgs) by extension 'ignore'
[0.752s] Level 1:colcon.colcon_core.package_identification:_identify(src/custom_msgs) by extension 'ignore_ament_install'
[0.752s] Level 1:colcon.colcon_core.package_identification:_identify(src/custom_msgs) by extensions ['colcon_pkg']
[0.752s] Level 1:colcon.colcon_core.package_identification:_identify(src/custom_msgs) by extension 'colcon_pkg'
[0.752s] Level 1:colcon.colcon_core.package_identification:_identify(src/custom_msgs) by extensions ['colcon_meta']
[0.752s] Level 1:colcon.colcon_core.package_identification:_identify(src/custom_msgs) by extension 'colcon_meta'
[0.752s] Level 1:colcon.colcon_core.package_identification:_identify(src/custom_msgs) by extensions ['ros']
[0.752s] Level 1:colcon.colcon_core.package_identification:_identify(src/custom_msgs) by extension 'ros'
[0.758s] DEBUG:colcon.colcon_core.package_identification:Package 'src/custom_msgs' with type 'ros.ament_cmake' and name 'custom_msgs'
[0.758s] Level 1:colcon.colcon_core.package_identification:_identify(src/flask_pkg) by extensions ['ignore', 'ignore_ament_install']
[0.759s] Level 1:colcon.colcon_core.package_identification:_identify(src/flask_pkg) by extension 'ignore'
[0.759s] Level 1:colcon.colcon_core.package_identification:_identify(src/flask_pkg) by extension 'ignore_ament_install'
[0.759s] Level 1:colcon.colcon_core.package_identification:_identify(src/flask_pkg) by extensions ['colcon_pkg']
[0.759s] Level 1:colcon.colcon_core.package_identification:_identify(src/flask_pkg) by extension 'colcon_pkg'
[0.759s] Level 1:colcon.colcon_core.package_identification:_identify(src/flask_pkg) by extensions ['colcon_meta']
[0.759s] Level 1:colcon.colcon_core.package_identification:_identify(src/flask_pkg) by extension 'colcon_meta'
[0.759s] Level 1:colcon.colcon_core.package_identification:_identify(src/flask_pkg) by extensions ['ros']
[0.759s] Level 1:colcon.colcon_core.package_identification:_identify(src/flask_pkg) by extension 'ros'
[0.762s] DEBUG:colcon.colcon_core.package_identification:Package 'src/flask_pkg' with type 'ros.ament_python' and name 'flask_pkg'
[0.762s] Level 1:colcon.colcon_core.package_identification:_identify(src/flight_controller_pkg) by extensions ['ignore', 'ignore_ament_install']
[0.762s] Level 1:colcon.colcon_core.package_identification:_identify(src/flight_controller_pkg) by extension 'ignore'
[0.762s] Level 1:colcon.colcon_core.package_identification:_identify(src/flight_controller_pkg) by extension 'ignore_ament_install'
[0.762s] Level 1:colcon.colcon_core.package_identification:_identify(src/flight_controller_pkg) by extensions ['colcon_pkg']
[0.762s] Level 1:colcon.colcon_core.package_identification:_identify(src/flight_controller_pkg) by extension 'colcon_pkg'
[0.763s] Level 1:colcon.colcon_core.package_identification:_identify(src/flight_controller_pkg) by extensions ['colcon_meta']
[0.763s] Level 1:colcon.colcon_core.package_identification:_identify(src/flight_controller_pkg) by extension 'colcon_meta'
[0.763s] Level 1:colcon.colcon_core.package_identification:_identify(src/flight_controller_pkg) by extensions ['ros']
[0.763s] Level 1:colcon.colcon_core.package_identification:_identify(src/flight_controller_pkg) by extension 'ros'
[0.764s] DEBUG:colcon.colcon_core.package_identification:Package 'src/flight_controller_pkg' with type 'ros.ament_python' and name 'flight_controller_pkg'
[0.765s] Level 1:colcon.colcon_core.package_identification:_identify(src/log_data_pkg) by extensions ['ignore', 'ignore_ament_install']
[0.765s] Level 1:colcon.colcon_core.package_identification:_identify(src/log_data_pkg) by extension 'ignore'
[0.765s] Level 1:colcon.colcon_core.package_identification:_identify(src/log_data_pkg) by extension 'ignore_ament_install'
[0.765s] Level 1:colcon.colcon_core.package_identification:_identify(src/log_data_pkg) by extensions ['colcon_pkg']
[0.765s] Level 1:colcon.colcon_core.package_identification:_identify(src/log_data_pkg) by extension 'colcon_pkg'
[0.765s] Level 1:colcon.colcon_core.package_identification:_identify(src/log_data_pkg) by extensions ['colcon_meta']
[0.766s] Level 1:colcon.colcon_core.package_identification:_identify(src/log_data_pkg) by extension 'colcon_meta'
[0.766s] Level 1:colcon.colcon_core.package_identification:_identify(src/log_data_pkg) by extensions ['ros']
[0.766s] Level 1:colcon.colcon_core.package_identification:_identify(src/log_data_pkg) by extension 'ros'
[0.768s] DEBUG:colcon.colcon_core.package_identification:Package 'src/log_data_pkg' with type 'ros.ament_python' and name 'log_data_pkg'
[0.768s] Level 1:colcon.colcon_core.package_discovery:discover_packages(recursive) using defaults
[0.768s] Level 1:colcon.colcon_core.package_discovery:discover_packages(ignore) discover
[0.768s] Level 1:colcon.colcon_core.package_discovery:discover_packages(ignore) using defaults
[0.768s] Level 1:colcon.colcon_core.package_discovery:discover_packages(path) discover
[0.768s] Level 1:colcon.colcon_core.package_discovery:discover_packages(path) using defaults
[0.813s] Level 1:colcon.colcon_core.package_discovery:discover_packages(prefix_path) check parameters
[0.814s] Level 1:colcon.colcon_core.package_discovery:discover_packages(prefix_path) discover
[0.818s] DEBUG:colcon.colcon_installed_package_information.package_discovery:Found 4 installed packages in /home/dron/ws_controller/install
[0.821s] DEBUG:colcon.colcon_installed_package_information.package_discovery:Found 276 installed packages in /opt/ros/humble
[0.825s] Level 1:colcon.colcon_core.package_discovery:discover_packages(prefix_path) using defaults
[0.911s] Level 5:colcon.colcon_core.verb:set package 'custom_msgs' build argument 'cmake_args' from command line to 'None'
[0.911s] Level 5:colcon.colcon_core.verb:set package 'custom_msgs' build argument 'cmake_target' from command line to 'None'
[0.911s] Level 5:colcon.colcon_core.verb:set package 'custom_msgs' build argument 'cmake_target_skip_unavailable' from command line to 'False'
[0.911s] Level 5:colcon.colcon_core.verb:set package 'custom_msgs' build argument 'cmake_clean_cache' from command line to 'False'
[0.912s] Level 5:colcon.colcon_core.verb:set package 'custom_msgs' build argument 'cmake_clean_first' from command line to 'False'
[0.912s] Level 5:colcon.colcon_core.verb:set package 'custom_msgs' build argument 'cmake_force_configure' from command line to 'False'
[0.912s] Level 5:colcon.colcon_core.verb:set package 'custom_msgs' build argument 'ament_cmake_args' from command line to 'None'
[0.912s] Level 5:colcon.colcon_core.verb:set package 'custom_msgs' build argument 'catkin_cmake_args' from command line to 'None'
[0.912s] Level 5:colcon.colcon_core.verb:set package 'custom_msgs' build argument 'catkin_skip_building_tests' from command line to 'False'
[0.912s] DEBUG:colcon.colcon_core.verb:Building package 'custom_msgs' with the following arguments: {'ament_cmake_args': None, 'build_base': '/home/dron/ws_controller/build/custom_msgs', 'catkin_cmake_args': None, 'catkin_skip_building_tests': False, 'cmake_args': None, 'cmake_clean_cache': False, 'cmake_clean_first': False, 'cmake_force_configure': False, 'cmake_target': None, 'cmake_target_skip_unavailable': False, 'install_base': '/home/dron/ws_controller/install/custom_msgs', 'merge_install': False, 'path': '/home/dron/ws_controller/src/custom_msgs', 'symlink_install': False, 'test_result_base': None}
[0.913s] Level 5:colcon.colcon_core.verb:set package 'flask_pkg' build argument 'cmake_args' from command line to 'None'
[0.913s] Level 5:colcon.colcon_core.verb:set package 'flask_pkg' build argument 'cmake_target' from command line to 'None'
[0.913s] Level 5:colcon.colcon_core.verb:set package 'flask_pkg' build argument 'cmake_target_skip_unavailable' from command line to 'False'
[0.913s] Level 5:colcon.colcon_core.verb:set package 'flask_pkg' build argument 'cmake_clean_cache' from command line to 'False'
[0.913s] Level 5:colcon.colcon_core.verb:set package 'flask_pkg' build argument 'cmake_clean_first' from command line to 'False'
[0.913s] Level 5:colcon.colcon_core.verb:set package 'flask_pkg' build argument 'cmake_force_configure' from command line to 'False'
[0.913s] Level 5:colcon.colcon_core.verb:set package 'flask_pkg' build argument 'ament_cmake_args' from command line to 'None'
[0.913s] Level 5:colcon.colcon_core.verb:set package 'flask_pkg' build argument 'catkin_cmake_args' from command line to 'None'
[0.913s] Level 5:colcon.colcon_core.verb:set package 'flask_pkg' build argument 'catkin_skip_building_tests' from command line to 'False'
[0.913s] DEBUG:colcon.colcon_core.verb:Building package 'flask_pkg' with the following arguments: {'ament_cmake_args': None, 'build_base': '/home/dron/ws_controller/build/flask_pkg', 'catkin_cmake_args': None, 'catkin_skip_building_tests': False, 'cmake_args': None, 'cmake_clean_cache': False, 'cmake_clean_first': False, 'cmake_force_configure': False, 'cmake_target': None, 'cmake_target_skip_unavailable': False, 'install_base': '/home/dron/ws_controller/install/flask_pkg', 'merge_install': False, 'path': '/home/dron/ws_controller/src/flask_pkg', 'symlink_install': False, 'test_result_base': None}
[0.914s] Level 5:colcon.colcon_core.verb:set package 'flight_controller_pkg' build argument 'cmake_args' from command line to 'None'
[0.914s] Level 5:colcon.colcon_core.verb:set package 'flight_controller_pkg' build argument 'cmake_target' from command line to 'None'
[0.914s] Level 5:colcon.colcon_core.verb:set package 'flight_controller_pkg' build argument 'cmake_target_skip_unavailable' from command line to 'False'
[0.914s] Level 5:colcon.colcon_core.verb:set package 'flight_controller_pkg' build argument 'cmake_clean_cache' from command line to 'False'
[0.914s] Level 5:colcon.colcon_core.verb:set package 'flight_controller_pkg' build argument 'cmake_clean_first' from command line to 'False'
[0.914s] Level 5:colcon.colcon_core.verb:set package 'flight_controller_pkg' build argument 'cmake_force_configure' from command line to 'False'
[0.914s] Level 5:colcon.colcon_core.verb:set package 'flight_controller_pkg' build argument 'ament_cmake_args' from command line to 'None'
[0.915s] Level 5:colcon.colcon_core.verb:set package 'flight_controller_pkg' build argument 'catkin_cmake_args' from command line to 'None'
[0.915s] Level 5:colcon.colcon_core.verb:set package 'flight_controller_pkg' build argument 'catkin_skip_building_tests' from command line to 'False'
[0.915s] DEBUG:colcon.colcon_core.verb:Building package 'flight_controller_pkg' with the following arguments: {'ament_cmake_args': None, 'build_base': '/home/dron/ws_controller/build/flight_controller_pkg', 'catkin_cmake_args': None, 'catkin_skip_building_tests': False, 'cmake_args': None, 'cmake_clean_cache': False, 'cmake_clean_first': False, 'cmake_force_configure': False, 'cmake_target': None, 'cmake_target_skip_unavailable': False, 'install_base': '/home/dron/ws_controller/install/flight_controller_pkg', 'merge_install': False, 'path': '/home/dron/ws_controller/src/flight_controller_pkg', 'symlink_install': False, 'test_result_base': None}
[0.915s] Level 5:colcon.colcon_core.verb:set package 'log_data_pkg' build argument 'cmake_args' from command line to 'None'
[0.915s] Level 5:colcon.colcon_core.verb:set package 'log_data_pkg' build argument 'cmake_target' from command line to 'None'
[0.916s] Level 5:colcon.colcon_core.verb:set package 'log_data_pkg' build argument 'cmake_target_skip_unavailable' from command line to 'False'
[0.916s] Level 5:colcon.colcon_core.verb:set package 'log_data_pkg' build argument 'cmake_clean_cache' from command line to 'False'
[0.916s] Level 5:colcon.colcon_core.verb:set package 'log_data_pkg' build argument 'cmake_clean_first' from command line to 'False'
[0.916s] Level 5:colcon.colcon_core.verb:set package 'log_data_pkg' build argument 'cmake_force_configure' from command line to 'False'
[0.916s] Level 5:colcon.colcon_core.verb:set package 'log_data_pkg' build argument 'ament_cmake_args' from command line to 'None'
[0.916s] Level 5:colcon.colcon_core.verb:set package 'log_data_pkg' build argument 'catkin_cmake_args' from command line to 'None'
[0.916s] Level 5:colcon.colcon_core.verb:set package 'log_data_pkg' build argument 'catkin_skip_building_tests' from command line to 'False'
[0.916s] DEBUG:colcon.colcon_core.verb:Building package 'log_data_pkg' with the following arguments: {'ament_cmake_args': None, 'build_base': '/home/dron/ws_controller/build/log_data_pkg', 'catkin_cmake_args': None, 'catkin_skip_building_tests': False, 'cmake_args': None, 'cmake_clean_cache': False, 'cmake_clean_first': False, 'cmake_force_configure': False, 'cmake_target': None, 'cmake_target_skip_unavailable': False, 'install_base': '/home/dron/ws_controller/install/log_data_pkg', 'merge_install': False, 'path': '/home/dron/ws_controller/src/log_data_pkg', 'symlink_install': False, 'test_result_base': None}
[0.916s] INFO:colcon.colcon_core.executor:Executing jobs using 'parallel' executor
[0.919s] DEBUG:colcon.colcon_parallel_executor.executor.parallel:run_until_complete
[0.919s] INFO:colcon.colcon_ros.task.ament_cmake.build:Building ROS package in '/home/dron/ws_controller/src/custom_msgs' with build type 'ament_cmake'
[0.920s] INFO:colcon.colcon_cmake.task.cmake.build:Building CMake package in '/home/dron/ws_controller/src/custom_msgs'
[0.924s] INFO:colcon.colcon_core.plugin_system:Skipping extension 'colcon_core.shell.bat': Not used on non-Windows systems
[0.925s] INFO:colcon.colcon_core.shell:Skip shell extension 'powershell' for command environment: Not usable outside of PowerShell
[0.925s] DEBUG:colcon.colcon_core.shell:Skip shell extension 'dsv' for command environment
[0.942s] DEBUG:colcon.colcon_core.event_handler.log_command:Invoking command in '/home/dron/ws_controller/build/custom_msgs': CMAKE_PREFIX_PATH=${CMAKE_PREFIX_PATH}:/home/dron/ws_controller/install/log_data_pkg:/home/dron/ws_controller/install/flight_controller_pkg:/home/dron/ws_controller/install/flask_pkg:/opt/ros/humble /usr/bin/cmake --build /home/dron/ws_controller/build/custom_msgs -- -j6 -l6
[1.825s] DEBUG:colcon.colcon_core.event_handler.log_command:Invoked command in '/home/dron/ws_controller/build/custom_msgs' returned '0': CMAKE_PREFIX_PATH=${CMAKE_PREFIX_PATH}:/home/dron/ws_controller/install/log_data_pkg:/home/dron/ws_controller/install/flight_controller_pkg:/home/dron/ws_controller/install/flask_pkg:/opt/ros/humble /usr/bin/cmake --build /home/dron/ws_controller/build/custom_msgs -- -j6 -l6
[1.848s] DEBUG:colcon.colcon_core.event_handler.log_command:Invoking command in '/home/dron/ws_controller/build/custom_msgs': CMAKE_PREFIX_PATH=${CMAKE_PREFIX_PATH}:/home/dron/ws_controller/install/log_data_pkg:/home/dron/ws_controller/install/flight_controller_pkg:/home/dron/ws_controller/install/flask_pkg:/opt/ros/humble /usr/bin/cmake --install /home/dron/ws_controller/build/custom_msgs
[1.984s] Level 1:colcon.colcon_core.environment:create_environment_scripts_only(custom_msgs)
[1.995s] DEBUG:colcon.colcon_core.event_handler.log_command:Invoked command in '/home/dron/ws_controller/build/custom_msgs' returned '0': CMAKE_PREFIX_PATH=${CMAKE_PREFIX_PATH}:/home/dron/ws_controller/install/log_data_pkg:/home/dron/ws_controller/install/flight_controller_pkg:/home/dron/ws_controller/install/flask_pkg:/opt/ros/humble /usr/bin/cmake --install /home/dron/ws_controller/build/custom_msgs
[2.001s] Level 1:colcon.colcon_core.environment:checking '/home/dron/ws_controller/install/custom_msgs' for CMake module files
[2.004s] Level 1:colcon.colcon_core.environment:checking '/home/dron/ws_controller/install/custom_msgs' for CMake config files
[2.004s] Level 1:colcon.colcon_core.shell:create_environment_hook('custom_msgs', 'cmake_prefix_path')
[2.005s] INFO:colcon.colcon_core.shell:Creating environment hook '/home/dron/ws_controller/install/custom_msgs/share/custom_msgs/hook/cmake_prefix_path.ps1'
[2.008s] INFO:colcon.colcon_core.shell:Creating environment descriptor '/home/dron/ws_controller/install/custom_msgs/share/custom_msgs/hook/cmake_prefix_path.dsv'
[2.009s] INFO:colcon.colcon_core.shell:Creating environment hook '/home/dron/ws_controller/install/custom_msgs/share/custom_msgs/hook/cmake_prefix_path.sh'
[2.013s] Level 1:colcon.colcon_core.environment:checking '/home/dron/ws_controller/install/custom_msgs/lib'
[2.013s] Level 1:colcon.colcon_core.shell:create_environment_hook('custom_msgs', 'ld_library_path_lib')
[2.014s] INFO:colcon.colcon_core.shell:Creating environment hook '/home/dron/ws_controller/install/custom_msgs/share/custom_msgs/hook/ld_library_path_lib.ps1'
[2.016s] INFO:colcon.colcon_core.shell:Creating environment descriptor '/home/dron/ws_controller/install/custom_msgs/share/custom_msgs/hook/ld_library_path_lib.dsv'
[2.017s] INFO:colcon.colcon_core.shell:Creating environment hook '/home/dron/ws_controller/install/custom_msgs/share/custom_msgs/hook/ld_library_path_lib.sh'
[2.019s] Level 1:colcon.colcon_core.environment:checking '/home/dron/ws_controller/install/custom_msgs/bin'
[2.019s] Level 1:colcon.colcon_core.environment:checking '/home/dron/ws_controller/install/custom_msgs/lib/pkgconfig/custom_msgs.pc'
[2.020s] Level 1:colcon.colcon_core.environment:checking '/home/dron/ws_controller/install/custom_msgs/lib/python3.10/site-packages'
[2.021s] Level 1:colcon.colcon_core.environment:checking '/home/dron/ws_controller/install/custom_msgs/bin'
[2.022s] INFO:colcon.colcon_core.shell:Creating package script '/home/dron/ws_controller/install/custom_msgs/share/custom_msgs/package.ps1'
[2.026s] INFO:colcon.colcon_core.shell:Creating package descriptor '/home/dron/ws_controller/install/custom_msgs/share/custom_msgs/package.dsv'
[2.028s] INFO:colcon.colcon_core.shell:Creating package script '/home/dron/ws_controller/install/custom_msgs/share/custom_msgs/package.sh'
[2.030s] INFO:colcon.colcon_core.shell:Creating package script '/home/dron/ws_controller/install/custom_msgs/share/custom_msgs/package.bash'
[2.033s] INFO:colcon.colcon_core.shell:Creating package script '/home/dron/ws_controller/install/custom_msgs/share/custom_msgs/package.zsh'
[2.036s] Level 1:colcon.colcon_core.environment:create_file_with_runtime_dependencies(/home/dron/ws_controller/install/custom_msgs/share/colcon-core/packages/custom_msgs)
[2.038s] Level 1:colcon.colcon_core.environment:create_environment_scripts_only(custom_msgs)
[2.039s] Level 1:colcon.colcon_core.environment:checking '/home/dron/ws_controller/install/custom_msgs' for CMake module files
[2.041s] Level 1:colcon.colcon_core.environment:checking '/home/dron/ws_controller/install/custom_msgs' for CMake config files
[2.042s] Level 1:colcon.colcon_core.shell:create_environment_hook('custom_msgs', 'cmake_prefix_path')
[2.043s] INFO:colcon.colcon_core.shell:Creating environment hook '/home/dron/ws_controller/install/custom_msgs/share/custom_msgs/hook/cmake_prefix_path.ps1'
[2.044s] INFO:colcon.colcon_core.shell:Creating environment descriptor '/home/dron/ws_controller/install/custom_msgs/share/custom_msgs/hook/cmake_prefix_path.dsv'
[2.045s] INFO:colcon.colcon_core.shell:Creating environment hook '/home/dron/ws_controller/install/custom_msgs/share/custom_msgs/hook/cmake_prefix_path.sh'
[2.047s] Level 1:colcon.colcon_core.environment:checking '/home/dron/ws_controller/install/custom_msgs/lib'
[2.048s] Level 1:colcon.colcon_core.shell:create_environment_hook('custom_msgs', 'ld_library_path_lib')
[2.048s] INFO:colcon.colcon_core.shell:Creating environment hook '/home/dron/ws_controller/install/custom_msgs/share/custom_msgs/hook/ld_library_path_lib.ps1'
[2.050s] INFO:colcon.colcon_core.shell:Creating environment descriptor '/home/dron/ws_controller/install/custom_msgs/share/custom_msgs/hook/ld_library_path_lib.dsv'
[2.051s] INFO:colcon.colcon_core.shell:Creating environment hook '/home/dron/ws_controller/install/custom_msgs/share/custom_msgs/hook/ld_library_path_lib.sh'
[2.053s] Level 1:colcon.colcon_core.environment:checking '/home/dron/ws_controller/install/custom_msgs/bin'
[2.053s] Level 1:colcon.colcon_core.environment:checking '/home/dron/ws_controller/install/custom_msgs/lib/pkgconfig/custom_msgs.pc'
[2.054s] Level 1:colcon.colcon_core.environment:checking '/home/dron/ws_controller/install/custom_msgs/lib/python3.10/site-packages'
[2.055s] Level 1:colcon.colcon_core.environment:checking '/home/dron/ws_controller/install/custom_msgs/bin'
[2.056s] INFO:colcon.colcon_core.shell:Creating package script '/home/dron/ws_controller/install/custom_msgs/share/custom_msgs/package.ps1'
[2.057s] INFO:colcon.colcon_core.shell:Creating package descriptor '/home/dron/ws_controller/install/custom_msgs/share/custom_msgs/package.dsv'
[2.059s] INFO:colcon.colcon_core.shell:Creating package script '/home/dron/ws_controller/install/custom_msgs/share/custom_msgs/package.sh'
[2.061s] INFO:colcon.colcon_core.shell:Creating package script '/home/dron/ws_controller/install/custom_msgs/share/custom_msgs/package.bash'
[2.062s] INFO:colcon.colcon_core.shell:Creating package script '/home/dron/ws_controller/install/custom_msgs/share/custom_msgs/package.zsh'
[2.063s] Level 1:colcon.colcon_core.environment:create_file_with_runtime_dependencies(/home/dron/ws_controller/install/custom_msgs/share/colcon-core/packages/custom_msgs)
[2.064s] INFO:colcon.colcon_ros.task.ament_python.build:Building ROS package in '/home/dron/ws_controller/src/flask_pkg' with build type 'ament_python'
[2.065s] Level 1:colcon.colcon_core.shell:create_environment_hook('flask_pkg', 'ament_prefix_path')
[2.066s] INFO:colcon.colcon_core.shell:Creating environment hook '/home/dron/ws_controller/install/flask_pkg/share/flask_pkg/hook/ament_prefix_path.ps1'
[2.069s] INFO:colcon.colcon_core.shell:Creating environment descriptor '/home/dron/ws_controller/install/flask_pkg/share/flask_pkg/hook/ament_prefix_path.dsv'
[2.070s] INFO:colcon.colcon_core.shell:Creating environment hook '/home/dron/ws_controller/install/flask_pkg/share/flask_pkg/hook/ament_prefix_path.sh'
[2.072s] INFO:colcon.colcon_core.shell:Skip shell extension 'powershell' for command environment: Not usable outside of PowerShell
[2.072s] DEBUG:colcon.colcon_core.shell:Skip shell extension 'dsv' for command environment
[2.084s] INFO:colcon.colcon_ros.task.ament_python.build:Building ROS package in '/home/dron/ws_controller/src/flight_controller_pkg' with build type 'ament_python'
[2.084s] Level 1:colcon.colcon_core.shell:create_environment_hook('flight_controller_pkg', 'ament_prefix_path')
[2.085s] INFO:colcon.colcon_core.shell:Creating environment hook '/home/dron/ws_controller/install/flight_controller_pkg/share/flight_controller_pkg/hook/ament_prefix_path.ps1'
[2.087s] INFO:colcon.colcon_core.shell:Creating environment descriptor '/home/dron/ws_controller/install/flight_controller_pkg/share/flight_controller_pkg/hook/ament_prefix_path.dsv'
[2.088s] INFO:colcon.colcon_core.shell:Creating environment hook '/home/dron/ws_controller/install/flight_controller_pkg/share/flight_controller_pkg/hook/ament_prefix_path.sh'
[2.090s] INFO:colcon.colcon_core.shell:Skip shell extension 'powershell' for command environment: Not usable outside of PowerShell
[2.091s] DEBUG:colcon.colcon_core.shell:Skip shell extension 'dsv' for command environment
[2.101s] INFO:colcon.colcon_ros.task.ament_python.build:Building ROS package in '/home/dron/ws_controller/src/log_data_pkg' with build type 'ament_python'
[2.102s] Level 1:colcon.colcon_core.shell:create_environment_hook('log_data_pkg', 'ament_prefix_path')
[2.103s] INFO:colcon.colcon_core.shell:Creating environment hook '/home/dron/ws_controller/install/log_data_pkg/share/log_data_pkg/hook/ament_prefix_path.ps1'
[2.105s] INFO:colcon.colcon_core.shell:Creating environment descriptor '/home/dron/ws_controller/install/log_data_pkg/share/log_data_pkg/hook/ament_prefix_path.dsv'
[2.106s] INFO:colcon.colcon_core.shell:Creating environment hook '/home/dron/ws_controller/install/log_data_pkg/share/log_data_pkg/hook/ament_prefix_path.sh'
[2.108s] INFO:colcon.colcon_core.shell:Skip shell extension 'powershell' for command environment: Not usable outside of PowerShell
[2.108s] DEBUG:colcon.colcon_core.shell:Skip shell extension 'dsv' for command environment
[2.797s] INFO:colcon.colcon_core.task.python.build:Building Python package in '/home/dron/ws_controller/src/flask_pkg'
[2.798s] INFO:colcon.colcon_core.shell:Skip shell extension 'powershell' for command environment: Not usable outside of PowerShell
[2.798s] DEBUG:colcon.colcon_core.shell:Skip shell extension 'dsv' for command environment
[3.471s] INFO:colcon.colcon_core.task.python.build:Building Python package in '/home/dron/ws_controller/src/flight_controller_pkg'
[3.472s] INFO:colcon.colcon_core.shell:Skip shell extension 'powershell' for command environment: Not usable outside of PowerShell
[3.472s] DEBUG:colcon.colcon_core.shell:Skip shell extension 'dsv' for command environment
[4.135s] INFO:colcon.colcon_core.task.python.build:Building Python package in '/home/dron/ws_controller/src/log_data_pkg'
[4.136s] INFO:colcon.colcon_core.shell:Skip shell extension 'powershell' for command environment: Not usable outside of PowerShell
[4.137s] DEBUG:colcon.colcon_core.shell:Skip shell extension 'dsv' for command environment
[5.134s] DEBUG:colcon.colcon_core.event_handler.log_command:Invoking command in '/home/dron/ws_controller/src/log_data_pkg': LD_LIBRARY_PATH=/home/dron/ws_controller/install/custom_msgs/lib:/usr/local/cuda-12.6/lib64:/opt/ros/humble/opt/rviz_ogre_vendor/lib:/opt/ros/humble/lib/aarch64-linux-gnu:/opt/ros/humble/lib:/usr/local/cuda-12.6/lib64 PYTHONPATH=/home/dron/ws_controller/build/log_data_pkg/prefix_override:/usr/lib/python3/dist-packages/colcon_core/task/python/colcon_distutils_commands:/home/dron/ws_controller/install/log_data_pkg/lib/python3.10/site-packages:${PYTHONPATH} /usr/bin/python3 -W ignore:setup.py install is deprecated -W ignore:easy_install command is deprecated setup.py egg_info --egg-base ../../build/log_data_pkg build --build-base /home/dron/ws_controller/build/log_data_pkg/build install --record /home/dron/ws_controller/build/log_data_pkg/install.log --single-version-externally-managed install_data
[5.171s] DEBUG:colcon.colcon_core.event_handler.log_command:Invoking command in '/home/dron/ws_controller/src/flask_pkg': LD_LIBRARY_PATH=/home/dron/ws_controller/install/custom_msgs/lib:/usr/local/cuda-12.6/lib64:/opt/ros/humble/opt/rviz_ogre_vendor/lib:/opt/ros/humble/lib/aarch64-linux-gnu:/opt/ros/humble/lib:/usr/local/cuda-12.6/lib64 PYTHONPATH=/home/dron/ws_controller/build/flask_pkg/prefix_override:/usr/lib/python3/dist-packages/colcon_core/task/python/colcon_distutils_commands:/home/dron/ws_controller/install/flask_pkg/lib/python3.10/site-packages:${PYTHONPATH} /usr/bin/python3 -W ignore:setup.py install is deprecated -W ignore:easy_install command is deprecated setup.py egg_info --egg-base ../../build/flask_pkg build --build-base /home/dron/ws_controller/build/flask_pkg/build install --record /home/dron/ws_controller/build/flask_pkg/install.log --single-version-externally-managed install_data
[5.206s] DEBUG:colcon.colcon_core.event_handler.log_command:Invoking command in '/home/dron/ws_controller/src/flight_controller_pkg': LD_LIBRARY_PATH=/home/dron/ws_controller/install/custom_msgs/lib:/usr/local/cuda-12.6/lib64:/opt/ros/humble/opt/rviz_ogre_vendor/lib:/opt/ros/humble/lib/aarch64-linux-gnu:/opt/ros/humble/lib:/usr/local/cuda-12.6/lib64 PYTHONPATH=/home/dron/ws_controller/build/flight_controller_pkg/prefix_override:/usr/lib/python3/dist-packages/colcon_core/task/python/colcon_distutils_commands:/home/dron/ws_controller/install/flight_controller_pkg/lib/python3.10/site-packages:${PYTHONPATH} /usr/bin/python3 -W ignore:setup.py install is deprecated -W ignore:easy_install command is deprecated setup.py egg_info --egg-base ../../build/flight_controller_pkg build --build-base /home/dron/ws_controller/build/flight_controller_pkg/build install --record /home/dron/ws_controller/build/flight_controller_pkg/install.log --single-version-externally-managed install_data
[5.926s] Level 1:colcon.colcon_core.environment:checking '/home/dron/ws_controller/install/log_data_pkg' for CMake module files
[5.927s] DEBUG:colcon.colcon_core.event_handler.log_command:Invoked command in '/home/dron/ws_controller/src/log_data_pkg' returned '0': LD_LIBRARY_PATH=/home/dron/ws_controller/install/custom_msgs/lib:/usr/local/cuda-12.6/lib64:/opt/ros/humble/opt/rviz_ogre_vendor/lib:/opt/ros/humble/lib/aarch64-linux-gnu:/opt/ros/humble/lib:/usr/local/cuda-12.6/lib64 PYTHONPATH=/home/dron/ws_controller/build/log_data_pkg/prefix_override:/usr/lib/python3/dist-packages/colcon_core/task/python/colcon_distutils_commands:/home/dron/ws_controller/install/log_data_pkg/lib/python3.10/site-packages:${PYTHONPATH} /usr/bin/python3 -W ignore:setup.py install is deprecated -W ignore:easy_install command is deprecated setup.py egg_info --egg-base ../../build/log_data_pkg build --build-base /home/dron/ws_controller/build/log_data_pkg/build install --record /home/dron/ws_controller/build/log_data_pkg/install.log --single-version-externally-managed install_data
[5.928s] Level 1:colcon.colcon_core.environment:checking '/home/dron/ws_controller/install/log_data_pkg' for CMake config files
[5.929s] Level 1:colcon.colcon_core.environment:checking '/home/dron/ws_controller/install/log_data_pkg/lib'
[5.930s] Level 1:colcon.colcon_core.environment:checking '/home/dron/ws_controller/install/log_data_pkg/bin'
[5.930s] Level 1:colcon.colcon_core.environment:checking '/home/dron/ws_controller/install/log_data_pkg/lib/pkgconfig/log_data_pkg.pc'
[5.930s] Level 1:colcon.colcon_core.environment:checking '/home/dron/ws_controller/install/log_data_pkg/lib/python3.10/site-packages'
[5.931s] Level 1:colcon.colcon_core.shell:create_environment_hook('log_data_pkg', 'pythonpath')
[5.931s] INFO:colcon.colcon_core.shell:Creating environment hook '/home/dron/ws_controller/install/log_data_pkg/share/log_data_pkg/hook/pythonpath.ps1'
[5.933s] INFO:colcon.colcon_core.shell:Creating environment descriptor '/home/dron/ws_controller/install/log_data_pkg/share/log_data_pkg/hook/pythonpath.dsv'
[5.934s] INFO:colcon.colcon_core.shell:Creating environment hook '/home/dron/ws_controller/install/log_data_pkg/share/log_data_pkg/hook/pythonpath.sh'
[5.935s] Level 1:colcon.colcon_core.environment:checking '/home/dron/ws_controller/install/log_data_pkg/bin'
[5.935s] Level 1:colcon.colcon_core.environment:create_environment_scripts_only(log_data_pkg)
[5.936s] INFO:colcon.colcon_core.shell:Creating package script '/home/dron/ws_controller/install/log_data_pkg/share/log_data_pkg/package.ps1'
[5.937s] INFO:colcon.colcon_core.shell:Creating package descriptor '/home/dron/ws_controller/install/log_data_pkg/share/log_data_pkg/package.dsv'
[5.939s] INFO:colcon.colcon_core.shell:Creating package script '/home/dron/ws_controller/install/log_data_pkg/share/log_data_pkg/package.sh'
[5.940s] INFO:colcon.colcon_core.shell:Creating package script '/home/dron/ws_controller/install/log_data_pkg/share/log_data_pkg/package.bash'
[5.941s] INFO:colcon.colcon_core.shell:Creating package script '/home/dron/ws_controller/install/log_data_pkg/share/log_data_pkg/package.zsh'
[5.941s] Level 1:colcon.colcon_core.environment:create_file_with_runtime_dependencies(/home/dron/ws_controller/install/log_data_pkg/share/colcon-core/packages/log_data_pkg)
[5.951s] Level 1:colcon.colcon_core.environment:checking '/home/dron/ws_controller/install/flask_pkg' for CMake module files
[5.952s] DEBUG:colcon.colcon_core.event_handler.log_command:Invoked command in '/home/dron/ws_controller/src/flask_pkg' returned '0': LD_LIBRARY_PATH=/home/dron/ws_controller/install/custom_msgs/lib:/usr/local/cuda-12.6/lib64:/opt/ros/humble/opt/rviz_ogre_vendor/lib:/opt/ros/humble/lib/aarch64-linux-gnu:/opt/ros/humble/lib:/usr/local/cuda-12.6/lib64 PYTHONPATH=/home/dron/ws_controller/build/flask_pkg/prefix_override:/usr/lib/python3/dist-packages/colcon_core/task/python/colcon_distutils_commands:/home/dron/ws_controller/install/flask_pkg/lib/python3.10/site-packages:${PYTHONPATH} /usr/bin/python3 -W ignore:setup.py install is deprecated -W ignore:easy_install command is deprecated setup.py egg_info --egg-base ../../build/flask_pkg build --build-base /home/dron/ws_controller/build/flask_pkg/build install --record /home/dron/ws_controller/build/flask_pkg/install.log --single-version-externally-managed install_data
[5.953s] Level 1:colcon.colcon_core.environment:checking '/home/dron/ws_controller/install/flask_pkg' for CMake config files
[5.956s] Level 1:colcon.colcon_core.environment:checking '/home/dron/ws_controller/install/flask_pkg/lib'
[5.956s] Level 1:colcon.colcon_core.environment:checking '/home/dron/ws_controller/install/flask_pkg/bin'
[5.956s] Level 1:colcon.colcon_core.environment:checking '/home/dron/ws_controller/install/flask_pkg/lib/pkgconfig/flask_pkg.pc'
[5.957s] Level 1:colcon.colcon_core.environment:checking '/home/dron/ws_controller/install/flask_pkg/lib/python3.10/site-packages'
[5.957s] Level 1:colcon.colcon_core.shell:create_environment_hook('flask_pkg', 'pythonpath')
[5.958s] INFO:colcon.colcon_core.shell:Creating environment hook '/home/dron/ws_controller/install/flask_pkg/share/flask_pkg/hook/pythonpath.ps1'
[5.960s] INFO:colcon.colcon_core.shell:Creating environment descriptor '/home/dron/ws_controller/install/flask_pkg/share/flask_pkg/hook/pythonpath.dsv'
[5.961s] INFO:colcon.colcon_core.shell:Creating environment hook '/home/dron/ws_controller/install/flask_pkg/share/flask_pkg/hook/pythonpath.sh'
[5.963s] Level 1:colcon.colcon_core.environment:checking '/home/dron/ws_controller/install/flask_pkg/bin'
[5.964s] Level 1:colcon.colcon_core.environment:create_environment_scripts_only(flask_pkg)
[5.965s] INFO:colcon.colcon_core.shell:Creating package script '/home/dron/ws_controller/install/flask_pkg/share/flask_pkg/package.ps1'
[5.967s] INFO:colcon.colcon_core.shell:Creating package descriptor '/home/dron/ws_controller/install/flask_pkg/share/flask_pkg/package.dsv'
[5.968s] INFO:colcon.colcon_core.shell:Creating package script '/home/dron/ws_controller/install/flask_pkg/share/flask_pkg/package.sh'
[5.970s] INFO:colcon.colcon_core.shell:Creating package script '/home/dron/ws_controller/install/flask_pkg/share/flask_pkg/package.bash'
[5.971s] INFO:colcon.colcon_core.shell:Creating package script '/home/dron/ws_controller/install/flask_pkg/share/flask_pkg/package.zsh'
[5.973s] Level 1:colcon.colcon_core.environment:create_file_with_runtime_dependencies(/home/dron/ws_controller/install/flask_pkg/share/colcon-core/packages/flask_pkg)
[5.987s] Level 1:colcon.colcon_core.environment:checking '/home/dron/ws_controller/install/flight_controller_pkg' for CMake module files
[5.988s] DEBUG:colcon.colcon_core.event_handler.log_command:Invoked command in '/home/dron/ws_controller/src/flight_controller_pkg' returned '0': LD_LIBRARY_PATH=/home/dron/ws_controller/install/custom_msgs/lib:/usr/local/cuda-12.6/lib64:/opt/ros/humble/opt/rviz_ogre_vendor/lib:/opt/ros/humble/lib/aarch64-linux-gnu:/opt/ros/humble/lib:/usr/local/cuda-12.6/lib64 PYTHONPATH=/home/dron/ws_controller/build/flight_controller_pkg/prefix_override:/usr/lib/python3/dist-packages/colcon_core/task/python/colcon_distutils_commands:/home/dron/ws_controller/install/flight_controller_pkg/lib/python3.10/site-packages:${PYTHONPATH} /usr/bin/python3 -W ignore:setup.py install is deprecated -W ignore:easy_install command is deprecated setup.py egg_info --egg-base ../../build/flight_controller_pkg build --build-base /home/dron/ws_controller/build/flight_controller_pkg/build install --record /home/dron/ws_controller/build/flight_controller_pkg/install.log --single-version-externally-managed install_data
[5.989s] Level 1:colcon.colcon_core.environment:checking '/home/dron/ws_controller/install/flight_controller_pkg' for CMake config files
[5.991s] Level 1:colcon.colcon_core.environment:checking '/home/dron/ws_controller/install/flight_controller_pkg/lib'
[5.991s] Level 1:colcon.colcon_core.environment:checking '/home/dron/ws_controller/install/flight_controller_pkg/bin'
[5.992s] Level 1:colcon.colcon_core.environment:checking '/home/dron/ws_controller/install/flight_controller_pkg/lib/pkgconfig/flight_controller_pkg.pc'
[5.992s] Level 1:colcon.colcon_core.environment:checking '/home/dron/ws_controller/install/flight_controller_pkg/lib/python3.10/site-packages'
[5.993s] Level 1:colcon.colcon_core.shell:create_environment_hook('flight_controller_pkg', 'pythonpath')
[5.993s] INFO:colcon.colcon_core.shell:Creating environment hook '/home/dron/ws_controller/install/flight_controller_pkg/share/flight_controller_pkg/hook/pythonpath.ps1'
[5.995s] INFO:colcon.colcon_core.shell:Creating environment descriptor '/home/dron/ws_controller/install/flight_controller_pkg/share/flight_controller_pkg/hook/pythonpath.dsv'
[5.997s] INFO:colcon.colcon_core.shell:Creating environment hook '/home/dron/ws_controller/install/flight_controller_pkg/share/flight_controller_pkg/hook/pythonpath.sh'
[5.999s] Level 1:colcon.colcon_core.environment:checking '/home/dron/ws_controller/install/flight_controller_pkg/bin'
[5.999s] Level 1:colcon.colcon_core.environment:create_environment_scripts_only(flight_controller_pkg)
[6.000s] INFO:colcon.colcon_core.shell:Creating package script '/home/dron/ws_controller/install/flight_controller_pkg/share/flight_controller_pkg/package.ps1'
[6.002s] INFO:colcon.colcon_core.shell:Creating package descriptor '/home/dron/ws_controller/install/flight_controller_pkg/share/flight_controller_pkg/package.dsv'
[6.004s] INFO:colcon.colcon_core.shell:Creating package script '/home/dron/ws_controller/install/flight_controller_pkg/share/flight_controller_pkg/package.sh'
[6.005s] INFO:colcon.colcon_core.shell:Creating package script '/home/dron/ws_controller/install/flight_controller_pkg/share/flight_controller_pkg/package.bash'
[6.007s] INFO:colcon.colcon_core.shell:Creating package script '/home/dron/ws_controller/install/flight_controller_pkg/share/flight_controller_pkg/package.zsh'
[6.008s] Level 1:colcon.colcon_core.environment:create_file_with_runtime_dependencies(/home/dron/ws_controller/install/flight_controller_pkg/share/colcon-core/packages/flight_controller_pkg)
[6.009s] DEBUG:colcon.colcon_parallel_executor.executor.parallel:closing loop
[6.010s] DEBUG:colcon.colcon_parallel_executor.executor.parallel:loop closed
[6.010s] DEBUG:colcon.colcon_parallel_executor.executor.parallel:run_until_complete finished with '0'
[6.011s] DEBUG:colcon.colcon_core.event_reactor:joining thread
[6.030s] INFO:colcon.colcon_core.plugin_system:Skipping extension 'colcon_notification.desktop_notification.terminal_notifier': Not used on non-Darwin systems
[6.031s] INFO:colcon.colcon_core.plugin_system:Skipping extension 'colcon_notification.desktop_notification.win32': Not used on non-Windows systems
[6.031s] INFO:colcon.colcon_notification.desktop_notification:Sending desktop notification using 'notify2'
[6.060s] DEBUG:colcon.colcon_notification.desktop_notification.notify2:Failed to initialize notify2: org.freedesktop.DBus.Error.Spawn.ChildExited: Process org.freedesktop.Notifications exited with status 1
[6.061s] DEBUG:colcon.colcon_core.event_reactor:joined thread
[6.062s] INFO:colcon.colcon_core.shell:Creating prefix script '/home/dron/ws_controller/install/local_setup.ps1'
[6.066s] INFO:colcon.colcon_core.shell:Creating prefix util module '/home/dron/ws_controller/install/_local_setup_util_ps1.py'
[6.071s] INFO:colcon.colcon_core.shell:Creating prefix chain script '/home/dron/ws_controller/install/setup.ps1'
[6.075s] INFO:colcon.colcon_core.shell:Creating prefix script '/home/dron/ws_controller/install/local_setup.sh'
[6.077s] INFO:colcon.colcon_core.shell:Creating prefix util module '/home/dron/ws_controller/install/_local_setup_util_sh.py'
[6.079s] INFO:colcon.colcon_core.shell:Creating prefix chain script '/home/dron/ws_controller/install/setup.sh'
[6.083s] INFO:colcon.colcon_core.shell:Creating prefix script '/home/dron/ws_controller/install/local_setup.bash'
[6.085s] INFO:colcon.colcon_core.shell:Creating prefix chain script '/home/dron/ws_controller/install/setup.bash'
[6.090s] INFO:colcon.colcon_core.shell:Creating prefix script '/home/dron/ws_controller/install/local_setup.zsh'
[6.092s] INFO:colcon.colcon_core.shell:Creating prefix chain script '/home/dron/ws_controller/install/setup.zsh'
