[2.852s] Invoking command in '/home/dron/ws_controller/src/flight_controller_pkg': PYTHONPATH=/home/dron/ws_controller/build/flight_controller_pkg/prefix_override:/usr/lib/python3/dist-packages/colcon_core/task/python/colcon_distutils_commands:/home/dron/ws_controller/install/flight_controller_pkg/lib/python3.10/site-packages:${PYTHONPATH} VIRTUAL_ENV_PROMPT=(venv) /usr/bin/python3 -W ignore:setup.py install is deprecated -W ignore:easy_install command is deprecated setup.py egg_info --egg-base ../../build/flight_controller_pkg build --build-base /home/dron/ws_controller/build/flight_controller_pkg/build install --record /home/dron/ws_controller/build/flight_controller_pkg/install.log --single-version-externally-managed install_data
[3.958s] running egg_info
[3.961s] writing ../../build/flight_controller_pkg/flight_controller_pkg.egg-info/PKG-INFO
[3.962s] writing dependency_links to ../../build/flight_controller_pkg/flight_controller_pkg.egg-info/dependency_links.txt
[3.963s] writing entry points to ../../build/flight_controller_pkg/flight_controller_pkg.egg-info/entry_points.txt
[3.964s] writing requirements to ../../build/flight_controller_pkg/flight_controller_pkg.egg-info/requires.txt
[3.964s] writing top-level names to ../../build/flight_controller_pkg/flight_controller_pkg.egg-info/top_level.txt
[3.972s] reading manifest file '../../build/flight_controller_pkg/flight_controller_pkg.egg-info/SOURCES.txt'
[3.977s] writing manifest file '../../build/flight_controller_pkg/flight_controller_pkg.egg-info/SOURCES.txt'
[3.977s] running build
[3.978s] running build_py
[3.979s] copying flight_controller_pkg/fc_control.py -> /home/dron/ws_controller/build/flight_controller_pkg/build/lib/flight_controller_pkg
[3.981s] running install
[3.982s] running install_lib
[3.986s] copying /home/dron/ws_controller/build/flight_controller_pkg/build/lib/flight_controller_pkg/fc_control.py -> /home/dron/ws_controller/install/flight_controller_pkg/lib/python3.10/site-packages/flight_controller_pkg
[3.990s] byte-compiling /home/dron/ws_controller/install/flight_controller_pkg/lib/python3.10/site-packages/flight_controller_pkg/fc_control.py to fc_control.cpython-310.pyc
[4.017s]   File "/home/dron/ws_controller/install/flight_controller_pkg/lib/python3.10/site-packages/flight_controller_pkg/fc_control.py", line 702
[4.018s]     if missionStatus.elapsed > 0.95 * missionStatus.duration and missionStatus.elapsed < 1.2 * missionStatus.duration
[4.018s]                                                                                                                      ^
[4.019s] SyntaxError: expected ':'
[4.019s] 
[4.019s] running install_data
[4.020s] running install_egg_info
[4.025s] removing '/home/dron/ws_controller/install/flight_controller_pkg/lib/python3.10/site-packages/flight_controller_pkg-0.0.0-py3.10.egg-info' (and everything under it)
[4.027s] Copying ../../build/flight_controller_pkg/flight_controller_pkg.egg-info to /home/dron/ws_controller/install/flight_controller_pkg/lib/python3.10/site-packages/flight_controller_pkg-0.0.0-py3.10.egg-info
[4.036s] running install_scripts
[4.118s] Installing fc_controller script to /home/dron/ws_controller/install/flight_controller_pkg/lib/flight_controller_pkg
[4.120s] writing list of installed files to '/home/dron/ws_controller/build/flight_controller_pkg/install.log'
[4.231s] Invoked command in '/home/dron/ws_controller/src/flight_controller_pkg' returned '0': PYTHONPATH=/home/dron/ws_controller/build/flight_controller_pkg/prefix_override:/usr/lib/python3/dist-packages/colcon_core/task/python/colcon_distutils_commands:/home/dron/ws_controller/install/flight_controller_pkg/lib/python3.10/site-packages:${PYTHONPATH} VIRTUAL_ENV_PROMPT=(venv) /usr/bin/python3 -W ignore:setup.py install is deprecated -W ignore:easy_install command is deprecated setup.py egg_info --egg-base ../../build/flight_controller_pkg build --build-base /home/dron/ws_controller/build/flight_controller_pkg/build install --record /home/dron/ws_controller/build/flight_controller_pkg/install.log --single-version-externally-managed install_data
