[2.826s] Invoking command in '/home/dron/ws_controller/src/flight_controller_pkg': PYTHONPATH=/home/dron/ws_controller/build/flight_controller_pkg/prefix_override:/usr/lib/python3/dist-packages/colcon_core/task/python/colcon_distutils_commands:/home/dron/ws_controller/install/flight_controller_pkg/lib/python3.10/site-packages:${PYTHONPATH} VIRTUAL_ENV_PROMPT=(venv) /usr/bin/python3 -W ignore:setup.py install is deprecated -W ignore:easy_install command is deprecated setup.py egg_info --egg-base ../../build/flight_controller_pkg build --build-base /home/dron/ws_controller/build/flight_controller_pkg/build install --record /home/dron/ws_controller/build/flight_controller_pkg/install.log --single-version-externally-managed install_data
[3.929s] running egg_info
[3.932s] writing ../../build/flight_controller_pkg/flight_controller_pkg.egg-info/PKG-INFO
[3.933s] writing dependency_links to ../../build/flight_controller_pkg/flight_controller_pkg.egg-info/dependency_links.txt
[3.934s] writing entry points to ../../build/flight_controller_pkg/flight_controller_pkg.egg-info/entry_points.txt
[3.935s] writing requirements to ../../build/flight_controller_pkg/flight_controller_pkg.egg-info/requires.txt
[3.938s] writing top-level names to ../../build/flight_controller_pkg/flight_controller_pkg.egg-info/top_level.txt
[3.947s] reading manifest file '../../build/flight_controller_pkg/flight_controller_pkg.egg-info/SOURCES.txt'
[3.952s] writing manifest file '../../build/flight_controller_pkg/flight_controller_pkg.egg-info/SOURCES.txt'
[3.952s] running build
[3.953s] running build_py
[3.954s] copying flight_controller_pkg/fc_control.py -> /home/dron/ws_controller/build/flight_controller_pkg/build/lib/flight_controller_pkg
[3.956s] running install
[3.957s] running install_lib
[3.962s] copying /home/dron/ws_controller/build/flight_controller_pkg/build/lib/flight_controller_pkg/fc_control.py -> /home/dron/ws_controller/install/flight_controller_pkg/lib/python3.10/site-packages/flight_controller_pkg
[3.966s] byte-compiling /home/dron/ws_controller/install/flight_controller_pkg/lib/python3.10/site-packages/flight_controller_pkg/fc_control.py to fc_control.cpython-310.pyc
[3.989s] running install_data
[3.989s] running install_egg_info
[3.997s] removing '/home/dron/ws_controller/install/flight_controller_pkg/lib/python3.10/site-packages/flight_controller_pkg-0.0.0-py3.10.egg-info' (and everything under it)
[4.009s] Copying ../../build/flight_controller_pkg/flight_controller_pkg.egg-info to /home/dron/ws_controller/install/flight_controller_pkg/lib/python3.10/site-packages/flight_controller_pkg-0.0.0-py3.10.egg-info
[4.009s] running install_scripts
[4.093s] Installing fc_controller script to /home/dron/ws_controller/install/flight_controller_pkg/lib/flight_controller_pkg
[4.095s] writing list of installed files to '/home/dron/ws_controller/build/flight_controller_pkg/install.log'
[4.206s] Invoked command in '/home/dron/ws_controller/src/flight_controller_pkg' returned '0': PYTHONPATH=/home/dron/ws_controller/build/flight_controller_pkg/prefix_override:/usr/lib/python3/dist-packages/colcon_core/task/python/colcon_distutils_commands:/home/dron/ws_controller/install/flight_controller_pkg/lib/python3.10/site-packages:${PYTHONPATH} VIRTUAL_ENV_PROMPT=(venv) /usr/bin/python3 -W ignore:setup.py install is deprecated -W ignore:easy_install command is deprecated setup.py egg_info --egg-base ../../build/flight_controller_pkg build --build-base /home/dron/ws_controller/build/flight_controller_pkg/build install --record /home/dron/ws_controller/build/flight_controller_pkg/install.log --single-version-externally-managed install_data
